#
# A fatal error has been detected by the Java Runtime Environment:
#
#  SIGSEGV (0xb) at pc=0x00007f7e27fc6d84, pid=5342, tid=5390
#
# JRE version: OpenJDK Runtime Environment (10.0.2+13) (build 10.0.2+13)
# Java VM: OpenJDK 64-Bit Server VM (10.0.2+13, mixed mode, tiered, compressed oops, g1 gc, linux-amd64)
# Problematic frame:
# C  [jnius.cpython-39-x86_64-linux-gnu.so+0x11d84]  __Pyx_PyObject_GetAttrStr+0x4
#
# No core dump will be written. Core dumps have been disabled. To enable core dumping, try "ulimit -c unlimited" before starting Java again
#
# If you would like to submit a bug report, please visit:
#   http://www.azulsystems.com/support/
# The crash happened outside the Java Virtual Machine in native code.
# See problematic frame for where to report the bug.
#

---------------  S U M M A R Y ------------

Command Line: 

Host: Intel(R) Core(TM) i7-5500U CPU @ 2.40GHz, 4 cores, 6G, Debian GNU/Linux 10 (buster)
Time: Mon Nov 23 15:16:04 2020 CET elapsed time: 174 seconds (0d 0h 2m 54s)

---------------  T H R E A D  ---------------

Current thread (0x00007f7d8c00f800):  JavaThread "Thread-8" [_thread_in_native, id=5390, stack(0x00007f7d94aee000,0x00007f7d94bef000)]

Stack: [0x00007f7d94aee000,0x00007f7d94bef000],  sp=0x00007f7d94bed788,  free space=1021k
Native frames: (J=compiled Java code, A=aot compiled Java code, j=interpreted, Vv=VM code, C=native code)
C  [jnius.cpython-39-x86_64-linux-gnu.so+0x11d84]  __Pyx_PyObject_GetAttrStr+0x4

Java frames: (J=compiled Java code, j=interpreted, Vv=VM code)
j  org.jnius.NativeInvocationHandler.invoke0(Ljava/lang/Object;Ljava/lang/reflect/Method;[Ljava/lang/Object;)Ljava/lang/Object;+0
j  org.jnius.NativeInvocationHandler.invoke(Ljava/lang/Object;Ljava/lang/reflect/Method;[Ljava/lang/Object;)Ljava/lang/Object;+54
j  com.sun.proxy.$Proxy1.getCurrentCoords()Lcom/moses/driverapp/dto/GPSCoords;+9
j  com.moses.driverapp.threads.PositionTracking.run()V+4
v  ~StubRoutines::call_stub

siginfo: si_signo: 11 (SIGSEGV), si_code: 1 (SEGV_MAPERR), si_addr: 0x000000000000008f

Register to memory mapping:

RAX=0xffffffffffffffff is an unknown value
RBX=0x00007f7e2804d4c0 is an unknown value
RCX=0x0000555cc6f86fc0 is an unknown value
RDX=0x00007f7dc4008370 is an unknown value
RSP=0x00007f7d94bed788 is pointing into the stack for thread: 0x00007f7d8c00f800
RBP=0x00007f7dfc0e4150 is an unknown value
RSI=0x00007f7e2804ee70 is an unknown value
RDI=0x00007f7dfc0df480 is an unknown value
R8 =0x00007f7e28c97040 is an unknown value
R9 =0x00007f7d8c00fa00 is an unknown value
R10=0x0000000000000002 is an unknown value
R11=0x0000000000000000 is an unknown value
R12=0x0000000000000000 is an unknown value
R13=0x00007f7dfc0ddd00 is an unknown value
R14=0x00007f7e26935340 is an unknown value
R15=0x00007f7dfc068040 is an unknown value


Registers:
RAX=0xffffffffffffffff, RBX=0x00007f7e2804d4c0, RCX=0x0000555cc6f86fc0, RDX=0x00007f7dc4008370
RSP=0x00007f7d94bed788, RBP=0x00007f7dfc0e4150, RSI=0x00007f7e2804ee70, RDI=0x00007f7dfc0df480
R8 =0x00007f7e28c97040, R9 =0x00007f7d8c00fa00, R10=0x0000000000000002, R11=0x0000000000000000
R12=0x0000000000000000, R13=0x00007f7dfc0ddd00, R14=0x00007f7e26935340, R15=0x00007f7dfc068040
RIP=0x00007f7e27fc6d84, EFLAGS=0x0000000000010202, CSGSFS=0x002b000000000033, ERR=0x0000000000000004
  TRAPNO=0x000000000000000e

Top of Stack: (sp=0x00007f7d94bed788)
0x00007f7d94bed788:   00007f7e2802294f 0000000000000000
0x00007f7d94bed798:   0000000000000000 0000000000000000
0x00007f7d94bed7a8:   0000555cc74f6e40 0000000000000000
0x00007f7d94bed7b8:   00007f7dfc0df480 0000000000000000 

Instructions: (pc=0x00007f7e27fc6d84)
0x00007f7e27fc6d64:   f1 48 8b 54 24 10 48 8d 35 bf 46 06 00 e9 bb fe
0x00007f7e27fc6d74:   ff ff 66 2e 0f 1f 84 00 00 00 00 00 48 8b 47 08
0x00007f7e27fc6d84:   48 8b 80 90 00 00 00 48 85 c0 74 08 ff e0 66 0f
0x00007f7e27fc6d94:   1f 44 00 00 e9 53 9b ff ff 0f 1f 00 41 55 41 54 


---------------  P R O C E S S  ---------------

Threads class SMR info:
_java_thread_list=0x00007f7db0002ca0, length=43, elements={
0x0000555cc72ef000, 0x0000555cc745f000, 0x0000555cc7461000, 0x0000555cc7471800,
0x0000555cc7473800, 0x0000555cc7475800, 0x0000555cc7477800, 0x0000555cc7479800,
0x0000555cc74ed000, 0x0000555cc7508800, 0x0000555cc75ea800, 0x0000555cc75ef000,
0x0000555cc762c000, 0x0000555cc762d800, 0x0000555cc7620800, 0x00007f7d90001000,
0x00007f7d8c001000, 0x00007f7d90003000, 0x00007f7d8c003000, 0x0000555cc7640800,
0x0000555cc7642800, 0x00007f7d90005000, 0x00007f7d8c00d000, 0x0000555cc7646800,
0x0000555cc7648000, 0x0000555cc764a000, 0x00007f7da400b800, 0x00007f7da4011800,
0x00007f7dac013800, 0x00007f7dac016800, 0x00007f7da4013000, 0x00007f7db0001800,
0x00007f7db0003800, 0x00007f7da4015000, 0x00007f7d8c00f800, 0x00007f7d8c011000,
0x00007f7d90010800, 0x00007f7d90011800, 0x0000555cc764d800, 0x0000555cc764e800,
0x00007f7da4017000, 0x00007f7dac018800, 0x00007f7db0005000
}

Java Threads: ( => current thread )
  0x0000555cc72ef000 JavaThread "main" [_thread_in_native, id=5342, stack(0x00007ffc90827000,0x00007ffc90927000)]
  0x0000555cc745f000 JavaThread "Reference Handler" daemon [_thread_blocked, id=5356, stack(0x00007f7dfc0e5000,0x00007f7dfc1e6000)]
  0x0000555cc7461000 JavaThread "Finalizer" daemon [_thread_blocked, id=5357, stack(0x00007f7df1eff000,0x00007f7df2000000)]
  0x0000555cc7471800 JavaThread "Signal Dispatcher" daemon [_thread_blocked, id=5358, stack(0x00007f7df1dfe000,0x00007f7df1eff000)]
  0x0000555cc7473800 JavaThread "C2 CompilerThread0" daemon [_thread_blocked, id=5359, stack(0x00007f7df1cfd000,0x00007f7df1dfe000)]
  0x0000555cc7475800 JavaThread "C2 CompilerThread1" daemon [_thread_blocked, id=5360, stack(0x00007f7df1bfc000,0x00007f7df1cfd000)]
  0x0000555cc7477800 JavaThread "C1 CompilerThread2" daemon [_thread_blocked, id=5361, stack(0x00007f7df1afb000,0x00007f7df1bfc000)]
  0x0000555cc7479800 JavaThread "Sweeper thread" daemon [_thread_blocked, id=5362, stack(0x00007f7df19fa000,0x00007f7df1afb000)]
  0x0000555cc74ed000 JavaThread "Service Thread" daemon [_thread_blocked, id=5363, stack(0x00007f7df18f9000,0x00007f7df19fa000)]
  0x0000555cc7508800 JavaThread "Common-Cleaner" daemon [_thread_blocked, id=5365, stack(0x00007f7df16f6000,0x00007f7df17f7000)]
  0x0000555cc75ea800 JavaThread "AMQP Connection 172.18.32.1:5672" [_thread_in_native, id=5366, stack(0x00007f7df0fc5000,0x00007f7df10c6000)]
  0x0000555cc75ef000 JavaThread "pool-1-thread-2" [_thread_blocked, id=5367, stack(0x00007f7df0ec4000,0x00007f7df0fc5000)]
  0x0000555cc762c000 JavaThread "ForkJoinPool.commonPool-worker-1" daemon [_thread_blocked, id=5368, stack(0x00007f7df0dc3000,0x00007f7df0ec4000)]
  0x0000555cc762d800 JavaThread "AMQP Connection 172.18.32.1:5672" [_thread_in_native, id=5369, stack(0x00007f7df0cc2000,0x00007f7df0dc3000)]
  0x0000555cc7620800 JavaThread "pool-3-thread-2" [_thread_blocked, id=5370, stack(0x00007f7df09c1000,0x00007f7df0ac2000)]
  0x00007f7d90001000 JavaThread "Thread-0" [_thread_blocked, id=5371, stack(0x00007f7df01c2000,0x00007f7df09c1000)]
  0x00007f7d8c001000 JavaThread "Thread-1" [_thread_blocked, id=5372, stack(0x00007f7d97801000,0x00007f7d98000000)]
  0x00007f7d90003000 JavaThread "AMQP Connection 172.18.32.1:5672" [_thread_blocked, id=5373, stack(0x00007f7df00bf000,0x00007f7df01c0000)]
  0x00007f7d8c003000 JavaThread "AMQP Connection 172.18.32.1:5672" [_thread_in_native, id=5374, stack(0x00007f7d976fe000,0x00007f7d977ff000)]
  0x0000555cc7640800 JavaThread "Thread-2" [_thread_blocked, id=5375, stack(0x00007f7d96eff000,0x00007f7d976fe000)]
  0x0000555cc7642800 JavaThread "AMQP Connection 172.18.32.1:5672" [_thread_in_native, id=5376, stack(0x00007f7d96dfc000,0x00007f7d96efd000)]
  0x00007f7d90005000 JavaThread "pool-5-thread-2" [_thread_blocked, id=5377, stack(0x00007f7d96cfb000,0x00007f7d96dfc000)]
  0x00007f7d8c00d000 JavaThread "pool-6-thread-2" [_thread_blocked, id=5378, stack(0x00007f7d96bfa000,0x00007f7d96cfb000)]
  0x0000555cc7646800 JavaThread "AMQP Connection 172.18.32.1:5672" [_thread_in_native, id=5379, stack(0x00007f7d96af9000,0x00007f7d96bfa000)]
  0x0000555cc7648000 JavaThread "pool-9-thread-2" [_thread_blocked, id=5380, stack(0x00007f7d969f8000,0x00007f7d96af9000)]
  0x0000555cc764a000 JavaThread "pool-11-thread-2" [_thread_blocked, id=5381, stack(0x00007f7d968f7000,0x00007f7d969f8000)]
  0x00007f7da400b800 JavaThread "Thread-3" [_thread_in_Java, id=5382, stack(0x00007f7d960f8000,0x00007f7d968f7000)]
  0x00007f7da4011800 JavaThread "AMQP Connection 172.18.32.1:5672" [_thread_in_native, id=5383, stack(0x00007f7d95ff5000,0x00007f7d960f6000)]
  0x00007f7dac013800 JavaThread "Thread-4" [_thread_blocked, id=5384, stack(0x00007f7d957f6000,0x00007f7d95ff5000)]
  0x00007f7dac016800 JavaThread "AMQP Connection 172.18.32.1:5672" [_thread_blocked, id=5385, stack(0x00007f7d956f3000,0x00007f7d957f4000)]
  0x00007f7da4013000 JavaThread "pool-13-thread-2" [_thread_blocked, id=5386, stack(0x00007f7d955f2000,0x00007f7d956f3000)]
  0x00007f7db0001800 JavaThread "Thread-5" [_thread_blocked, id=5387, stack(0x00007f7d94df3000,0x00007f7d955f2000)]
  0x00007f7db0003800 JavaThread "AMQP Connection 172.18.32.1:5672" [_thread_blocked, id=5388, stack(0x00007f7d94cf0000,0x00007f7d94df1000)]
  0x00007f7da4015000 JavaThread "Thread-6" [_thread_in_native, id=5389, stack(0x00007f7d94bef000,0x00007f7d94cf0000)]
=>0x00007f7d8c00f800 JavaThread "Thread-8" [_thread_in_native, id=5390, stack(0x00007f7d94aee000,0x00007f7d94bef000)]
  0x00007f7d8c011000 JavaThread "Thread-13" [_thread_blocked, id=5391, stack(0x00007f7d949ed000,0x00007f7d94aee000)]
  0x00007f7d90010800 JavaThread "Thread-7" [_thread_in_native, id=5392, stack(0x00007f7d948ec000,0x00007f7d949ed000)]
  0x00007f7d90011800 JavaThread "Thread-12" [_thread_blocked, id=5393, stack(0x00007f7d947eb000,0x00007f7d948ec000)]
  0x0000555cc764d800 JavaThread "Thread-9" [_thread_in_native, id=5394, stack(0x00007f7d946ea000,0x00007f7d947eb000)]
  0x0000555cc764e800 JavaThread "Thread-11" [_thread_blocked, id=5395, stack(0x00007f7d945e9000,0x00007f7d946ea000)]
  0x00007f7da4017000 JavaThread "Thread-10" [_thread_blocked, id=5396, stack(0x00007f7d944e8000,0x00007f7d945e9000)]
  0x00007f7dac018800 JavaThread "pool-15-thread-2" [_thread_blocked, id=5397, stack(0x00007f7d943e7000,0x00007f7d944e8000)]
  0x00007f7db0005000 JavaThread "pool-17-thread-2" [_thread_blocked, id=5398, stack(0x00007f7d942e6000,0x00007f7d943e7000)]

Other Threads:
  0x0000555cc7455800 VMThread "VM Thread" [stack: 0x00007f7dfc1e8000,0x00007f7dfc2e8000] [id=5355] _threads_hazard_ptr=0x00007f7db0002ca0
  0x0000555cc74ef000 WatcherThread [stack: 0x00007f7df17f9000,0x00007f7df18f9000] [id=5364]
  0x0000555cc7319000 GCTaskThread "GC Thread#0" [stack: 0x00007f7e0d8a1000,0x00007f7e0d9a1000] [id=5344]
  0x0000555cc731a800 GCTaskThread "GC Thread#1" [stack: 0x00007f7e0d79f000,0x00007f7e0d89f000] [id=5345]
  0x0000555cc731c000 GCTaskThread "GC Thread#2" [stack: 0x00007f7e0d69d000,0x00007f7e0d79d000] [id=5346]
  0x0000555cc731d800 GCTaskThread "GC Thread#3" [stack: 0x00007f7e0d59b000,0x00007f7e0d69b000] [id=5347]
  0x0000555cc7373000 ConcurrentGCThread "G1 Main Marker" [stack: 0x00007f7e0c6ff000,0x00007f7e0c7ff000] [id=5348]
  0x0000555cc7375000 ConcurrentGCThread "G1 Conc#0" [stack: 0x00007f7e0c5fd000,0x00007f7e0c6fd000] [id=5349]
  0x0000555cc73c7800 ConcurrentGCThread "G1 Refine#0" [stack: 0x00007f7e0c0f7000,0x00007f7e0c1f7000] [id=5350]
  0x0000555cc73c9000 ConcurrentGCThread "G1 Refine#1" [stack: 0x00007f7dfcdf0000,0x00007f7dfcef0000] [id=5351]
  0x0000555cc73cb000 ConcurrentGCThread "G1 Refine#2" [stack: 0x00007f7dfccee000,0x00007f7dfcdee000] [id=5352]
  0x0000555cc73cc800 ConcurrentGCThread "G1 Refine#3" [stack: 0x00007f7dfcbec000,0x00007f7dfccec000] [id=5353]
  0x0000555cc73ce800 ConcurrentGCThread "G1 Young RemSet Sampling" [stack: 0x00007f7dfcaea000,0x00007f7dfcbea000] [id=5354]

Threads with active compile tasks:
C1 CompilerThread2 597       3       com.rabbitmq.client.impl.TruncatedInputStream::read (57 bytes)

VM state:synchronizing (normal execution)

VM Mutex/Monitor currently owned by a thread:  ([mutex/lock_event])
[0x0000555cc7167e00] Safepoint_lock - owner thread: 0x0000555cc7455800
[0x0000555cc70fef60] Threads_lock - owner thread: 0x0000555cc7455800

Heap address: 0x000000009de00000, size: 1570 MB, Compressed Oops mode: 32-bit
Narrow klass base: 0x0000000000000000, Narrow klass shift: 3
Compressed class space size: 1073741824 Address: 0x0000000100000000

Heap:
 garbage-first heap   total 102400K, used 13312K [0x000000009de00000, 0x0000000100000000)
  region size 1024K, 14 young (14336K), 0 survivors (0K)
 Metaspace       used 9772K, capacity 9942K, committed 10240K, reserved 1058816K
  class space    used 922K, capacity 1004K, committed 1024K, reserved 1048576K
Heap Regions: E=young(eden), S=young(survivor), O=old, HS=humongous(starts), HC=humongous(continues), CS=collection set, F=free, A=archive, TS=gc time stamp, AC=allocation context, TAMS=top-at-mark-start (previous, next)
|   0|0x000000009de00000, 0x000000009de00000, 0x000000009df00000|  0%| F|  |TS  0|AC  0|TAMS 0x000000009de00000, 0x000000009de00000|
|   1|0x000000009df00000, 0x000000009df00000, 0x000000009e000000|  0%| F|  |TS  0|AC  0|TAMS 0x000000009df00000, 0x000000009df00000|
|   2|0x000000009e000000, 0x000000009e000000, 0x000000009e100000|  0%| F|  |TS  0|AC  0|TAMS 0x000000009e000000, 0x000000009e000000|
|   3|0x000000009e100000, 0x000000009e100000, 0x000000009e200000|  0%| F|  |TS  0|AC  0|TAMS 0x000000009e100000, 0x000000009e100000|
|   4|0x000000009e200000, 0x000000009e200000, 0x000000009e300000|  0%| F|  |TS  0|AC  0|TAMS 0x000000009e200000, 0x000000009e200000|
|   5|0x000000009e300000, 0x000000009e300000, 0x000000009e400000|  0%| F|  |TS  0|AC  0|TAMS 0x000000009e300000, 0x000000009e300000|
|   6|0x000000009e400000, 0x000000009e400000, 0x000000009e500000|  0%| F|  |TS  0|AC  0|TAMS 0x000000009e400000, 0x000000009e400000|
|   7|0x000000009e500000, 0x000000009e500000, 0x000000009e600000|  0%| F|  |TS  0|AC  0|TAMS 0x000000009e500000, 0x000000009e500000|
|   8|0x000000009e600000, 0x000000009e600000, 0x000000009e700000|  0%| F|  |TS  0|AC  0|TAMS 0x000000009e600000, 0x000000009e600000|
|   9|0x000000009e700000, 0x000000009e700000, 0x000000009e800000|  0%| F|  |TS  0|AC  0|TAMS 0x000000009e700000, 0x000000009e700000|
|  10|0x000000009e800000, 0x000000009e800000, 0x000000009e900000|  0%| F|  |TS  0|AC  0|TAMS 0x000000009e800000, 0x000000009e800000|
|  11|0x000000009e900000, 0x000000009e900000, 0x000000009ea00000|  0%| F|  |TS  0|AC  0|TAMS 0x000000009e900000, 0x000000009e900000|
|  12|0x000000009ea00000, 0x000000009ea00000, 0x000000009eb00000|  0%| F|  |TS  0|AC  0|TAMS 0x000000009ea00000, 0x000000009ea00000|
|  13|0x000000009eb00000, 0x000000009eb00000, 0x000000009ec00000|  0%| F|  |TS  0|AC  0|TAMS 0x000000009eb00000, 0x000000009eb00000|
|  14|0x000000009ec00000, 0x000000009ec00000, 0x000000009ed00000|  0%| F|  |TS  0|AC  0|TAMS 0x000000009ec00000, 0x000000009ec00000|
|  15|0x000000009ed00000, 0x000000009ed00000, 0x000000009ee00000|  0%| F|  |TS  0|AC  0|TAMS 0x000000009ed00000, 0x000000009ed00000|
|  16|0x000000009ee00000, 0x000000009ee00000, 0x000000009ef00000|  0%| F|  |TS  0|AC  0|TAMS 0x000000009ee00000, 0x000000009ee00000|
|  17|0x000000009ef00000, 0x000000009ef00000, 0x000000009f000000|  0%| F|  |TS  0|AC  0|TAMS 0x000000009ef00000, 0x000000009ef00000|
|  18|0x000000009f000000, 0x000000009f000000, 0x000000009f100000|  0%| F|  |TS  0|AC  0|TAMS 0x000000009f000000, 0x000000009f000000|
|  19|0x000000009f100000, 0x000000009f100000, 0x000000009f200000|  0%| F|  |TS  0|AC  0|TAMS 0x000000009f100000, 0x000000009f100000|
|  20|0x000000009f200000, 0x000000009f200000, 0x000000009f300000|  0%| F|  |TS  0|AC  0|TAMS 0x000000009f200000, 0x000000009f200000|
|  21|0x000000009f300000, 0x000000009f300000, 0x000000009f400000|  0%| F|  |TS  0|AC  0|TAMS 0x000000009f300000, 0x000000009f300000|
|  22|0x000000009f400000, 0x000000009f400000, 0x000000009f500000|  0%| F|  |TS  0|AC  0|TAMS 0x000000009f400000, 0x000000009f400000|
|  23|0x000000009f500000, 0x000000009f500000, 0x000000009f600000|  0%| F|  |TS  0|AC  0|TAMS 0x000000009f500000, 0x000000009f500000|
|  24|0x000000009f600000, 0x000000009f600000, 0x000000009f700000|  0%| F|  |TS  0|AC  0|TAMS 0x000000009f600000, 0x000000009f600000|
|  25|0x000000009f700000, 0x000000009f700000, 0x000000009f800000|  0%| F|  |TS  0|AC  0|TAMS 0x000000009f700000, 0x000000009f700000|
|  26|0x000000009f800000, 0x000000009f800000, 0x000000009f900000|  0%| F|  |TS  0|AC  0|TAMS 0x000000009f800000, 0x000000009f800000|
|  27|0x000000009f900000, 0x000000009f900000, 0x000000009fa00000|  0%| F|  |TS  0|AC  0|TAMS 0x000000009f900000, 0x000000009f900000|
|  28|0x000000009fa00000, 0x000000009fa00000, 0x000000009fb00000|  0%| F|  |TS  0|AC  0|TAMS 0x000000009fa00000, 0x000000009fa00000|
|  29|0x000000009fb00000, 0x000000009fb00000, 0x000000009fc00000|  0%| F|  |TS  0|AC  0|TAMS 0x000000009fb00000, 0x000000009fb00000|
|  30|0x000000009fc00000, 0x000000009fc00000, 0x000000009fd00000|  0%| F|  |TS  0|AC  0|TAMS 0x000000009fc00000, 0x000000009fc00000|
|  31|0x000000009fd00000, 0x000000009fd00000, 0x000000009fe00000|  0%| F|  |TS  0|AC  0|TAMS 0x000000009fd00000, 0x000000009fd00000|
|  32|0x000000009fe00000, 0x000000009fe00000, 0x000000009ff00000|  0%| F|  |TS  0|AC  0|TAMS 0x000000009fe00000, 0x000000009fe00000|
|  33|0x000000009ff00000, 0x000000009ff00000, 0x00000000a0000000|  0%| F|  |TS  0|AC  0|TAMS 0x000000009ff00000, 0x000000009ff00000|
|  34|0x00000000a0000000, 0x00000000a0000000, 0x00000000a0100000|  0%| F|  |TS  0|AC  0|TAMS 0x00000000a0000000, 0x00000000a0000000|
|  35|0x00000000a0100000, 0x00000000a0100000, 0x00000000a0200000|  0%| F|  |TS  0|AC  0|TAMS 0x00000000a0100000, 0x00000000a0100000|
|  36|0x00000000a0200000, 0x00000000a0200000, 0x00000000a0300000|  0%| F|  |TS  0|AC  0|TAMS 0x00000000a0200000, 0x00000000a0200000|
|  37|0x00000000a0300000, 0x00000000a0300000, 0x00000000a0400000|  0%| F|  |TS  0|AC  0|TAMS 0x00000000a0300000, 0x00000000a0300000|
|  38|0x00000000a0400000, 0x00000000a0400000, 0x00000000a0500000|  0%| F|  |TS  0|AC  0|TAMS 0x00000000a0400000, 0x00000000a0400000|
|  39|0x00000000a0500000, 0x00000000a0500000, 0x00000000a0600000|  0%| F|  |TS  0|AC  0|TAMS 0x00000000a0500000, 0x00000000a0500000|
|  40|0x00000000a0600000, 0x00000000a0600000, 0x00000000a0700000|  0%| F|  |TS  0|AC  0|TAMS 0x00000000a0600000, 0x00000000a0600000|
|  41|0x00000000a0700000, 0x00000000a0700000, 0x00000000a0800000|  0%| F|  |TS  0|AC  0|TAMS 0x00000000a0700000, 0x00000000a0700000|
|  42|0x00000000a0800000, 0x00000000a0800000, 0x00000000a0900000|  0%| F|  |TS  0|AC  0|TAMS 0x00000000a0800000, 0x00000000a0800000|
|  43|0x00000000a0900000, 0x00000000a0900000, 0x00000000a0a00000|  0%| F|  |TS  0|AC  0|TAMS 0x00000000a0900000, 0x00000000a0900000|
|  44|0x00000000a0a00000, 0x00000000a0a00000, 0x00000000a0b00000|  0%| F|  |TS  0|AC  0|TAMS 0x00000000a0a00000, 0x00000000a0a00000|
|  45|0x00000000a0b00000, 0x00000000a0b00000, 0x00000000a0c00000|  0%| F|  |TS  0|AC  0|TAMS 0x00000000a0b00000, 0x00000000a0b00000|
|  46|0x00000000a0c00000, 0x00000000a0c00000, 0x00000000a0d00000|  0%| F|  |TS  0|AC  0|TAMS 0x00000000a0c00000, 0x00000000a0c00000|
|  47|0x00000000a0d00000, 0x00000000a0d00000, 0x00000000a0e00000|  0%| F|  |TS  0|AC  0|TAMS 0x00000000a0d00000, 0x00000000a0d00000|
|  48|0x00000000a0e00000, 0x00000000a0e00000, 0x00000000a0f00000|  0%| F|  |TS  0|AC  0|TAMS 0x00000000a0e00000, 0x00000000a0e00000|
|  49|0x00000000a0f00000, 0x00000000a0f00000, 0x00000000a1000000|  0%| F|  |TS  0|AC  0|TAMS 0x00000000a0f00000, 0x00000000a0f00000|
|  50|0x00000000a1000000, 0x00000000a1000000, 0x00000000a1100000|  0%| F|  |TS  0|AC  0|TAMS 0x00000000a1000000, 0x00000000a1000000|
|  51|0x00000000a1100000, 0x00000000a1100000, 0x00000000a1200000|  0%| F|  |TS  0|AC  0|TAMS 0x00000000a1100000, 0x00000000a1100000|
|  52|0x00000000a1200000, 0x00000000a1200000, 0x00000000a1300000|  0%| F|  |TS  0|AC  0|TAMS 0x00000000a1200000, 0x00000000a1200000|
|  53|0x00000000a1300000, 0x00000000a1300000, 0x00000000a1400000|  0%| F|  |TS  0|AC  0|TAMS 0x00000000a1300000, 0x00000000a1300000|
|  54|0x00000000a1400000, 0x00000000a1400000, 0x00000000a1500000|  0%| F|  |TS  0|AC  0|TAMS 0x00000000a1400000, 0x00000000a1400000|
|  55|0x00000000a1500000, 0x00000000a1500000, 0x00000000a1600000|  0%| F|  |TS  0|AC  0|TAMS 0x00000000a1500000, 0x00000000a1500000|
|  56|0x00000000a1600000, 0x00000000a1600000, 0x00000000a1700000|  0%| F|  |TS  0|AC  0|TAMS 0x00000000a1600000, 0x00000000a1600000|
|  57|0x00000000a1700000, 0x00000000a1700000, 0x00000000a1800000|  0%| F|  |TS  0|AC  0|TAMS 0x00000000a1700000, 0x00000000a1700000|
|  58|0x00000000a1800000, 0x00000000a1800000, 0x00000000a1900000|  0%| F|  |TS  0|AC  0|TAMS 0x00000000a1800000, 0x00000000a1800000|
|  59|0x00000000a1900000, 0x00000000a1900000, 0x00000000a1a00000|  0%| F|  |TS  0|AC  0|TAMS 0x00000000a1900000, 0x00000000a1900000|
|  60|0x00000000a1a00000, 0x00000000a1a00000, 0x00000000a1b00000|  0%| F|  |TS  0|AC  0|TAMS 0x00000000a1a00000, 0x00000000a1a00000|
|  61|0x00000000a1b00000, 0x00000000a1b00000, 0x00000000a1c00000|  0%| F|  |TS  0|AC  0|TAMS 0x00000000a1b00000, 0x00000000a1b00000|
|  62|0x00000000a1c00000, 0x00000000a1c00000, 0x00000000a1d00000|  0%| F|  |TS  0|AC  0|TAMS 0x00000000a1c00000, 0x00000000a1c00000|
|  63|0x00000000a1d00000, 0x00000000a1d00000, 0x00000000a1e00000|  0%| F|  |TS  0|AC  0|TAMS 0x00000000a1d00000, 0x00000000a1d00000|
|  64|0x00000000a1e00000, 0x00000000a1e00000, 0x00000000a1f00000|  0%| F|  |TS  0|AC  0|TAMS 0x00000000a1e00000, 0x00000000a1e00000|
|  65|0x00000000a1f00000, 0x00000000a1f00000, 0x00000000a2000000|  0%| F|  |TS  0|AC  0|TAMS 0x00000000a1f00000, 0x00000000a1f00000|
|  66|0x00000000a2000000, 0x00000000a2000000, 0x00000000a2100000|  0%| F|  |TS  0|AC  0|TAMS 0x00000000a2000000, 0x00000000a2000000|
|  67|0x00000000a2100000, 0x00000000a2100000, 0x00000000a2200000|  0%| F|  |TS  0|AC  0|TAMS 0x00000000a2100000, 0x00000000a2100000|
|  68|0x00000000a2200000, 0x00000000a2200000, 0x00000000a2300000|  0%| F|  |TS  0|AC  0|TAMS 0x00000000a2200000, 0x00000000a2200000|
|  69|0x00000000a2300000, 0x00000000a2300000, 0x00000000a2400000|  0%| F|  |TS  0|AC  0|TAMS 0x00000000a2300000, 0x00000000a2300000|
|  70|0x00000000a2400000, 0x00000000a2400000, 0x00000000a2500000|  0%| F|  |TS  0|AC  0|TAMS 0x00000000a2400000, 0x00000000a2400000|
|  71|0x00000000a2500000, 0x00000000a2500000, 0x00000000a2600000|  0%| F|  |TS  0|AC  0|TAMS 0x00000000a2500000, 0x00000000a2500000|
|  72|0x00000000a2600000, 0x00000000a2600000, 0x00000000a2700000|  0%| F|  |TS  0|AC  0|TAMS 0x00000000a2600000, 0x00000000a2600000|
|  73|0x00000000a2700000, 0x00000000a2700000, 0x00000000a2800000|  0%| F|  |TS  0|AC  0|TAMS 0x00000000a2700000, 0x00000000a2700000|
|  74|0x00000000a2800000, 0x00000000a2800000, 0x00000000a2900000|  0%| F|  |TS  0|AC  0|TAMS 0x00000000a2800000, 0x00000000a2800000|
|  75|0x00000000a2900000, 0x00000000a2900000, 0x00000000a2a00000|  0%| F|  |TS  0|AC  0|TAMS 0x00000000a2900000, 0x00000000a2900000|
|  76|0x00000000a2a00000, 0x00000000a2a00000, 0x00000000a2b00000|  0%| F|  |TS  0|AC  0|TAMS 0x00000000a2a00000, 0x00000000a2a00000|
|  77|0x00000000a2b00000, 0x00000000a2b00000, 0x00000000a2c00000|  0%| F|  |TS  0|AC  0|TAMS 0x00000000a2b00000, 0x00000000a2b00000|
|  78|0x00000000a2c00000, 0x00000000a2c00000, 0x00000000a2d00000|  0%| F|  |TS  0|AC  0|TAMS 0x00000000a2c00000, 0x00000000a2c00000|
|  79|0x00000000a2d00000, 0x00000000a2d00000, 0x00000000a2e00000|  0%| F|  |TS  0|AC  0|TAMS 0x00000000a2d00000, 0x00000000a2d00000|
|  80|0x00000000a2e00000, 0x00000000a2e00000, 0x00000000a2f00000|  0%| F|  |TS  0|AC  0|TAMS 0x00000000a2e00000, 0x00000000a2e00000|
|  81|0x00000000a2f00000, 0x00000000a2f00000, 0x00000000a3000000|  0%| F|  |TS  0|AC  0|TAMS 0x00000000a2f00000, 0x00000000a2f00000|
|  82|0x00000000a3000000, 0x00000000a3000000, 0x00000000a3100000|  0%| F|  |TS  0|AC  0|TAMS 0x00000000a3000000, 0x00000000a3000000|
|  83|0x00000000a3100000, 0x00000000a3100000, 0x00000000a3200000|  0%| F|  |TS  0|AC  0|TAMS 0x00000000a3100000, 0x00000000a3100000|
|  84|0x00000000a3200000, 0x00000000a3200000, 0x00000000a3300000|  0%| F|  |TS  0|AC  0|TAMS 0x00000000a3200000, 0x00000000a3200000|
|  85|0x00000000a3300000, 0x00000000a3300000, 0x00000000a3400000|  0%| F|  |TS  0|AC  0|TAMS 0x00000000a3300000, 0x00000000a3300000|
|  86|0x00000000a3400000, 0x00000000a34d7cf0, 0x00000000a3500000| 84%| E|  |TS  0|AC  0|TAMS 0x00000000a3400000, 0x00000000a3400000|
|  87|0x00000000a3500000, 0x00000000a3600000, 0x00000000a3600000|100%| E|CS|TS  0|AC  0|TAMS 0x00000000a3500000, 0x00000000a3500000|
|  88|0x00000000a3600000, 0x00000000a3700000, 0x00000000a3700000|100%| E|CS|TS  0|AC  0|TAMS 0x00000000a3600000, 0x00000000a3600000|
|  89|0x00000000a3700000, 0x00000000a3800000, 0x00000000a3800000|100%| E|CS|TS  0|AC  0|TAMS 0x00000000a3700000, 0x00000000a3700000|
|  90|0x00000000a3800000, 0x00000000a3900000, 0x00000000a3900000|100%| E|CS|TS  0|AC  0|TAMS 0x00000000a3800000, 0x00000000a3800000|
|  91|0x00000000a3900000, 0x00000000a3a00000, 0x00000000a3a00000|100%| E|CS|TS  0|AC  0|TAMS 0x00000000a3900000, 0x00000000a3900000|
|  92|0x00000000a3a00000, 0x00000000a3b00000, 0x00000000a3b00000|100%| E|CS|TS  0|AC  0|TAMS 0x00000000a3a00000, 0x00000000a3a00000|
|  93|0x00000000a3b00000, 0x00000000a3c00000, 0x00000000a3c00000|100%| E|CS|TS  0|AC  0|TAMS 0x00000000a3b00000, 0x00000000a3b00000|
|  94|0x00000000a3c00000, 0x00000000a3d00000, 0x00000000a3d00000|100%| E|CS|TS  0|AC  0|TAMS 0x00000000a3c00000, 0x00000000a3c00000|
|  95|0x00000000a3d00000, 0x00000000a3e00000, 0x00000000a3e00000|100%| E|CS|TS  0|AC  0|TAMS 0x00000000a3d00000, 0x00000000a3d00000|
|  96|0x00000000a3e00000, 0x00000000a3f00000, 0x00000000a3f00000|100%| E|CS|TS  0|AC  0|TAMS 0x00000000a3e00000, 0x00000000a3e00000|
|  97|0x00000000a3f00000, 0x00000000a4000000, 0x00000000a4000000|100%| E|CS|TS  0|AC  0|TAMS 0x00000000a3f00000, 0x00000000a3f00000|
|  98|0x00000000a4000000, 0x00000000a4100000, 0x00000000a4100000|100%| E|CS|TS  0|AC  0|TAMS 0x00000000a4000000, 0x00000000a4000000|
|  99|0x00000000a4100000, 0x00000000a4200000, 0x00000000a4200000|100%| E|CS|TS  0|AC  0|TAMS 0x00000000a4100000, 0x00000000a4100000|

Card table byte_map: [0x00007f7e0cb73000,0x00007f7e0ce84000] byte_map_base: 0x00007f7e0c684000

Marking Bits (Prev, Next): (CMBitMap*) 0x0000555cc73724c0, (CMBitMap*) 0x0000555cc73724f8
 Prev Bits: [0x00007f7dfe778000, 0x00007f7e00000000)
 Next Bits: [0x00007f7dfcef0000, 0x00007f7dfe778000)

Polling page: 0x00007f7e28b70000

CodeHeap 'non-profiled nmethods': size=120032Kb used=152Kb max_used=152Kb free=119879Kb
 bounds [0x00007f7e1564b000, 0x00007f7e158bb000, 0x00007f7e1cb83000]
CodeHeap 'profiled nmethods': size=120032Kb used=871Kb max_used=871Kb free=119161Kb
 bounds [0x00007f7e0e113000, 0x00007f7e0e383000, 0x00007f7e1564b000]
CodeHeap 'non-nmethods': size=5696Kb used=1057Kb max_used=1069Kb free=4638Kb
 bounds [0x00007f7e0db83000, 0x00007f7e0ddf3000, 0x00007f7e0e113000]
 total_blobs=1064 nmethods=579 adapters=283
 compilation: enabled

Compilation events (10 events):
Event: 174.387 Thread 0x0000555cc7477800 nmethod 583 0x00007f7e1566f490 code [0x00007f7e1566f640, 0x00007f7e1566f8b0]
Event: 174.396 Thread 0x0000555cc7477800  585       3       java.util.HashMap::isEmpty (13 bytes)
Event: 174.396 Thread 0x0000555cc7477800 nmethod 585 0x00007f7e0e113f10 code [0x00007f7e0e1140c0, 0x00007f7e0e114270]
Event: 174.416 Thread 0x0000555cc7477800  586  s    3       java.io.ByteArrayInputStream::read (101 bytes)
Event: 174.418 Thread 0x0000555cc7477800 nmethod 586 0x00007f7e0e1e8190 code [0x00007f7e0e1e83a0, 0x00007f7e0e1e8ac8]
Event: 174.422 Thread 0x0000555cc7473800  587       4       java.lang.StringBuilder::append (8 bytes)
Event: 174.422 Thread 0x0000555cc7477800  588       3       java.lang.StringLatin1::compareToCI (108 bytes)
Event: 174.423 Thread 0x0000555cc7477800 nmethod 588 0x00007f7e0e1e8c90 code [0x00007f7e0e1e8f00, 0x00007f7e0e1e97f8]
Event: 174.423 Thread 0x0000555cc7475800  589       4       java.lang.String::getBytes (44 bytes)
Event: 174.425 Thread 0x0000555cc7475800 nmethod 589 0x00007f7e1566f990 code [0x00007f7e1566fb20, 0x00007f7e1566fc38]

GC Heap History (0 events):
No events

Deoptimization events (2 events):
Event: 173.643 Thread 0x0000555cc72ef000 Uncommon trap: reason=unstable_if action=reinterpret pc=0x00007f7e1564ff70 method=java.lang.String.hashCode()I @ 14 c2
Event: 174.177 Thread 0x0000555cc762c000 Uncommon trap: reason=unstable_if action=reinterpret pc=0x00007f7e15667c10 method=java.lang.StringLatin1.replace([BCC)Ljava/lang/String; @ 19 c2

Classes redefined (0 events):
No events

Internal exceptions (10 events):
Event: 173.900 Thread 0x0000555cc72ef000 Exception <a 'java/lang/NoSuchMethodError'{0x00000000a3fe54e8}: java.lang.invoke.DirectMethodHandle$Holder.invokeStaticInit(Ljava/lang/Object;Ljava/lang/Object;)I> (0x00000000a3fe54e8) thrown at [/export/home/tester/jenkins/workspace/zulu10-build-linux64/
Event: 173.902 Thread 0x0000555cc72ef000 Exception <a 'java/lang/NoSuchMethodError'{0x00000000a3ff0660}: method resolution failed> (0x00000000a3ff0660) thrown at [/export/home/tester/jenkins/workspace/zulu10-build-linux64/zulu-src/src/hotspot/share/prims/methodHandles.cpp, line 1226]
Event: 173.950 Thread 0x0000555cc72ef000 Exception <a 'java/lang/NoSuchMethodError'{0x00000000a3e5dd30}: java.lang.invoke.DirectMethodHandle$Holder.invokeStatic(Ljava/lang/Object;Ljava/lang/Object;Ljava/lang/Object;)V> (0x00000000a3e5dd30) thrown at [/export/home/tester/jenkins/workspace/zulu10-
Event: 174.116 Thread 0x0000555cc72ef000 Exception <a 'java/lang/NoSuchMethodError'{0x00000000a3c82180}: java.lang.invoke.DirectMethodHandle$Holder.invokeSpecial(Ljava/lang/Object;Ljava/lang/Object;Ljava/lang/Object;Ljava/lang/Object;Ljava/lang/Object;)V> (0x00000000a3c82180) thrown at [/export/
Event: 174.165 Thread 0x0000555cc72ef000 Exception <a 'java/lang/NoSuchMethodError'{0x00000000a3b6e200}: method resolution failed> (0x00000000a3b6e200) thrown at [/export/home/tester/jenkins/workspace/zulu10-build-linux64/zulu-src/src/hotspot/share/prims/methodHandles.cpp, line 1226]
Event: 174.166 Thread 0x0000555cc72ef000 Exception <a 'java/lang/NoSuchMethodError'{0x00000000a3b742c8}: method resolution failed> (0x00000000a3b742c8) thrown at [/export/home/tester/jenkins/workspace/zulu10-build-linux64/zulu-src/src/hotspot/share/prims/methodHandles.cpp, line 1226]
Event: 174.166 Thread 0x0000555cc72ef000 Exception <a 'java/lang/NoSuchMethodError'{0x00000000a3b77bf8}: method resolution failed> (0x00000000a3b77bf8) thrown at [/export/home/tester/jenkins/workspace/zulu10-build-linux64/zulu-src/src/hotspot/share/prims/methodHandles.cpp, line 1226]
Event: 174.179 Thread 0x0000555cc762c000 Exception <a 'java/lang/NoSuchMethodError'{0x00000000a3bc1760}: java.lang.Object.lambda$union$2(Ljava/util/regex/Pattern$CharPredicate;I)Z> (0x00000000a3bc1760) thrown at [/export/home/tester/jenkins/workspace/zulu10-build-linux64/zulu-src/src/hotspot/sha
Event: 174.246 Thread 0x0000555cc72ef000 Exception <a 'java/lang/NoSuchMethodError'{0x00000000a3a21b28}: method resolution failed> (0x00000000a3a21b28) thrown at [/export/home/tester/jenkins/workspace/zulu10-build-linux64/zulu-src/src/hotspot/share/prims/methodHandles.cpp, line 1226]
Event: 174.255 Thread 0x0000555cc72ef000 Exception <a 'java/lang/NoSuchMethodError'{0x00000000a3a38638}: java.lang.Object.of([Ljava/lang/Object;)Ljava/util/stream/Stream;> (0x00000000a3a38638) thrown at [/export/home/tester/jenkins/workspace/zulu10-build-linux64/zulu-src/src/hotspot/share/interp

Events (10 events):
Event: 174.421 loading class com/moses/position/Position done
Event: 174.422 loading class com/moses/driverapp/threads/NotificationsProcessor
Event: 174.422 loading class com/moses/driverapp/threads/NotificationsProcessor done
Event: 174.424 loading class com/moses/driverapp/threads/PositionTracking
Event: 174.424 loading class com/moses/driverapp/threads/PositionTracking done
Event: 174.426 loading class com/moses/driverapp/threads/ProcessedRidesCleaning
Event: 174.426 loading class com/moses/driverapp/threads/ProcessedRidesCleaning done
Event: 174.430 Thread 0x00007f7da4015000 Thread added: 0x00007f7da4015000
Event: 174.430 Thread 0x00007f7d8c00f800 Thread added: 0x00007f7d8c00f800
Event: 174.431 Thread 0x00007f7d8c011000 Thread added: 0x00007f7d8c011000


Dynamic libraries:
9de00000-a4200000 rw-p 00000000 00:00 0 
a4200000-100000000 ---p 00000000 00:00 0 
100000000-100100000 rw-p 00000000 00:00 0 
100100000-140000000 ---p 00000000 00:00 0 
555cc5258000-555cc52b4000 r--p 00000000 08:30 173515                     /home/eddie/miniconda3/envs/aaron/bin/python3.9
555cc52b4000-555cc54c8000 r-xp 0005c000 08:30 173515                     /home/eddie/miniconda3/envs/aaron/bin/python3.9
555cc54c8000-555cc55b3000 r--p 00270000 08:30 173515                     /home/eddie/miniconda3/envs/aaron/bin/python3.9
555cc55b3000-555cc55b9000 r--p 0035a000 08:30 173515                     /home/eddie/miniconda3/envs/aaron/bin/python3.9
555cc55b9000-555cc55f0000 rw-p 00360000 08:30 173515                     /home/eddie/miniconda3/envs/aaron/bin/python3.9
555cc55f0000-555cc5612000 rw-p 00000000 00:00 0 
555cc6f84000-555cc7661000 rw-p 00000000 00:00 0                          [heap]
7f7d84000000-7f7d84021000 rw-p 00000000 00:00 0 
7f7d84021000-7f7d88000000 ---p 00000000 00:00 0 
7f7d88000000-7f7d88021000 rw-p 00000000 00:00 0 
7f7d88021000-7f7d8c000000 ---p 00000000 00:00 0 
7f7d8c000000-7f7d8c021000 rw-p 00000000 00:00 0 
7f7d8c021000-7f7d90000000 ---p 00000000 00:00 0 
7f7d90000000-7f7d90021000 rw-p 00000000 00:00 0 
7f7d90021000-7f7d94000000 ---p 00000000 00:00 0 
7f7d942e6000-7f7d942ea000 ---p 00000000 00:00 0 
7f7d942ea000-7f7d943e7000 rw-p 00000000 00:00 0 
7f7d943e7000-7f7d943eb000 ---p 00000000 00:00 0 
7f7d943eb000-7f7d944e8000 rw-p 00000000 00:00 0 
7f7d944e8000-7f7d944ec000 ---p 00000000 00:00 0 
7f7d944ec000-7f7d945e9000 rw-p 00000000 00:00 0 
7f7d945e9000-7f7d945ed000 ---p 00000000 00:00 0 
7f7d945ed000-7f7d946ea000 rw-p 00000000 00:00 0 
7f7d946ea000-7f7d946ee000 ---p 00000000 00:00 0 
7f7d946ee000-7f7d947eb000 rw-p 00000000 00:00 0 
7f7d947eb000-7f7d947ef000 ---p 00000000 00:00 0 
7f7d947ef000-7f7d948ec000 rw-p 00000000 00:00 0 
7f7d948ec000-7f7d948f0000 ---p 00000000 00:00 0 
7f7d948f0000-7f7d949ed000 rw-p 00000000 00:00 0 
7f7d949ed000-7f7d949f1000 ---p 00000000 00:00 0 
7f7d949f1000-7f7d94aee000 rw-p 00000000 00:00 0 
7f7d94aee000-7f7d94af2000 ---p 00000000 00:00 0 
7f7d94af2000-7f7d94bef000 rw-p 00000000 00:00 0 
7f7d94bef000-7f7d94bf3000 ---p 00000000 00:00 0 
7f7d94bf3000-7f7d94cf0000 rw-p 00000000 00:00 0 
7f7d94cf0000-7f7d94cf4000 ---p 00000000 00:00 0 
7f7d94cf4000-7f7d94df1000 rw-p 00000000 00:00 0 
7f7d94df1000-7f7d94df2000 ---p 00000000 00:00 0 
7f7d94df2000-7f7d94df3000 rw-p 00000000 00:00 0 
7f7d94df3000-7f7d94df7000 ---p 00000000 00:00 0 
7f7d94df7000-7f7d955f2000 rw-p 00000000 00:00 0 
7f7d955f2000-7f7d955f6000 ---p 00000000 00:00 0 
7f7d955f6000-7f7d956f3000 rw-p 00000000 00:00 0 
7f7d956f3000-7f7d956f7000 ---p 00000000 00:00 0 
7f7d956f7000-7f7d957f4000 rw-p 00000000 00:00 0 
7f7d957f4000-7f7d957f5000 ---p 00000000 00:00 0 
7f7d957f5000-7f7d957f6000 rw-p 00000000 00:00 0 
7f7d957f6000-7f7d957fa000 ---p 00000000 00:00 0 
7f7d957fa000-7f7d95ff5000 rw-p 00000000 00:00 0 
7f7d95ff5000-7f7d95ff9000 ---p 00000000 00:00 0 
7f7d95ff9000-7f7d960f6000 rw-p 00000000 00:00 0 
7f7d960f6000-7f7d960f7000 ---p 00000000 00:00 0 
7f7d960f7000-7f7d960f8000 rw-p 00000000 00:00 0 
7f7d960f8000-7f7d960fc000 ---p 00000000 00:00 0 
7f7d960fc000-7f7d968f7000 rw-p 00000000 00:00 0 
7f7d968f7000-7f7d968fb000 ---p 00000000 00:00 0 
7f7d968fb000-7f7d969f8000 rw-p 00000000 00:00 0 
7f7d969f8000-7f7d969fc000 ---p 00000000 00:00 0 
7f7d969fc000-7f7d96af9000 rw-p 00000000 00:00 0 
7f7d96af9000-7f7d96afd000 ---p 00000000 00:00 0 
7f7d96afd000-7f7d96bfa000 rw-p 00000000 00:00 0 
7f7d96bfa000-7f7d96bfe000 ---p 00000000 00:00 0 
7f7d96bfe000-7f7d96cfb000 rw-p 00000000 00:00 0 
7f7d96cfb000-7f7d96cff000 ---p 00000000 00:00 0 
7f7d96cff000-7f7d96dfc000 rw-p 00000000 00:00 0 
7f7d96dfc000-7f7d96e00000 ---p 00000000 00:00 0 
7f7d96e00000-7f7d96efd000 rw-p 00000000 00:00 0 
7f7d96efd000-7f7d96efe000 ---p 00000000 00:00 0 
7f7d96efe000-7f7d96eff000 rw-p 00000000 00:00 0 
7f7d96eff000-7f7d96f03000 ---p 00000000 00:00 0 
7f7d96f03000-7f7d976fe000 rw-p 00000000 00:00 0 
7f7d976fe000-7f7d97702000 ---p 00000000 00:00 0 
7f7d97702000-7f7d977ff000 rw-p 00000000 00:00 0 
7f7d977ff000-7f7d97800000 ---p 00000000 00:00 0 
7f7d97800000-7f7d97801000 rw-p 00000000 00:00 0 
7f7d97801000-7f7d97805000 ---p 00000000 00:00 0 
7f7d97805000-7f7d98000000 rw-p 00000000 00:00 0 
7f7d98000000-7f7d98021000 rw-p 00000000 00:00 0 
7f7d98021000-7f7d9c000000 ---p 00000000 00:00 0 
7f7d9c000000-7f7d9c021000 rw-p 00000000 00:00 0 
7f7d9c021000-7f7da0000000 ---p 00000000 00:00 0 
7f7da0000000-7f7da0021000 rw-p 00000000 00:00 0 
7f7da0021000-7f7da4000000 ---p 00000000 00:00 0 
7f7da4000000-7f7da4021000 rw-p 00000000 00:00 0 
7f7da4021000-7f7da8000000 ---p 00000000 00:00 0 
7f7da8000000-7f7da8021000 rw-p 00000000 00:00 0 
7f7da8021000-7f7dac000000 ---p 00000000 00:00 0 
7f7dac000000-7f7dac021000 rw-p 00000000 00:00 0 
7f7dac021000-7f7db0000000 ---p 00000000 00:00 0 
7f7db0000000-7f7db0021000 rw-p 00000000 00:00 0 
7f7db0021000-7f7db4000000 ---p 00000000 00:00 0 
7f7db4000000-7f7db4021000 rw-p 00000000 00:00 0 
7f7db4021000-7f7db8000000 ---p 00000000 00:00 0 
7f7db8000000-7f7db81b2000 rw-p 00000000 00:00 0 
7f7db81b2000-7f7dbc000000 ---p 00000000 00:00 0 
7f7dbc000000-7f7dbc021000 rw-p 00000000 00:00 0 
7f7dbc021000-7f7dc0000000 ---p 00000000 00:00 0 
7f7dc0000000-7f7dc0167000 rw-p 00000000 00:00 0 
7f7dc0167000-7f7dc4000000 ---p 00000000 00:00 0 
7f7dc4000000-7f7dc417d000 rw-p 00000000 00:00 0 
7f7dc417d000-7f7dc8000000 ---p 00000000 00:00 0 
7f7dc8000000-7f7dc8021000 rw-p 00000000 00:00 0 
7f7dc8021000-7f7dcc000000 ---p 00000000 00:00 0 
7f7dcc000000-7f7dcc021000 rw-p 00000000 00:00 0 
7f7dcc021000-7f7dd0000000 ---p 00000000 00:00 0 
7f7dd0000000-7f7dd0021000 rw-p 00000000 00:00 0 
7f7dd0021000-7f7dd4000000 ---p 00000000 00:00 0 
7f7dd4000000-7f7dd4021000 rw-p 00000000 00:00 0 
7f7dd4021000-7f7dd8000000 ---p 00000000 00:00 0 
7f7dd8000000-7f7dd8021000 rw-p 00000000 00:00 0 
7f7dd8021000-7f7ddc000000 ---p 00000000 00:00 0 
7f7ddc000000-7f7ddc021000 rw-p 00000000 00:00 0 
7f7ddc021000-7f7de0000000 ---p 00000000 00:00 0 
7f7de0000000-7f7de0021000 rw-p 00000000 00:00 0 
7f7de0021000-7f7de4000000 ---p 00000000 00:00 0 
7f7de4000000-7f7de4021000 rw-p 00000000 00:00 0 
7f7de4021000-7f7de8000000 ---p 00000000 00:00 0 
7f7de8000000-7f7de8021000 rw-p 00000000 00:00 0 
7f7de8021000-7f7dec000000 ---p 00000000 00:00 0 
7f7dec000000-7f7dec021000 rw-p 00000000 00:00 0 
7f7dec021000-7f7df0000000 ---p 00000000 00:00 0 
7f7df00bf000-7f7df00c3000 ---p 00000000 00:00 0 
7f7df00c3000-7f7df01c0000 rw-p 00000000 00:00 0 
7f7df01c0000-7f7df01c1000 ---p 00000000 00:00 0 
7f7df01c1000-7f7df01c2000 rw-p 00000000 00:00 0 
7f7df01c2000-7f7df01c6000 ---p 00000000 00:00 0 
7f7df01c6000-7f7df09c1000 rw-p 00000000 00:00 0 
7f7df09c1000-7f7df09c5000 ---p 00000000 00:00 0 
7f7df09c5000-7f7df0bc2000 rw-p 00000000 00:00 0 
7f7df0bc2000-7f7df0cc2000 ---p 00000000 00:00 0 
7f7df0cc2000-7f7df0cc6000 ---p 00000000 00:00 0 
7f7df0cc6000-7f7df0dc3000 rw-p 00000000 00:00 0 
7f7df0dc3000-7f7df0dc7000 ---p 00000000 00:00 0 
7f7df0dc7000-7f7df0ec4000 rw-p 00000000 00:00 0 
7f7df0ec4000-7f7df0ec8000 ---p 00000000 00:00 0 
7f7df0ec8000-7f7df0fc5000 rw-p 00000000 00:00 0 
7f7df0fc5000-7f7df0fc9000 ---p 00000000 00:00 0 
7f7df0fc9000-7f7df10c6000 rw-p 00000000 00:00 0 
7f7df10c6000-7f7df10c7000 r-xp 00000000 08:30 135386                     /home/eddie/miniconda3/envs/aaron/lib/libextnet.so
7f7df10c7000-7f7df12c7000 ---p 00001000 08:30 135386                     /home/eddie/miniconda3/envs/aaron/lib/libextnet.so
7f7df12c7000-7f7df12c8000 rw-p 00001000 08:30 135386                     /home/eddie/miniconda3/envs/aaron/lib/libextnet.so
7f7df12c8000-7f7df12c9000 rw-p 00003000 08:30 135386                     /home/eddie/miniconda3/envs/aaron/lib/libextnet.so
7f7df12c9000-7f7df12df000 r-xp 00000000 08:30 135407                     /home/eddie/miniconda3/envs/aaron/lib/libnet.so
7f7df12df000-7f7df14df000 ---p 00016000 08:30 135407                     /home/eddie/miniconda3/envs/aaron/lib/libnet.so
7f7df14df000-7f7df14e0000 rw-p 00016000 08:30 135407                     /home/eddie/miniconda3/envs/aaron/lib/libnet.so
7f7df14e0000-7f7df14e2000 rw-p 0001c000 08:30 135407                     /home/eddie/miniconda3/envs/aaron/lib/libnet.so
7f7df14e2000-7f7df14f3000 r-xp 00000000 08:30 135406                     /home/eddie/miniconda3/envs/aaron/lib/libnio.so
7f7df14f3000-7f7df16f2000 ---p 00011000 08:30 135406                     /home/eddie/miniconda3/envs/aaron/lib/libnio.so
7f7df16f2000-7f7df16f3000 rw-p 00010000 08:30 135406                     /home/eddie/miniconda3/envs/aaron/lib/libnio.so
7f7df16f3000-7f7df16f6000 rw-p 00017000 08:30 135406                     /home/eddie/miniconda3/envs/aaron/lib/libnio.so
7f7df16f6000-7f7df16fa000 ---p 00000000 00:00 0 
7f7df16fa000-7f7df17f7000 rw-p 00000000 00:00 0 
7f7df17f7000-7f7df17f8000 ---p 00000000 00:00 0 
7f7df17f8000-7f7df18f9000 rw-p 00000000 00:00 0 
7f7df18f9000-7f7df18fd000 ---p 00000000 00:00 0 
7f7df18fd000-7f7df19fa000 rw-p 00000000 00:00 0 
7f7df19fa000-7f7df19fe000 ---p 00000000 00:00 0 
7f7df19fe000-7f7df1afb000 rw-p 00000000 00:00 0 
7f7df1afb000-7f7df1aff000 ---p 00000000 00:00 0 
7f7df1aff000-7f7df1bfc000 rw-p 00000000 00:00 0 
7f7df1bfc000-7f7df1c00000 ---p 00000000 00:00 0 
7f7df1c00000-7f7df1cfd000 rw-p 00000000 00:00 0 
7f7df1cfd000-7f7df1d01000 ---p 00000000 00:00 0 
7f7df1d01000-7f7df1dfe000 rw-p 00000000 00:00 0 
7f7df1dfe000-7f7df1e02000 ---p 00000000 00:00 0 
7f7df1e02000-7f7df1eff000 rw-p 00000000 00:00 0 
7f7df1eff000-7f7df1f03000 ---p 00000000 00:00 0 
7f7df1f03000-7f7df4000000 rw-p 00000000 00:00 0 
7f7df4000000-7f7df4021000 rw-p 00000000 00:00 0 
7f7df4021000-7f7df8000000 ---p 00000000 00:00 0 
7f7df8000000-7f7df8021000 rw-p 00000000 00:00 0 
7f7df8021000-7f7dfc000000 ---p 00000000 00:00 0 
7f7dfc065000-7f7dfc0e5000 rw-p 00000000 00:00 0 
7f7dfc0e5000-7f7dfc0e9000 ---p 00000000 00:00 0 
7f7dfc0e9000-7f7dfc1e6000 rw-p 00000000 00:00 0 
7f7dfc1e6000-7f7dfc1e7000 ---p 00000000 00:00 0 
7f7dfc1e7000-7f7dfcae8000 rw-p 00000000 00:00 0 
7f7dfcae8000-7f7dfcae9000 ---p 00000000 00:00 0 
7f7dfcae9000-7f7dfcbea000 rw-p 00000000 00:00 0 
7f7dfcbea000-7f7dfcbeb000 ---p 00000000 00:00 0 
7f7dfcbeb000-7f7dfccec000 rw-p 00000000 00:00 0 
7f7dfccec000-7f7dfcced000 ---p 00000000 00:00 0 
7f7dfcced000-7f7dfcdee000 rw-p 00000000 00:00 0 
7f7dfcdee000-7f7dfcdef000 ---p 00000000 00:00 0 
7f7dfcdef000-7f7dfd080000 rw-p 00000000 00:00 0 
7f7dfd080000-7f7dfe778000 ---p 00000000 00:00 0 
7f7dfe778000-7f7dfe908000 rw-p 00000000 00:00 0 
7f7dfe908000-7f7e00000000 ---p 00000000 00:00 0 
7f7e00000000-7f7e00021000 rw-p 00000000 00:00 0 
7f7e00021000-7f7e04000000 ---p 00000000 00:00 0 
7f7e04000000-7f7e04021000 rw-p 00000000 00:00 0 
7f7e04021000-7f7e08000000 ---p 00000000 00:00 0 
7f7e08000000-7f7e08021000 rw-p 00000000 00:00 0 
7f7e08021000-7f7e0c000000 ---p 00000000 00:00 0 
7f7e0c024000-7f7e0c0f5000 rw-p 00000000 00:00 0 
7f7e0c0f5000-7f7e0c0f6000 ---p 00000000 00:00 0 
7f7e0c0f6000-7f7e0c5fb000 rw-p 00000000 00:00 0 
7f7e0c5fb000-7f7e0c5fc000 ---p 00000000 00:00 0 
7f7e0c5fc000-7f7e0c6fd000 rw-p 00000000 00:00 0 
7f7e0c6fd000-7f7e0c6fe000 ---p 00000000 00:00 0 
7f7e0c6fe000-7f7e0c894000 rw-p 00000000 00:00 0 
7f7e0c894000-7f7e0cb73000 ---p 00000000 00:00 0 
7f7e0cb73000-7f7e0cba5000 rw-p 00000000 00:00 0 
7f7e0cba5000-7f7e0ce84000 ---p 00000000 00:00 0 
7f7e0ce84000-7f7e0ceb6000 rw-p 00000000 00:00 0 
7f7e0ceb6000-7f7e0d195000 ---p 00000000 00:00 0 
7f7e0d195000-7f7e0d599000 rw-p 00000000 00:00 0 
7f7e0d599000-7f7e0d59a000 ---p 00000000 00:00 0 
7f7e0d59a000-7f7e0d69b000 rw-p 00000000 00:00 0 
7f7e0d69b000-7f7e0d69c000 ---p 00000000 00:00 0 
7f7e0d69c000-7f7e0d79d000 rw-p 00000000 00:00 0 
7f7e0d79d000-7f7e0d79e000 ---p 00000000 00:00 0 
7f7e0d79e000-7f7e0d89f000 rw-p 00000000 00:00 0 
7f7e0d89f000-7f7e0d8a0000 ---p 00000000 00:00 0 
7f7e0d8a0000-7f7e0d9a6000 rw-p 00000000 00:00 0 
7f7e0d9a6000-7f7e0da8c000 ---p 00000000 00:00 0 
7f7e0da8c000-7f7e0da91000 rw-p 00000000 00:00 0 
7f7e0da91000-7f7e0db77000 ---p 00000000 00:00 0 
7f7e0db77000-7f7e0db7c000 rw-p 00000000 00:00 0 
7f7e0db7c000-7f7e0db83000 ---p 00000000 00:00 0 
7f7e0db83000-7f7e0ddf3000 rwxp 00000000 00:00 0 
7f7e0ddf3000-7f7e0e113000 ---p 00000000 00:00 0 
7f7e0e113000-7f7e0e383000 rwxp 00000000 00:00 0 
7f7e0e383000-7f7e1564b000 ---p 00000000 00:00 0 
7f7e1564b000-7f7e158bb000 rwxp 00000000 00:00 0 
7f7e158bb000-7f7e1cb83000 ---p 00000000 00:00 0 
7f7e1cb83000-7f7e2605d000 r--s 00000000 08:30 135084                     /home/eddie/miniconda3/envs/aaron/lib/modules
7f7e2605d000-7f7e26077000 r-xp 00000000 08:30 135408                     /home/eddie/miniconda3/envs/aaron/lib/libjimage.so
7f7e26077000-7f7e26276000 ---p 0001a000 08:30 135408                     /home/eddie/miniconda3/envs/aaron/lib/libjimage.so
7f7e26276000-7f7e26278000 rw-p 00019000 08:30 135408                     /home/eddie/miniconda3/envs/aaron/lib/libjimage.so
7f7e26278000-7f7e2628a000 rw-p 00000000 00:00 0 
7f7e2628a000-7f7e2628b000 rw-p 00021000 08:30 135408                     /home/eddie/miniconda3/envs/aaron/lib/libjimage.so
7f7e2628b000-7f7e26292000 r-xp 00000000 08:30 135397                     /home/eddie/miniconda3/envs/aaron/lib/libzip.so
7f7e26292000-7f7e26491000 ---p 00007000 08:30 135397                     /home/eddie/miniconda3/envs/aaron/lib/libzip.so
7f7e26491000-7f7e26492000 rw-p 00006000 08:30 135397                     /home/eddie/miniconda3/envs/aaron/lib/libzip.so
7f7e26492000-7f7e26493000 rw-p 00009000 08:30 135397                     /home/eddie/miniconda3/envs/aaron/lib/libzip.so
7f7e26493000-7f7e2649b000 rw-s 00000000 08:30 134078                     /tmp/hsperfdata_eddie/5342
7f7e2649b000-7f7e2649e000 r--p 00000000 08:30 591                        /lib/x86_64-linux-gnu/libnss_files-2.28.so
7f7e2649e000-7f7e264a5000 r-xp 00003000 08:30 591                        /lib/x86_64-linux-gnu/libnss_files-2.28.so
7f7e264a5000-7f7e264a7000 r--p 0000a000 08:30 591                        /lib/x86_64-linux-gnu/libnss_files-2.28.so
7f7e264a7000-7f7e264a8000 ---p 0000c000 08:30 591                        /lib/x86_64-linux-gnu/libnss_files-2.28.so
7f7e264a8000-7f7e264a9000 r--p 0000c000 08:30 591                        /lib/x86_64-linux-gnu/libnss_files-2.28.so
7f7e264a9000-7f7e264aa000 rw-p 0000d000 08:30 591                        /lib/x86_64-linux-gnu/libnss_files-2.28.so
7f7e264aa000-7f7e264b0000 rw-p 00000000 00:00 0 
7f7e264b7000-7f7e264e2000 r-xp 00000000 08:30 135411                     /home/eddie/miniconda3/envs/aaron/lib/libjava.so
7f7e264e2000-7f7e266e2000 ---p 0002b000 08:30 135411                     /home/eddie/miniconda3/envs/aaron/lib/libjava.so
7f7e266e2000-7f7e266e4000 rw-p 0002b000 08:30 135411                     /home/eddie/miniconda3/envs/aaron/lib/libjava.so
7f7e266e4000-7f7e266e8000 rw-p 00038000 08:30 135411                     /home/eddie/miniconda3/envs/aaron/lib/libjava.so
7f7e266e8000-7f7e266f5000 r-xp 00000000 08:30 135402                     /home/eddie/miniconda3/envs/aaron/lib/libverify.so
7f7e266f5000-7f7e268f4000 ---p 0000d000 08:30 135402                     /home/eddie/miniconda3/envs/aaron/lib/libverify.so
7f7e268f4000-7f7e268f6000 rw-p 0000c000 08:30 135402                     /home/eddie/miniconda3/envs/aaron/lib/libverify.so
7f7e268f6000-7f7e268f7000 rw-p 00010000 08:30 135402                     /home/eddie/miniconda3/envs/aaron/lib/libverify.so
7f7e268f7000-7f7e26bf7000 rw-p 00000000 00:00 0 
7f7e26bf7000-7f7e27c00000 r-xp 00000000 08:30 135420                     /home/eddie/miniconda3/envs/aaron/lib/server/libjvm.so
7f7e27c00000-7f7e27dff000 ---p 01009000 08:30 135420                     /home/eddie/miniconda3/envs/aaron/lib/server/libjvm.so
7f7e27dff000-7f7e27edc000 r--p 01008000 08:30 135420                     /home/eddie/miniconda3/envs/aaron/lib/server/libjvm.so
7f7e27edc000-7f7e27f15000 rw-p 010e5000 08:30 135420                     /home/eddie/miniconda3/envs/aaron/lib/server/libjvm.so
7f7e27f15000-7f7e27f72000 rw-p 00000000 00:00 0 
7f7e27f72000-7f7e27f75000 rw-p 01461000 08:30 135420                     /home/eddie/miniconda3/envs/aaron/lib/server/libjvm.so
7f7e27f75000-7f7e27fb5000 rw-p 00000000 00:00 0 
7f7e27fb5000-7f7e27fc0000 r--p 00000000 08:30 176757                     /home/eddie/miniconda3/envs/aaron/lib/python3.9/site-packages/jnius/jnius.cpython-39-x86_64-linux-gnu.so
7f7e27fc0000-7f7e28027000 r-xp 0000b000 08:30 176757                     /home/eddie/miniconda3/envs/aaron/lib/python3.9/site-packages/jnius/jnius.cpython-39-x86_64-linux-gnu.so
7f7e28027000-7f7e28034000 r--p 00072000 08:30 176757                     /home/eddie/miniconda3/envs/aaron/lib/python3.9/site-packages/jnius/jnius.cpython-39-x86_64-linux-gnu.so
7f7e28034000-7f7e28035000 r--p 0007e000 08:30 176757                     /home/eddie/miniconda3/envs/aaron/lib/python3.9/site-packages/jnius/jnius.cpython-39-x86_64-linux-gnu.so
7f7e28035000-7f7e2803d000 rw-p 0007f000 08:30 176757                     /home/eddie/miniconda3/envs/aaron/lib/python3.9/site-packages/jnius/jnius.cpython-39-x86_64-linux-gnu.so
7f7e2803d000-7f7e2820f000 rw-p 00000000 00:00 0 
7f7e2820f000-7f7e28213000 r--p 00000000 08:30 173060                     /home/eddie/miniconda3/envs/aaron/lib/liblzma.so.5.2.5
7f7e28213000-7f7e2822a000 r-xp 00004000 08:30 173060                     /home/eddie/miniconda3/envs/aaron/lib/liblzma.so.5.2.5
7f7e2822a000-7f7e28235000 r--p 0001b000 08:30 173060                     /home/eddie/miniconda3/envs/aaron/lib/liblzma.so.5.2.5
7f7e28235000-7f7e28236000 ---p 00026000 08:30 173060                     /home/eddie/miniconda3/envs/aaron/lib/liblzma.so.5.2.5
7f7e28236000-7f7e28237000 r--p 00026000 08:30 173060                     /home/eddie/miniconda3/envs/aaron/lib/liblzma.so.5.2.5
7f7e28237000-7f7e28238000 rw-p 00027000 08:30 173060                     /home/eddie/miniconda3/envs/aaron/lib/liblzma.so.5.2.5
7f7e28238000-7f7e2823b000 r--p 00000000 08:30 172048                     /home/eddie/miniconda3/envs/aaron/lib/python3.9/lib-dynload/_lzma.cpython-39-x86_64-linux-gnu.so
7f7e2823b000-7f7e2823f000 r-xp 00003000 08:30 172048                     /home/eddie/miniconda3/envs/aaron/lib/python3.9/lib-dynload/_lzma.cpython-39-x86_64-linux-gnu.so
7f7e2823f000-7f7e28242000 r--p 00007000 08:30 172048                     /home/eddie/miniconda3/envs/aaron/lib/python3.9/lib-dynload/_lzma.cpython-39-x86_64-linux-gnu.so
7f7e28242000-7f7e28243000 r--p 00009000 08:30 172048                     /home/eddie/miniconda3/envs/aaron/lib/python3.9/lib-dynload/_lzma.cpython-39-x86_64-linux-gnu.so
7f7e28243000-7f7e28244000 rw-p 0000a000 08:30 172048                     /home/eddie/miniconda3/envs/aaron/lib/python3.9/lib-dynload/_lzma.cpython-39-x86_64-linux-gnu.so
7f7e28244000-7f7e28247000 r--p 00000000 08:30 172069                     /home/eddie/miniconda3/envs/aaron/lib/python3.9/lib-dynload/_bz2.cpython-39-x86_64-linux-gnu.so
7f7e28247000-7f7e28257000 r-xp 00003000 08:30 172069                     /home/eddie/miniconda3/envs/aaron/lib/python3.9/lib-dynload/_bz2.cpython-39-x86_64-linux-gnu.so
7f7e28257000-7f7e2825a000 r--p 00013000 08:30 172069                     /home/eddie/miniconda3/envs/aaron/lib/python3.9/lib-dynload/_bz2.cpython-39-x86_64-linux-gnu.so
7f7e2825a000-7f7e2825b000 r--p 00015000 08:30 172069                     /home/eddie/miniconda3/envs/aaron/lib/python3.9/lib-dynload/_bz2.cpython-39-x86_64-linux-gnu.so
7f7e2825b000-7f7e2825d000 rw-p 00016000 08:30 172069                     /home/eddie/miniconda3/envs/aaron/lib/python3.9/lib-dynload/_bz2.cpython-39-x86_64-linux-gnu.so
7f7e2825d000-7f7e2829d000 rw-p 00000000 00:00 0 
7f7e2829d000-7f7e282bc000 r--p 00000000 08:30 134891                     /home/eddie/miniconda3/envs/aaron/lib/libssl.so.1.1
7f7e282bc000-7f7e28306000 r-xp 0001f000 08:30 134891                     /home/eddie/miniconda3/envs/aaron/lib/libssl.so.1.1
7f7e28306000-7f7e2831f000 r--p 00069000 08:30 134891                     /home/eddie/miniconda3/envs/aaron/lib/libssl.so.1.1
7f7e2831f000-7f7e28320000 ---p 00082000 08:30 134891                     /home/eddie/miniconda3/envs/aaron/lib/libssl.so.1.1
7f7e28320000-7f7e28329000 r--p 00082000 08:30 134891                     /home/eddie/miniconda3/envs/aaron/lib/libssl.so.1.1
7f7e28329000-7f7e2832d000 rw-p 0008b000 08:30 134891                     /home/eddie/miniconda3/envs/aaron/lib/libssl.so.1.1
7f7e2832d000-7f7e2833d000 r--p 00000000 08:30 172073                     /home/eddie/miniconda3/envs/aaron/lib/python3.9/lib-dynload/_ssl.cpython-39-x86_64-linux-gnu.so
7f7e2833d000-7f7e28346000 r-xp 00010000 08:30 172073                     /home/eddie/miniconda3/envs/aaron/lib/python3.9/lib-dynload/_ssl.cpython-39-x86_64-linux-gnu.so
7f7e28346000-7f7e28352000 r--p 00019000 08:30 172073                     /home/eddie/miniconda3/envs/aaron/lib/python3.9/lib-dynload/_ssl.cpython-39-x86_64-linux-gnu.so
7f7e28352000-7f7e28353000 ---p 00025000 08:30 172073                     /home/eddie/miniconda3/envs/aaron/lib/python3.9/lib-dynload/_ssl.cpython-39-x86_64-linux-gnu.so
7f7e28353000-7f7e28354000 r--p 00025000 08:30 172073                     /home/eddie/miniconda3/envs/aaron/lib/python3.9/lib-dynload/_ssl.cpython-39-x86_64-linux-gnu.so
7f7e28354000-7f7e2835b000 rw-p 00026000 08:30 172073                     /home/eddie/miniconda3/envs/aaron/lib/python3.9/lib-dynload/_ssl.cpython-39-x86_64-linux-gnu.so
7f7e2835b000-7f7e2841b000 rw-p 00000000 00:00 0 
7f7e2841b000-7f7e2841d000 r--p 00000000 08:30 172077                     /home/eddie/miniconda3/envs/aaron/lib/python3.9/lib-dynload/_blake2.cpython-39-x86_64-linux-gnu.so
7f7e2841d000-7f7e28433000 r-xp 00002000 08:30 172077                     /home/eddie/miniconda3/envs/aaron/lib/python3.9/lib-dynload/_blake2.cpython-39-x86_64-linux-gnu.so
7f7e28433000-7f7e28435000 r--p 00018000 08:30 172077                     /home/eddie/miniconda3/envs/aaron/lib/python3.9/lib-dynload/_blake2.cpython-39-x86_64-linux-gnu.so
7f7e28435000-7f7e28436000 r--p 00019000 08:30 172077                     /home/eddie/miniconda3/envs/aaron/lib/python3.9/lib-dynload/_blake2.cpython-39-x86_64-linux-gnu.so
7f7e28436000-7f7e28437000 rw-p 0001a000 08:30 172077                     /home/eddie/miniconda3/envs/aaron/lib/python3.9/lib-dynload/_blake2.cpython-39-x86_64-linux-gnu.so
7f7e28437000-7f7e284b2000 r--p 00000000 08:30 173494                     /home/eddie/miniconda3/envs/aaron/lib/libcrypto.so.1.1
7f7e284b2000-7f7e28645000 r-xp 0007b000 08:30 173494                     /home/eddie/miniconda3/envs/aaron/lib/libcrypto.so.1.1
7f7e28645000-7f7e286d2000 r--p 0020e000 08:30 173494                     /home/eddie/miniconda3/envs/aaron/lib/libcrypto.so.1.1
7f7e286d2000-7f7e286fd000 r--p 0029a000 08:30 173494                     /home/eddie/miniconda3/envs/aaron/lib/libcrypto.so.1.1
7f7e286fd000-7f7e286ff000 rw-p 002c5000 08:30 173494                     /home/eddie/miniconda3/envs/aaron/lib/libcrypto.so.1.1
7f7e286ff000-7f7e28703000 rw-p 00000000 00:00 0 
7f7e28703000-7f7e28707000 r--p 00000000 08:30 172067                     /home/eddie/miniconda3/envs/aaron/lib/python3.9/lib-dynload/_hashlib.cpython-39-x86_64-linux-gnu.so
7f7e28707000-7f7e28710000 r-xp 00004000 08:30 172067                     /home/eddie/miniconda3/envs/aaron/lib/python3.9/lib-dynload/_hashlib.cpython-39-x86_64-linux-gnu.so
7f7e28710000-7f7e28714000 r--p 0000d000 08:30 172067                     /home/eddie/miniconda3/envs/aaron/lib/python3.9/lib-dynload/_hashlib.cpython-39-x86_64-linux-gnu.so
7f7e28714000-7f7e28715000 r--p 00010000 08:30 172067                     /home/eddie/miniconda3/envs/aaron/lib/python3.9/lib-dynload/_hashlib.cpython-39-x86_64-linux-gnu.so
7f7e28715000-7f7e28716000 rw-p 00011000 08:30 172067                     /home/eddie/miniconda3/envs/aaron/lib/python3.9/lib-dynload/_hashlib.cpython-39-x86_64-linux-gnu.so
7f7e28716000-7f7e28718000 r--p 00000000 08:30 172051                     /home/eddie/miniconda3/envs/aaron/lib/python3.9/lib-dynload/binascii.cpython-39-x86_64-linux-gnu.so
7f7e28718000-7f7e2871e000 r-xp 00002000 08:30 172051                     /home/eddie/miniconda3/envs/aaron/lib/python3.9/lib-dynload/binascii.cpython-39-x86_64-linux-gnu.so
7f7e2871e000-7f7e28720000 r--p 00008000 08:30 172051                     /home/eddie/miniconda3/envs/aaron/lib/python3.9/lib-dynload/binascii.cpython-39-x86_64-linux-gnu.so
7f7e28720000-7f7e28721000 ---p 0000a000 08:30 172051                     /home/eddie/miniconda3/envs/aaron/lib/python3.9/lib-dynload/binascii.cpython-39-x86_64-linux-gnu.so
7f7e28721000-7f7e28722000 r--p 0000a000 08:30 172051                     /home/eddie/miniconda3/envs/aaron/lib/python3.9/lib-dynload/binascii.cpython-39-x86_64-linux-gnu.so
7f7e28722000-7f7e28723000 rw-p 0000b000 08:30 172051                     /home/eddie/miniconda3/envs/aaron/lib/python3.9/lib-dynload/binascii.cpython-39-x86_64-linux-gnu.so
7f7e28723000-7f7e287a3000 rw-p 00000000 00:00 0 
7f7e287a3000-7f7e287a8000 r--p 00000000 08:30 172081                     /home/eddie/miniconda3/envs/aaron/lib/python3.9/lib-dynload/pyexpat.cpython-39-x86_64-linux-gnu.so
7f7e287a8000-7f7e287d3000 r-xp 00005000 08:30 172081                     /home/eddie/miniconda3/envs/aaron/lib/python3.9/lib-dynload/pyexpat.cpython-39-x86_64-linux-gnu.so
7f7e287d3000-7f7e287dd000 r--p 00030000 08:30 172081                     /home/eddie/miniconda3/envs/aaron/lib/python3.9/lib-dynload/pyexpat.cpython-39-x86_64-linux-gnu.so
7f7e287dd000-7f7e287de000 ---p 0003a000 08:30 172081                     /home/eddie/miniconda3/envs/aaron/lib/python3.9/lib-dynload/pyexpat.cpython-39-x86_64-linux-gnu.so
7f7e287de000-7f7e287e0000 r--p 0003a000 08:30 172081                     /home/eddie/miniconda3/envs/aaron/lib/python3.9/lib-dynload/pyexpat.cpython-39-x86_64-linux-gnu.so
7f7e287e0000-7f7e287e2000 rw-p 0003c000 08:30 172081                     /home/eddie/miniconda3/envs/aaron/lib/python3.9/lib-dynload/pyexpat.cpython-39-x86_64-linux-gnu.so
7f7e287e2000-7f7e287e6000 r--p 00000000 08:30 172071                     /home/eddie/miniconda3/envs/aaron/lib/python3.9/lib-dynload/_elementtree.cpython-39-x86_64-linux-gnu.so
7f7e287e6000-7f7e287f1000 r-xp 00004000 08:30 172071                     /home/eddie/miniconda3/envs/aaron/lib/python3.9/lib-dynload/_elementtree.cpython-39-x86_64-linux-gnu.so
7f7e287f1000-7f7e287f5000 r--p 0000f000 08:30 172071                     /home/eddie/miniconda3/envs/aaron/lib/python3.9/lib-dynload/_elementtree.cpython-39-x86_64-linux-gnu.so
7f7e287f5000-7f7e287f6000 r--p 00012000 08:30 172071                     /home/eddie/miniconda3/envs/aaron/lib/python3.9/lib-dynload/_elementtree.cpython-39-x86_64-linux-gnu.so
7f7e287f6000-7f7e287f8000 rw-p 00013000 08:30 172071                     /home/eddie/miniconda3/envs/aaron/lib/python3.9/lib-dynload/_elementtree.cpython-39-x86_64-linux-gnu.so
7f7e287f8000-7f7e287fa000 r--p 00000000 08:30 172042                     /home/eddie/miniconda3/envs/aaron/lib/python3.9/lib-dynload/_sha512.cpython-39-x86_64-linux-gnu.so
7f7e287fa000-7f7e28801000 r-xp 00002000 08:30 172042                     /home/eddie/miniconda3/envs/aaron/lib/python3.9/lib-dynload/_sha512.cpython-39-x86_64-linux-gnu.so
7f7e28801000-7f7e28802000 r--p 00009000 08:30 172042                     /home/eddie/miniconda3/envs/aaron/lib/python3.9/lib-dynload/_sha512.cpython-39-x86_64-linux-gnu.so
7f7e28802000-7f7e28803000 r--p 00009000 08:30 172042                     /home/eddie/miniconda3/envs/aaron/lib/python3.9/lib-dynload/_sha512.cpython-39-x86_64-linux-gnu.so
7f7e28803000-7f7e28804000 rw-p 0000a000 08:30 172042                     /home/eddie/miniconda3/envs/aaron/lib/python3.9/lib-dynload/_sha512.cpython-39-x86_64-linux-gnu.so
7f7e28804000-7f7e28806000 r--p 00000000 08:30 172033                     /home/eddie/miniconda3/envs/aaron/lib/python3.9/lib-dynload/_random.cpython-39-x86_64-linux-gnu.so
7f7e28806000-7f7e28809000 r-xp 00002000 08:30 172033                     /home/eddie/miniconda3/envs/aaron/lib/python3.9/lib-dynload/_random.cpython-39-x86_64-linux-gnu.so
7f7e28809000-7f7e2880a000 r--p 00005000 08:30 172033                     /home/eddie/miniconda3/envs/aaron/lib/python3.9/lib-dynload/_random.cpython-39-x86_64-linux-gnu.so
7f7e2880a000-7f7e2880b000 r--p 00005000 08:30 172033                     /home/eddie/miniconda3/envs/aaron/lib/python3.9/lib-dynload/_random.cpython-39-x86_64-linux-gnu.so
7f7e2880b000-7f7e2880c000 rw-p 00006000 08:30 172033                     /home/eddie/miniconda3/envs/aaron/lib/python3.9/lib-dynload/_random.cpython-39-x86_64-linux-gnu.so
7f7e2880c000-7f7e2884c000 rw-p 00000000 00:00 0 
7f7e2884c000-7f7e28851000 r--p 00000000 08:30 172079                     /home/eddie/miniconda3/envs/aaron/lib/python3.9/lib-dynload/_datetime.cpython-39-x86_64-linux-gnu.so
7f7e28851000-7f7e28862000 r-xp 00005000 08:30 172079                     /home/eddie/miniconda3/envs/aaron/lib/python3.9/lib-dynload/_datetime.cpython-39-x86_64-linux-gnu.so
7f7e28862000-7f7e28868000 r--p 00016000 08:30 172079                     /home/eddie/miniconda3/envs/aaron/lib/python3.9/lib-dynload/_datetime.cpython-39-x86_64-linux-gnu.so
7f7e28868000-7f7e28869000 r--p 0001b000 08:30 172079                     /home/eddie/miniconda3/envs/aaron/lib/python3.9/lib-dynload/_datetime.cpython-39-x86_64-linux-gnu.so
7f7e28869000-7f7e2886c000 rw-p 0001c000 08:30 172079                     /home/eddie/miniconda3/envs/aaron/lib/python3.9/lib-dynload/_datetime.cpython-39-x86_64-linux-gnu.so
7f7e2886c000-7f7e288ac000 rw-p 00000000 00:00 0 
7f7e288ac000-7f7e288af000 r--p 00000000 08:30 169609                     /home/eddie/miniconda3/envs/aaron/lib/libz.so.1.2.11
7f7e288af000-7f7e288bd000 r-xp 00003000 08:30 169609                     /home/eddie/miniconda3/envs/aaron/lib/libz.so.1.2.11
7f7e288bd000-7f7e288c3000 r--p 00011000 08:30 169609                     /home/eddie/miniconda3/envs/aaron/lib/libz.so.1.2.11
7f7e288c3000-7f7e288c4000 ---p 00017000 08:30 169609                     /home/eddie/miniconda3/envs/aaron/lib/libz.so.1.2.11
7f7e288c4000-7f7e288c5000 r--p 00017000 08:30 169609                     /home/eddie/miniconda3/envs/aaron/lib/libz.so.1.2.11
7f7e288c5000-7f7e288c6000 rw-p 00018000 08:30 169609                     /home/eddie/miniconda3/envs/aaron/lib/libz.so.1.2.11
7f7e288c6000-7f7e28946000 rw-p 00000000 00:00 0 
7f7e2894a000-7f7e2894b000 r--p 00000000 08:30 172014                     /home/eddie/miniconda3/envs/aaron/lib/python3.9/lib-dynload/_opcode.cpython-39-x86_64-linux-gnu.so
7f7e2894b000-7f7e2894c000 r-xp 00001000 08:30 172014                     /home/eddie/miniconda3/envs/aaron/lib/python3.9/lib-dynload/_opcode.cpython-39-x86_64-linux-gnu.so
7f7e2894c000-7f7e2894d000 r--p 00002000 08:30 172014                     /home/eddie/miniconda3/envs/aaron/lib/python3.9/lib-dynload/_opcode.cpython-39-x86_64-linux-gnu.so
7f7e2894d000-7f7e2894e000 r--p 00002000 08:30 172014                     /home/eddie/miniconda3/envs/aaron/lib/python3.9/lib-dynload/_opcode.cpython-39-x86_64-linux-gnu.so
7f7e2894e000-7f7e2894f000 rw-p 00003000 08:30 172014                     /home/eddie/miniconda3/envs/aaron/lib/python3.9/lib-dynload/_opcode.cpython-39-x86_64-linux-gnu.so
7f7e2894f000-7f7e289cf000 rw-p 00000000 00:00 0 
7f7e289cf000-7f7e289d1000 r--p 00000000 08:30 172036                     /home/eddie/miniconda3/envs/aaron/lib/python3.9/lib-dynload/_posixsubprocess.cpython-39-x86_64-linux-gnu.so
7f7e289d1000-7f7e289d3000 r-xp 00002000 08:30 172036                     /home/eddie/miniconda3/envs/aaron/lib/python3.9/lib-dynload/_posixsubprocess.cpython-39-x86_64-linux-gnu.so
7f7e289d3000-7f7e289d4000 r--p 00004000 08:30 172036                     /home/eddie/miniconda3/envs/aaron/lib/python3.9/lib-dynload/_posixsubprocess.cpython-39-x86_64-linux-gnu.so
7f7e289d4000-7f7e289d5000 r--p 00004000 08:30 172036                     /home/eddie/miniconda3/envs/aaron/lib/python3.9/lib-dynload/_posixsubprocess.cpython-39-x86_64-linux-gnu.so
7f7e289d5000-7f7e289d6000 rw-p 00005000 08:30 172036                     /home/eddie/miniconda3/envs/aaron/lib/python3.9/lib-dynload/_posixsubprocess.cpython-39-x86_64-linux-gnu.so
7f7e289d6000-7f7e289d8000 r--p 00000000 08:30 172022                     /home/eddie/miniconda3/envs/aaron/lib/python3.9/lib-dynload/grp.cpython-39-x86_64-linux-gnu.so
7f7e289d8000-7f7e289d9000 r-xp 00002000 08:30 172022                     /home/eddie/miniconda3/envs/aaron/lib/python3.9/lib-dynload/grp.cpython-39-x86_64-linux-gnu.so
7f7e289d9000-7f7e289da000 r--p 00003000 08:30 172022                     /home/eddie/miniconda3/envs/aaron/lib/python3.9/lib-dynload/grp.cpython-39-x86_64-linux-gnu.so
7f7e289da000-7f7e289db000 r--p 00003000 08:30 172022                     /home/eddie/miniconda3/envs/aaron/lib/python3.9/lib-dynload/grp.cpython-39-x86_64-linux-gnu.so
7f7e289db000-7f7e289dc000 rw-p 00004000 08:30 172022                     /home/eddie/miniconda3/envs/aaron/lib/python3.9/lib-dynload/grp.cpython-39-x86_64-linux-gnu.so
7f7e289dc000-7f7e28a5c000 rw-p 00000000 00:00 0 
7f7e28a5c000-7f7e28a60000 r--p 00000000 08:30 172065                     /home/eddie/miniconda3/envs/aaron/lib/python3.9/lib-dynload/array.cpython-39-x86_64-linux-gnu.so
7f7e28a60000-7f7e28a69000 r-xp 00004000 08:30 172065                     /home/eddie/miniconda3/envs/aaron/lib/python3.9/lib-dynload/array.cpython-39-x86_64-linux-gnu.so
7f7e28a69000-7f7e28a6d000 r--p 0000d000 08:30 172065                     /home/eddie/miniconda3/envs/aaron/lib/python3.9/lib-dynload/array.cpython-39-x86_64-linux-gnu.so
7f7e28a6d000-7f7e28a6e000 ---p 00011000 08:30 172065                     /home/eddie/miniconda3/envs/aaron/lib/python3.9/lib-dynload/array.cpython-39-x86_64-linux-gnu.so
7f7e28a6e000-7f7e28a6f000 r--p 00011000 08:30 172065                     /home/eddie/miniconda3/envs/aaron/lib/python3.9/lib-dynload/array.cpython-39-x86_64-linux-gnu.so
7f7e28a6f000-7f7e28a70000 rw-p 00012000 08:30 172065                     /home/eddie/miniconda3/envs/aaron/lib/python3.9/lib-dynload/array.cpython-39-x86_64-linux-gnu.so
7f7e28a70000-7f7e28a73000 r--p 00000000 08:30 172047                     /home/eddie/miniconda3/envs/aaron/lib/python3.9/lib-dynload/select.cpython-39-x86_64-linux-gnu.so
7f7e28a73000-7f7e28a76000 r-xp 00003000 08:30 172047                     /home/eddie/miniconda3/envs/aaron/lib/python3.9/lib-dynload/select.cpython-39-x86_64-linux-gnu.so
7f7e28a76000-7f7e28a78000 r--p 00006000 08:30 172047                     /home/eddie/miniconda3/envs/aaron/lib/python3.9/lib-dynload/select.cpython-39-x86_64-linux-gnu.so
7f7e28a78000-7f7e28a79000 ---p 00008000 08:30 172047                     /home/eddie/miniconda3/envs/aaron/lib/python3.9/lib-dynload/select.cpython-39-x86_64-linux-gnu.so
7f7e28a79000-7f7e28a7a000 r--p 00008000 08:30 172047                     /home/eddie/miniconda3/envs/aaron/lib/python3.9/lib-dynload/select.cpython-39-x86_64-linux-gnu.so
7f7e28a7a000-7f7e28a7b000 rw-p 00009000 08:30 172047                     /home/eddie/miniconda3/envs/aaron/lib/python3.9/lib-dynload/select.cpython-39-x86_64-linux-gnu.so
7f7e28a7b000-7f7e28a7f000 r--p 00000000 08:30 172064                     /home/eddie/miniconda3/envs/aaron/lib/python3.9/lib-dynload/math.cpython-39-x86_64-linux-gnu.so
7f7e28a7f000-7f7e28a87000 r-xp 00004000 08:30 172064                     /home/eddie/miniconda3/envs/aaron/lib/python3.9/lib-dynload/math.cpython-39-x86_64-linux-gnu.so
7f7e28a87000-7f7e28a8b000 r--p 0000c000 08:30 172064                     /home/eddie/miniconda3/envs/aaron/lib/python3.9/lib-dynload/math.cpython-39-x86_64-linux-gnu.so
7f7e28a8b000-7f7e28a8c000 ---p 00010000 08:30 172064                     /home/eddie/miniconda3/envs/aaron/lib/python3.9/lib-dynload/math.cpython-39-x86_64-linux-gnu.so
7f7e28a8c000-7f7e28a8d000 r--p 00010000 08:30 172064                     /home/eddie/miniconda3/envs/aaron/lib/python3.9/lib-dynload/math.cpython-39-x86_64-linux-gnu.so
7f7e28a8d000-7f7e28a8e000 rw-p 00011000 08:30 172064                     /home/eddie/miniconda3/envs/aaron/lib/python3.9/lib-dynload/math.cpython-39-x86_64-linux-gnu.so
7f7e28a8e000-7f7e28ace000 rw-p 00000000 00:00 0 
7f7e28ace000-7f7e28acf000 r--p 00000000 08:30 172041                     /home/eddie/miniconda3/envs/aaron/lib/python3.9/lib-dynload/_heapq.cpython-39-x86_64-linux-gnu.so
7f7e28acf000-7f7e28ad2000 r-xp 00001000 08:30 172041                     /home/eddie/miniconda3/envs/aaron/lib/python3.9/lib-dynload/_heapq.cpython-39-x86_64-linux-gnu.so
7f7e28ad2000-7f7e28ad5000 r--p 00004000 08:30 172041                     /home/eddie/miniconda3/envs/aaron/lib/python3.9/lib-dynload/_heapq.cpython-39-x86_64-linux-gnu.so
7f7e28ad5000-7f7e28ad6000 r--p 00006000 08:30 172041                     /home/eddie/miniconda3/envs/aaron/lib/python3.9/lib-dynload/_heapq.cpython-39-x86_64-linux-gnu.so
7f7e28ad6000-7f7e28ad7000 rw-p 00007000 08:30 172041                     /home/eddie/miniconda3/envs/aaron/lib/python3.9/lib-dynload/_heapq.cpython-39-x86_64-linux-gnu.so
7f7e28ad7000-7f7e28b17000 rw-p 00000000 00:00 0 
7f7e28b17000-7f7e28b1c000 r--p 00000000 08:30 172063                     /home/eddie/miniconda3/envs/aaron/lib/python3.9/lib-dynload/_socket.cpython-39-x86_64-linux-gnu.so
7f7e28b1c000-7f7e28b24000 r-xp 00005000 08:30 172063                     /home/eddie/miniconda3/envs/aaron/lib/python3.9/lib-dynload/_socket.cpython-39-x86_64-linux-gnu.so
7f7e28b24000-7f7e28b2c000 r--p 0000d000 08:30 172063                     /home/eddie/miniconda3/envs/aaron/lib/python3.9/lib-dynload/_socket.cpython-39-x86_64-linux-gnu.so
7f7e28b2c000-7f7e28b2d000 r--p 00014000 08:30 172063                     /home/eddie/miniconda3/envs/aaron/lib/python3.9/lib-dynload/_socket.cpython-39-x86_64-linux-gnu.so
7f7e28b2d000-7f7e28b2e000 rw-p 00015000 08:30 172063                     /home/eddie/miniconda3/envs/aaron/lib/python3.9/lib-dynload/_socket.cpython-39-x86_64-linux-gnu.so
7f7e28b2e000-7f7e28b6e000 rw-p 00000000 00:00 0 
7f7e28b6f000-7f7e28b70000 rw-p 00000000 00:00 0 
7f7e28b70000-7f7e28b71000 ---p 00000000 00:00 0 
7f7e28b71000-7f7e28b72000 r--p 00000000 00:00 0 
7f7e28b72000-7f7e28b74000 r--p 00000000 08:30 172027                     /home/eddie/miniconda3/envs/aaron/lib/python3.9/lib-dynload/_bisect.cpython-39-x86_64-linux-gnu.so
7f7e28b74000-7f7e28b75000 r-xp 00002000 08:30 172027                     /home/eddie/miniconda3/envs/aaron/lib/python3.9/lib-dynload/_bisect.cpython-39-x86_64-linux-gnu.so
7f7e28b75000-7f7e28b76000 r--p 00003000 08:30 172027                     /home/eddie/miniconda3/envs/aaron/lib/python3.9/lib-dynload/_bisect.cpython-39-x86_64-linux-gnu.so
7f7e28b76000-7f7e28b77000 r--p 00003000 08:30 172027                     /home/eddie/miniconda3/envs/aaron/lib/python3.9/lib-dynload/_bisect.cpython-39-x86_64-linux-gnu.so
7f7e28b77000-7f7e28b78000 rw-p 00004000 08:30 172027                     /home/eddie/miniconda3/envs/aaron/lib/python3.9/lib-dynload/_bisect.cpython-39-x86_64-linux-gnu.so
7f7e28b78000-7f7e28b7b000 r--p 00000000 08:30 172046                     /home/eddie/miniconda3/envs/aaron/lib/python3.9/lib-dynload/zlib.cpython-39-x86_64-linux-gnu.so
7f7e28b7b000-7f7e28b7e000 r-xp 00003000 08:30 172046                     /home/eddie/miniconda3/envs/aaron/lib/python3.9/lib-dynload/zlib.cpython-39-x86_64-linux-gnu.so
7f7e28b7e000-7f7e28b81000 r--p 00006000 08:30 172046                     /home/eddie/miniconda3/envs/aaron/lib/python3.9/lib-dynload/zlib.cpython-39-x86_64-linux-gnu.so
7f7e28b81000-7f7e28b82000 r--p 00008000 08:30 172046                     /home/eddie/miniconda3/envs/aaron/lib/python3.9/lib-dynload/zlib.cpython-39-x86_64-linux-gnu.so
7f7e28b82000-7f7e28b83000 rw-p 00009000 08:30 172046                     /home/eddie/miniconda3/envs/aaron/lib/python3.9/lib-dynload/zlib.cpython-39-x86_64-linux-gnu.so
7f7e28b83000-7f7e28b87000 r--p 00000000 08:30 172062                     /home/eddie/miniconda3/envs/aaron/lib/python3.9/lib-dynload/_struct.cpython-39-x86_64-linux-gnu.so
7f7e28b87000-7f7e28b8d000 r-xp 00004000 08:30 172062                     /home/eddie/miniconda3/envs/aaron/lib/python3.9/lib-dynload/_struct.cpython-39-x86_64-linux-gnu.so
7f7e28b8d000-7f7e28b91000 r--p 0000a000 08:30 172062                     /home/eddie/miniconda3/envs/aaron/lib/python3.9/lib-dynload/_struct.cpython-39-x86_64-linux-gnu.so
7f7e28b91000-7f7e28b92000 r--p 0000d000 08:30 172062                     /home/eddie/miniconda3/envs/aaron/lib/python3.9/lib-dynload/_struct.cpython-39-x86_64-linux-gnu.so
7f7e28b92000-7f7e28b93000 rw-p 0000e000 08:30 172062                     /home/eddie/miniconda3/envs/aaron/lib/python3.9/lib-dynload/_struct.cpython-39-x86_64-linux-gnu.so
7f7e28b93000-7f7e28cd3000 rw-p 00000000 00:00 0 
7f7e28cd3000-7f7e28fb8000 r--p 00000000 08:30 2655                       /usr/lib/locale/locale-archive
7f7e28fb8000-7f7e28fbd000 rw-p 00000000 00:00 0 
7f7e28fbd000-7f7e28fdf000 r--p 00000000 08:30 608                        /lib/x86_64-linux-gnu/libc-2.28.so
7f7e28fdf000-7f7e29127000 r-xp 00022000 08:30 608                        /lib/x86_64-linux-gnu/libc-2.28.so
7f7e29127000-7f7e29173000 r--p 0016a000 08:30 608                        /lib/x86_64-linux-gnu/libc-2.28.so
7f7e29173000-7f7e29174000 ---p 001b6000 08:30 608                        /lib/x86_64-linux-gnu/libc-2.28.so
7f7e29174000-7f7e29178000 r--p 001b6000 08:30 608                        /lib/x86_64-linux-gnu/libc-2.28.so
7f7e29178000-7f7e2917a000 rw-p 001ba000 08:30 608                        /lib/x86_64-linux-gnu/libc-2.28.so
7f7e2917a000-7f7e2917e000 rw-p 00000000 00:00 0 
7f7e2917e000-7f7e29184000 r--p 00000000 08:30 712                        /lib/x86_64-linux-gnu/libpthread-2.28.so
7f7e29184000-7f7e29193000 r-xp 00006000 08:30 712                        /lib/x86_64-linux-gnu/libpthread-2.28.so
7f7e29193000-7f7e29199000 r--p 00015000 08:30 712                        /lib/x86_64-linux-gnu/libpthread-2.28.so
7f7e29199000-7f7e2919a000 r--p 0001a000 08:30 712                        /lib/x86_64-linux-gnu/libpthread-2.28.so
7f7e2919a000-7f7e2919b000 rw-p 0001b000 08:30 712                        /lib/x86_64-linux-gnu/libpthread-2.28.so
7f7e2919b000-7f7e2919f000 rw-p 00000000 00:00 0 
7f7e2919f000-7f7e291ac000 r--p 00000000 08:30 716                        /lib/x86_64-linux-gnu/libm-2.28.so
7f7e291ac000-7f7e2924b000 r-xp 0000d000 08:30 716                        /lib/x86_64-linux-gnu/libm-2.28.so
7f7e2924b000-7f7e29320000 r--p 000ac000 08:30 716                        /lib/x86_64-linux-gnu/libm-2.28.so
7f7e29320000-7f7e29321000 r--p 00180000 08:30 716                        /lib/x86_64-linux-gnu/libm-2.28.so
7f7e29321000-7f7e29322000 rw-p 00181000 08:30 716                        /lib/x86_64-linux-gnu/libm-2.28.so
7f7e29322000-7f7e29324000 r--p 00000000 08:30 708                        /lib/x86_64-linux-gnu/librt-2.28.so
7f7e29324000-7f7e29328000 r-xp 00002000 08:30 708                        /lib/x86_64-linux-gnu/librt-2.28.so
7f7e29328000-7f7e2932a000 r--p 00006000 08:30 708                        /lib/x86_64-linux-gnu/librt-2.28.so
7f7e2932a000-7f7e2932b000 r--p 00007000 08:30 708                        /lib/x86_64-linux-gnu/librt-2.28.so
7f7e2932b000-7f7e2932c000 rw-p 00008000 08:30 708                        /lib/x86_64-linux-gnu/librt-2.28.so
7f7e2932c000-7f7e2932d000 r--p 00000000 08:30 598                        /lib/x86_64-linux-gnu/libutil-2.28.so
7f7e2932d000-7f7e2932e000 r-xp 00001000 08:30 598                        /lib/x86_64-linux-gnu/libutil-2.28.so
7f7e2932e000-7f7e2932f000 r--p 00002000 08:30 598                        /lib/x86_64-linux-gnu/libutil-2.28.so
7f7e2932f000-7f7e29330000 r--p 00002000 08:30 598                        /lib/x86_64-linux-gnu/libutil-2.28.so
7f7e29330000-7f7e29331000 rw-p 00003000 08:30 598                        /lib/x86_64-linux-gnu/libutil-2.28.so
7f7e29331000-7f7e29332000 r--p 00000000 08:30 702                        /lib/x86_64-linux-gnu/libdl-2.28.so
7f7e29332000-7f7e29333000 r-xp 00001000 08:30 702                        /lib/x86_64-linux-gnu/libdl-2.28.so
7f7e29333000-7f7e29334000 r--p 00002000 08:30 702                        /lib/x86_64-linux-gnu/libdl-2.28.so
7f7e29334000-7f7e29335000 r--p 00002000 08:30 702                        /lib/x86_64-linux-gnu/libdl-2.28.so
7f7e29335000-7f7e29336000 rw-p 00003000 08:30 702                        /lib/x86_64-linux-gnu/libdl-2.28.so
7f7e29336000-7f7e29338000 rw-p 00000000 00:00 0 
7f7e29338000-7f7e2933f000 r--s 00000000 08:30 2176                       /usr/lib/x86_64-linux-gnu/gconv/gconv-modules.cache
7f7e2933f000-7f7e29340000 r--p 00000000 08:30 582                        /lib/x86_64-linux-gnu/ld-2.28.so
7f7e29340000-7f7e2935e000 r-xp 00001000 08:30 582                        /lib/x86_64-linux-gnu/ld-2.28.so
7f7e2935e000-7f7e29366000 r--p 0001f000 08:30 582                        /lib/x86_64-linux-gnu/ld-2.28.so
7f7e29366000-7f7e29367000 r--p 00026000 08:30 582                        /lib/x86_64-linux-gnu/ld-2.28.so
7f7e29367000-7f7e29368000 rw-p 00027000 08:30 582                        /lib/x86_64-linux-gnu/ld-2.28.so
7f7e29368000-7f7e29369000 rw-p 00000000 00:00 0 
7ffc90827000-7ffc9082b000 ---p 00000000 00:00 0 
7ffc9082b000-7ffc90927000 rw-p 00000000 00:00 0                          [stack]
7ffc909bf000-7ffc909c2000 r--p 00000000 00:00 0                          [vvar]
7ffc909c2000-7ffc909c4000 r-xp 00000000 00:00 0                          [vdso]


VM Arguments:
java_command: <unknown>
java_class_path (initial): /home/eddie/adams/Projekty/Moses/RabbitMQConnector/out/artifacts/RabbitMQConnector_jar/RabbitMQConnector.jar:/home/eddie/miniconda3/envs/aaron/lib/python3.9/site-packages/jnius/src
Launcher Type: generic

Logging:
Log output configuration:
#0: stdout all=warning uptime,level,tags
#1: stderr all=off uptime,level,tags

Environment Variables:
JAVA_HOME=/home/eddie/miniconda3/envs/aaron
PATH=/home/eddie/.local/bin:/home/eddie/miniconda3/envs/aaron/bin:/home/eddie/miniconda3/condabin:/usr/local/bin:/usr/bin:/bin:/usr/local/games:/usr/games
SHELL=/bin/bash
HOSTTYPE=x86_64

Signal Handlers:
SIGSEGV: [libjvm.so+0xd486c0], sa_mask[0]=11111111011111111101111111111110, sa_flags=SA_RESTART|SA_SIGINFO
SIGBUS: [libjvm.so+0xd486c0], sa_mask[0]=11111111011111111101111111111110, sa_flags=SA_RESTART|SA_SIGINFO
SIGFPE: [libjvm.so+0xd486c0], sa_mask[0]=11111111011111111101111111111110, sa_flags=SA_RESTART|SA_SIGINFO
SIGPIPE: [libjvm.so+0xb5f450], sa_mask[0]=11111111011111111101111111111110, sa_flags=SA_RESTART|SA_SIGINFO
SIGXFSZ: [libjvm.so+0xb5f450], sa_mask[0]=11111111011111111101111111111110, sa_flags=SA_RESTART|SA_SIGINFO
SIGILL: [libjvm.so+0xd486c0], sa_mask[0]=11111111011111111101111111111110, sa_flags=SA_RESTART|SA_SIGINFO
SIGUSR2: [libjvm.so+0xb5f7e0], sa_mask[0]=00000000000000000000000000000000, sa_flags=SA_RESTART|SA_SIGINFO
SIGHUP: [libjvm.so+0xb5f770], sa_mask[0]=11111111011111111101111111111110, sa_flags=SA_RESTART|SA_SIGINFO
SIGINT: [libjvm.so+0xb5f770], sa_mask[0]=11111111011111111101111111111110, sa_flags=SA_RESTART|SA_SIGINFO
SIGTERM: [libjvm.so+0xb5f770], sa_mask[0]=11111111011111111101111111111110, sa_flags=SA_RESTART|SA_SIGINFO
SIGQUIT: [libjvm.so+0xb5f770], sa_mask[0]=11111111011111111101111111111110, sa_flags=SA_RESTART|SA_SIGINFO


---------------  S Y S T E M  ---------------

OS:PRETTY_NAME="Debian GNU/Linux 10 (buster)"
NAME="Debian GNU/Linux"
VERSION_ID="10"
VERSION="10 (buster)"
VERSION_CODENAME=buster
ID=debian
HOME_URL="https://www.debian.org/"
SUPPORT_URL="https://www.debian.org/support"
BUG_REPORT_URL="https://bugs.debian.org/"
uname:Linux 4.19.128-microsoft-standard #1 SMP Tue Jun 23 12:58:10 UTC 2020 x86_64
libc:glibc 2.28 NPTL 2.28 
rlimit: STACK 8192k, CORE 0k, NPROC 25093, NOFILE 4096, AS infinity, DATA infinity, FSIZE infinity
load average:0.12 0.05 0.01

/proc/meminfo:
MemTotal:        6428688 kB
MemFree:         3166840 kB
MemAvailable:    5337068 kB
Buffers:          144096 kB
Cached:          2450188 kB
SwapCached:            0 kB
Active:          1367684 kB
Inactive:        1680384 kB
Active(anon):     509380 kB
Inactive(anon):   220492 kB
Active(file):     858304 kB
Inactive(file):  1459892 kB
Unevictable:           0 kB
Mlocked:               0 kB
SwapTotal:       2097152 kB
SwapFree:        2097152 kB
Dirty:                72 kB
Writeback:             0 kB
AnonPages:        429440 kB
Mapped:           234676 kB
Shmem:            300200 kB
Slab:             155176 kB
SReclaimable:     123912 kB
SUnreclaim:        31264 kB
KernelStack:        7264 kB
PageTables:         4144 kB
NFS_Unstable:          0 kB
Bounce:                0 kB
WritebackTmp:          0 kB
CommitLimit:     5311496 kB
Committed_AS:    3721480 kB
VmallocTotal:   34359738367 kB
VmallocUsed:           0 kB
VmallocChunk:          0 kB
Percpu:             1136 kB
AnonHugePages:    198656 kB
ShmemHugePages:        0 kB
ShmemPmdMapped:        0 kB
HugePages_Total:       0
HugePages_Free:        0
HugePages_Rsvd:        0
HugePages_Surp:        0
Hugepagesize:       2048 kB
Hugetlb:               0 kB
DirectMap4k:       19456 kB
DirectMap2M:     4521984 kB
DirectMap1G:     3145728 kB

container (cgroup) information:
container_type: cgroupv1
cpu_cpuset_cpus: 0-3
cpu_memory_nodes: 0
active_processor_count: 4
cpu_quota: -1
cpu_period: 100000
cpu_shares: -1
memory_limit_in_bytes: -1
memory_and_swap_limit_in_bytes: -1
memory_soft_limit_in_bytes: -1
memory_usage_in_bytes: 3117539328
memory_max_usage_in_bytes: 1329852416


CPU:total 4 (initial active 4) (2 cores per cpu, 2 threads per core) family 6 model 61 stepping 4, cmov, cx8, fxsr, mmx, sse, sse2, sse3, ssse3, sse4.1, sse4.2, popcnt, avx, avx2, aes, clmul, erms, 3dnowpref, lzcnt, ht, tsc, bmi1, bmi2, adx, fma
CPU Model and flags from /proc/cpuinfo:
model name	: Intel(R) Core(TM) i7-5500U CPU @ 2.40GHz
flags		: fpu vme de pse tsc msr pae mce cx8 apic sep mtrr pge mca cmov pat pse36 clflush mmx fxsr sse sse2 ss ht syscall nx pdpe1gb rdtscp lm constant_tsc rep_good nopl xtopology cpuid pni pclmulqdq ssse3 fma cx16 pcid sse4_1 sse4_2 movbe popcnt aes xsave avx f16c rdrand hypervisor lahf_lm abm 3dnowprefetch invpcid_single pti ssbd ibrs ibpb stibp fsgsbase bmi1 avx2 smep bmi2 erms invpcid rdseed adx smap xsaveopt flush_l1d arch_capabilities

Memory: 4k page, physical 6428688k(3166840k free), swap 2097152k(2097152k free)

vm_info: OpenJDK 64-Bit Server VM (10.0.2+13) for linux-amd64 JRE (10.0.2+13), built on Jul 23 2018 23:40:21 by "tester" with gcc 4.9.2 20150212 (Red Hat 4.9.2-6)

END.
