#
# A fatal error has been detected by the Java Runtime Environment:
#
#  EXCEPTION_ACCESS_VIOLATION (0xc0000005) at pc=0x00007ffb7bed85f2, pid=26692, tid=4056
#
# JRE version: Java(TM) SE Runtime Environment (14.0.2+12) (build 14.0.2+12-46)
# Java VM: Java HotSpot(TM) 64-Bit Server VM (14.0.2+12-46, mixed mode, sharing, tiered, compressed oops, g1 gc, windows-amd64)
# Problematic frame:
# C  [jnius.cp38-win_amd64.pyd+0x285f2]
#
# No core dump will be written. Minidumps are not enabled by default on client versions of Windows
#
# If you would like to submit a bug report, please visit:
#   https://bugreport.java.com/bugreport/crash.jsp
# The crash happened outside the Java Virtual Machine in native code.
# See problematic frame for where to report the bug.
#

---------------  S U M M A R Y ------------

Command Line: 

Host: Intel(R) Core(TM) i7-5500U CPU @ 2.40GHz, 4 cores, 7G,  Windows 10 , 64 bit Build 19041 (10.0.19041.546)
Time: Tue Nov  3 02:58:04 2020 Œrodkowoeuropejski czas stand. elapsed time: 55 seconds (0d 0h 0m 55s)

---------------  T H R E A D  ---------------

Current thread (0x0000027ccb57b800):  JavaThread "pool-13-thread-8" [_thread_in_native, id=4056, stack(0x000000d2183d0000,0x000000d2185c0000)]

Stack: [0x000000d2183d0000,0x000000d2185c0000],  sp=0x000000d2185be740,  free space=1977k
Native frames: (J=compiled Java code, j=interpreted, Vv=VM code, C=native code)
C  [jnius.cp38-win_amd64.pyd+0x285f2]
C  [jnius.cp38-win_amd64.pyd+0x26fe6]
C  0x0000027cb415f417

Java frames: (J=compiled Java code, j=interpreted, Vv=VM code)
j  org.jnius.NativeInvocationHandler.invoke0(Ljava/lang/Object;Ljava/lang/reflect/Method;[Ljava/lang/Object;)Ljava/lang/Object;+0
j  org.jnius.NativeInvocationHandler.invoke(Ljava/lang/Object;Ljava/lang/reflect/Method;[Ljava/lang/Object;)Ljava/lang/Object;+54
j  com.sun.proxy.$Proxy0.accept(Ljava/lang/Object;)V+16
j  com.moses.driverapp.DriverAppConnector.lambda$listenForNotifications$0(Ljava/util/function/Consumer;[B)V+5
j  com.moses.driverapp.DriverAppConnector$$Lambda$18.accept(Ljava/lang/Object;)V+8
j  com.moses.RabbitMqConnector.lambda$listenForMessages$0(Ljava/util/function/Consumer;Ljava/lang/String;Lcom/rabbitmq/client/Delivery;)V+5
j  com.moses.RabbitMqConnector$$Lambda$19.handle(Ljava/lang/String;Lcom/rabbitmq/client/Delivery;)V+6
j  com.rabbitmq.client.impl.recovery.AutorecoveringChannel$2.handleDelivery(Ljava/lang/String;Lcom/rabbitmq/client/Envelope;Lcom/rabbitmq/client/AMQP$BasicProperties;[B)V+16
j  com.rabbitmq.client.impl.ConsumerDispatcher$5.run()V+20
j  com.rabbitmq.client.impl.ConsumerWorkService$WorkPoolRunnable.run()V+65
j  java.util.concurrent.ThreadPoolExecutor.runWorker(Ljava/util/concurrent/ThreadPoolExecutor$Worker;)V+92 java.base@14.0.2
j  java.util.concurrent.ThreadPoolExecutor$Worker.run()V+5 java.base@14.0.2
j  java.lang.Thread.run()V+11 java.base@14.0.2
v  ~StubRoutines::call_stub

siginfo: EXCEPTION_ACCESS_VIOLATION (0xc0000005), reading address 0x000000000000008f


Register to memory mapping:

RIP=0x00007ffb7bed85f2 jnius.cp38-win_amd64.pyd
RAX=0xffffffffffffffff is an unknown value
RBX=0x0000027ccb7bbe40 points into unknown readable memory: 16 00 00 00 00 00 00 00
RCX=0x0000027ccb7bbe40 points into unknown readable memory: 16 00 00 00 00 00 00 00
RDX=0x0000027cab2471f0 points into unknown readable memory: 04 00 00 00 00 00 00 00
RSP=0x000000d2185be740 is pointing into the stack for thread: 0x0000027ccb57b800
RBP=0x0000027ccb8d7c30 points into unknown readable memory: 01 00 00 00 00 00 00 00
RSI=0x0000027cab242f70 points into unknown readable memory: 1e 00 00 00 00 00 00 00
RDI=0x0 is NULL
R8 =0x0 is NULL
R9 =0x0000027ca8b70040 points into unknown readable memory: 60 32 00 00 00 00 00 00
R10=0x0000027ca9874b20 points into unknown readable memory: 00 00 b7 a8 7c 02 00 00
R11=0x000000d2185be520 is pointing into the stack for thread: 0x0000027ccb57b800
R12=0x0 is NULL
R13=0x0 is NULL
R14=0x0000027ca99a5eb0 points into unknown readable memory: 73 01 00 00 00 00 00 00
R15=0x0000027ccb8d7c30 points into unknown readable memory: 01 00 00 00 00 00 00 00


Registers:
RAX=0xffffffffffffffff, RBX=0x0000027ccb7bbe40, RCX=0x0000027ccb7bbe40, RDX=0x0000027cab2471f0
RSP=0x000000d2185be740, RBP=0x0000027ccb8d7c30, RSI=0x0000027cab242f70, RDI=0x0000000000000000
R8 =0x0000000000000000, R9 =0x0000027ca8b70040, R10=0x0000027ca9874b20, R11=0x000000d2185be520
R12=0x0000000000000000, R13=0x0000000000000000, R14=0x0000027ca99a5eb0, R15=0x0000027ccb8d7c30
RIP=0x00007ffb7bed85f2, EFLAGS=0x0000000000010206

Top of Stack: (sp=0x000000d2185be740)
0x000000d2185be740:   0000027ccb7b6c20 00007ffb75182700
0x000000d2185be750:   0000027cab242f70 0000000000000000
0x000000d2185be760:   0000000800000001 00007ffbde49a880
0x000000d2185be770:   0000027ca948ed70 0000000000000000
0x000000d2185be780:   0000000000000000 00007ffb75182700
0x000000d2185be790:   0000000000000000 0000027ccb8d5800
0x000000d2185be7a0:   0000000000000000 0000000000000000
0x000000d2185be7b0:   00007ffb75182700 0000000000000001
0x000000d2185be7c0:   0000000000000001 0000000000000000
0x000000d2185be7d0:   0000000000000000 0000027ccb7b6c20
0x000000d2185be7e0:   0000027ccb8d5d60 0000027ccb7bfac0
0x000000d2185be7f0:   0000000000000000 0000027ccb7bbe40
0x000000d2185be800:   0000027ccb7bfb00 0000027ccb8d20c0
0x000000d2185be810:   0000027ccb8d5680 0000027ca948ed70
0x000000d2185be820:   0000027ccb8d7c30 0000000000000001
0x000000d2185be830:   0000000000000000 0000000000000000 

Instructions: (pc=0x00007ffb7bed85f2)
0x00007ffb7bed84f2:   8b e8 48 85 c0 75 2a 48 8b 05 98 35 03 00 49 8b
0x00007ffb7bed8502:   fc 48 89 05 2e 8c 04 00 c7 05 fc 8c 04 00 7b 00
0x00007ffb7bed8512:   00 00 c7 05 0a 8a 04 00 57 95 00 00 e9 e1 09 00
0x00007ffb7bed8522:   00 48 8b 05 9e 2d 03 00 49 39 45 08 75 51 49 8b
0x00007ffb7bed8532:   5d 18 48 85 db 74 48 49 8b 45 10 49 8b cd 48 ff
0x00007ffb7bed8542:   03 4c 8b e8 48 ff 00 48 83 29 01 75 06 ff 15 a3
0x00007ffb7bed8552:   2d 03 00 48 8b d3 49 8b cd e8 70 3f fe ff 48 83
0x00007ffb7bed8562:   2b 01 4c 8b f8 48 8b e8 48 89 7c 24 30 75 1e 48
0x00007ffb7bed8572:   8b cb ff 15 7e 2d 03 00 48 89 7c 24 30 eb 0e 49
0x00007ffb7bed8582:   8b cd e8 87 3b fe ff 48 8b e8 4c 8b f8 49 8b fc
0x00007ffb7bed8592:   48 85 ed 75 2a 48 8b 05 fa 34 03 00 49 8b ec 48
0x00007ffb7bed85a2:   89 05 90 8b 04 00 c7 05 5e 8c 04 00 7b 00 00 00
0x00007ffb7bed85b2:   c7 05 6c 89 04 00 65 95 00 00 e9 b9 08 00 00 49
0x00007ffb7bed85c2:   83 6d 00 01 75 09 49 8b cd ff 15 27 2d 03 00 48
0x00007ffb7bed85d2:   8b 9c 24 b8 00 00 00 4d 8b ec 48 8b 15 35 86 04
0x00007ffb7bed85e2:   00 48 8b cb 48 89 ac 24 e0 00 00 00 48 8b 43 08
0x00007ffb7bed85f2:   4c 8b 80 90 00 00 00 4d 85 c0 74 05 41 ff d0 eb
0x00007ffb7bed8602:   06 ff 15 6f 2b 03 00 4c 8b f8 48 85 c0 75 2a 48
0x00007ffb7bed8612:   8b 05 80 34 03 00 49 8b ec 48 89 05 16 8b 04 00
0x00007ffb7bed8622:   c7 05 e4 8b 04 00 7c 00 00 00 c7 05 f2 88 04 00
0x00007ffb7bed8632:   72 95 00 00 e9 3f 08 00 00 b9 01 00 00 00 ff 15
0x00007ffb7bed8642:   72 2b 03 00 4c 8b e8 48 85 c0 75 2a 48 8b 05 43
0x00007ffb7bed8652:   34 03 00 49 8b ec 48 89 05 d9 8a 04 00 c7 05 a7
0x00007ffb7bed8662:   8b 04 00 7c 00 00 00 c7 05 b5 88 04 00 74 95 00
0x00007ffb7bed8672:   00 e9 02 08 00 00 48 8b 9c 24 98 00 00 00 48 8b
0x00007ffb7bed8682:   8c 24 a8 00 00 00 48 ff 03 48 89 58 18 ff 15 3b
0x00007ffb7bed8692:   2f 03 00 48 8b f8 48 85 c0 75 2a 48 8b 05 f4 33
0x00007ffb7bed86a2:   03 00 49 8b ec 48 89 05 8a 8a 04 00 c7 05 58 8b
0x00007ffb7bed86b2:   04 00 7c 00 00 00 c7 05 66 88 04 00 79 95 00 00
0x00007ffb7bed86c2:   e9 b3 07 00 00 48 8b d7 49 8b cd ff 15 7d 2b 03
0x00007ffb7bed86d2:   00 48 89 44 24 40 48 8b d8 48 85 c0 75 2a 48 8b
0x00007ffb7bed86e2:   0d b1 33 03 00 49 8b ec 48 89 0d 47 8a 04 00 c7 


Stack slot to memory mapping:
stack at sp + 0 slots: 0x0000027ccb7b6c20 points into unknown readable memory: 01 00 00 00 00 00 00 00
stack at sp + 1 slots: 0x00007ffb75182700 python38.dll::small_ints + 0xa0
stack at sp + 2 slots: 0x0000027cab242f70 points into unknown readable memory: 1e 00 00 00 00 00 00 00
stack at sp + 3 slots: 0x0 is NULL
stack at sp + 4 slots: 0x0000000800000001 is pointing into metadata
stack at sp + 5 slots: 0x00007ffbde49a880 ntdll.dll
stack at sp + 6 slots: 0x0000027ca948ed70 points into unknown readable memory: 7f 00 00 00 00 00 00 00
stack at sp + 7 slots: 0x0 is NULL


---------------  P R O C E S S  ---------------

Threads class SMR info:
_java_thread_list=0x0000027ccc2de850, length=294, elements={
0x0000027cab7ca800, 0x0000027ccb09a000, 0x0000027ccb09b800, 0x0000027ccb0b7800,
0x0000027ccb0b8800, 0x0000027ccb0b9800, 0x0000027ccb0c0000, 0x0000027ccb0c1800,
0x0000027ccb0c3000, 0x0000027ccb1fd000, 0x0000027ccb212000, 0x0000027ccb289000,
0x0000027ccb29c000, 0x0000027ccb315000, 0x0000027ccb315800, 0x0000027ccb399800,
0x0000027ccb39a800, 0x0000027ccb3a1800, 0x0000027ccb3a2000, 0x0000027ca98b1800,
0x0000027ca98b2000, 0x0000027ca98b0800, 0x0000027ca98af800, 0x0000027ccb3a6000,
0x0000027ccb3a3000, 0x0000027ccb3a7000, 0x0000027ccb3a3800, 0x0000027ccb3a8000,
0x0000027ccb3a4800, 0x0000027ccb3a9800, 0x0000027ccb3ab000, 0x0000027ccb3aa800,
0x0000027ccb3a8800, 0x0000027ccb3a5800, 0x0000027ccb3ad800, 0x0000027ccb3b0000,
0x0000027ccb3ac800, 0x0000027ccb3b1000, 0x0000027ccb3ae800, 0x0000027ccb3af000,
0x0000027ccb3ac000, 0x0000027ccb3b1800, 0x0000027ccb3d8000, 0x0000027ccb3d5800,
0x0000027ccb3d7800, 0x0000027ccb3d9000, 0x0000027ccb3d5000, 0x0000027ccb3d6800,
0x0000027ccb3d3000, 0x0000027ccb3d4000, 0x0000027ccb3dc000, 0x0000027ccb3df800,
0x0000027ccb3de000, 0x0000027ccb3da000, 0x0000027ccb3dd000, 0x0000027ccb3de800,
0x0000027ccb3e0800, 0x0000027ccb3da800, 0x0000027ccb3e1000, 0x0000027ccb3db800,
0x0000027ccb3e2000, 0x0000027ccb4cd000, 0x0000027ccb4ce000, 0x0000027ccb4d1000,
0x0000027ccb4cc000, 0x0000027ccb4d2000, 0x0000027ccb4d3000, 0x0000027ccb4d3800,
0x0000027ccb4d4800, 0x0000027ccb4ce800, 0x0000027ccb4d0800, 0x0000027ccb4d5000,
0x0000027ccb4cf800, 0x0000027ccb4d6000, 0x0000027ccb4d9800, 0x0000027ccb4d7000,
0x0000027ccb4da000, 0x0000027ccb4db000, 0x0000027ccb4d7800, 0x0000027ccb4d8800,
0x0000027ccb516000, 0x0000027ccb515000, 0x0000027ccb510800, 0x0000027ccb511000,
0x0000027ccb512000, 0x0000027ccb513800, 0x0000027ccb517000, 0x0000027ccb514800,
0x0000027ccb518800, 0x0000027ccb513000, 0x0000027ccb51d800, 0x0000027ccb51b800,
0x0000027ccb51c800, 0x0000027ccb517800, 0x0000027ccb51f000, 0x0000027ccb519800,
0x0000027ccb51a000, 0x0000027ccb51e000, 0x0000027ccb51b000, 0x0000027ccb53b000,
0x0000027ccb53e000, 0x0000027ccb538800, 0x0000027ccb53f000, 0x0000027ccb53b800,
0x0000027ccb539000, 0x0000027ccb53a000, 0x0000027ccb541800, 0x0000027ccb53f800,
0x0000027ccb53c800, 0x0000027ccb542000, 0x0000027ccb540800, 0x0000027ccb543000,
0x0000027ccb53d000, 0x0000027ccb544000, 0x0000027ccb544800, 0x0000027ccb547000,
0x0000027ccb545800, 0x0000027ccb546000, 0x0000027ccb576800, 0x0000027ccb571000,
0x0000027ccb572800, 0x0000027ccb575000, 0x0000027ccb571800, 0x0000027ccb577800,
0x0000027ccb578000, 0x0000027ccb573800, 0x0000027ccb576000, 0x0000027ccb579000,
0x0000027ccb57a000, 0x0000027ccb574000, 0x0000027ccb57c800, 0x0000027ccb57f800,
0x0000027ccb57d000, 0x0000027ccb57b800, 0x0000027ccb57f000, 0x0000027ccb57a800,
0x0000027ccb57e000, 0x0000027ccbafa800, 0x0000027ccbb01000, 0x0000027ccbafc000,
0x0000027ccbafb000, 0x0000027ccbb00000, 0x0000027ccbb01800, 0x0000027ccbafc800,
0x0000027ccbb02800, 0x0000027ccbafd800, 0x0000027ccbb03800, 0x0000027ccbb04000,
0x0000027ccbafe800, 0x0000027ccbb05000, 0x0000027ccbaff000, 0x0000027ccbb05800,
0x0000027ccbb06800, 0x0000027ccbb07800, 0x0000027ccbb08000, 0x0000027ccbb09000,
0x0000027ccbb2b800, 0x0000027ccbb29800, 0x0000027ccbb2c000, 0x0000027ccbb2d000,
0x0000027ccbb28000, 0x0000027ccbb2a800, 0x0000027ccbb29000, 0x0000027ccbb2d800,
0x0000027ccbb2f800, 0x0000027ccbb34000, 0x0000027ccbb33800, 0x0000027ccbb2e800,
0x0000027ccbb30000, 0x0000027ccbb35000, 0x0000027ccbb36000, 0x0000027ccbb36800,
0x0000027ccbb31000, 0x0000027ccbb32000, 0x0000027ccbb32800, 0x0000027ccbe27800,
0x0000027ccbe26000, 0x0000027ccbe28800, 0x0000027ccbe2a000, 0x0000027ccbe27000,
0x0000027ccbe29800, 0x0000027ccbe24800, 0x0000027ccbe25000, 0x0000027ccbe30800,
0x0000027ccbe30000, 0x0000027ccbe2b800, 0x0000027ccbe2d800, 0x0000027ccbe2f000,
0x0000027ccbe2e000, 0x0000027ccbe2b000, 0x0000027ccbe31800, 0x0000027ccbe2c800,
0x0000027ccbe32000, 0x0000027ccbe33000, 0x0000027ccbe6a000, 0x0000027ccbe6b000,
0x0000027ccbe6c000, 0x0000027ccbe6c800, 0x0000027ccbe69800, 0x0000027ccbe6d800,
0x0000027ccbe6e800, 0x0000027ccbe68800, 0x0000027ccbe75000, 0x0000027ccbe72800,
0x0000027ccbe6f000, 0x0000027ccbe74000, 0x0000027ccbe73000, 0x0000027ccbe71000,
0x0000027ccbe75800, 0x0000027ccbe70000, 0x0000027ccbe71800, 0x0000027ccbe7c000,
0x0000027ccbe79000, 0x0000027ccbe76800, 0x0000027ccbe77800, 0x0000027ccbe78000,
0x0000027ccbe7f800, 0x0000027ccbe7a800, 0x0000027ccbe7e800, 0x0000027ccbe7a000,
0x0000027ccbe80800, 0x0000027ccbe81000, 0x0000027ccbe7b800, 0x0000027ccbe82000,
0x0000027ccbe82800, 0x0000027ccbe7d000, 0x0000027ccbe85000, 0x0000027ccbe83800,
0x0000027ccbe86000, 0x0000027ccbe87000, 0x0000027ccbe84800, 0x0000027ccbe87800,
0x0000027ccc0ec800, 0x0000027ccc0ee000, 0x0000027ccc0ed800, 0x0000027ccc0ea000,
0x0000027ccc0ef000, 0x0000027ccc0e9000, 0x0000027ccc0ef800, 0x0000027ccc0f0800,
0x0000027ccc0eb000, 0x0000027ccc0f1800, 0x0000027ccc0eb800, 0x0000027ccc0f4000,
0x0000027ccc0f2000, 0x0000027ccc0f8000, 0x0000027ccc0f5800, 0x0000027ccc0f8800,
0x0000027ccc0f6000, 0x0000027ccc0f7000, 0x0000027ccc0f3000, 0x0000027ccc0fa800,
0x0000027ccc0f4800, 0x0000027ccc0fe800, 0x0000027ccc0fd800, 0x0000027ccc0fc000,
0x0000027ccc0f9800, 0x0000027ccc0fd000, 0x0000027ccc101000, 0x0000027ccc0fb000,
0x0000027ccc102800, 0x0000027ccc0ff000, 0x0000027ccc104000, 0x0000027ccc101800,
0x0000027ccc103800, 0x0000027ccc105000, 0x0000027ccc106000, 0x0000027ccc100000,
0x0000027ccc106800, 0x0000027ccc107800, 0x0000027ccc108000, 0x0000027ccc2f9800,
0x0000027ccc2fa800, 0x0000027ccc2fb000, 0x0000027ccc2fc000, 0x0000027ccc2fd800,
0x0000027ccc2fc800, 0x0000027ccc2f8000, 0x0000027ccc2fe800, 0x0000027ccc2f8800,
0x0000027ccc304000, 0x0000027ccc302800, 0x0000027ccc2ff000, 0x0000027ccc300000,
0x0000027ccc303800, 0x0000027ccc305000, 0x0000027ccc306800, 0x0000027ccc301000,
0x0000027ccc307800, 0x0000027ccc301800, 0x0000027ccc30a000, 0x0000027ccc308000,
0x0000027ccc30a800, 0x0000027ccc30b800
}

Java Threads: ( => current thread )
  0x0000027cab7ca800 JavaThread "main" [_thread_in_native, id=34608, stack(0x000000d208600000,0x000000d2087f0000)]
  0x0000027ccb09a000 JavaThread "Reference Handler" daemon [_thread_blocked, id=16568, stack(0x000000d209960000,0x000000d209b50000)]
  0x0000027ccb09b800 JavaThread "Finalizer" daemon [_thread_blocked, id=27964, stack(0x000000d209b50000,0x000000d209d40000)]
  0x0000027ccb0b7800 JavaThread "Signal Dispatcher" daemon [_thread_blocked, id=31804, stack(0x000000d209d40000,0x000000d209f30000)]
  0x0000027ccb0b8800 JavaThread "Attach Listener" daemon [_thread_blocked, id=21752, stack(0x000000d209f30000,0x000000d20a120000)]
  0x0000027ccb0b9800 JavaThread "Service Thread" daemon [_thread_blocked, id=34140, stack(0x000000d20a120000,0x000000d20a310000)]
  0x0000027ccb0c0000 JavaThread "C2 CompilerThread0" daemon [_thread_blocked, id=32844, stack(0x000000d20a310000,0x000000d20a500000)]
  0x0000027ccb0c1800 JavaThread "C1 CompilerThread0" daemon [_thread_blocked, id=28288, stack(0x000000d20a500000,0x000000d20a6f0000)]
  0x0000027ccb0c3000 JavaThread "Sweeper thread" daemon [_thread_blocked, id=16768, stack(0x000000d20a6f0000,0x000000d20a8e0000)]
  0x0000027ccb1fd000 JavaThread "Notification Thread" daemon [_thread_blocked, id=30748, stack(0x000000d20a8e0000,0x000000d20aad0000)]
  0x0000027ccb212000 JavaThread "Common-Cleaner" daemon [_thread_blocked, id=35312, stack(0x000000d20acc0000,0x000000d20aeb0000)]
  0x0000027ccb289000 JavaThread "AMQP Connection 127.0.0.1:5672" [_thread_in_native, id=34348, stack(0x000000d20b0a0000,0x000000d20b290000)]
  0x0000027ccb29c000 JavaThread "pool-1-thread-2" [_thread_blocked, id=20448, stack(0x000000d20b290000,0x000000d20b480000)]
  0x0000027ccb315000 JavaThread "Thread-0" [_thread_in_native, id=28852, stack(0x000000d20b480000,0x000000d20b670000)]
  0x0000027ccb315800 JavaThread "AMQP Connection 127.0.0.1:5672" [_thread_in_native, id=17264, stack(0x000000d20b670000,0x000000d20b860000)]
  0x0000027ccb399800 JavaThread "pool-3-thread-2" [_thread_blocked, id=10248, stack(0x000000d20b860000,0x000000d20ba50000)]
  0x0000027ccb39a800 JavaThread "pool-1-thread-3" [_thread_blocked, id=20608, stack(0x000000d20ba50000,0x000000d20bc40000)]
  0x0000027ccb3a1800 JavaThread "Thread-1" [_thread_in_native, id=31684, stack(0x000000d20bc40000,0x000000d20be30000)]
  0x0000027ccb3a2000 JavaThread "pool-3-thread-3" [_thread_in_native, id=37432, stack(0x000000d20b480000,0x000000d20b670000)]
  0x0000027ca98b1800 JavaThread "AMQP Connection 127.0.0.1:5672" [_thread_in_native, id=33668, stack(0x000000d20bc40000,0x000000d20be30000)]
  0x0000027ca98b2000 JavaThread "pool-5-thread-2" [_thread_blocked, id=33548, stack(0x000000d20be30000,0x000000d20c020000)]
  0x0000027ca98b0800 JavaThread "Thread-2" [_thread_in_native, id=24668, stack(0x000000d20c020000,0x000000d20c210000)]
  0x0000027ca98af800 JavaThread "pool-5-thread-3" [_thread_blocked, id=33272, stack(0x000000d20c210000,0x000000d20c400000)]
  0x0000027ccb3a6000 JavaThread "AMQP Connection 127.0.0.1:5672" [_thread_in_native, id=35092, stack(0x000000d20c020000,0x000000d20c210000)]
  0x0000027ccb3a3000 JavaThread "pool-7-thread-2" [_thread_blocked, id=32192, stack(0x000000d20c400000,0x000000d20c5f0000)]
  0x0000027ccb3a7000 JavaThread "Thread-3" [_thread_in_native, id=29444, stack(0x000000d20c5f0000,0x000000d20c7e0000)]
  0x0000027ccb3a3800 JavaThread "AMQP Connection 127.0.0.1:5672" [_thread_in_native, id=28656, stack(0x000000d20c7e0000,0x000000d20c9d0000)]
  0x0000027ccb3a8000 JavaThread "pool-7-thread-3" [_thread_in_native, id=32080, stack(0x000000d20c9d0000,0x000000d20cbc0000)]
  0x0000027ccb3a4800 JavaThread "pool-9-thread-2" [_thread_blocked, id=1500, stack(0x000000d20cbc0000,0x000000d20cdb0000)]
  0x0000027ccb3a9800 JavaThread "Thread-4" [_thread_in_native, id=22648, stack(0x000000d20c5f0000,0x000000d20c7e0000)]
  0x0000027ccb3ab000 JavaThread "AMQP Connection 127.0.0.1:5672" [_thread_in_native, id=19528, stack(0x000000d20cdb0000,0x000000d20cfa0000)]
  0x0000027ccb3aa800 JavaThread "pool-9-thread-3" [_thread_in_native, id=16200, stack(0x000000d20cfa0000,0x000000d20d190000)]
  0x0000027ccb3a8800 JavaThread "pool-11-thread-2" [_thread_blocked, id=30172, stack(0x000000d20d190000,0x000000d20d380000)]
  0x0000027ccb3a5800 JavaThread "Thread-5" [_thread_in_native, id=26444, stack(0x000000d20c5f0000,0x000000d20c7e0000)]
  0x0000027ccb3ad800 JavaThread "pool-11-thread-3" [_thread_in_native, id=31108, stack(0x000000d20d380000,0x000000d20d570000)]
  0x0000027ccb3b0000 JavaThread "ForkJoinPool.commonPool-worker-3" daemon [_thread_blocked, id=1764, stack(0x000000d20c5f0000,0x000000d20c7e0000)]
  0x0000027ccb3ac800 JavaThread "pool-1-thread-4" [_thread_blocked, id=36544, stack(0x000000d20d570000,0x000000d20d760000)]
  0x0000027ccb3b1000 JavaThread "pool-1-thread-5" [_thread_blocked, id=29144, stack(0x000000d20d760000,0x000000d20d950000)]
  0x0000027ccb3ae800 JavaThread "pool-1-thread-6" [_thread_blocked, id=30940, stack(0x000000d20d950000,0x000000d20db40000)]
  0x0000027ccb3af000 JavaThread "pool-3-thread-4" [_thread_blocked, id=8336, stack(0x000000d20db40000,0x000000d20dd30000)]
  0x0000027ccb3ac000 JavaThread "pool-3-thread-5" [_thread_blocked, id=32744, stack(0x000000d20dd30000,0x000000d20df20000)]
  0x0000027ccb3b1800 JavaThread "pool-3-thread-6" [_thread_blocked, id=37540, stack(0x000000d20df20000,0x000000d20e110000)]
  0x0000027ccb3d8000 JavaThread "AMQP Connection 0:0:0:0:0:0:0:1:5672" [_thread_in_native, id=22636, stack(0x000000d20e110000,0x000000d20e300000)]
  0x0000027ccb3d5800 JavaThread "pool-13-thread-2" [_thread_blocked, id=31808, stack(0x000000d20e300000,0x000000d20e4f0000)]
  0x0000027ccb3d7800 JavaThread "Thread-6" [_thread_in_native, id=32876, stack(0x000000d20eac0000,0x000000d20ecb0000)]
  0x0000027ccb3d9000 JavaThread "pool-13-thread-3" [_thread_blocked, id=29608, stack(0x000000d20ecb0000,0x000000d20eea0000)]
  0x0000027ccb3d5000 JavaThread "AMQP Connection 127.0.0.1:5672" [_thread_in_native, id=22932, stack(0x000000d20eea0000,0x000000d20f090000)]
  0x0000027ccb3d6800 JavaThread "pool-15-thread-2" [_thread_blocked, id=34024, stack(0x000000d20f090000,0x000000d20f280000)]
  0x0000027ccb3d3000 JavaThread "Thread-7" [_thread_in_native, id=33496, stack(0x000000d20eac0000,0x000000d20ecb0000)]
  0x0000027ccb3d4000 JavaThread "pool-15-thread-3" [_thread_blocked, id=27368, stack(0x000000d20f280000,0x000000d20f470000)]
  0x0000027ccb3dc000 JavaThread "AMQP Connection 127.0.0.1:5672" [_thread_in_native, id=37652, stack(0x000000d20f470000,0x000000d20f660000)]
  0x0000027ccb3df800 JavaThread "pool-17-thread-2" [_thread_blocked, id=27572, stack(0x000000d20f660000,0x000000d20f850000)]
  0x0000027ccb3de000 JavaThread "Thread-8" [_thread_in_native, id=28456, stack(0x000000d20eac0000,0x000000d20ecb0000)]
  0x0000027ccb3da000 JavaThread "pool-17-thread-3" [_thread_blocked, id=35564, stack(0x000000d20f850000,0x000000d20fa40000)]
  0x0000027ccb3dd000 JavaThread "pool-5-thread-4" [_thread_blocked, id=26224, stack(0x000000d20eac0000,0x000000d20ecb0000)]
  0x0000027ccb3de800 JavaThread "pool-5-thread-5" [_thread_blocked, id=37576, stack(0x000000d20fa40000,0x000000d20fc30000)]
  0x0000027ccb3e0800 JavaThread "pool-5-thread-6" [_thread_blocked, id=26080, stack(0x000000d20fc30000,0x000000d20fe20000)]
  0x0000027ccb3da800 JavaThread "pool-7-thread-4" [_thread_blocked, id=27088, stack(0x000000d20fe20000,0x000000d210010000)]
  0x0000027ccb3e1000 JavaThread "pool-7-thread-5" [_thread_blocked, id=28176, stack(0x000000d210010000,0x000000d210200000)]
  0x0000027ccb3db800 JavaThread "pool-7-thread-6" [_thread_blocked, id=21804, stack(0x000000d210200000,0x000000d2103f0000)]
  0x0000027ccb3e2000 JavaThread "pool-9-thread-4" [_thread_blocked, id=35336, stack(0x000000d2103f0000,0x000000d2105e0000)]
  0x0000027ccb4cd000 JavaThread "pool-9-thread-5" [_thread_blocked, id=37084, stack(0x000000d2105e0000,0x000000d2107d0000)]
  0x0000027ccb4ce000 JavaThread "pool-9-thread-6" [_thread_blocked, id=37744, stack(0x000000d2107d0000,0x000000d2109c0000)]
  0x0000027ccb4d1000 JavaThread "pool-11-thread-4" [_thread_blocked, id=28040, stack(0x000000d2109c0000,0x000000d210bb0000)]
  0x0000027ccb4cc000 JavaThread "pool-11-thread-5" [_thread_blocked, id=17256, stack(0x000000d210bb0000,0x000000d210da0000)]
  0x0000027ccb4d2000 JavaThread "pool-11-thread-6" [_thread_blocked, id=20272, stack(0x000000d210da0000,0x000000d210f90000)]
  0x0000027ccb4d3000 JavaThread "AMQP Connection 127.0.0.1:5672" [_thread_in_native, id=36056, stack(0x000000d210f90000,0x000000d211180000)]
  0x0000027ccb4d3800 JavaThread "pool-19-thread-2" [_thread_blocked, id=36720, stack(0x000000d211180000,0x000000d211370000)]
  0x0000027ccb4d4800 JavaThread "Thread-9" [_thread_in_native, id=24292, stack(0x000000d211370000,0x000000d211560000)]
  0x0000027ccb4ce800 JavaThread "pool-19-thread-3" [_thread_blocked, id=31912, stack(0x000000d211560000,0x000000d211750000)]
  0x0000027ccb4d0800 JavaThread "AMQP Connection 0:0:0:0:0:0:0:1:5672" [_thread_in_native, id=33172, stack(0x000000d211370000,0x000000d211560000)]
  0x0000027ccb4d5000 JavaThread "pool-21-thread-2" [_thread_blocked, id=30872, stack(0x000000d211750000,0x000000d211940000)]
  0x0000027ccb4cf800 JavaThread "Thread-10" [_thread_in_native, id=16188, stack(0x000000d211940000,0x000000d211b30000)]
  0x0000027ccb4d6000 JavaThread "AMQP Connection 0:0:0:0:0:0:0:1:5672" [_thread_in_native, id=23984, stack(0x000000d211b30000,0x000000d211d20000)]
  0x0000027ccb4d9800 JavaThread "pool-21-thread-3" [_thread_blocked, id=29632, stack(0x000000d211d20000,0x000000d211f10000)]
  0x0000027ccb4d7000 JavaThread "pool-23-thread-2" [_thread_blocked, id=15032, stack(0x000000d211f10000,0x000000d212100000)]
  0x0000027ccb4da000 JavaThread "Thread-11" [_thread_in_native, id=2928, stack(0x000000d211940000,0x000000d211b30000)]
  0x0000027ccb4db000 JavaThread "pool-23-thread-3" [_thread_blocked, id=30752, stack(0x000000d212100000,0x000000d2122f0000)]
  0x0000027ccb4d7800 JavaThread "pool-1-thread-7" [_thread_blocked, id=19864, stack(0x000000d211940000,0x000000d211b30000)]
  0x0000027ccb4d8800 JavaThread "pool-1-thread-8" [_thread_blocked, id=33528, stack(0x000000d2122f0000,0x000000d2124e0000)]
  0x0000027ccb516000 JavaThread "pool-1-thread-9" [_thread_blocked, id=31888, stack(0x000000d2124e0000,0x000000d2126d0000)]
  0x0000027ccb515000 JavaThread "pool-3-thread-7" [_thread_blocked, id=36376, stack(0x000000d2126d0000,0x000000d2128c0000)]
  0x0000027ccb510800 JavaThread "pool-3-thread-8" [_thread_blocked, id=37588, stack(0x000000d2128c0000,0x000000d212ab0000)]
  0x0000027ccb511000 JavaThread "pool-3-thread-9" [_thread_blocked, id=34508, stack(0x000000d212ab0000,0x000000d212ca0000)]
  0x0000027ccb512000 JavaThread "pool-13-thread-4" [_thread_blocked, id=33304, stack(0x000000d212ca0000,0x000000d212e90000)]
  0x0000027ccb513800 JavaThread "pool-13-thread-5" [_thread_blocked, id=12088, stack(0x000000d212e90000,0x000000d213080000)]
  0x0000027ccb517000 JavaThread "pool-13-thread-6" [_thread_blocked, id=11320, stack(0x000000d213080000,0x000000d213270000)]
  0x0000027ccb514800 JavaThread "pool-15-thread-4" [_thread_blocked, id=30220, stack(0x000000d213270000,0x000000d213460000)]
  0x0000027ccb518800 JavaThread "pool-15-thread-5" [_thread_blocked, id=27736, stack(0x000000d213460000,0x000000d213650000)]
  0x0000027ccb513000 JavaThread "pool-15-thread-6" [_thread_blocked, id=7000, stack(0x000000d213650000,0x000000d213840000)]
  0x0000027ccb51d800 JavaThread "pool-17-thread-4" [_thread_blocked, id=21284, stack(0x000000d213840000,0x000000d213a30000)]
  0x0000027ccb51b800 JavaThread "pool-17-thread-5" [_thread_blocked, id=25248, stack(0x000000d213a30000,0x000000d213c20000)]
  0x0000027ccb51c800 JavaThread "pool-17-thread-6" [_thread_blocked, id=28392, stack(0x000000d213c20000,0x000000d213e10000)]
  0x0000027ccb517800 JavaThread "AMQP Connection 0:0:0:0:0:0:0:1:5672" [_thread_in_native, id=24160, stack(0x000000d213e10000,0x000000d214000000)]
  0x0000027ccb51f000 JavaThread "pool-25-thread-2" [_thread_blocked, id=28500, stack(0x000000d214000000,0x000000d2141f0000)]
  0x0000027ccb519800 JavaThread "Thread-12" [_thread_in_native, id=32672, stack(0x000000d2141f0000,0x000000d2143e0000)]
  0x0000027ccb51a000 JavaThread "pool-25-thread-3" [_thread_blocked, id=32988, stack(0x000000d2143e0000,0x000000d2145d0000)]
  0x0000027ccb51e000 JavaThread "pool-5-thread-7" [_thread_blocked, id=36612, stack(0x000000d2141f0000,0x000000d2143e0000)]
  0x0000027ccb51b000 JavaThread "pool-5-thread-8" [_thread_blocked, id=27708, stack(0x000000d2145d0000,0x000000d2147c0000)]
  0x0000027ccb53b000 JavaThread "pool-5-thread-9" [_thread_blocked, id=5924, stack(0x000000d2147c0000,0x000000d2149b0000)]
  0x0000027ccb53e000 JavaThread "AMQP Connection 127.0.0.1:5672" [_thread_in_native, id=33636, stack(0x000000d2149b0000,0x000000d214ba0000)]
  0x0000027ccb538800 JavaThread "pool-27-thread-2" [_thread_blocked, id=24472, stack(0x000000d214ba0000,0x000000d214d90000)]
  0x0000027ccb53f000 JavaThread "Thread-13" [_thread_in_native, id=34560, stack(0x000000d214d90000,0x000000d214f80000)]
  0x0000027ccb53b800 JavaThread "pool-27-thread-3" [_thread_blocked, id=36020, stack(0x000000d214f80000,0x000000d215170000)]
  0x0000027ccb539000 JavaThread "AMQP Connection 127.0.0.1:5672" [_thread_in_native, id=26956, stack(0x000000d215170000,0x000000d215360000)]
  0x0000027ccb53a000 JavaThread "pool-29-thread-2" [_thread_blocked, id=29468, stack(0x000000d215360000,0x000000d215550000)]
  0x0000027ccb541800 JavaThread "Thread-14" [_thread_in_native, id=23768, stack(0x000000d214d90000,0x000000d214f80000)]
  0x0000027ccb53f800 JavaThread "pool-29-thread-3" [_thread_blocked, id=30144, stack(0x000000d215550000,0x000000d215740000)]
  0x0000027ccb53c800 JavaThread "pool-7-thread-7" [_thread_blocked, id=30648, stack(0x000000d214d90000,0x000000d214f80000)]
  0x0000027ccb542000 JavaThread "pool-7-thread-8" [_thread_blocked, id=19532, stack(0x000000d215740000,0x000000d215930000)]
  0x0000027ccb540800 JavaThread "pool-7-thread-9" [_thread_blocked, id=31612, stack(0x000000d215930000,0x000000d215b20000)]
  0x0000027ccb543000 JavaThread "pool-9-thread-7" [_thread_blocked, id=30488, stack(0x000000d215b20000,0x000000d215d10000)]
  0x0000027ccb53d000 JavaThread "pool-9-thread-8" [_thread_blocked, id=21832, stack(0x000000d215d10000,0x000000d215f00000)]
  0x0000027ccb544000 JavaThread "pool-9-thread-9" [_thread_blocked, id=31060, stack(0x000000d215f00000,0x000000d2160f0000)]
  0x0000027ccb544800 JavaThread "pool-11-thread-7" [_thread_blocked, id=5444, stack(0x000000d2160f0000,0x000000d2162e0000)]
  0x0000027ccb547000 JavaThread "pool-11-thread-8" [_thread_blocked, id=28512, stack(0x000000d2162e0000,0x000000d2164d0000)]
  0x0000027ccb545800 JavaThread "pool-11-thread-9" [_thread_blocked, id=34916, stack(0x000000d2164d0000,0x000000d2166c0000)]
  0x0000027ccb546000 JavaThread "pool-19-thread-4" [_thread_blocked, id=23900, stack(0x000000d2166c0000,0x000000d2168b0000)]
  0x0000027ccb576800 JavaThread "pool-19-thread-5" [_thread_blocked, id=22856, stack(0x000000d2168b0000,0x000000d216aa0000)]
  0x0000027ccb571000 JavaThread "pool-19-thread-6" [_thread_blocked, id=24984, stack(0x000000d216aa0000,0x000000d216c90000)]
  0x0000027ccb572800 JavaThread "pool-21-thread-4" [_thread_blocked, id=35888, stack(0x000000d216c90000,0x000000d216e80000)]
  0x0000027ccb575000 JavaThread "pool-21-thread-5" [_thread_in_native, id=27260, stack(0x000000d216e80000,0x000000d217070000)]
  0x0000027ccb571800 JavaThread "pool-21-thread-6" [_thread_blocked, id=37628, stack(0x000000d217070000,0x000000d217260000)]
  0x0000027ccb577800 JavaThread "pool-23-thread-4" [_thread_blocked, id=1292, stack(0x000000d217260000,0x000000d217450000)]
  0x0000027ccb578000 JavaThread "pool-23-thread-5" [_thread_in_native, id=32344, stack(0x000000d217450000,0x000000d217640000)]
  0x0000027ccb573800 JavaThread "pool-23-thread-6" [_thread_blocked, id=30148, stack(0x000000d217640000,0x000000d217830000)]
  0x0000027ccb576000 JavaThread "AMQP Connection 0:0:0:0:0:0:0:1:5672" [_thread_in_native, id=27208, stack(0x000000d217830000,0x000000d217a20000)]
  0x0000027ccb579000 JavaThread "pool-31-thread-2" [_thread_blocked, id=34404, stack(0x000000d217a20000,0x000000d217c10000)]
  0x0000027ccb57a000 JavaThread "Thread-15" [_thread_in_native, id=16524, stack(0x000000d217c10000,0x000000d217e00000)]
  0x0000027ccb574000 JavaThread "pool-31-thread-3" [_thread_blocked, id=35636, stack(0x000000d217e00000,0x000000d217ff0000)]
  0x0000027ccb57c800 JavaThread "pool-1-thread-10" [_thread_in_native, id=4332, stack(0x000000d217c10000,0x000000d217e00000)]
  0x0000027ccb57f800 JavaThread "pool-3-thread-10" [_thread_blocked, id=30712, stack(0x000000d217ff0000,0x000000d2181e0000)]
  0x0000027ccb57d000 JavaThread "pool-13-thread-7" [_thread_blocked, id=29016, stack(0x000000d2181e0000,0x000000d2183d0000)]
=>0x0000027ccb57b800 JavaThread "pool-13-thread-8" [_thread_in_native, id=4056, stack(0x000000d2183d0000,0x000000d2185c0000)]
  0x0000027ccb57f000 JavaThread "pool-13-thread-9" [_thread_blocked, id=32576, stack(0x000000d2185c0000,0x000000d2187b0000)]
  0x0000027ccb57a800 JavaThread "AMQP Connection 0:0:0:0:0:0:0:1:5672" [_thread_in_native, id=31148, stack(0x000000d2187b0000,0x000000d2189a0000)]
  0x0000027ccb57e000 JavaThread "pool-33-thread-2" [_thread_blocked, id=768, stack(0x000000d2189a0000,0x000000d218b90000)]
  0x0000027ccbafa800 JavaThread "Thread-16" [_thread_in_native, id=37368, stack(0x000000d218b90000,0x000000d218d80000)]
  0x0000027ccbb01000 JavaThread "pool-33-thread-3" [_thread_blocked, id=33728, stack(0x000000d218d80000,0x000000d218f70000)]
  0x0000027ccbafc000 JavaThread "AMQP Connection 127.0.0.1:5672" [_thread_in_native, id=37300, stack(0x000000d218f70000,0x000000d219160000)]
  0x0000027ccbafb000 JavaThread "pool-35-thread-2" [_thread_blocked, id=25944, stack(0x000000d219160000,0x000000d219350000)]
  0x0000027ccbb00000 JavaThread "Thread-17" [_thread_in_native, id=32892, stack(0x000000d218b90000,0x000000d218d80000)]
  0x0000027ccbb01800 JavaThread "pool-35-thread-3" [_thread_blocked, id=27688, stack(0x000000d219350000,0x000000d219540000)]
  0x0000027ccbafc800 JavaThread "pool-15-thread-7" [_thread_blocked, id=30496, stack(0x000000d218b90000,0x000000d218d80000)]
  0x0000027ccbb02800 JavaThread "pool-15-thread-8" [_thread_in_native, id=34500, stack(0x000000d219540000,0x000000d219730000)]
  0x0000027ccbafd800 JavaThread "pool-15-thread-9" [_thread_blocked, id=29344, stack(0x000000d219730000,0x000000d219920000)]
  0x0000027ccbb03800 JavaThread "pool-17-thread-7" [_thread_blocked, id=30044, stack(0x000000d219920000,0x000000d219b10000)]
  0x0000027ccbb04000 JavaThread "pool-17-thread-8" [_thread_in_native, id=34060, stack(0x000000d219b10000,0x000000d219d00000)]
  0x0000027ccbafe800 JavaThread "pool-17-thread-9" [_thread_blocked, id=34760, stack(0x000000d219d00000,0x000000d219ef0000)]
  0x0000027ccbb05000 JavaThread "pool-25-thread-4" [_thread_blocked, id=35444, stack(0x000000d219ef0000,0x000000d21a0e0000)]
  0x0000027ccbaff000 JavaThread "pool-25-thread-5" [_thread_in_native, id=24904, stack(0x000000d21a0e0000,0x000000d21a2d0000)]
  0x0000027ccbb05800 JavaThread "pool-25-thread-6" [_thread_blocked, id=34204, stack(0x000000d21a2d0000,0x000000d21a4c0000)]
  0x0000027ccbb06800 JavaThread "pool-5-thread-10" [_thread_in_native, id=36252, stack(0x000000d21a4c0000,0x000000d21a6b0000)]
  0x0000027ccbb07800 JavaThread "pool-27-thread-4" [_thread_in_native, id=17216, stack(0x000000d21a6b0000,0x000000d21a8a0000)]
  0x0000027ccbb08000 JavaThread "pool-27-thread-5" [_thread_blocked, id=25956, stack(0x000000d21a8a0000,0x000000d21aa90000)]
  0x0000027ccbb09000 JavaThread "pool-27-thread-6" [_thread_blocked, id=25128, stack(0x000000d21aa90000,0x000000d21ac80000)]
  0x0000027ccbb2b800 JavaThread "pool-29-thread-4" [_thread_in_native, id=35784, stack(0x000000d21ac80000,0x000000d21ae70000)]
  0x0000027ccbb29800 JavaThread "pool-29-thread-5" [_thread_blocked, id=37408, stack(0x000000d21ae70000,0x000000d21b060000)]
  0x0000027ccbb2c000 JavaThread "pool-29-thread-6" [_thread_blocked, id=27168, stack(0x000000d21b060000,0x000000d21b250000)]
  0x0000027ccbb2d000 JavaThread "AMQP Connection 0:0:0:0:0:0:0:1:5672" [_thread_in_native, id=30328, stack(0x000000d21b250000,0x000000d21b440000)]
  0x0000027ccbb28000 JavaThread "pool-37-thread-2" [_thread_blocked, id=27520, stack(0x000000d21b440000,0x000000d21b630000)]
  0x0000027ccbb2a800 JavaThread "Thread-18" [_thread_in_native, id=35400, stack(0x000000d21b630000,0x000000d21b820000)]
  0x0000027ccbb29000 JavaThread "pool-37-thread-3" [_thread_blocked, id=35576, stack(0x000000d21b820000,0x000000d21ba10000)]
  0x0000027ccbb2d800 JavaThread "pool-7-thread-10" [_thread_blocked, id=33288, stack(0x000000d21b630000,0x000000d21b820000)]
  0x0000027ccbb2f800 JavaThread "pool-9-thread-10" [_thread_blocked, id=30792, stack(0x000000d21ba10000,0x000000d21bc00000)]
  0x0000027ccbb34000 JavaThread "pool-11-thread-10" [_thread_blocked, id=10808, stack(0x000000d21bc00000,0x000000d21bdf0000)]
  0x0000027ccbb33800 JavaThread "pool-19-thread-7" [_thread_blocked, id=34708, stack(0x000000d21bdf0000,0x000000d21bfe0000)]
  0x0000027ccbb2e800 JavaThread "pool-19-thread-8" [_thread_in_native, id=32012, stack(0x000000d21bfe0000,0x000000d21c1d0000)]
  0x0000027ccbb30000 JavaThread "pool-19-thread-9" [_thread_blocked, id=30852, stack(0x000000d21c1d0000,0x000000d21c3c0000)]
  0x0000027ccbb35000 JavaThread "AMQP Connection 0:0:0:0:0:0:0:1:5672" [_thread_in_native, id=26272, stack(0x000000d21c3c0000,0x000000d21c5b0000)]
  0x0000027ccbb36000 JavaThread "pool-39-thread-2" [_thread_blocked, id=35240, stack(0x000000d21c5b0000,0x000000d21c7a0000)]
  0x0000027ccbb36800 JavaThread "Thread-19" [_thread_in_native, id=37024, stack(0x000000d21c7a0000,0x000000d21c990000)]
  0x0000027ccbb31000 JavaThread "AMQP Connection 127.0.0.1:5672" [_thread_in_native, id=8556, stack(0x000000d21c990000,0x000000d21cb80000)]
  0x0000027ccbb32000 JavaThread "pool-39-thread-3" [_thread_blocked, id=24440, stack(0x000000d21cb80000,0x000000d21cd70000)]
  0x0000027ccbb32800 JavaThread "pool-41-thread-2" [_thread_blocked, id=33628, stack(0x000000d21cd70000,0x000000d21cf60000)]
  0x0000027ccbe27800 JavaThread "Thread-20" [_thread_in_native, id=25208, stack(0x000000d21c7a0000,0x000000d21c990000)]
  0x0000027ccbe26000 JavaThread "pool-41-thread-3" [_thread_blocked, id=27204, stack(0x000000d21cf60000,0x000000d21d150000)]
  0x0000027ccbe28800 JavaThread "pool-21-thread-7" [_thread_blocked, id=16044, stack(0x000000d21c7a0000,0x000000d21c990000)]
  0x0000027ccbe2a000 JavaThread "pool-21-thread-8" [_thread_blocked, id=36656, stack(0x000000d21d150000,0x000000d21d340000)]
  0x0000027ccbe27000 JavaThread "pool-21-thread-9" [_thread_blocked, id=29328, stack(0x000000d21d340000,0x000000d21d530000)]
  0x0000027ccbe29800 JavaThread "pool-23-thread-7" [_thread_blocked, id=31556, stack(0x000000d21d530000,0x000000d21d720000)]
  0x0000027ccbe24800 JavaThread "pool-23-thread-8" [_thread_blocked, id=31868, stack(0x000000d21d720000,0x000000d21d910000)]
  0x0000027ccbe25000 JavaThread "pool-23-thread-9" [_thread_blocked, id=32528, stack(0x000000d21d910000,0x000000d21db00000)]
  0x0000027ccbe30800 JavaThread "pool-31-thread-4" [_thread_blocked, id=32784, stack(0x000000d21db00000,0x000000d21dcf0000)]
  0x0000027ccbe30000 JavaThread "pool-31-thread-5" [_thread_blocked, id=8892, stack(0x000000d21dcf0000,0x000000d21dee0000)]
  0x0000027ccbe2b800 JavaThread "pool-31-thread-6" [_thread_blocked, id=35708, stack(0x000000d21dee0000,0x000000d21e0d0000)]
  0x0000027ccbe2d800 JavaThread "pool-13-thread-10" [_thread_blocked, id=28132, stack(0x000000d21e0d0000,0x000000d21e2c0000)]
  0x0000027ccbe2f000 JavaThread "pool-33-thread-4" [_thread_blocked, id=28384, stack(0x000000d21e2c0000,0x000000d21e4b0000)]
  0x0000027ccbe2e000 JavaThread "pool-33-thread-5" [_thread_blocked, id=31928, stack(0x000000d21e4b0000,0x000000d21e6a0000)]
  0x0000027ccbe2b000 JavaThread "pool-33-thread-6" [_thread_blocked, id=31436, stack(0x000000d21e6a0000,0x000000d21e890000)]
  0x0000027ccbe31800 JavaThread "pool-35-thread-4" [_thread_blocked, id=28632, stack(0x000000d21e890000,0x000000d21ea80000)]
  0x0000027ccbe2c800 JavaThread "pool-35-thread-5" [_thread_blocked, id=35992, stack(0x000000d21ea80000,0x000000d21ec70000)]
  0x0000027ccbe32000 JavaThread "pool-35-thread-6" [_thread_blocked, id=36992, stack(0x000000d21ec70000,0x000000d21ee60000)]
  0x0000027ccbe33000 JavaThread "AMQP Connection 0:0:0:0:0:0:0:1:5672" [_thread_in_native, id=28272, stack(0x000000d21ee60000,0x000000d21f050000)]
  0x0000027ccbe6a000 JavaThread "pool-43-thread-2" [_thread_blocked, id=28720, stack(0x000000d21f050000,0x000000d21f240000)]
  0x0000027ccbe6b000 JavaThread "Thread-21" [_thread_in_native, id=33884, stack(0x000000d21f240000,0x000000d21f430000)]
  0x0000027ccbe6c000 JavaThread "pool-43-thread-3" [_thread_blocked, id=16920, stack(0x000000d21f430000,0x000000d21f620000)]
  0x0000027ccbe6c800 JavaThread "pool-15-thread-10" [_thread_blocked, id=35372, stack(0x000000d21f240000,0x000000d21f430000)]
  0x0000027ccbe69800 JavaThread "pool-17-thread-10" [_thread_blocked, id=37752, stack(0x000000d21f620000,0x000000d21f810000)]
  0x0000027ccbe6d800 JavaThread "pool-25-thread-7" [_thread_blocked, id=33976, stack(0x000000d21f810000,0x000000d21fa00000)]
  0x0000027ccbe6e800 JavaThread "pool-25-thread-8" [_thread_blocked, id=33912, stack(0x000000d21fa00000,0x000000d21fbf0000)]
  0x0000027ccbe68800 JavaThread "pool-25-thread-9" [_thread_blocked, id=34352, stack(0x000000d21fbf0000,0x000000d21fde0000)]
  0x0000027ccbe75000 JavaThread "AMQP Connection 0:0:0:0:0:0:0:1:5672" [_thread_in_native, id=19732, stack(0x000000d21fde0000,0x000000d21ffd0000)]
  0x0000027ccbe72800 JavaThread "pool-45-thread-2" [_thread_blocked, id=27660, stack(0x000000d21ffd0000,0x000000d2201c0000)]
  0x0000027ccbe6f000 JavaThread "Thread-22" [_thread_in_native, id=21828, stack(0x000000d2201c0000,0x000000d2203b0000)]
  0x0000027ccbe74000 JavaThread "AMQP Connection 127.0.0.1:5672" [_thread_in_native, id=35752, stack(0x000000d2203b0000,0x000000d2205a0000)]
  0x0000027ccbe73000 JavaThread "pool-45-thread-3" [_thread_blocked, id=29080, stack(0x000000d2205a0000,0x000000d220790000)]
  0x0000027ccbe71000 JavaThread "pool-47-thread-2" [_thread_blocked, id=29168, stack(0x000000d220790000,0x000000d220980000)]
  0x0000027ccbe75800 JavaThread "Thread-23" [_thread_in_native, id=32484, stack(0x000000d2201c0000,0x000000d2203b0000)]
  0x0000027ccbe70000 JavaThread "pool-47-thread-3" [_thread_blocked, id=30548, stack(0x000000d220980000,0x000000d220b70000)]
  0x0000027ccbe71800 JavaThread "pool-27-thread-7" [_thread_blocked, id=33280, stack(0x000000d2201c0000,0x000000d2203b0000)]
  0x0000027ccbe7c000 JavaThread "pool-27-thread-8" [_thread_blocked, id=34420, stack(0x000000d220b70000,0x000000d220d60000)]
  0x0000027ccbe79000 JavaThread "pool-29-thread-7" [_thread_blocked, id=24236, stack(0x000000d220d60000,0x000000d220f50000)]
  0x0000027ccbe76800 JavaThread "pool-29-thread-8" [_thread_blocked, id=29536, stack(0x000000d220f50000,0x000000d221140000)]
  0x0000027ccbe77800 JavaThread "pool-37-thread-4" [_thread_blocked, id=35088, stack(0x000000d221140000,0x000000d221330000)]
  0x0000027ccbe78000 JavaThread "pool-37-thread-5" [_thread_blocked, id=31680, stack(0x000000d221330000,0x000000d221520000)]
  0x0000027ccbe7f800 JavaThread "pool-37-thread-6" [_thread_blocked, id=37720, stack(0x000000d221520000,0x000000d221710000)]
  0x0000027ccbe7a800 JavaThread "pool-19-thread-10" [_thread_blocked, id=29336, stack(0x000000d221710000,0x000000d221900000)]
  0x0000027ccbe7e800 JavaThread "pool-39-thread-4" [_thread_blocked, id=8568, stack(0x000000d221900000,0x000000d221af0000)]
  0x0000027ccbe7a000 JavaThread "pool-39-thread-5" [_thread_blocked, id=24176, stack(0x000000d221af0000,0x000000d221ce0000)]
  0x0000027ccbe80800 JavaThread "pool-41-thread-4" [_thread_blocked, id=29372, stack(0x000000d221ce0000,0x000000d221ed0000)]
  0x0000027ccbe81000 JavaThread "pool-41-thread-5" [_thread_blocked, id=26144, stack(0x000000d221ed0000,0x000000d2220c0000)]
  0x0000027ccbe7b800 JavaThread "pool-41-thread-6" [_thread_blocked, id=30476, stack(0x000000d2220c0000,0x000000d2222b0000)]
  0x0000027ccbe82000 JavaThread "AMQP Connection 127.0.0.1:5672" [_thread_in_native, id=37108, stack(0x000000d2222b0000,0x000000d2224a0000)]
  0x0000027ccbe82800 JavaThread "pool-49-thread-2" [_thread_blocked, id=4152, stack(0x000000d2224a0000,0x000000d222690000)]
  0x0000027ccbe7d000 JavaThread "Thread-24" [_thread_in_native, id=35028, stack(0x000000d222690000,0x000000d222880000)]
  0x0000027ccbe85000 JavaThread "pool-49-thread-3" [_thread_blocked, id=26388, stack(0x000000d222880000,0x000000d222a70000)]
  0x0000027ccbe83800 JavaThread "pool-21-thread-10" [_thread_blocked, id=34384, stack(0x000000d222690000,0x000000d222880000)]
  0x0000027ccbe86000 JavaThread "pool-23-thread-10" [_thread_blocked, id=15972, stack(0x000000d222a70000,0x000000d222c60000)]
  0x0000027ccbe87000 JavaThread "pool-31-thread-7" [_thread_blocked, id=36180, stack(0x000000d222c60000,0x000000d222e50000)]
  0x0000027ccbe84800 JavaThread "pool-31-thread-8" [_thread_blocked, id=36356, stack(0x000000d222e50000,0x000000d223040000)]
  0x0000027ccbe87800 JavaThread "pool-31-thread-9" [_thread_blocked, id=34660, stack(0x000000d223040000,0x000000d223230000)]
  0x0000027ccc0ec800 JavaThread "AMQP Connection 127.0.0.1:5672" [_thread_in_native, id=32452, stack(0x000000d223230000,0x000000d223420000)]
  0x0000027ccc0ee000 JavaThread "pool-51-thread-2" [_thread_blocked, id=33024, stack(0x000000d223420000,0x000000d223610000)]
  0x0000027ccc0ed800 JavaThread "Thread-25" [_thread_in_native, id=36008, stack(0x000000d223610000,0x000000d223800000)]
  0x0000027ccc0ea000 JavaThread "pool-51-thread-3" [_thread_blocked, id=28752, stack(0x000000d223800000,0x000000d2239f0000)]
  0x0000027ccc0ef000 JavaThread "AMQP Connection 127.0.0.1:5672" [_thread_in_native, id=34776, stack(0x000000d2239f0000,0x000000d223be0000)]
  0x0000027ccc0e9000 JavaThread "pool-53-thread-2" [_thread_blocked, id=5932, stack(0x000000d223be0000,0x000000d223dd0000)]
  0x0000027ccc0ef800 JavaThread "Thread-26" [_thread_in_native, id=34948, stack(0x000000d223610000,0x000000d223800000)]
  0x0000027ccc0f0800 JavaThread "pool-53-thread-3" [_thread_blocked, id=32308, stack(0x000000d223dd0000,0x000000d223fc0000)]
  0x0000027ccc0eb000 JavaThread "pool-33-thread-7" [_thread_blocked, id=34464, stack(0x000000d223610000,0x000000d223800000)]
  0x0000027ccc0f1800 JavaThread "pool-33-thread-8" [_thread_blocked, id=27728, stack(0x000000d223fc0000,0x000000d2241b0000)]
  0x0000027ccc0eb800 JavaThread "pool-33-thread-9" [_thread_blocked, id=35696, stack(0x000000d2241b0000,0x000000d2243a0000)]
  0x0000027ccc0f4000 JavaThread "pool-35-thread-7" [_thread_blocked, id=800, stack(0x000000d2243a0000,0x000000d224590000)]
  0x0000027ccc0f2000 JavaThread "pool-35-thread-8" [_thread_blocked, id=29316, stack(0x000000d224590000,0x000000d224780000)]
  0x0000027ccc0f8000 JavaThread "pool-35-thread-9" [_thread_blocked, id=25200, stack(0x000000d224780000,0x000000d224970000)]
  0x0000027ccc0f5800 JavaThread "pool-43-thread-4" [_thread_blocked, id=9868, stack(0x000000d224970000,0x000000d224b60000)]
  0x0000027ccc0f8800 JavaThread "pool-43-thread-5" [_thread_blocked, id=30364, stack(0x000000d224b60000,0x000000d224d50000)]
  0x0000027ccc0f6000 JavaThread "pool-43-thread-6" [_thread_blocked, id=36968, stack(0x000000d224d50000,0x000000d224f40000)]
  0x0000027ccc0f7000 JavaThread "pool-25-thread-10" [_thread_blocked, id=33936, stack(0x000000d224f40000,0x000000d225130000)]
  0x0000027ccc0f3000 JavaThread "pool-45-thread-4" [_thread_blocked, id=27340, stack(0x000000d225130000,0x000000d225320000)]
  0x0000027ccc0fa800 JavaThread "pool-45-thread-5" [_thread_blocked, id=28420, stack(0x000000d225320000,0x000000d225510000)]
  0x0000027ccc0f4800 JavaThread "pool-45-thread-6" [_thread_blocked, id=3728, stack(0x000000d225510000,0x000000d225700000)]
  0x0000027ccc0fe800 JavaThread "pool-47-thread-4" [_thread_blocked, id=23644, stack(0x000000d225700000,0x000000d2258f0000)]
  0x0000027ccc0fd800 JavaThread "pool-47-thread-5" [_thread_blocked, id=32776, stack(0x000000d2258f0000,0x000000d225ae0000)]
  0x0000027ccc0fc000 JavaThread "pool-47-thread-6" [_thread_blocked, id=22996, stack(0x000000d225ae0000,0x000000d225cd0000)]
  0x0000027ccc0f9800 JavaThread "pool-27-thread-9" [_thread_blocked, id=33932, stack(0x000000d225cd0000,0x000000d225ec0000)]
  0x0000027ccc0fd000 JavaThread "pool-27-thread-10" [_thread_blocked, id=35304, stack(0x000000d225ec0000,0x000000d2260b0000)]
  0x0000027ccc101000 JavaThread "pool-29-thread-9" [_thread_blocked, id=37524, stack(0x000000d2260b0000,0x000000d2262a0000)]
  0x0000027ccc0fb000 JavaThread "pool-29-thread-10" [_thread_blocked, id=26304, stack(0x000000d2262a0000,0x000000d226490000)]
  0x0000027ccc102800 JavaThread "pool-37-thread-7" [_thread_blocked, id=33852, stack(0x000000d226490000,0x000000d226680000)]
  0x0000027ccc0ff000 JavaThread "pool-37-thread-8" [_thread_blocked, id=37344, stack(0x000000d226680000,0x000000d226870000)]
  0x0000027ccc104000 JavaThread "pool-37-thread-9" [_thread_blocked, id=33292, stack(0x000000d226870000,0x000000d226a60000)]
  0x0000027ccc101800 JavaThread "AMQP Connection 127.0.0.1:5672" [_thread_in_native, id=28844, stack(0x000000d226a60000,0x000000d226c50000)]
  0x0000027ccc103800 JavaThread "pool-55-thread-2" [_thread_blocked, id=27904, stack(0x000000d226c50000,0x000000d226e40000)]
  0x0000027ccc105000 JavaThread "Thread-27" [_thread_in_native, id=34872, stack(0x000000d226e40000,0x000000d227030000)]
  0x0000027ccc106000 JavaThread "pool-55-thread-3" [_thread_blocked, id=29516, stack(0x000000d227030000,0x000000d227220000)]
  0x0000027ccc100000 JavaThread "AMQP Connection 0:0:0:0:0:0:0:1:5672" [_thread_in_native, id=4592, stack(0x000000d227220000,0x000000d227410000)]
  0x0000027ccc106800 JavaThread "pool-57-thread-2" [_thread_blocked, id=24572, stack(0x000000d227410000,0x000000d227600000)]
  0x0000027ccc107800 JavaThread "Thread-28" [_thread_in_native, id=35976, stack(0x000000d226e40000,0x000000d227030000)]
  0x0000027ccc108000 JavaThread "pool-57-thread-3" [_thread_blocked, id=36256, stack(0x000000d227800000,0x000000d2279f0000)]
  0x0000027ccc2f9800 JavaThread "pool-39-thread-6" [_thread_blocked, id=20652, stack(0x000000d226e40000,0x000000d227030000)]
  0x0000027ccc2fa800 JavaThread "pool-39-thread-7" [_thread_blocked, id=29968, stack(0x000000d2279f0000,0x000000d227be0000)]
  0x0000027ccc2fb000 JavaThread "pool-39-thread-8" [_thread_blocked, id=28936, stack(0x000000d227be0000,0x000000d227dd0000)]
  0x0000027ccc2fc000 JavaThread "pool-41-thread-7" [_thread_blocked, id=27680, stack(0x000000d227dd0000,0x000000d227fc0000)]
  0x0000027ccc2fd800 JavaThread "pool-41-thread-8" [_thread_blocked, id=30416, stack(0x000000d227fc0000,0x000000d2281b0000)]
  0x0000027ccc2fc800 JavaThread "pool-41-thread-9" [_thread_blocked, id=21992, stack(0x000000d2281b0000,0x000000d2283a0000)]
  0x0000027ccc2f8000 JavaThread "pool-49-thread-4" [_thread_blocked, id=29924, stack(0x000000d2283a0000,0x000000d228590000)]
  0x0000027ccc2fe800 JavaThread "pool-49-thread-5" [_thread_blocked, id=10984, stack(0x000000d228590000,0x000000d228780000)]
  0x0000027ccc2f8800 JavaThread "pool-49-thread-6" [_thread_blocked, id=14932, stack(0x000000d228780000,0x000000d228970000)]
  0x0000027ccc304000 JavaThread "pool-43-thread-7" [_thread_in_native, id=23704, stack(0x000000d228d50000,0x000000d228f40000)]
  0x0000027ccc302800 JavaThread "pool-35-thread-10" [_thread_in_native, id=26892, stack(0x000000d228f40000,0x000000d229130000)]
  0x0000027ccc2ff000 JavaThread "pool-37-thread-10" [_thread_in_native, id=20588, stack(0x000000d229130000,0x000000d229320000)]
  0x0000027ccc300000 JavaThread "pool-45-thread-7" [_thread_in_native, id=20888, stack(0x000000d229320000,0x000000d229510000)]
  0x0000027ccc303800 JavaThread "pool-33-thread-10" [_thread_in_native, id=27500, stack(0x000000d229510000,0x000000d229700000)]
  0x0000027ccc305000 JavaThread "pool-47-thread-7" [_thread_in_native, id=22696, stack(0x000000d229700000,0x000000d2298f0000)]
  0x0000027ccc306800 JavaThread "pool-55-thread-4" [_thread_in_native, id=30832, stack(0x000000d2298f0000,0x000000d229ae0000)]
  0x0000027ccc301000 JavaThread "pool-51-thread-4" [_thread_in_native, id=34532, stack(0x000000d229ae0000,0x000000d229cd0000)]
  0x0000027ccc307800 JavaThread "pool-41-thread-10" [_thread_in_native, id=31508, stack(0x000000d229cd0000,0x000000d229ec0000)]
  0x0000027ccc301800 JavaThread "pool-57-thread-4" [_thread_in_native, id=30800, stack(0x000000d229ec0000,0x000000d22a0b0000)]
  0x0000027ccc30a000 JavaThread "pool-53-thread-4" [_thread_in_native, id=35936, stack(0x000000d22a0b0000,0x000000d22a2a0000)]
  0x0000027ccc308000 JavaThread "pool-49-thread-7" [_thread_in_native, id=32000, stack(0x000000d22a2a0000,0x000000d22a490000)]
  0x0000027ccc30a800 JavaThread "pool-31-thread-10" [_thread_in_native, id=6784, stack(0x000000d22a490000,0x000000d22a680000)]
  0x0000027ccc30b800 JavaThread "pool-39-thread-9" [_thread_in_native, id=26700, stack(0x000000d22a680000,0x000000d22a870000)]

Other Threads:
  0x0000027ccb097000 VMThread "VM Thread" [stack: 0x000000d209770000,0x000000d209960000] [id=33928]
  0x0000027ccb1fd800 WatcherThread [stack: 0x000000d20aad0000,0x000000d20acc0000] [id=34512]
  0x0000027cab807000 GCTaskThread "GC Thread#0" [stack: 0x000000d208dc0000,0x000000d208fb0000] [id=36660]
  0x0000027ccb125000 GCTaskThread "GC Thread#1" [stack: 0x000000d20e4f0000,0x000000d20e6e0000] [id=10700]
  0x0000027ccb424000 GCTaskThread "GC Thread#2" [stack: 0x000000d20e6e0000,0x000000d20e8d0000] [id=15324]
  0x0000027ccb3eb000 GCTaskThread "GC Thread#3" [stack: 0x000000d20e8d0000,0x000000d20eac0000] [id=13964]
  0x0000027cab819800 ConcurrentGCThread "G1 Main Marker" [stack: 0x000000d208fb0000,0x000000d2091a0000] [id=36532]
  0x0000027cab81b000 ConcurrentGCThread "G1 Conc#0" [stack: 0x000000d2091a0000,0x000000d209390000] [id=28404]
  0x0000027cab88a800 ConcurrentGCThread "G1 Refine#0" [stack: 0x000000d209390000,0x000000d209580000] [id=33972]
  0x0000027cab88e000 ConcurrentGCThread "G1 Young RemSet Sampling" [stack: 0x000000d209580000,0x000000d209770000] [id=32624]

Threads with active compile tasks:

VM state:not at safepoint (normal execution)

VM Mutex/Monitor currently owned by a thread: None

Heap address: 0x0000000081400000, size: 2028 MB, Compressed Oops mode: 32-bit
Narrow klass base: 0x0000000800000000, Narrow klass shift: 3
Compressed class space size: 1073741824 Address: 0x0000000800b30000

Heap:
 garbage-first heap   total 131072K, used 11912K [0x0000000081400000, 0x0000000100000000)
  region size 1024K, 13 young (13312K), 2 survivors (2048K)
 Metaspace       used 3606K, capacity 6239K, committed 6272K, reserved 1056768K
  class space    used 403K, capacity 630K, committed 640K, reserved 1048576K
Heap Regions: E=young(eden), S=young(survivor), O=old, HS=humongous(starts), HC=humongous(continues), CS=collection set, F=free, OA=open archive, CA=closed archive, TAMS=top-at-mark-start (previous, next)
|   0|0x0000000081400000, 0x0000000081400000, 0x0000000081500000|  0%| F|  |TAMS 0x0000000081400000, 0x0000000081400000| Untracked 
|   1|0x0000000081500000, 0x0000000081500000, 0x0000000081600000|  0%| F|  |TAMS 0x0000000081500000, 0x0000000081500000| Untracked 
|   2|0x0000000081600000, 0x0000000081600000, 0x0000000081700000|  0%| F|  |TAMS 0x0000000081600000, 0x0000000081600000| Untracked 
|   3|0x0000000081700000, 0x0000000081700000, 0x0000000081800000|  0%| F|  |TAMS 0x0000000081700000, 0x0000000081700000| Untracked 
|   4|0x0000000081800000, 0x0000000081800000, 0x0000000081900000|  0%| F|  |TAMS 0x0000000081800000, 0x0000000081800000| Untracked 
|   5|0x0000000081900000, 0x0000000081900000, 0x0000000081a00000|  0%| F|  |TAMS 0x0000000081900000, 0x0000000081900000| Untracked 
|   6|0x0000000081a00000, 0x0000000081a00000, 0x0000000081b00000|  0%| F|  |TAMS 0x0000000081a00000, 0x0000000081a00000| Untracked 
|   7|0x0000000081b00000, 0x0000000081b00000, 0x0000000081c00000|  0%| F|  |TAMS 0x0000000081b00000, 0x0000000081b00000| Untracked 
|   8|0x0000000081c00000, 0x0000000081c00000, 0x0000000081d00000|  0%| F|  |TAMS 0x0000000081c00000, 0x0000000081c00000| Untracked 
|   9|0x0000000081d00000, 0x0000000081d00000, 0x0000000081e00000|  0%| F|  |TAMS 0x0000000081d00000, 0x0000000081d00000| Untracked 
|  10|0x0000000081e00000, 0x0000000081e00000, 0x0000000081f00000|  0%| F|  |TAMS 0x0000000081e00000, 0x0000000081e00000| Untracked 
|  11|0x0000000081f00000, 0x0000000081f00000, 0x0000000082000000|  0%| F|  |TAMS 0x0000000081f00000, 0x0000000081f00000| Untracked 
|  12|0x0000000082000000, 0x0000000082000000, 0x0000000082100000|  0%| F|  |TAMS 0x0000000082000000, 0x0000000082000000| Untracked 
|  13|0x0000000082100000, 0x0000000082100000, 0x0000000082200000|  0%| F|  |TAMS 0x0000000082100000, 0x0000000082100000| Untracked 
|  14|0x0000000082200000, 0x0000000082200000, 0x0000000082300000|  0%| F|  |TAMS 0x0000000082200000, 0x0000000082200000| Untracked 
|  15|0x0000000082300000, 0x0000000082300000, 0x0000000082400000|  0%| F|  |TAMS 0x0000000082300000, 0x0000000082300000| Untracked 
|  16|0x0000000082400000, 0x0000000082400000, 0x0000000082500000|  0%| F|  |TAMS 0x0000000082400000, 0x0000000082400000| Untracked 
|  17|0x0000000082500000, 0x0000000082500000, 0x0000000082600000|  0%| F|  |TAMS 0x0000000082500000, 0x0000000082500000| Untracked 
|  18|0x0000000082600000, 0x0000000082600000, 0x0000000082700000|  0%| F|  |TAMS 0x0000000082600000, 0x0000000082600000| Untracked 
|  19|0x0000000082700000, 0x0000000082700000, 0x0000000082800000|  0%| F|  |TAMS 0x0000000082700000, 0x0000000082700000| Untracked 
|  20|0x0000000082800000, 0x0000000082800000, 0x0000000082900000|  0%| F|  |TAMS 0x0000000082800000, 0x0000000082800000| Untracked 
|  21|0x0000000082900000, 0x0000000082900000, 0x0000000082a00000|  0%| F|  |TAMS 0x0000000082900000, 0x0000000082900000| Untracked 
|  22|0x0000000082a00000, 0x0000000082a00000, 0x0000000082b00000|  0%| F|  |TAMS 0x0000000082a00000, 0x0000000082a00000| Untracked 
|  23|0x0000000082b00000, 0x0000000082b00000, 0x0000000082c00000|  0%| F|  |TAMS 0x0000000082b00000, 0x0000000082b00000| Untracked 
|  24|0x0000000082c00000, 0x0000000082c00000, 0x0000000082d00000|  0%| F|  |TAMS 0x0000000082c00000, 0x0000000082c00000| Untracked 
|  25|0x0000000082d00000, 0x0000000082d00000, 0x0000000082e00000|  0%| F|  |TAMS 0x0000000082d00000, 0x0000000082d00000| Untracked 
|  26|0x0000000082e00000, 0x0000000082e00000, 0x0000000082f00000|  0%| F|  |TAMS 0x0000000082e00000, 0x0000000082e00000| Untracked 
|  27|0x0000000082f00000, 0x0000000082f00000, 0x0000000083000000|  0%| F|  |TAMS 0x0000000082f00000, 0x0000000082f00000| Untracked 
|  28|0x0000000083000000, 0x0000000083000000, 0x0000000083100000|  0%| F|  |TAMS 0x0000000083000000, 0x0000000083000000| Untracked 
|  29|0x0000000083100000, 0x0000000083100000, 0x0000000083200000|  0%| F|  |TAMS 0x0000000083100000, 0x0000000083100000| Untracked 
|  30|0x0000000083200000, 0x0000000083200000, 0x0000000083300000|  0%| F|  |TAMS 0x0000000083200000, 0x0000000083200000| Untracked 
|  31|0x0000000083300000, 0x0000000083300000, 0x0000000083400000|  0%| F|  |TAMS 0x0000000083300000, 0x0000000083300000| Untracked 
|  32|0x0000000083400000, 0x0000000083400000, 0x0000000083500000|  0%| F|  |TAMS 0x0000000083400000, 0x0000000083400000| Untracked 
|  33|0x0000000083500000, 0x0000000083500000, 0x0000000083600000|  0%| F|  |TAMS 0x0000000083500000, 0x0000000083500000| Untracked 
|  34|0x0000000083600000, 0x0000000083600000, 0x0000000083700000|  0%| F|  |TAMS 0x0000000083600000, 0x0000000083600000| Untracked 
|  35|0x0000000083700000, 0x0000000083700000, 0x0000000083800000|  0%| F|  |TAMS 0x0000000083700000, 0x0000000083700000| Untracked 
|  36|0x0000000083800000, 0x0000000083800000, 0x0000000083900000|  0%| F|  |TAMS 0x0000000083800000, 0x0000000083800000| Untracked 
|  37|0x0000000083900000, 0x0000000083900000, 0x0000000083a00000|  0%| F|  |TAMS 0x0000000083900000, 0x0000000083900000| Untracked 
|  38|0x0000000083a00000, 0x0000000083a00000, 0x0000000083b00000|  0%| F|  |TAMS 0x0000000083a00000, 0x0000000083a00000| Untracked 
|  39|0x0000000083b00000, 0x0000000083b00000, 0x0000000083c00000|  0%| F|  |TAMS 0x0000000083b00000, 0x0000000083b00000| Untracked 
|  40|0x0000000083c00000, 0x0000000083c00000, 0x0000000083d00000|  0%| F|  |TAMS 0x0000000083c00000, 0x0000000083c00000| Untracked 
|  41|0x0000000083d00000, 0x0000000083d00000, 0x0000000083e00000|  0%| F|  |TAMS 0x0000000083d00000, 0x0000000083d00000| Untracked 
|  42|0x0000000083e00000, 0x0000000083e00000, 0x0000000083f00000|  0%| F|  |TAMS 0x0000000083e00000, 0x0000000083e00000| Untracked 
|  43|0x0000000083f00000, 0x0000000083f00000, 0x0000000084000000|  0%| F|  |TAMS 0x0000000083f00000, 0x0000000083f00000| Untracked 
|  44|0x0000000084000000, 0x0000000084000000, 0x0000000084100000|  0%| F|  |TAMS 0x0000000084000000, 0x0000000084000000| Untracked 
|  45|0x0000000084100000, 0x0000000084100000, 0x0000000084200000|  0%| F|  |TAMS 0x0000000084100000, 0x0000000084100000| Untracked 
|  46|0x0000000084200000, 0x0000000084200000, 0x0000000084300000|  0%| F|  |TAMS 0x0000000084200000, 0x0000000084200000| Untracked 
|  47|0x0000000084300000, 0x0000000084300000, 0x0000000084400000|  0%| F|  |TAMS 0x0000000084300000, 0x0000000084300000| Untracked 
|  48|0x0000000084400000, 0x0000000084400000, 0x0000000084500000|  0%| F|  |TAMS 0x0000000084400000, 0x0000000084400000| Untracked 
|  49|0x0000000084500000, 0x0000000084500000, 0x0000000084600000|  0%| F|  |TAMS 0x0000000084500000, 0x0000000084500000| Untracked 
|  50|0x0000000084600000, 0x0000000084600000, 0x0000000084700000|  0%| F|  |TAMS 0x0000000084600000, 0x0000000084600000| Untracked 
|  51|0x0000000084700000, 0x0000000084700000, 0x0000000084800000|  0%| F|  |TAMS 0x0000000084700000, 0x0000000084700000| Untracked 
|  52|0x0000000084800000, 0x0000000084800000, 0x0000000084900000|  0%| F|  |TAMS 0x0000000084800000, 0x0000000084800000| Untracked 
|  53|0x0000000084900000, 0x0000000084900000, 0x0000000084a00000|  0%| F|  |TAMS 0x0000000084900000, 0x0000000084900000| Untracked 
|  54|0x0000000084a00000, 0x0000000084a00000, 0x0000000084b00000|  0%| F|  |TAMS 0x0000000084a00000, 0x0000000084a00000| Untracked 
|  55|0x0000000084b00000, 0x0000000084b00000, 0x0000000084c00000|  0%| F|  |TAMS 0x0000000084b00000, 0x0000000084b00000| Untracked 
|  56|0x0000000084c00000, 0x0000000084c00000, 0x0000000084d00000|  0%| F|  |TAMS 0x0000000084c00000, 0x0000000084c00000| Untracked 
|  57|0x0000000084d00000, 0x0000000084d00000, 0x0000000084e00000|  0%| F|  |TAMS 0x0000000084d00000, 0x0000000084d00000| Untracked 
|  58|0x0000000084e00000, 0x0000000084e00000, 0x0000000084f00000|  0%| F|  |TAMS 0x0000000084e00000, 0x0000000084e00000| Untracked 
|  59|0x0000000084f00000, 0x0000000084f00000, 0x0000000085000000|  0%| F|  |TAMS 0x0000000084f00000, 0x0000000084f00000| Untracked 
|  60|0x0000000085000000, 0x0000000085000000, 0x0000000085100000|  0%| F|  |TAMS 0x0000000085000000, 0x0000000085000000| Untracked 
|  61|0x0000000085100000, 0x0000000085100000, 0x0000000085200000|  0%| F|  |TAMS 0x0000000085100000, 0x0000000085100000| Untracked 
|  62|0x0000000085200000, 0x0000000085200000, 0x0000000085300000|  0%| F|  |TAMS 0x0000000085200000, 0x0000000085200000| Untracked 
|  63|0x0000000085300000, 0x0000000085300000, 0x0000000085400000|  0%| F|  |TAMS 0x0000000085300000, 0x0000000085300000| Untracked 
|  64|0x0000000085400000, 0x0000000085400000, 0x0000000085500000|  0%| F|  |TAMS 0x0000000085400000, 0x0000000085400000| Untracked 
|  65|0x0000000085500000, 0x0000000085500000, 0x0000000085600000|  0%| F|  |TAMS 0x0000000085500000, 0x0000000085500000| Untracked 
|  66|0x0000000085600000, 0x0000000085600000, 0x0000000085700000|  0%| F|  |TAMS 0x0000000085600000, 0x0000000085600000| Untracked 
|  67|0x0000000085700000, 0x0000000085700000, 0x0000000085800000|  0%| F|  |TAMS 0x0000000085700000, 0x0000000085700000| Untracked 
|  68|0x0000000085800000, 0x0000000085800000, 0x0000000085900000|  0%| F|  |TAMS 0x0000000085800000, 0x0000000085800000| Untracked 
|  69|0x0000000085900000, 0x0000000085900000, 0x0000000085a00000|  0%| F|  |TAMS 0x0000000085900000, 0x0000000085900000| Untracked 
|  70|0x0000000085a00000, 0x0000000085a00000, 0x0000000085b00000|  0%| F|  |TAMS 0x0000000085a00000, 0x0000000085a00000| Untracked 
|  71|0x0000000085b00000, 0x0000000085b00000, 0x0000000085c00000|  0%| F|  |TAMS 0x0000000085b00000, 0x0000000085b00000| Untracked 
|  72|0x0000000085c00000, 0x0000000085c00000, 0x0000000085d00000|  0%| F|  |TAMS 0x0000000085c00000, 0x0000000085c00000| Untracked 
|  73|0x0000000085d00000, 0x0000000085d00000, 0x0000000085e00000|  0%| F|  |TAMS 0x0000000085d00000, 0x0000000085d00000| Untracked 
|  74|0x0000000085e00000, 0x0000000085e00000, 0x0000000085f00000|  0%| F|  |TAMS 0x0000000085e00000, 0x0000000085e00000| Untracked 
|  75|0x0000000085f00000, 0x0000000085f00000, 0x0000000086000000|  0%| F|  |TAMS 0x0000000085f00000, 0x0000000085f00000| Untracked 
|  76|0x0000000086000000, 0x0000000086000000, 0x0000000086100000|  0%| F|  |TAMS 0x0000000086000000, 0x0000000086000000| Untracked 
|  77|0x0000000086100000, 0x0000000086100000, 0x0000000086200000|  0%| F|  |TAMS 0x0000000086100000, 0x0000000086100000| Untracked 
|  78|0x0000000086200000, 0x0000000086200000, 0x0000000086300000|  0%| F|  |TAMS 0x0000000086200000, 0x0000000086200000| Untracked 
|  79|0x0000000086300000, 0x0000000086300000, 0x0000000086400000|  0%| F|  |TAMS 0x0000000086300000, 0x0000000086300000| Untracked 
|  80|0x0000000086400000, 0x0000000086400000, 0x0000000086500000|  0%| F|  |TAMS 0x0000000086400000, 0x0000000086400000| Untracked 
|  81|0x0000000086500000, 0x0000000086500000, 0x0000000086600000|  0%| F|  |TAMS 0x0000000086500000, 0x0000000086500000| Untracked 
|  82|0x0000000086600000, 0x0000000086600000, 0x0000000086700000|  0%| F|  |TAMS 0x0000000086600000, 0x0000000086600000| Untracked 
|  83|0x0000000086700000, 0x0000000086700000, 0x0000000086800000|  0%| F|  |TAMS 0x0000000086700000, 0x0000000086700000| Untracked 
|  84|0x0000000086800000, 0x0000000086800000, 0x0000000086900000|  0%| F|  |TAMS 0x0000000086800000, 0x0000000086800000| Untracked 
|  85|0x0000000086900000, 0x0000000086900000, 0x0000000086a00000|  0%| F|  |TAMS 0x0000000086900000, 0x0000000086900000| Untracked 
|  86|0x0000000086a00000, 0x0000000086a00000, 0x0000000086b00000|  0%| F|  |TAMS 0x0000000086a00000, 0x0000000086a00000| Untracked 
|  87|0x0000000086b00000, 0x0000000086b00000, 0x0000000086c00000|  0%| F|  |TAMS 0x0000000086b00000, 0x0000000086b00000| Untracked 
|  88|0x0000000086c00000, 0x0000000086c00000, 0x0000000086d00000|  0%| F|  |TAMS 0x0000000086c00000, 0x0000000086c00000| Untracked 
|  89|0x0000000086d00000, 0x0000000086d00000, 0x0000000086e00000|  0%| F|  |TAMS 0x0000000086d00000, 0x0000000086d00000| Untracked 
|  90|0x0000000086e00000, 0x0000000086e00000, 0x0000000086f00000|  0%| F|  |TAMS 0x0000000086e00000, 0x0000000086e00000| Untracked 
|  91|0x0000000086f00000, 0x0000000086f00000, 0x0000000087000000|  0%| F|  |TAMS 0x0000000086f00000, 0x0000000086f00000| Untracked 
|  92|0x0000000087000000, 0x0000000087000000, 0x0000000087100000|  0%| F|  |TAMS 0x0000000087000000, 0x0000000087000000| Untracked 
|  93|0x0000000087100000, 0x0000000087100000, 0x0000000087200000|  0%| F|  |TAMS 0x0000000087100000, 0x0000000087100000| Untracked 
|  94|0x0000000087200000, 0x0000000087200000, 0x0000000087300000|  0%| F|  |TAMS 0x0000000087200000, 0x0000000087200000| Untracked 
|  95|0x0000000087300000, 0x0000000087300000, 0x0000000087400000|  0%| F|  |TAMS 0x0000000087300000, 0x0000000087300000| Untracked 
|  96|0x0000000087400000, 0x0000000087400000, 0x0000000087500000|  0%| F|  |TAMS 0x0000000087400000, 0x0000000087400000| Untracked 
|  97|0x0000000087500000, 0x0000000087500000, 0x0000000087600000|  0%| F|  |TAMS 0x0000000087500000, 0x0000000087500000| Untracked 
|  98|0x0000000087600000, 0x0000000087600000, 0x0000000087700000|  0%| F|  |TAMS 0x0000000087600000, 0x0000000087600000| Untracked 
|  99|0x0000000087700000, 0x0000000087700000, 0x0000000087800000|  0%| F|  |TAMS 0x0000000087700000, 0x0000000087700000| Untracked 
| 100|0x0000000087800000, 0x0000000087800000, 0x0000000087900000|  0%| F|  |TAMS 0x0000000087800000, 0x0000000087800000| Untracked 
| 101|0x0000000087900000, 0x0000000087900000, 0x0000000087a00000|  0%| F|  |TAMS 0x0000000087900000, 0x0000000087900000| Untracked 
| 102|0x0000000087a00000, 0x0000000087a00000, 0x0000000087b00000|  0%| F|  |TAMS 0x0000000087a00000, 0x0000000087a00000| Untracked 
| 103|0x0000000087b00000, 0x0000000087b00000, 0x0000000087c00000|  0%| F|  |TAMS 0x0000000087b00000, 0x0000000087b00000| Untracked 
| 104|0x0000000087c00000, 0x0000000087c00000, 0x0000000087d00000|  0%| F|  |TAMS 0x0000000087c00000, 0x0000000087c00000| Untracked 
| 105|0x0000000087d00000, 0x0000000087d00000, 0x0000000087e00000|  0%| F|  |TAMS 0x0000000087d00000, 0x0000000087d00000| Untracked 
| 106|0x0000000087e00000, 0x0000000087e00000, 0x0000000087f00000|  0%| F|  |TAMS 0x0000000087e00000, 0x0000000087e00000| Untracked 
| 107|0x0000000087f00000, 0x0000000087f00000, 0x0000000088000000|  0%| F|  |TAMS 0x0000000087f00000, 0x0000000087f00000| Untracked 
| 108|0x0000000088000000, 0x0000000088000000, 0x0000000088100000|  0%| F|  |TAMS 0x0000000088000000, 0x0000000088000000| Untracked 
| 109|0x0000000088100000, 0x0000000088100000, 0x0000000088200000|  0%| F|  |TAMS 0x0000000088100000, 0x0000000088100000| Untracked 
| 110|0x0000000088200000, 0x0000000088200000, 0x0000000088300000|  0%| F|  |TAMS 0x0000000088200000, 0x0000000088200000| Untracked 
| 111|0x0000000088300000, 0x0000000088300000, 0x0000000088400000|  0%| F|  |TAMS 0x0000000088300000, 0x0000000088300000| Untracked 
| 112|0x0000000088400000, 0x0000000088400000, 0x0000000088500000|  0%| F|  |TAMS 0x0000000088400000, 0x0000000088400000| Untracked 
| 113|0x0000000088500000, 0x00000000885a2240, 0x0000000088600000| 63%| S|CS|TAMS 0x0000000088500000, 0x0000000088500000| Complete 
| 114|0x0000000088600000, 0x0000000088700000, 0x0000000088700000|100%| S|CS|TAMS 0x0000000088600000, 0x0000000088600000| Complete 
| 115|0x0000000088700000, 0x0000000088700000, 0x0000000088800000|  0%| F|  |TAMS 0x0000000088700000, 0x0000000088700000| Untracked 
| 116|0x0000000088800000, 0x0000000088800000, 0x0000000088900000|  0%| F|  |TAMS 0x0000000088800000, 0x0000000088800000| Untracked 
| 117|0x0000000088900000, 0x00000000889e48e0, 0x0000000088a00000| 89%| E|  |TAMS 0x0000000088900000, 0x0000000088900000| Complete 
| 118|0x0000000088a00000, 0x0000000088b00000, 0x0000000088b00000|100%| E|CS|TAMS 0x0000000088a00000, 0x0000000088a00000| Complete 
| 119|0x0000000088b00000, 0x0000000088c00000, 0x0000000088c00000|100%| E|CS|TAMS 0x0000000088b00000, 0x0000000088b00000| Complete 
| 120|0x0000000088c00000, 0x0000000088d00000, 0x0000000088d00000|100%| E|CS|TAMS 0x0000000088c00000, 0x0000000088c00000| Complete 
| 121|0x0000000088d00000, 0x0000000088e00000, 0x0000000088e00000|100%| E|CS|TAMS 0x0000000088d00000, 0x0000000088d00000| Complete 
| 122|0x0000000088e00000, 0x0000000088f00000, 0x0000000088f00000|100%| E|CS|TAMS 0x0000000088e00000, 0x0000000088e00000| Complete 
| 123|0x0000000088f00000, 0x0000000089000000, 0x0000000089000000|100%| E|CS|TAMS 0x0000000088f00000, 0x0000000088f00000| Complete 
| 124|0x0000000089000000, 0x0000000089100000, 0x0000000089100000|100%| E|CS|TAMS 0x0000000089000000, 0x0000000089000000| Complete 
| 125|0x0000000089100000, 0x0000000089200000, 0x0000000089200000|100%| E|CS|TAMS 0x0000000089100000, 0x0000000089100000| Complete 
| 126|0x0000000089200000, 0x0000000089300000, 0x0000000089300000|100%| E|CS|TAMS 0x0000000089200000, 0x0000000089200000| Complete 
| 127|0x0000000089300000, 0x0000000089400000, 0x0000000089400000|100%| E|CS|TAMS 0x0000000089300000, 0x0000000089300000| Complete 

Card table byte_map: [0x0000027cc3b80000,0x0000027cc3f80000] _byte_map_base: 0x0000027cc3776000

Marking Bits (Prev, Next): (CMBitMap*) 0x0000027ca98fe618, (CMBitMap*) 0x0000027ca98fe658
 Prev Bits: [0x0000027cc4380000, 0x0000027cc6330000)
 Next Bits: [0x0000027cc6330000, 0x0000027cc82e0000)

Polling page: 0x0000027cab320000

Metaspace:

Usage:
  Non-class:      5.48 MB capacity,     3.13 MB ( 57%) used,     2.34 MB ( 43%) free+waste,     6.31 KB ( <1%) overhead. 
      Class:    630.00 KB capacity,   403.57 KB ( 64%) used,   222.99 KB ( 35%) free+waste,     3.44 KB ( <1%) overhead. 
       Both:      6.09 MB capacity,     3.52 MB ( 58%) used,     2.56 MB ( 42%) free+waste,     9.75 KB ( <1%) overhead. 

Virtual space:
  Non-class space:        8.00 MB reserved,       5.50 MB ( 69%) committed 
      Class space:        1.00 GB reserved,     640.00 KB ( <1%) committed 
             Both:        1.01 GB reserved,       6.13 MB ( <1%) committed 

Chunk freelists:
   Non-Class:  23.00 KB
       Class:  0 bytes
        Both:  23.00 KB

MaxMetaspaceSize: 17179869184.00 GB
CompressedClassSpaceSize: 1.00 GB

CodeHeap 'non-profiled nmethods': size=120000Kb used=219Kb max_used=219Kb free=119780Kb
 bounds [0x0000027cbbc20000, 0x0000027cbbe90000, 0x0000027cc3150000]
CodeHeap 'profiled nmethods': size=120000Kb used=1653Kb max_used=1653Kb free=118346Kb
 bounds [0x0000027cb46f0000, 0x0000027cb4960000, 0x0000027cbbc20000]
CodeHeap 'non-nmethods': size=5760Kb used=1173Kb max_used=1189Kb free=4587Kb
 bounds [0x0000027cb4150000, 0x0000027cb43c0000, 0x0000027cb46f0000]
 total_blobs=1305 nmethods=877 adapters=341
 compilation: enabled
              stopped_count=0, restarted_count=0
 full_count=0

Compilation events (20 events):
Event: 55.722 Thread 0x0000027ccb0c1800  864       3       com.rabbitmq.client.impl.ConsumerDispatcher::executeUnlessShuttingDown (13 bytes)
Event: 55.722 Thread 0x0000027ccb0c1800 nmethod 864 0x0000027cb4886f90 code [0x0000027cb48871a0, 0x0000027cb48878e8]
Event: 55.722 Thread 0x0000027ccb0c1800  863   !   3       com.rabbitmq.client.impl.VariableLinkedBlockingQueue::signalNotEmpty (33 bytes)
Event: 55.723 Thread 0x0000027ccb0c1800 nmethod 863 0x0000027cb4887b90 code [0x0000027cb4887e20, 0x0000027cb4888c58]
Event: 55.723 Thread 0x0000027ccb0c1800  865       3       java.util.LinkedList::offer (6 bytes)
Event: 55.724 Thread 0x0000027ccb0c1800 nmethod 865 0x0000027cb4889190 code [0x0000027cb4889340, 0x0000027cb4889508]
Event: 55.724 Thread 0x0000027ccb0c1800  866  s    1       com.rabbitmq.client.impl.CommandAssembler::getContentHeader (5 bytes)
Event: 55.724 Thread 0x0000027ccb0c1800 nmethod 866 0x0000027cbbc55e90 code [0x0000027cbbc56020, 0x0000027cbbc56298]
Event: 55.725 Thread 0x0000027ccb0c1800  867       3       com.rabbitmq.client.impl.CommandAssembler::updateContentBodyState (23 bytes)
Event: 55.725 Thread 0x0000027ccb0c1800 nmethod 867 0x0000027cb4889610 code [0x0000027cb48897a0, 0x0000027cb4889978]
Event: 55.726 Thread 0x0000027ccb0c1800  868   !   3       java.util.Collections$SynchronizedMap::get (25 bytes)
Event: 55.726 Thread 0x0000027ccb0c1800 nmethod 868 0x0000027cb4889a10 code [0x0000027cb4889bc0, 0x0000027cb4889f68]
Event: 55.726 Thread 0x0000027ccb0c1800  869       3       java.util.concurrent.locks.AbstractQueuedSynchronizer$Node::setPrevRelaxed (12 bytes)
Event: 55.726 Thread 0x0000027ccb0c1800 nmethod 869 0x0000027cb488a090 code [0x0000027cb488a220, 0x0000027cb488a398]
Event: 55.726 Thread 0x0000027ccb0c1800  870  s!   3       java.lang.Thread::start (71 bytes)
Event: 55.727 Thread 0x0000027ccb0c1800 nmethod 870 0x0000027cb488a410 code [0x0000027cb488a620, 0x0000027cb488ad58]
Event: 55.738 Thread 0x0000027ccb0c1800  872       3       java.lang.reflect.Method::<init> (68 bytes)
Event: 55.738 Thread 0x0000027ccb0c1800 nmethod 872 0x0000027cb488b010 code [0x0000027cb488b1e0, 0x0000027cb488b798]
Event: 55.738 Thread 0x0000027ccb0c1800  873       3       java.lang.reflect.Method::copy (84 bytes)
Event: 55.739 Thread 0x0000027ccb0c1800 nmethod 873 0x0000027cb488b910 code [0x0000027cb488bae0, 0x0000027cb488bf18]

GC Heap History (2 events):
Event: 12.767 GC heap before
{Heap before GC invocations=0 (full 0):
 garbage-first heap   total 131072K, used 13312K [0x0000000081400000, 0x0000000100000000)
  region size 1024K, 13 young (13312K), 0 survivors (0K)
 Metaspace       used 3191K, capacity 6039K, committed 6272K, reserved 1056768K
  class space    used 391K, capacity 629K, committed 640K, reserved 1048576K
}
Event: 12.772 GC heap after
{Heap after GC invocations=1 (full 0):
 garbage-first heap   total 131072K, used 1672K [0x0000000081400000, 0x0000000100000000)
  region size 1024K, 2 young (2048K), 2 survivors (2048K)
 Metaspace       used 3191K, capacity 6039K, committed 6272K, reserved 1056768K
  class space    used 391K, capacity 629K, committed 640K, reserved 1048576K
}

Deoptimization events (16 events):
Event: 11.847 Thread 0x0000027cab7ca800 Uncommon trap: trap_request=0xffffff45 fr.pc=0x0000027cbbc2442c relative=0x000000000000024c
Event: 11.847 Thread 0x0000027cab7ca800 Uncommon trap: reason=unstable_if action=reinterpret pc=0x0000027cbbc2442c method=java.lang.String.hashCode()I @ 13 c2
Event: 11.847 Thread 0x0000027cab7ca800 DEOPT PACKING pc=0x0000027cbbc2442c sp=0x000000d2087ec830
Event: 11.847 Thread 0x0000027cab7ca800 DEOPT UNPACKING pc=0x0000027cb419912f sp=0x000000d2087ec7c0 mode 2
Event: 12.672 Thread 0x0000027cab7ca800 Uncommon trap: trap_request=0xffffff45 fr.pc=0x0000027cbbc28708 relative=0x0000000000000068
Event: 12.672 Thread 0x0000027cab7ca800 Uncommon trap: reason=unstable_if action=reinterpret pc=0x0000027cbbc28708 method=java.lang.String.isLatin1()Z @ 10 c2
Event: 12.672 Thread 0x0000027cab7ca800 DEOPT PACKING pc=0x0000027cbbc28708 sp=0x000000d2087ed6d0
Event: 12.672 Thread 0x0000027cab7ca800 DEOPT UNPACKING pc=0x0000027cb419912f sp=0x000000d2087ed660 mode 2
Event: 13.871 Thread 0x0000027ccbe75000 DEOPT PACKING pc=0x0000027cb47b1de5 sp=0x000000d21ffced30
Event: 13.871 Thread 0x0000027ccbe75000 DEOPT UNPACKING pc=0x0000027cb419964e sp=0x000000d21ffce190 mode 0
Event: 14.612 Thread 0x0000027cab7ca800 DEOPT PACKING pc=0x0000027cb4766fb2 sp=0x000000d2087ec990
Event: 14.612 Thread 0x0000027cab7ca800 DEOPT UNPACKING pc=0x0000027cb419964e sp=0x000000d2087ebdf8 mode 0
Event: 55.723 Thread 0x0000027ccb57b800 Uncommon trap: trap_request=0xffffff45 fr.pc=0x0000027cbbc25ec0 relative=0x0000000000000080
Event: 55.723 Thread 0x0000027ccb57b800 Uncommon trap: reason=unstable_if action=reinterpret pc=0x0000027cbbc25ec0 method=java.lang.String.isLatin1()Z @ 10 c2
Event: 55.723 Thread 0x0000027ccb57b800 DEOPT PACKING pc=0x0000027cbbc25ec0 sp=0x000000d2185be580
Event: 55.723 Thread 0x0000027ccb57b800 DEOPT UNPACKING pc=0x0000027cb419912f sp=0x000000d2185be4c0 mode 2

Classes unloaded (0 events):
No events

Classes redefined (0 events):
No events

Internal exceptions (6 events):
Event: 11.798 Thread 0x0000027cab7ca800 Exception <a 'java/lang/NoClassDefFoundError'{0x0000000089259610}: org/slf4j/impl/StaticLoggerBinder> (0x0000000089259610) 
thrown [./open/src/hotspot/share/classfile/systemDictionary.cpp, line 215]
Event: 11.879 Thread 0x0000027cab7ca800 Exception <a 'java/lang/NoSuchMethodError'{0x00000000892e54e0}: 'void java.lang.invoke.DirectMethodHandle$Holder.invokeStaticInit(java.lang.Object, java.lang.Object)'> (0x00000000892e54e0) 
thrown [./open/src/hotspot/share/interpreter/linkResolver.cpp, line 766]
Event: 11.935 Thread 0x0000027cab7ca800 Exception <a 'java/lang/NoSuchMethodError'{0x000000008917b398}: 'int java.lang.invoke.DirectMethodHandle$Holder.invokeStaticInit(java.lang.Object, java.lang.Object)'> (0x000000008917b398) 
thrown [./open/src/hotspot/share/interpreter/linkResolver.cpp, line 766]
Event: 12.150 Thread 0x0000027cab7ca800 Exception <a 'java/lang/NoSuchMethodError'{0x0000000088ff5128}: 'void java.lang.invoke.DirectMethodHandle$Holder.invokeSpecial(java.lang.Object, java.lang.Object, java.lang.Object, java.lang.Object, java.lang.Object)'> (0x0000000088ff5128) 
thrown [./open/src/hotspot/share/interpreter/linkResolver.cpp, line 766]
Event: 12.424 Thread 0x0000027ccb315000 Exception <a 'java/lang/NoSuchMethodError'{0x0000000088ecf7e0}: 'void java.lang.invoke.DirectMethodHandle$Holder.invokeStatic(java.lang.Object, java.lang.Object, java.lang.Object, java.lang.Object)'> (0x0000000088ecf7e0) 
thrown [./open/src/hotspot/share/interpreter/linkResolver.cpp, line 766]
Event: 12.681 Thread 0x0000027cab7ca800 Exception <a 'java/lang/NoSuchMethodError'{0x00000000889eee60}: 'java.lang.Object java.lang.invoke.Invokers$Holder.linkToTargetMethod(java.lang.Object, java.lang.Object, java.lang.Object, java.lang.Object, java.lang.Object, java.lang.Object)'> (0x00000000889eee60) 
thrown [./open/src/hotspot/share/interpreter/linkResolver.cpp, line 766]

Events (20 events):
Event: 14.754 Thread 0x0000027ccc2fc800 Thread added: 0x0000027ccc2fc800
Event: 14.758 Thread 0x0000027ccc2f8000 Thread added: 0x0000027ccc2f8000
Event: 14.758 Executing VM operation: HandshakeOneThread
Event: 14.758 Executing VM operation: HandshakeOneThread done
Event: 14.760 Thread 0x0000027ccc2fe800 Thread added: 0x0000027ccc2fe800
Event: 14.765 Thread 0x0000027ccc2f8800 Thread added: 0x0000027ccc2f8800
Event: 55.722 Thread 0x0000027ccc304000 Thread added: 0x0000027ccc304000
Event: 55.722 Thread 0x0000027ccc302800 Thread added: 0x0000027ccc302800
Event: 55.723 Thread 0x0000027ccc2ff000 Thread added: 0x0000027ccc2ff000
Event: 55.723 Thread 0x0000027ccc300000 Thread added: 0x0000027ccc300000
Event: 55.724 Thread 0x0000027ccc303800 Thread added: 0x0000027ccc303800
Event: 55.724 Thread 0x0000027ccc305000 Thread added: 0x0000027ccc305000
Event: 55.724 Thread 0x0000027ccc306800 Thread added: 0x0000027ccc306800
Event: 55.725 Thread 0x0000027ccc301000 Thread added: 0x0000027ccc301000
Event: 55.725 Thread 0x0000027ccc307800 Thread added: 0x0000027ccc307800
Event: 55.725 Thread 0x0000027ccc301800 Thread added: 0x0000027ccc301800
Event: 55.725 Thread 0x0000027ccc30a000 Thread added: 0x0000027ccc30a000
Event: 55.726 Thread 0x0000027ccc308000 Thread added: 0x0000027ccc308000
Event: 55.726 Thread 0x0000027ccc30a800 Thread added: 0x0000027ccc30a800
Event: 55.728 Thread 0x0000027ccc30b800 Thread added: 0x0000027ccc30b800


Dynamic libraries:
0x00007ff7a5370000 - 0x00007ff7a538c000 	C:\tools\Anaconda3\envs\moses\python.exe
0x00007ffbde450000 - 0x00007ffbde646000 	C:\WINDOWS\SYSTEM32\ntdll.dll
0x00007ffbde320000 - 0x00007ffbde3dd000 	C:\WINDOWS\System32\KERNEL32.DLL
0x00007ffbdbd80000 - 0x00007ffbdc048000 	C:\WINDOWS\System32\KERNELBASE.dll
0x00007ffbdc1d0000 - 0x00007ffbdc2d0000 	C:\WINDOWS\System32\ucrtbase.dll
0x00007ffbd4420000 - 0x00007ffbd4435000 	C:\tools\Anaconda3\envs\moses\VCRUNTIME140.dll
0x00007ffb74da0000 - 0x00007ffb751d2000 	C:\tools\Anaconda3\envs\moses\python38.dll
0x00007ffbde170000 - 0x00007ffbde1c5000 	C:\WINDOWS\System32\SHLWAPI.dll
0x00007ffbde280000 - 0x00007ffbde31e000 	C:\WINDOWS\System32\msvcrt.dll
0x00007ffbcc480000 - 0x00007ffbcc48a000 	C:\WINDOWS\SYSTEM32\VERSION.dll
0x00007ffbdd740000 - 0x00007ffbdd7ab000 	C:\WINDOWS\System32\WS2_32.dll
0x00007ffbddef0000 - 0x00007ffbde014000 	C:\WINDOWS\System32\RPCRT4.dll
0x00007ffbdcd00000 - 0x00007ffbdcdaa000 	C:\WINDOWS\System32\ADVAPI32.dll
0x00007ffbdcdb0000 - 0x00007ffbdce4b000 	C:\WINDOWS\System32\sechost.dll
0x00007ffbdb4f0000 - 0x00007ffbdb508000 	C:\WINDOWS\SYSTEM32\CRYPTSP.dll
0x00007ffbdabe0000 - 0x00007ffbdac14000 	C:\WINDOWS\system32\rsaenh.dll
0x00007ffbdc1a0000 - 0x00007ffbdc1c7000 	C:\WINDOWS\System32\bcrypt.dll
0x00007ffbdb3b0000 - 0x00007ffbdb3bc000 	C:\WINDOWS\SYSTEM32\CRYPTBASE.dll
0x00007ffbdbb70000 - 0x00007ffbdbbef000 	C:\WINDOWS\System32\bcryptPrimitives.dll
0x00007ffbceca0000 - 0x00007ffbcecaf000 	C:\tools\Anaconda3\envs\moses\python3.DLL
0x00007ffbc1af0000 - 0x00007ffbc1b06000 	C:\tools\Anaconda3\envs\moses\DLLs\_socket.pyd
0x00007ffbdaf40000 - 0x00007ffbdaf7b000 	C:\WINDOWS\SYSTEM32\IPHLPAPI.DLL
0x00007ffbcec90000 - 0x00007ffbcec99000 	C:\tools\Anaconda3\envs\moses\DLLs\select.pyd
0x00007ffba86b0000 - 0x00007ffba86dd000 	C:\tools\Anaconda3\envs\moses\DLLs\_elementtree.pyd
0x00007ffb95270000 - 0x00007ffb952a1000 	C:\tools\Anaconda3\envs\moses\DLLs\pyexpat.pyd
0x00007ffbcc660000 - 0x00007ffbcc66d000 	C:\tools\Anaconda3\envs\moses\DLLs\_hashlib.pyd
0x00007ffb74a50000 - 0x00007ffb74d9a000 	C:\tools\Anaconda3\envs\moses\Library\bin\libcrypto-1_1-x64.dll
0x00007ffbdd270000 - 0x00007ffbdd410000 	C:\WINDOWS\System32\USER32.dll
0x00007ffbdbd50000 - 0x00007ffbdbd72000 	C:\WINDOWS\System32\win32u.dll
0x00007ffbde0b0000 - 0x00007ffbde0da000 	C:\WINDOWS\System32\GDI32.dll
0x00007ffbdc330000 - 0x00007ffbdc439000 	C:\WINDOWS\System32\gdi32full.dll
0x00007ffbdc050000 - 0x00007ffbdc0ed000 	C:\WINDOWS\System32\msvcp_win.dll
0x00007ffbdc4a0000 - 0x00007ffbdc4d0000 	C:\WINDOWS\System32\IMM32.DLL
0x00007ffba7230000 - 0x00007ffba7257000 	C:\tools\Anaconda3\envs\moses\DLLs\_ssl.pyd
0x00007ffbdbbf0000 - 0x00007ffbdbd4d000 	C:\WINDOWS\System32\CRYPT32.dll
0x00007ffb7bf30000 - 0x00007ffb7bfdc000 	C:\tools\Anaconda3\envs\moses\Library\bin\libssl-1_1-x64.dll
0x00007ffbb1a10000 - 0x00007ffbb1a27000 	C:\tools\Anaconda3\envs\moses\DLLs\_bz2.pyd
0x00007ffba6e80000 - 0x00007ffba6eaa000 	C:\tools\Anaconda3\envs\moses\DLLs\_lzma.pyd
0x00007ffb7beb0000 - 0x00007ffb7bf27000 	C:\tools\Anaconda3\envs\moses\lib\site-packages\jnius\jnius.cp38-win_amd64.pyd
0x00007ffb7af70000 - 0x00007ffb7ba8e000 	C:\Program Files\Java\jdk-14.0.2\bin\server\jvm.dll
0x00007ffbdc490000 - 0x00007ffbdc498000 	C:\WINDOWS\System32\PSAPI.DLL
0x00007ffbd0590000 - 0x00007ffbd05b7000 	C:\WINDOWS\SYSTEM32\WINMM.dll
0x00007ffbcc460000 - 0x00007ffbcc469000 	C:\WINDOWS\SYSTEM32\WSOCK32.dll
0x00007ffba8090000 - 0x00007ffba80b0000 	C:\tools\Anaconda3\envs\moses\DLLs\_ctypes.pyd
0x00007ffbdd610000 - 0x00007ffbdd73a000 	C:\WINDOWS\System32\ole32.dll
0x00007ffbdcf10000 - 0x00007ffbdd265000 	C:\WINDOWS\System32\combase.dll
0x00007ffbdc4d0000 - 0x00007ffbdc59d000 	C:\WINDOWS\System32\OLEAUT32.dll
0x00007ffbc1ae0000 - 0x00007ffbc1aeb000 	C:\tools\Anaconda3\envs\moses\DLLs\libffi-7.dll
0x00007ffbcf370000 - 0x00007ffbcf37a000 	C:\Program Files\Java\jdk-14.0.2\bin\jimage.dll
0x00007ffbda1f0000 - 0x00007ffbda3d4000 	C:\WINDOWS\SYSTEM32\DBGHELP.DLL
0x00007ffbd0020000 - 0x00007ffbd004c000 	C:\WINDOWS\SYSTEM32\dbgcore.DLL
0x00007ffbb35b0000 - 0x00007ffbb35d5000 	C:\Program Files\Java\jdk-14.0.2\bin\java.dll
0x00007ffbba9c0000 - 0x00007ffbba9d6000 	C:\Program Files\Java\jdk-14.0.2\bin\zip.dll
0x00007ffbda460000 - 0x00007ffbda472000 	C:\WINDOWS\SYSTEM32\kernel.appcore.dll
0x00007ffbdd7b0000 - 0x00007ffbddef0000 	C:\WINDOWS\System32\SHELL32.dll
0x00007ffbd9a50000 - 0x00007ffbda1e4000 	C:\WINDOWS\SYSTEM32\windows.storage.dll
0x00007ffbdb440000 - 0x00007ffbdb46c000 	C:\WINDOWS\SYSTEM32\Wldp.dll
0x00007ffbde1d0000 - 0x00007ffbde27e000 	C:\WINDOWS\System32\SHCORE.dll
0x00007ffbdbaa0000 - 0x00007ffbdbac6000 	C:\WINDOWS\SYSTEM32\profapi.dll
0x00007ffbdb230000 - 0x00007ffbdb29a000 	C:\WINDOWS\system32\mswsock.dll
0x00007ffbdafd0000 - 0x00007ffbdb09b000 	C:\WINDOWS\SYSTEM32\DNSAPI.dll
0x00007ffbde0a0000 - 0x00007ffbde0a9000 	C:\WINDOWS\System32\NSI.dll
0x00007ffbd1da0000 - 0x00007ffbd1e1f000 	C:\WINDOWS\System32\fwpuclnt.dll
0x00007ffbd1970000 - 0x00007ffbd197a000 	C:\Windows\System32\rasadhlp.dll
0x00007ffbb7510000 - 0x00007ffbb7529000 	C:\Program Files\Java\jdk-14.0.2\bin\net.dll
0x00007ffbd1e20000 - 0x00007ffbd1f20000 	C:\WINDOWS\SYSTEM32\WINHTTP.dll
0x00007ffbb3590000 - 0x00007ffbb35a2000 	C:\Program Files\Java\jdk-14.0.2\bin\nio.dll
0x00007ffbcec70000 - 0x00007ffbcec80000 	C:\Program Files\Java\jdk-14.0.2\bin\verify.dll

dbghelp: loaded successfully - version: 4.0.5 - missing functions: none
symbol engine: initialized successfully - sym options: 0x614 - pdb path: .;C:\tools\Anaconda3\envs\moses;C:\WINDOWS\SYSTEM32;C:\tools\Anaconda3\envs\moses\DLLs;C:\tools\Anaconda3\envs\moses\Library\bin;C:\tools\Anaconda3\envs\moses\lib\site-packages\jnius;C:\Program Files\Java\jdk-14.0.2\bin\server;C:\Program Files\Java\jdk-14.0.2\bin

VM Arguments:
java_command: <unknown>
java_class_path (initial): C:\Users\adams\Projekty\Moses\RabbitMQConnector\out\artifacts\RabbitMQConnector_jar\RabbitMQConnector.jar;C:\tools\Anaconda3\envs\moses\Lib\site-packages\jnius\src
Launcher Type: generic

[Global flags]
     intx CICompilerCount                          = 3                                         {product} {ergonomic}
     uint ConcGCThreads                            = 1                                         {product} {ergonomic}
     uint G1ConcRefinementThreads                  = 4                                         {product} {ergonomic}
   size_t G1HeapRegionSize                         = 1048576                                   {product} {ergonomic}
    uintx GCDrainStackTargetSize                   = 64                                        {product} {ergonomic}
   size_t InitialHeapSize                          = 134217728                                 {product} {ergonomic}
   size_t MarkStackSize                            = 4194304                                   {product} {ergonomic}
   size_t MaxHeapSize                              = 2126512128                                {product} {ergonomic}
   size_t MaxNewSize                               = 1275068416                                {product} {ergonomic}
   size_t MinHeapDeltaBytes                        = 1048576                                   {product} {ergonomic}
   size_t MinHeapSize                              = 8388608                                   {product} {ergonomic}
    uintx NonNMethodCodeHeapSize                   = 5832780                                {pd product} {ergonomic}
    uintx NonProfiledCodeHeapSize                  = 122912730                              {pd product} {ergonomic}
    uintx ProfiledCodeHeapSize                     = 122912730                              {pd product} {ergonomic}
    uintx ReservedCodeCacheSize                    = 251658240                              {pd product} {ergonomic}
     bool SegmentedCodeCache                       = true                                      {product} {ergonomic}
   size_t SoftMaxHeapSize                          = 2126512128                             {manageable} {ergonomic}
     bool UseCompressedClassPointers               = true                                 {lp64_product} {ergonomic}
     bool UseCompressedOops                        = true                                 {lp64_product} {ergonomic}
     bool UseG1GC                                  = true                                      {product} {ergonomic}
     bool UseLargePagesIndividualAllocation        = false                                  {pd product} {ergonomic}

Logging:
Log output configuration:
 #0: stdout all=warning uptime,level,tags
 #1: stderr all=off uptime,level,tags

Environment Variables:
JAVA_HOME=C:\Program Files\Java\jdk-14.0.2\bin
PATH=C:\tools\Anaconda3\envs\moses;C:\tools\Anaconda3\envs\moses\Library\mingw-w64\bin;C:\tools\Anaconda3\envs\moses\Library\usr\bin;C:\tools\Anaconda3\envs\moses\Library\bin;C:\tools\Anaconda3\envs\moses\Scripts;C:\tools\Anaconda3\envs\moses\bin;C:\Program Files (x86)\VMware\VMware Workstation\bin;C:\Program Files (x86)\Lenovo\FusionEngine;C:\WINDOWS\system32;C:\WINDOWS;C:\WINDOWS\System32\Wbem;C:\WINDOWS\System32\WindowsPowerShell\v1.0;C:\Program Files (x86)\Common Files\lenovo\easyplussdk\bin;C:\Program Files (x86)\ATI Technologies\ATI.ACE\Core-Static;C:\WINDOWS\System32\OpenSSH;C:\Program Files\dotnet;C:\Program Files\Microsoft SQL Server\130\Tools\Binn;C:\Program Files\Microsoft SQL Server\Client SDK\ODBC\170\Tools\Binn;C:\ProgramData\chocolatey\bin;C:\Program Files\Microsoft VS Code\bin;C:\Program Files (x86)\Microsoft SQL Server\150\DTS\Binn;C:\Program Files (x86)\Eclipse\Sumo\bin;C:\Program Files (x86)\Eclipse\Sumo\tools;C:\Program Files\Intel\WiFi\bin;C:\Program Files\Common Files\Intel\WirelessCommon;C:\Program Files\Java\jdk-14.0.2\bin;C:\Program Files\Git\cmd;C:\Program Files\Java\jdk-14.0.2\bin\server;C:\Users\adams\AppData\Local\Microsoft\WindowsApps;C:\Users\adams\.dotnet\tools;C:\ProgramData\chocolatey\lib\gsudo\bin;C:\Program Files\JetBrains\IntelliJ IDEA 2020.1.3\bin;.;C:\Program Files\Docker Toolbox;C:\tools\Anaconda3\condabin;.
USERNAME=adams
OS=Windows_NT
PROCESSOR_IDENTIFIER=Intel64 Family 6 Model 61 Stepping 4, GenuineIntel



---------------  S Y S T E M  ---------------

OS: Windows 10 , 64 bit Build 19041 (10.0.19041.546)
OS uptime: 9 days 3:04 hours
HyperV virtualization detected

CPU:total 4 (initial active 4) (2 cores per cpu, 2 threads per core) family 6 model 61 stepping 4, cmov, cx8, fxsr, mmx, sse, sse2, sse3, ssse3, sse4.1, sse4.2, popcnt, avx, avx2, aes, clmul, erms, 3dnowpref, lzcnt, ht, tsc, tscinvbit, bmi1, bmi2, adx, fma

Memory: 4k page, system-wide physical 8105M (1159M free)
TotalPageFile size 15748M (AvailPageFile size 4593M)
current process WorkingSet (physical memory assigned to process): 92M, peak: 93M
current process commit charge ("private bytes"): 255M, peak: 257M

vm_info: Java HotSpot(TM) 64-Bit Server VM (14.0.2+12-46) for windows-amd64 JRE (14.0.2+12-46), built on Jul  9 2020 00:35:52 by "mach5one" with MS VC++ 15.9 (VS2017)

END.
