#
# A fatal error has been detected by the Java Runtime Environment:
#
#  SIGSEGV (0xb) at pc=0x00007f66118a6d84, pid=5233, tid=5304
#
# JRE version: OpenJDK Runtime Environment (10.0.2+13) (build 10.0.2+13)
# Java VM: OpenJDK 64-Bit Server VM (10.0.2+13, mixed mode, tiered, compressed oops, g1 gc, linux-amd64)
# Problematic frame:
# C  [jnius.cpython-39-x86_64-linux-gnu.so+0x11d84]  __Pyx_PyObject_GetAttrStr+0x4
#
# No core dump will be written. Core dumps have been disabled. To enable core dumping, try "ulimit -c unlimited" before starting Java again
#
# If you would like to submit a bug report, please visit:
#   http://www.azulsystems.com/support/
# The crash happened outside the Java Virtual Machine in native code.
# See problematic frame for where to report the bug.
#

---------------  S U M M A R Y ------------

Command Line: 

Host: Intel(R) Core(TM) i7-5500U CPU @ 2.40GHz, 4 cores, 6G, Debian GNU/Linux 10 (buster)
Time: Mon Nov 23 15:00:48 2020 CET elapsed time: 22 seconds (0d 0h 0m 22s)

---------------  T H R E A D  ---------------

Current thread (0x00007f6574011000):  JavaThread "Thread-14" [_thread_in_native, id=5304, stack(0x00007f65693f0000,0x00007f65694f1000)]

Stack: [0x00007f65693f0000,0x00007f65694f1000],  sp=0x00007f65694ef788,  free space=1021k
Native frames: (J=compiled Java code, A=aot compiled Java code, j=interpreted, Vv=VM code, C=native code)
C  [jnius.cpython-39-x86_64-linux-gnu.so+0x11d84]  __Pyx_PyObject_GetAttrStr+0x4

Java frames: (J=compiled Java code, j=interpreted, Vv=VM code)
j  org.jnius.NativeInvocationHandler.invoke0(Ljava/lang/Object;Ljava/lang/reflect/Method;[Ljava/lang/Object;)Ljava/lang/Object;+0
j  org.jnius.NativeInvocationHandler.invoke(Ljava/lang/Object;Ljava/lang/reflect/Method;[Ljava/lang/Object;)Ljava/lang/Object;+54
j  com.sun.proxy.$Proxy1.getCurrentCoords()Lcom/moses/driverapp/dto/GPSCoords;+9
j  com.moses.driverapp.threads.PositionTracking.run()V+4
v  ~StubRoutines::call_stub

siginfo: si_signo: 11 (SIGSEGV), si_code: 1 (SEGV_MAPERR), si_addr: 0x000000000000008f

Register to memory mapping:

RAX=0xffffffffffffffff is an unknown value
RBX=0x00007f661192d4c0 is an unknown value
RCX=0x0000564852eb0fc0 is an unknown value
RDX=0x00007f6588001830 is an unknown value
RSP=0x00007f65694ef788 is pointing into the stack for thread: 0x00007f6574011000
RBP=0x00007f65f404a9f0 is an unknown value
RSI=0x00007f661192eeb0 is an unknown value
RDI=0x00007f65f4045440 is an unknown value
R8 =0x00007f6612577040 is an unknown value
R9 =0x00007f6574011200 is an unknown value
R10=0x0000000000000006 is an unknown value
R11=0x0000000000000000 is an unknown value
R12=0x0000000000000000 is an unknown value
R13=0x00007f65f4044d00 is an unknown value
R14=0x00007f6610215340 is an unknown value
R15=0x00007f65e40691d0 is an unknown value


Registers:
RAX=0xffffffffffffffff, RBX=0x00007f661192d4c0, RCX=0x0000564852eb0fc0, RDX=0x00007f6588001830
RSP=0x00007f65694ef788, RBP=0x00007f65f404a9f0, RSI=0x00007f661192eeb0, RDI=0x00007f65f4045440
R8 =0x00007f6612577040, R9 =0x00007f6574011200, R10=0x0000000000000006, R11=0x0000000000000000
R12=0x0000000000000000, R13=0x00007f65f4044d00, R14=0x00007f6610215340, R15=0x00007f65e40691d0
RIP=0x00007f66118a6d84, EFLAGS=0x0000000000010202, CSGSFS=0x002b000000000033, ERR=0x0000000000000004
  TRAPNO=0x000000000000000e

Top of Stack: (sp=0x00007f65694ef788)
0x00007f65694ef788:   00007f661190294f 0000000000000000
0x00007f65694ef798:   0000000000000000 0000000000000000
0x00007f65694ef7a8:   0000564853428e80 0000000000000000
0x00007f65694ef7b8:   00007f65f4045440 0000000000000000 

Instructions: (pc=0x00007f66118a6d84)
0x00007f66118a6d64:   f1 48 8b 54 24 10 48 8d 35 bf 46 06 00 e9 bb fe
0x00007f66118a6d74:   ff ff 66 2e 0f 1f 84 00 00 00 00 00 48 8b 47 08
0x00007f66118a6d84:   48 8b 80 90 00 00 00 48 85 c0 74 08 ff e0 66 0f
0x00007f66118a6d94:   1f 44 00 00 e9 53 9b ff ff 0f 1f 00 41 55 41 54 


---------------  P R O C E S S  ---------------

Threads class SMR info:
_java_thread_list=0x00007f659c003700, length=95, elements={
0x0000564853219000, 0x0000564853389000, 0x000056485338b000, 0x000056485339b800,
0x000056485339d800, 0x000056485339f800, 0x00005648533a1800, 0x00005648533a3800,
0x000056485341f000, 0x00005648533eb000, 0x000056485350d800, 0x0000564853512000,
0x000056485354f000, 0x0000564853550800, 0x0000564853543800, 0x00007f6580001000,
0x00007f6574001000, 0x00007f6580003000, 0x00007f6574003000, 0x0000564853563800,
0x0000564853565800, 0x00007f6580005000, 0x0000564853569800, 0x000056485356c000,
0x00007f657400d000, 0x000056485356d800, 0x00007f658400b800, 0x00007f6584011800,
0x00007f658c013800, 0x00007f658c016800, 0x00007f6584013800, 0x00007f65a0001800,
0x00007f65a0003800, 0x00007f65a818f800, 0x00007f65a8191800, 0x00007f65b0042000,
0x00007f65b0044800, 0x00007f65b8003800, 0x00007f65b8005800, 0x00007f65bc001800,
0x00007f65bc003800, 0x00007f65c4001800, 0x00007f65c4003800, 0x00007f65a0005000,
0x00007f65b00ee000, 0x00007f65a8016000, 0x00007f658c018000, 0x00007f65bc006000,
0x00007f65b8007000, 0x00007f65c4005000, 0x00007f65f0001800, 0x00007f65f0004000,
0x00007f65f000e000, 0x00007f6578001800, 0x00007f6578003800, 0x00007f6580007800,
0x00007f6580009800, 0x00007f6574011000, 0x00007f6574012000, 0x00007f65a8196000,
0x00007f65a8197800, 0x00007f65b00c6800, 0x00007f65b00c8800, 0x0000564853571800,
0x00007f658000b800, 0x00007f6584016800, 0x00007f65bc008000, 0x00007f65c4007000,
0x00007f658c01b800, 0x00007f65b8009000, 0x00007f658c01d800, 0x00007f65c4009000,
0x00007f65bc00a000, 0x00007f6584018800, 0x00007f658000d800, 0x0000564853573800,
0x00007f65f0010000, 0x00007f65f0012000, 0x00007f65b800b800, 0x00007f65c8002800,
0x0000564853576000, 0x00007f65d0002000, 0x00007f6590006800, 0x00007f656c002800,
0x00007f65ac002000, 0x00007f6598002000, 0x00007f65b400a800, 0x00007f65a415f000,
0x00007f656c004800, 0x00007f6578006000, 0x00007f65a0007000, 0x00007f65a0009800,
0x00007f6578008000, 0x00007f6580010800, 0x00007f659c002000
}

Java Threads: ( => current thread )
  0x0000564853219000 JavaThread "main" [_thread_in_native, id=5233, stack(0x00007ffff39e0000,0x00007ffff3ae0000)]
  0x0000564853389000 JavaThread "Reference Handler" daemon [_thread_blocked, id=5247, stack(0x00007f65e419e000,0x00007f65e429f000)]
  0x000056485338b000 JavaThread "Finalizer" daemon [_thread_blocked, id=5248, stack(0x00007f65e409d000,0x00007f65e419e000)]
  0x000056485339b800 JavaThread "Signal Dispatcher" daemon [_thread_blocked, id=5249, stack(0x00007f65c36ff000,0x00007f65c3800000)]
  0x000056485339d800 JavaThread "C2 CompilerThread0" daemon [_thread_blocked, id=5250, stack(0x00007f65c35fe000,0x00007f65c36ff000)]
  0x000056485339f800 JavaThread "C2 CompilerThread1" daemon [_thread_blocked, id=5251, stack(0x00007f65c34fd000,0x00007f65c35fe000)]
  0x00005648533a1800 JavaThread "C1 CompilerThread2" daemon [_thread_blocked, id=5252, stack(0x00007f65c33fc000,0x00007f65c34fd000)]
  0x00005648533a3800 JavaThread "Sweeper thread" daemon [_thread_blocked, id=5253, stack(0x00007f65c32fb000,0x00007f65c33fc000)]
  0x000056485341f000 JavaThread "Service Thread" daemon [_thread_blocked, id=5254, stack(0x00007f65c31fa000,0x00007f65c32fb000)]
  0x00005648533eb000 JavaThread "Common-Cleaner" daemon [_thread_blocked, id=5256, stack(0x00007f65c2ff7000,0x00007f65c30f8000)]
  0x000056485350d800 JavaThread "AMQP Connection 172.18.32.1:5672" [_thread_in_native, id=5257, stack(0x00007f65c28c6000,0x00007f65c29c7000)]
  0x0000564853512000 JavaThread "pool-1-thread-2" [_thread_blocked, id=5258, stack(0x00007f65c27c5000,0x00007f65c28c6000)]
  0x000056485354f000 JavaThread "ForkJoinPool.commonPool-worker-1" daemon [_thread_blocked, id=5259, stack(0x00007f65c26c4000,0x00007f65c27c5000)]
  0x0000564853550800 JavaThread "AMQP Connection 172.18.32.1:5672" [_thread_in_native, id=5260, stack(0x00007f65c25c3000,0x00007f65c26c4000)]
  0x0000564853543800 JavaThread "pool-3-thread-2" [_thread_blocked, id=5261, stack(0x00007f65c22c2000,0x00007f65c23c3000)]
  0x00007f6580001000 JavaThread "Thread-0" [_thread_in_native, id=5262, stack(0x00007f65c1ac3000,0x00007f65c22c2000)]
  0x00007f6574001000 JavaThread "Thread-1" [_thread_in_native, id=5263, stack(0x00007f65c12c2000,0x00007f65c1ac1000)]
  0x00007f6580003000 JavaThread "AMQP Connection 172.18.32.1:5672" [_thread_in_native, id=5264, stack(0x00007f65c11bf000,0x00007f65c12c0000)]
  0x00007f6574003000 JavaThread "AMQP Connection 172.18.32.1:5672" [_thread_in_native, id=5265, stack(0x00007f65c10be000,0x00007f65c11bf000)]
  0x0000564853563800 JavaThread "Thread-2" [_thread_in_native, id=5266, stack(0x00007f65c08bf000,0x00007f65c10be000)]
  0x0000564853565800 JavaThread "AMQP Connection 172.18.32.1:5672" [_thread_in_native, id=5267, stack(0x00007f65c07bc000,0x00007f65c08bd000)]
  0x00007f6580005000 JavaThread "pool-5-thread-2" [_thread_blocked, id=5268, stack(0x00007f65c06bb000,0x00007f65c07bc000)]
  0x0000564853569800 JavaThread "pool-9-thread-2" [_thread_blocked, id=5269, stack(0x00007f65c05ba000,0x00007f65c06bb000)]
  0x000056485356c000 JavaThread "AMQP Connection 172.18.32.1:5672" [_thread_in_native, id=5270, stack(0x00007f65c04b9000,0x00007f65c05ba000)]
  0x00007f657400d000 JavaThread "pool-6-thread-2" [_thread_blocked, id=5271, stack(0x00007f65c03b8000,0x00007f65c04b9000)]
  0x000056485356d800 JavaThread "pool-11-thread-2" [_thread_blocked, id=5272, stack(0x00007f65c02b7000,0x00007f65c03b8000)]
  0x00007f658400b800 JavaThread "Thread-3" [_thread_in_native, id=5273, stack(0x00007f6573801000,0x00007f6574000000)]
  0x00007f6584011800 JavaThread "AMQP Connection 172.18.32.1:5672" [_thread_in_native, id=5274, stack(0x00007f65c01b6000,0x00007f65c02b7000)]
  0x00007f658c013800 JavaThread "Thread-4" [_thread_in_native, id=5275, stack(0x00007f6573000000,0x00007f65737ff000)]
  0x00007f658c016800 JavaThread "AMQP Connection 172.18.32.1:5672" [_thread_in_native, id=5276, stack(0x00007f65c00b5000,0x00007f65c01b6000)]
  0x00007f6584013800 JavaThread "pool-13-thread-2" [_thread_blocked, id=5277, stack(0x00007f6572efd000,0x00007f6572ffe000)]
  0x00007f65a0001800 JavaThread "Thread-5" [_thread_in_native, id=5278, stack(0x00007f65726fe000,0x00007f6572efd000)]
  0x00007f65a0003800 JavaThread "AMQP Connection 172.18.32.1:5672" [_thread_in_native, id=5279, stack(0x00007f65725fb000,0x00007f65726fc000)]
  0x00007f65a818f800 JavaThread "Thread-6" [_thread_in_native, id=5280, stack(0x00007f6571dfc000,0x00007f65725fb000)]
  0x00007f65a8191800 JavaThread "AMQP Connection 172.18.32.1:5672" [_thread_in_native, id=5281, stack(0x00007f6571cf9000,0x00007f6571dfa000)]
  0x00007f65b0042000 JavaThread "Thread-7" [_thread_in_native, id=5282, stack(0x00007f65714fa000,0x00007f6571cf9000)]
  0x00007f65b0044800 JavaThread "AMQP Connection 172.18.32.1:5672" [_thread_in_native, id=5283, stack(0x00007f65713f7000,0x00007f65714f8000)]
  0x00007f65b8003800 JavaThread "Thread-8" [_thread_in_native, id=5284, stack(0x00007f6570bf8000,0x00007f65713f7000)]
  0x00007f65b8005800 JavaThread "AMQP Connection 172.18.32.1:5672" [_thread_in_native, id=5285, stack(0x00007f6570af5000,0x00007f6570bf6000)]
  0x00007f65bc001800 JavaThread "Thread-9" [_thread_in_native, id=5286, stack(0x00007f65702f6000,0x00007f6570af5000)]
  0x00007f65bc003800 JavaThread "AMQP Connection 172.18.32.1:5672" [_thread_in_native, id=5287, stack(0x00007f65701f3000,0x00007f65702f4000)]
  0x00007f65c4001800 JavaThread "Thread-10" [_thread_in_native, id=5288, stack(0x00007f656b801000,0x00007f656c000000)]
  0x00007f65c4003800 JavaThread "AMQP Connection 172.18.32.1:5672" [_thread_in_native, id=5289, stack(0x00007f65700f2000,0x00007f65701f3000)]
  0x00007f65a0005000 JavaThread "pool-17-thread-2" [_thread_blocked, id=5290, stack(0x00007f656b6fe000,0x00007f656b7ff000)]
  0x00007f65b00ee000 JavaThread "pool-21-thread-2" [_thread_blocked, id=5291, stack(0x00007f656b5fd000,0x00007f656b6fe000)]
  0x00007f65a8016000 JavaThread "pool-19-thread-2" [_thread_blocked, id=5292, stack(0x00007f656b4fc000,0x00007f656b5fd000)]
  0x00007f658c018000 JavaThread "pool-15-thread-2" [_thread_blocked, id=5293, stack(0x00007f656b3fb000,0x00007f656b4fc000)]
  0x00007f65bc006000 JavaThread "pool-25-thread-2" [_thread_blocked, id=5294, stack(0x00007f656b2fa000,0x00007f656b3fb000)]
  0x00007f65b8007000 JavaThread "pool-23-thread-2" [_thread_blocked, id=5295, stack(0x00007f656b1f9000,0x00007f656b2fa000)]
  0x00007f65c4005000 JavaThread "pool-27-thread-2" [_thread_blocked, id=5296, stack(0x00007f656b0f8000,0x00007f656b1f9000)]
  0x00007f65f0001800 JavaThread "Thread-11" [_thread_in_native, id=5297, stack(0x00007f656a8f9000,0x00007f656b0f8000)]
  0x00007f65f0004000 JavaThread "AMQP Connection 172.18.32.1:5672" [_thread_in_native, id=5298, stack(0x00007f656a7f6000,0x00007f656a8f7000)]
  0x00007f65f000e000 JavaThread "pool-29-thread-2" [_thread_blocked, id=5299, stack(0x00007f656a6f5000,0x00007f656a7f6000)]
  0x00007f6578001800 JavaThread "Thread-12" [_thread_in_Java, id=5300, stack(0x00007f6569ef6000,0x00007f656a6f5000)]
  0x00007f6578003800 JavaThread "AMQP Connection 172.18.32.1:5672" [_thread_blocked, id=5301, stack(0x00007f6569df3000,0x00007f6569ef4000)]
  0x00007f6580007800 JavaThread "Thread-13" [_thread_blocked, id=5302, stack(0x00007f65695f4000,0x00007f6569df3000)]
  0x00007f6580009800 JavaThread "AMQP Connection 172.18.32.1:5672" [_thread_blocked, id=5303, stack(0x00007f65694f1000,0x00007f65695f2000)]
=>0x00007f6574011000 JavaThread "Thread-14" [_thread_in_native, id=5304, stack(0x00007f65693f0000,0x00007f65694f1000)]
  0x00007f6574012000 JavaThread "Thread-16" [_thread_blocked, id=5305, stack(0x00007f65692ef000,0x00007f65693f0000)]
  0x00007f65a8196000 JavaThread "Thread-32" [_thread_in_native, id=5306, stack(0x00007f65691ee000,0x00007f65692ef000)]
  0x00007f65a8197800 JavaThread "Thread-33" [_thread_blocked, id=5307, stack(0x00007f65690ed000,0x00007f65691ee000)]
  0x00007f65b00c6800 JavaThread "Thread-30" [_thread_in_native, id=5308, stack(0x00007f6568fec000,0x00007f65690ed000)]
  0x00007f65b00c8800 JavaThread "Thread-31" [_thread_blocked, id=5309, stack(0x00007f6568eeb000,0x00007f6568fec000)]
  0x0000564853571800 JavaThread "Thread-28" [_thread_in_native, id=5310, stack(0x00007f6568dea000,0x00007f6568eeb000)]
  0x00007f658000b800 JavaThread "Thread-26" [_thread_in_native, id=5311, stack(0x00007f6568ce9000,0x00007f6568dea000)]
  0x00007f6584016800 JavaThread "Thread-23" [_thread_in_native, id=5312, stack(0x00007f6568be8000,0x00007f6568ce9000)]
  0x00007f65bc008000 JavaThread "Thread-22" [_thread_in_native, id=5313, stack(0x00007f6568ae7000,0x00007f6568be8000)]
  0x00007f65c4007000 JavaThread "Thread-19" [_thread_in_native, id=5314, stack(0x00007f65689e6000,0x00007f6568ae7000)]
  0x00007f658c01b800 JavaThread "Thread-18" [_thread_in_native, id=5315, stack(0x00007f65688e5000,0x00007f65689e6000)]
  0x00007f65b8009000 JavaThread "Thread-15" [_thread_in_native, id=5316, stack(0x00007f65687e4000,0x00007f65688e5000)]
  0x00007f658c01d800 JavaThread "Thread-20" [_thread_blocked, id=5317, stack(0x00007f65686e3000,0x00007f65687e4000)]
  0x00007f65c4009000 JavaThread "Thread-21" [_thread_blocked, id=5318, stack(0x00007f65685e2000,0x00007f65686e3000)]
  0x00007f65bc00a000 JavaThread "Thread-24" [_thread_blocked, id=5319, stack(0x00007f65684e1000,0x00007f65685e2000)]
  0x00007f6584018800 JavaThread "Thread-25" [_thread_blocked, id=5320, stack(0x00007f65683e0000,0x00007f65684e1000)]
  0x00007f658000d800 JavaThread "Thread-27" [_thread_blocked, id=5321, stack(0x00007f65682df000,0x00007f65683e0000)]
  0x0000564853573800 JavaThread "Thread-29" [_thread_blocked, id=5322, stack(0x00007f65681de000,0x00007f65682df000)]
  0x00007f65f0010000 JavaThread "Thread-34" [_thread_in_native, id=5323, stack(0x00007f65680dd000,0x00007f65681de000)]
  0x00007f65f0012000 JavaThread "Thread-35" [_thread_blocked, id=5324, stack(0x00007f6567fdc000,0x00007f65680dd000)]
  0x00007f65b800b800 JavaThread "Thread-17" [_thread_blocked, id=5325, stack(0x00007f6567edb000,0x00007f6567fdc000)]
  0x00007f65c8002800 JavaThread "pool-25-thread-3" [_thread_blocked, id=5326, stack(0x00007f6567dda000,0x00007f6567edb000)]
  0x0000564853576000 JavaThread "pool-29-thread-3" [_thread_blocked, id=5327, stack(0x00007f6567cd9000,0x00007f6567dda000)]
  0x00007f65d0002000 JavaThread "pool-27-thread-3" [_thread_blocked, id=5328, stack(0x00007f6567bd8000,0x00007f6567cd9000)]
  0x00007f6590006800 JavaThread "pool-13-thread-3" [_thread_blocked, id=5329, stack(0x00007f6567ad7000,0x00007f6567bd8000)]
  0x00007f656c002800 JavaThread "pool-9-thread-3" [_thread_blocked, id=5330, stack(0x00007f65679d6000,0x00007f6567ad7000)]
  0x00007f65ac002000 JavaThread "pool-21-thread-3" [_thread_blocked, id=5331, stack(0x00007f65678d5000,0x00007f65679d6000)]
  0x00007f6598002000 JavaThread "pool-15-thread-3" [_thread_blocked, id=5332, stack(0x00007f65677d4000,0x00007f65678d5000)]
  0x00007f65b400a800 JavaThread "pool-23-thread-3" [_thread_blocked, id=5333, stack(0x00007f65676d3000,0x00007f65677d4000)]
  0x00007f65a415f000 JavaThread "pool-19-thread-3" [_thread_blocked, id=5334, stack(0x00007f65675d2000,0x00007f65676d3000)]
  0x00007f656c004800 JavaThread "pool-6-thread-3" [_thread_blocked, id=5335, stack(0x00007f65674d1000,0x00007f65675d2000)]
  0x00007f6578006000 JavaThread "pool-5-thread-3" [_thread_blocked, id=5336, stack(0x00007f65673d0000,0x00007f65674d1000)]
  0x00007f65a0007000 JavaThread "Thread-36" [_thread_in_native, id=5337, stack(0x00007f65672cf000,0x00007f65673d0000)]
  0x00007f65a0009800 JavaThread "Thread-37" [_thread_blocked, id=5338, stack(0x00007f65671ce000,0x00007f65672cf000)]
  0x00007f6578008000 JavaThread "pool-31-thread-2" [_thread_blocked, id=5339, stack(0x00007f65670cd000,0x00007f65671ce000)]
  0x00007f6580010800 JavaThread "pool-33-thread-2" [_thread_blocked, id=5340, stack(0x00007f6566fcc000,0x00007f65670cd000)]
  0x00007f659c002000 JavaThread "pool-17-thread-3" [_thread_blocked, id=5341, stack(0x00007f6566ecb000,0x00007f6566fcc000)]

Other Threads:
  0x000056485337f800 VMThread "VM Thread" [stack: 0x00007f65e42a1000,0x00007f65e43a1000] [id=5246] _threads_hazard_ptr=0x00007f659c003700
  0x0000564853421000 WatcherThread [stack: 0x00007f65c30fa000,0x00007f65c31fa000] [id=5255]
  0x0000564853243000 GCTaskThread "GC Thread#0" [stack: 0x00007f65f7181000,0x00007f65f7281000] [id=5235]
  0x0000564853244800 GCTaskThread "GC Thread#1" [stack: 0x00007f65f707f000,0x00007f65f717f000] [id=5236]
  0x0000564853246000 GCTaskThread "GC Thread#2" [stack: 0x00007f65f6f7d000,0x00007f65f707d000] [id=5237]
  0x0000564853247800 GCTaskThread "GC Thread#3" [stack: 0x00007f65f6e7b000,0x00007f65f6f7b000] [id=5238]
  0x000056485329d000 ConcurrentGCThread "G1 Main Marker" [stack: 0x00007f65f4757000,0x00007f65f4857000] [id=5239]
  0x000056485329f000 ConcurrentGCThread "G1 Conc#0" [stack: 0x00007f65f4655000,0x00007f65f4755000] [id=5240]
  0x00005648532f1800 ConcurrentGCThread "G1 Refine#0" [stack: 0x00007f65f414f000,0x00007f65f424f000] [id=5241]
  0x00005648532f3000 ConcurrentGCThread "G1 Refine#1" [stack: 0x00007f65f404d000,0x00007f65f414d000] [id=5242]
  0x00005648532f5000 ConcurrentGCThread "G1 Refine#2" [stack: 0x00007f65e4678000,0x00007f65e4778000] [id=5243]
  0x00005648532f6800 ConcurrentGCThread "G1 Refine#3" [stack: 0x00007f65e4576000,0x00007f65e4676000] [id=5244]
  0x00005648532f8800 ConcurrentGCThread "G1 Young RemSet Sampling" [stack: 0x00007f65e4474000,0x00007f65e4574000] [id=5245]

Threads with active compile tasks:

VM state:synchronizing (normal execution)

VM Mutex/Monitor currently owned by a thread:  ([mutex/lock_event])
[0x0000564853091e00] Safepoint_lock - owner thread: 0x000056485337f800
[0x0000564853028f60] Threads_lock - owner thread: 0x000056485337f800

Heap address: 0x000000009de00000, size: 1570 MB, Compressed Oops mode: 32-bit
Narrow klass base: 0x0000000000000000, Narrow klass shift: 3
Compressed class space size: 1073741824 Address: 0x0000000100000000

Heap:
 garbage-first heap   total 102400K, used 15036K [0x000000009de00000, 0x0000000100000000)
  region size 1024K, 16 young (16384K), 2 survivors (2048K)
 Metaspace       used 9863K, capacity 10111K, committed 10240K, reserved 1058816K
  class space    used 935K, capacity 1022K, committed 1024K, reserved 1048576K
Heap Regions: E=young(eden), S=young(survivor), O=old, HS=humongous(starts), HC=humongous(continues), CS=collection set, F=free, A=archive, TS=gc time stamp, AC=allocation context, TAMS=top-at-mark-start (previous, next)
|   0|0x000000009de00000, 0x000000009de00000, 0x000000009df00000|  0%| F|  |TS  0|AC  0|TAMS 0x000000009de00000, 0x000000009de00000|
|   1|0x000000009df00000, 0x000000009df00000, 0x000000009e000000|  0%| F|  |TS  0|AC  0|TAMS 0x000000009df00000, 0x000000009df00000|
|   2|0x000000009e000000, 0x000000009e000000, 0x000000009e100000|  0%| F|  |TS  0|AC  0|TAMS 0x000000009e000000, 0x000000009e000000|
|   3|0x000000009e100000, 0x000000009e100000, 0x000000009e200000|  0%| F|  |TS  0|AC  0|TAMS 0x000000009e100000, 0x000000009e100000|
|   4|0x000000009e200000, 0x000000009e200000, 0x000000009e300000|  0%| F|  |TS  0|AC  0|TAMS 0x000000009e200000, 0x000000009e200000|
|   5|0x000000009e300000, 0x000000009e300000, 0x000000009e400000|  0%| F|  |TS  0|AC  0|TAMS 0x000000009e300000, 0x000000009e300000|
|   6|0x000000009e400000, 0x000000009e400000, 0x000000009e500000|  0%| F|  |TS  0|AC  0|TAMS 0x000000009e400000, 0x000000009e400000|
|   7|0x000000009e500000, 0x000000009e500000, 0x000000009e600000|  0%| F|  |TS  0|AC  0|TAMS 0x000000009e500000, 0x000000009e500000|
|   8|0x000000009e600000, 0x000000009e600000, 0x000000009e700000|  0%| F|  |TS  0|AC  0|TAMS 0x000000009e600000, 0x000000009e600000|
|   9|0x000000009e700000, 0x000000009e700000, 0x000000009e800000|  0%| F|  |TS  0|AC  0|TAMS 0x000000009e700000, 0x000000009e700000|
|  10|0x000000009e800000, 0x000000009e800000, 0x000000009e900000|  0%| F|  |TS  0|AC  0|TAMS 0x000000009e800000, 0x000000009e800000|
|  11|0x000000009e900000, 0x000000009e900000, 0x000000009ea00000|  0%| F|  |TS  0|AC  0|TAMS 0x000000009e900000, 0x000000009e900000|
|  12|0x000000009ea00000, 0x000000009ea00000, 0x000000009eb00000|  0%| F|  |TS  0|AC  0|TAMS 0x000000009ea00000, 0x000000009ea00000|
|  13|0x000000009eb00000, 0x000000009eb00000, 0x000000009ec00000|  0%| F|  |TS  0|AC  0|TAMS 0x000000009eb00000, 0x000000009eb00000|
|  14|0x000000009ec00000, 0x000000009ec00000, 0x000000009ed00000|  0%| F|  |TS  0|AC  0|TAMS 0x000000009ec00000, 0x000000009ec00000|
|  15|0x000000009ed00000, 0x000000009ed00000, 0x000000009ee00000|  0%| F|  |TS  0|AC  0|TAMS 0x000000009ed00000, 0x000000009ed00000|
|  16|0x000000009ee00000, 0x000000009ee00000, 0x000000009ef00000|  0%| F|  |TS  0|AC  0|TAMS 0x000000009ee00000, 0x000000009ee00000|
|  17|0x000000009ef00000, 0x000000009ef00000, 0x000000009f000000|  0%| F|  |TS  0|AC  0|TAMS 0x000000009ef00000, 0x000000009ef00000|
|  18|0x000000009f000000, 0x000000009f000000, 0x000000009f100000|  0%| F|  |TS  0|AC  0|TAMS 0x000000009f000000, 0x000000009f000000|
|  19|0x000000009f100000, 0x000000009f100000, 0x000000009f200000|  0%| F|  |TS  0|AC  0|TAMS 0x000000009f100000, 0x000000009f100000|
|  20|0x000000009f200000, 0x000000009f200000, 0x000000009f300000|  0%| F|  |TS  0|AC  0|TAMS 0x000000009f200000, 0x000000009f200000|
|  21|0x000000009f300000, 0x000000009f300000, 0x000000009f400000|  0%| F|  |TS  0|AC  0|TAMS 0x000000009f300000, 0x000000009f300000|
|  22|0x000000009f400000, 0x000000009f400000, 0x000000009f500000|  0%| F|  |TS  0|AC  0|TAMS 0x000000009f400000, 0x000000009f400000|
|  23|0x000000009f500000, 0x000000009f500000, 0x000000009f600000|  0%| F|  |TS  0|AC  0|TAMS 0x000000009f500000, 0x000000009f500000|
|  24|0x000000009f600000, 0x000000009f600000, 0x000000009f700000|  0%| F|  |TS  0|AC  0|TAMS 0x000000009f600000, 0x000000009f600000|
|  25|0x000000009f700000, 0x000000009f700000, 0x000000009f800000|  0%| F|  |TS  0|AC  0|TAMS 0x000000009f700000, 0x000000009f700000|
|  26|0x000000009f800000, 0x000000009f800000, 0x000000009f900000|  0%| F|  |TS  0|AC  0|TAMS 0x000000009f800000, 0x000000009f800000|
|  27|0x000000009f900000, 0x000000009f900000, 0x000000009fa00000|  0%| F|  |TS  0|AC  0|TAMS 0x000000009f900000, 0x000000009f900000|
|  28|0x000000009fa00000, 0x000000009fa00000, 0x000000009fb00000|  0%| F|  |TS  0|AC  0|TAMS 0x000000009fa00000, 0x000000009fa00000|
|  29|0x000000009fb00000, 0x000000009fb00000, 0x000000009fc00000|  0%| F|  |TS  0|AC  0|TAMS 0x000000009fb00000, 0x000000009fb00000|
|  30|0x000000009fc00000, 0x000000009fc00000, 0x000000009fd00000|  0%| F|  |TS  0|AC  0|TAMS 0x000000009fc00000, 0x000000009fc00000|
|  31|0x000000009fd00000, 0x000000009fd00000, 0x000000009fe00000|  0%| F|  |TS  0|AC  0|TAMS 0x000000009fd00000, 0x000000009fd00000|
|  32|0x000000009fe00000, 0x000000009fe00000, 0x000000009ff00000|  0%| F|  |TS  0|AC  0|TAMS 0x000000009fe00000, 0x000000009fe00000|
|  33|0x000000009ff00000, 0x000000009ff00000, 0x00000000a0000000|  0%| F|  |TS  0|AC  0|TAMS 0x000000009ff00000, 0x000000009ff00000|
|  34|0x00000000a0000000, 0x00000000a0000000, 0x00000000a0100000|  0%| F|  |TS  0|AC  0|TAMS 0x00000000a0000000, 0x00000000a0000000|
|  35|0x00000000a0100000, 0x00000000a0100000, 0x00000000a0200000|  0%| F|  |TS  0|AC  0|TAMS 0x00000000a0100000, 0x00000000a0100000|
|  36|0x00000000a0200000, 0x00000000a0200000, 0x00000000a0300000|  0%| F|  |TS  0|AC  0|TAMS 0x00000000a0200000, 0x00000000a0200000|
|  37|0x00000000a0300000, 0x00000000a0300000, 0x00000000a0400000|  0%| F|  |TS  0|AC  0|TAMS 0x00000000a0300000, 0x00000000a0300000|
|  38|0x00000000a0400000, 0x00000000a0400000, 0x00000000a0500000|  0%| F|  |TS  0|AC  0|TAMS 0x00000000a0400000, 0x00000000a0400000|
|  39|0x00000000a0500000, 0x00000000a0500000, 0x00000000a0600000|  0%| F|  |TS  0|AC  0|TAMS 0x00000000a0500000, 0x00000000a0500000|
|  40|0x00000000a0600000, 0x00000000a0600000, 0x00000000a0700000|  0%| F|  |TS  0|AC  0|TAMS 0x00000000a0600000, 0x00000000a0600000|
|  41|0x00000000a0700000, 0x00000000a0700000, 0x00000000a0800000|  0%| F|  |TS  0|AC  0|TAMS 0x00000000a0700000, 0x00000000a0700000|
|  42|0x00000000a0800000, 0x00000000a0800000, 0x00000000a0900000|  0%| F|  |TS  0|AC  0|TAMS 0x00000000a0800000, 0x00000000a0800000|
|  43|0x00000000a0900000, 0x00000000a0900000, 0x00000000a0a00000|  0%| F|  |TS  0|AC  0|TAMS 0x00000000a0900000, 0x00000000a0900000|
|  44|0x00000000a0a00000, 0x00000000a0a00000, 0x00000000a0b00000|  0%| F|  |TS  0|AC  0|TAMS 0x00000000a0a00000, 0x00000000a0a00000|
|  45|0x00000000a0b00000, 0x00000000a0b00000, 0x00000000a0c00000|  0%| F|  |TS  0|AC  0|TAMS 0x00000000a0b00000, 0x00000000a0b00000|
|  46|0x00000000a0c00000, 0x00000000a0c00000, 0x00000000a0d00000|  0%| F|  |TS  0|AC  0|TAMS 0x00000000a0c00000, 0x00000000a0c00000|
|  47|0x00000000a0d00000, 0x00000000a0d00000, 0x00000000a0e00000|  0%| F|  |TS  0|AC  0|TAMS 0x00000000a0d00000, 0x00000000a0d00000|
|  48|0x00000000a0e00000, 0x00000000a0e00000, 0x00000000a0f00000|  0%| F|  |TS  0|AC  0|TAMS 0x00000000a0e00000, 0x00000000a0e00000|
|  49|0x00000000a0f00000, 0x00000000a0f00000, 0x00000000a1000000|  0%| F|  |TS  0|AC  0|TAMS 0x00000000a0f00000, 0x00000000a0f00000|
|  50|0x00000000a1000000, 0x00000000a1000000, 0x00000000a1100000|  0%| F|  |TS  0|AC  0|TAMS 0x00000000a1000000, 0x00000000a1000000|
|  51|0x00000000a1100000, 0x00000000a1100000, 0x00000000a1200000|  0%| F|  |TS  0|AC  0|TAMS 0x00000000a1100000, 0x00000000a1100000|
|  52|0x00000000a1200000, 0x00000000a1200000, 0x00000000a1300000|  0%| F|  |TS  0|AC  0|TAMS 0x00000000a1200000, 0x00000000a1200000|
|  53|0x00000000a1300000, 0x00000000a1300000, 0x00000000a1400000|  0%| F|  |TS  0|AC  0|TAMS 0x00000000a1300000, 0x00000000a1300000|
|  54|0x00000000a1400000, 0x00000000a1400000, 0x00000000a1500000|  0%| F|  |TS  0|AC  0|TAMS 0x00000000a1400000, 0x00000000a1400000|
|  55|0x00000000a1500000, 0x00000000a1500000, 0x00000000a1600000|  0%| F|  |TS  0|AC  0|TAMS 0x00000000a1500000, 0x00000000a1500000|
|  56|0x00000000a1600000, 0x00000000a1600000, 0x00000000a1700000|  0%| F|  |TS  0|AC  0|TAMS 0x00000000a1600000, 0x00000000a1600000|
|  57|0x00000000a1700000, 0x00000000a1700000, 0x00000000a1800000|  0%| F|  |TS  0|AC  0|TAMS 0x00000000a1700000, 0x00000000a1700000|
|  58|0x00000000a1800000, 0x00000000a1800000, 0x00000000a1900000|  0%| F|  |TS  0|AC  0|TAMS 0x00000000a1800000, 0x00000000a1800000|
|  59|0x00000000a1900000, 0x00000000a1900000, 0x00000000a1a00000|  0%| F|  |TS  0|AC  0|TAMS 0x00000000a1900000, 0x00000000a1900000|
|  60|0x00000000a1a00000, 0x00000000a1a00000, 0x00000000a1b00000|  0%| F|  |TS  0|AC  0|TAMS 0x00000000a1a00000, 0x00000000a1a00000|
|  61|0x00000000a1b00000, 0x00000000a1b00000, 0x00000000a1c00000|  0%| F|  |TS  0|AC  0|TAMS 0x00000000a1b00000, 0x00000000a1b00000|
|  62|0x00000000a1c00000, 0x00000000a1c00000, 0x00000000a1d00000|  0%| F|  |TS  0|AC  0|TAMS 0x00000000a1c00000, 0x00000000a1c00000|
|  63|0x00000000a1d00000, 0x00000000a1d00000, 0x00000000a1e00000|  0%| F|  |TS  0|AC  0|TAMS 0x00000000a1d00000, 0x00000000a1d00000|
|  64|0x00000000a1e00000, 0x00000000a1e00000, 0x00000000a1f00000|  0%| F|  |TS  0|AC  0|TAMS 0x00000000a1e00000, 0x00000000a1e00000|
|  65|0x00000000a1f00000, 0x00000000a1f00000, 0x00000000a2000000|  0%| F|  |TS  0|AC  0|TAMS 0x00000000a1f00000, 0x00000000a1f00000|
|  66|0x00000000a2000000, 0x00000000a2000000, 0x00000000a2100000|  0%| F|  |TS  0|AC  0|TAMS 0x00000000a2000000, 0x00000000a2000000|
|  67|0x00000000a2100000, 0x00000000a2100000, 0x00000000a2200000|  0%| F|  |TS  0|AC  0|TAMS 0x00000000a2100000, 0x00000000a2100000|
|  68|0x00000000a2200000, 0x00000000a2200000, 0x00000000a2300000|  0%| F|  |TS  0|AC  0|TAMS 0x00000000a2200000, 0x00000000a2200000|
|  69|0x00000000a2300000, 0x00000000a2300000, 0x00000000a2400000|  0%| F|  |TS  0|AC  0|TAMS 0x00000000a2300000, 0x00000000a2300000|
|  70|0x00000000a2400000, 0x00000000a2400000, 0x00000000a2500000|  0%| F|  |TS  0|AC  0|TAMS 0x00000000a2400000, 0x00000000a2400000|
|  71|0x00000000a2500000, 0x00000000a2500000, 0x00000000a2600000|  0%| F|  |TS  0|AC  0|TAMS 0x00000000a2500000, 0x00000000a2500000|
|  72|0x00000000a2600000, 0x00000000a2600000, 0x00000000a2700000|  0%| F|  |TS  0|AC  0|TAMS 0x00000000a2600000, 0x00000000a2600000|
|  73|0x00000000a2700000, 0x00000000a2700000, 0x00000000a2800000|  0%| F|  |TS  0|AC  0|TAMS 0x00000000a2700000, 0x00000000a2700000|
|  74|0x00000000a2800000, 0x00000000a2800000, 0x00000000a2900000|  0%| F|  |TS  0|AC  0|TAMS 0x00000000a2800000, 0x00000000a2800000|
|  75|0x00000000a2900000, 0x00000000a2900000, 0x00000000a2a00000|  0%| F|  |TS  0|AC  0|TAMS 0x00000000a2900000, 0x00000000a2900000|
|  76|0x00000000a2a00000, 0x00000000a2a00000, 0x00000000a2b00000|  0%| F|  |TS  0|AC  0|TAMS 0x00000000a2a00000, 0x00000000a2a00000|
|  77|0x00000000a2b00000, 0x00000000a2b00000, 0x00000000a2c00000|  0%| F|  |TS  0|AC  0|TAMS 0x00000000a2b00000, 0x00000000a2b00000|
|  78|0x00000000a2c00000, 0x00000000a2c00000, 0x00000000a2d00000|  0%| F|  |TS  0|AC  0|TAMS 0x00000000a2c00000, 0x00000000a2c00000|
|  79|0x00000000a2d00000, 0x00000000a2d00000, 0x00000000a2e00000|  0%| F|  |TS  0|AC  0|TAMS 0x00000000a2d00000, 0x00000000a2d00000|
|  80|0x00000000a2e00000, 0x00000000a2e00000, 0x00000000a2f00000|  0%| F|  |TS  0|AC  0|TAMS 0x00000000a2e00000, 0x00000000a2e00000|
|  81|0x00000000a2f00000, 0x00000000a2f00000, 0x00000000a3000000|  0%| F|  |TS  0|AC  0|TAMS 0x00000000a2f00000, 0x00000000a2f00000|
|  82|0x00000000a3000000, 0x00000000a3000000, 0x00000000a3100000|  0%| F|  |TS  0|AC  0|TAMS 0x00000000a3000000, 0x00000000a3000000|
|  83|0x00000000a3100000, 0x00000000a3100000, 0x00000000a3200000|  0%| F|  |TS  0|AC  0|TAMS 0x00000000a3100000, 0x00000000a3100000|
|  84|0x00000000a3200000, 0x00000000a32af100, 0x00000000a3300000| 68%| S|CS|TS  1|AC  0|TAMS 0x00000000a3200000, 0x00000000a3200000|
|  85|0x00000000a3300000, 0x00000000a3400000, 0x00000000a3400000|100%| S|CS|TS  1|AC  0|TAMS 0x00000000a3300000, 0x00000000a3300000|
|  86|0x00000000a3400000, 0x00000000a3400800, 0x00000000a3500000|  0%| E|  |TS  1|AC  0|TAMS 0x00000000a3400000, 0x00000000a3400000|
|  87|0x00000000a3500000, 0x00000000a3600000, 0x00000000a3600000|100%| E|CS|TS  1|AC  0|TAMS 0x00000000a3500000, 0x00000000a3500000|
|  88|0x00000000a3600000, 0x00000000a3700000, 0x00000000a3700000|100%| E|CS|TS  1|AC  0|TAMS 0x00000000a3600000, 0x00000000a3600000|
|  89|0x00000000a3700000, 0x00000000a3800000, 0x00000000a3800000|100%| E|CS|TS  1|AC  0|TAMS 0x00000000a3700000, 0x00000000a3700000|
|  90|0x00000000a3800000, 0x00000000a3900000, 0x00000000a3900000|100%| E|CS|TS  1|AC  0|TAMS 0x00000000a3800000, 0x00000000a3800000|
|  91|0x00000000a3900000, 0x00000000a3a00000, 0x00000000a3a00000|100%| E|CS|TS  1|AC  0|TAMS 0x00000000a3900000, 0x00000000a3900000|
|  92|0x00000000a3a00000, 0x00000000a3b00000, 0x00000000a3b00000|100%| E|CS|TS  1|AC  0|TAMS 0x00000000a3a00000, 0x00000000a3a00000|
|  93|0x00000000a3b00000, 0x00000000a3c00000, 0x00000000a3c00000|100%| E|CS|TS  1|AC  0|TAMS 0x00000000a3b00000, 0x00000000a3b00000|
|  94|0x00000000a3c00000, 0x00000000a3d00000, 0x00000000a3d00000|100%| E|CS|TS  1|AC  0|TAMS 0x00000000a3c00000, 0x00000000a3c00000|
|  95|0x00000000a3d00000, 0x00000000a3e00000, 0x00000000a3e00000|100%| E|CS|TS  1|AC  0|TAMS 0x00000000a3d00000, 0x00000000a3d00000|
|  96|0x00000000a3e00000, 0x00000000a3f00000, 0x00000000a3f00000|100%| E|CS|TS  1|AC  0|TAMS 0x00000000a3e00000, 0x00000000a3e00000|
|  97|0x00000000a3f00000, 0x00000000a4000000, 0x00000000a4000000|100%| E|CS|TS  1|AC  0|TAMS 0x00000000a3f00000, 0x00000000a3f00000|
|  98|0x00000000a4000000, 0x00000000a4100000, 0x00000000a4100000|100%| E|CS|TS  1|AC  0|TAMS 0x00000000a4000000, 0x00000000a4000000|
|  99|0x00000000a4100000, 0x00000000a4200000, 0x00000000a4200000|100%| E|CS|TS  1|AC  0|TAMS 0x00000000a4100000, 0x00000000a4100000|

Card table byte_map: [0x00007f65f6453000,0x00007f65f6764000] byte_map_base: 0x00007f65f5f64000

Marking Bits (Prev, Next): (CMBitMap*) 0x000056485329c4c0, (CMBitMap*) 0x000056485329c4f8
 Prev Bits: [0x00007f65f48ba000, 0x00007f65f6142000)
 Next Bits: [0x00007f65e6778000, 0x00007f65e8000000)

Polling page: 0x00007f6612450000

CodeHeap 'non-profiled nmethods': size=120032Kb used=168Kb max_used=168Kb free=119863Kb
 bounds [0x00007f65fef2b000, 0x00007f65ff19b000, 0x00007f6606463000]
CodeHeap 'profiled nmethods': size=120032Kb used=960Kb max_used=960Kb free=119071Kb
 bounds [0x00007f65f79f3000, 0x00007f65f7c63000, 0x00007f65fef2b000]
CodeHeap 'non-nmethods': size=5696Kb used=1057Kb max_used=1069Kb free=4638Kb
 bounds [0x00007f65f7463000, 0x00007f65f76d3000, 0x00007f65f79f3000]
 total_blobs=1134 nmethods=647 adapters=284
 compilation: enabled

Compilation events (10 events):
Event: 22.699 Thread 0x00005648533a1800 nmethod 613 0x00007f65fef51e10 code [0x00007f65fef51fc0, 0x00007f65fef520d0]
Event: 22.699 Thread 0x00005648533a1800  615   !   3       java.util.concurrent.ConcurrentHashMap::computeIfAbsent (576 bytes)
Event: 22.703 Thread 0x00005648533a1800 nmethod 615 0x00007f65f7ac8b90 code [0x00007f65f7ac9000, 0x00007f65f7acbc68]
Event: 22.703 Thread 0x00005648533a1800  616       3       java.lang.StringLatin1::compareToCI (108 bytes)
Event: 22.705 Thread 0x00005648533a1800 nmethod 616 0x00007f65f7acce10 code [0x00007f65f7acd080, 0x00007f65f7acd978]
Event: 22.706 Thread 0x00005648533a1800  617       3       com.rabbitmq.client.impl.MethodArgumentReader::clearBits (13 bytes)
Event: 22.706 Thread 0x00005648533a1800 nmethod 617 0x00007f65f7a0be90 code [0x00007f65f7a0c040, 0x00007f65f7a0c1b0]
Event: 22.711 Thread 0x00005648533a1800  618       3       java.lang.Boolean::valueOf (14 bytes)
Event: 22.712 Thread 0x00005648533a1800 nmethod 618 0x00007f65f7acdd90 code [0x00007f65f7acdf40, 0x00007f65f7ace0f0]
Event: 22.718 Thread 0x00005648533a1800  619       1       java.lang.Thread::getThreadGroup (5 bytes)

GC Heap History (2 events):
Event: 22.648 GC heap before
{Heap before GC invocations=0 (full 0):
 garbage-first heap   total 102400K, used 14336K [0x000000009de00000, 0x0000000100000000)
  region size 1024K, 14 young (14336K), 0 survivors (0K)
 Metaspace       used 9694K, capacity 9895K, committed 9984K, reserved 1058816K
  class space    used 905K, capacity 985K, committed 1024K, reserved 1048576K
}
Event: 22.655 GC heap after
{Heap after GC invocations=1 (full 0):
 garbage-first heap   total 102400K, used 1724K [0x000000009de00000, 0x0000000100000000)
  region size 1024K, 2 young (2048K), 2 survivors (2048K)
 Metaspace       used 9694K, capacity 9895K, committed 9984K, reserved 1058816K
  class space    used 905K, capacity 985K, committed 1024K, reserved 1048576K
}

Deoptimization events (2 events):
Event: 21.488 Thread 0x0000564853219000 Uncommon trap: reason=unstable_if action=reinterpret pc=0x00007f65fef2fa70 method=java.lang.String.hashCode()I @ 14 c2
Event: 22.048 Thread 0x000056485354f000 Uncommon trap: reason=unstable_if action=reinterpret pc=0x00007f65fef47280 method=java.lang.StringLatin1.replace([BCC)Ljava/lang/String; @ 19 c2

Classes redefined (0 events):
No events

Internal exceptions (10 events):
Event: 21.748 Thread 0x0000564853219000 Exception <a 'java/lang/NoSuchMethodError'{0x00000000a3fe4850}: java.lang.invoke.DirectMethodHandle$Holder.invokeStaticInit(Ljava/lang/Object;Ljava/lang/Object;)I> (0x00000000a3fe4850) thrown at [/export/home/tester/jenkins/workspace/zulu10-build-linux64/
Event: 21.751 Thread 0x0000564853219000 Exception <a 'java/lang/NoSuchMethodError'{0x00000000a3fef9c8}: method resolution failed> (0x00000000a3fef9c8) thrown at [/export/home/tester/jenkins/workspace/zulu10-build-linux64/zulu-src/src/hotspot/share/prims/methodHandles.cpp, line 1226]
Event: 21.797 Thread 0x0000564853219000 Exception <a 'java/lang/NoSuchMethodError'{0x00000000a3e5cce8}: java.lang.invoke.DirectMethodHandle$Holder.invokeStatic(Ljava/lang/Object;Ljava/lang/Object;Ljava/lang/Object;)V> (0x00000000a3e5cce8) thrown at [/export/home/tester/jenkins/workspace/zulu10-
Event: 21.965 Thread 0x0000564853219000 Exception <a 'java/lang/NoSuchMethodError'{0x00000000a3c7e9c8}: java.lang.invoke.DirectMethodHandle$Holder.invokeSpecial(Ljava/lang/Object;Ljava/lang/Object;Ljava/lang/Object;Ljava/lang/Object;Ljava/lang/Object;)V> (0x00000000a3c7e9c8) thrown at [/export/
Event: 22.036 Thread 0x0000564853219000 Exception <a 'java/lang/NoSuchMethodError'{0x00000000a3b6dbd8}: method resolution failed> (0x00000000a3b6dbd8) thrown at [/export/home/tester/jenkins/workspace/zulu10-build-linux64/zulu-src/src/hotspot/share/prims/methodHandles.cpp, line 1226]
Event: 22.037 Thread 0x0000564853219000 Exception <a 'java/lang/NoSuchMethodError'{0x00000000a3b73ca0}: method resolution failed> (0x00000000a3b73ca0) thrown at [/export/home/tester/jenkins/workspace/zulu10-build-linux64/zulu-src/src/hotspot/share/prims/methodHandles.cpp, line 1226]
Event: 22.038 Thread 0x0000564853219000 Exception <a 'java/lang/NoSuchMethodError'{0x00000000a3b775d0}: method resolution failed> (0x00000000a3b775d0) thrown at [/export/home/tester/jenkins/workspace/zulu10-build-linux64/zulu-src/src/hotspot/share/prims/methodHandles.cpp, line 1226]
Event: 22.050 Thread 0x000056485354f000 Exception <a 'java/lang/NoSuchMethodError'{0x00000000a3bc1330}: java.lang.Object.lambda$union$2(Ljava/util/regex/Pattern$CharPredicate;I)Z> (0x00000000a3bc1330) thrown at [/export/home/tester/jenkins/workspace/zulu10-build-linux64/zulu-src/src/hotspot/sha
Event: 22.258 Thread 0x0000564853219000 Exception <a 'java/lang/NoSuchMethodError'{0x00000000a3a21930}: method resolution failed> (0x00000000a3a21930) thrown at [/export/home/tester/jenkins/workspace/zulu10-build-linux64/zulu-src/src/hotspot/share/prims/methodHandles.cpp, line 1226]
Event: 22.265 Thread 0x0000564853219000 Exception <a 'java/lang/NoSuchMethodError'{0x00000000a3a38440}: java.lang.Object.of([Ljava/lang/Object;)Ljava/util/stream/Stream;> (0x00000000a3a38440) thrown at [/export/home/tester/jenkins/workspace/zulu10-build-linux64/zulu-src/src/hotspot/share/interp

Events (10 events):
Event: 22.711 Thread 0x00007f6578003800 Thread added: 0x00007f6578003800
Event: 22.711 Thread 0x00007f6580007800 Thread added: 0x00007f6580007800
Event: 22.713 Thread 0x00007f6580009800 Thread added: 0x00007f6580009800
Event: 22.713 loading class com/moses/driverapp/threads/PositionTracking
Event: 22.713 loading class com/moses/driverapp/threads/PositionTracking done
Event: 22.715 loading class com/moses/driverapp/threads/ProcessedRidesCleaning
Event: 22.715 loading class com/moses/driverapp/threads/ProcessedRidesCleaning done
Event: 22.716 Executing VM operation: RevokeBias
Event: 22.717 Executing VM operation: RevokeBias done
Event: 22.717 Thread 0x00007f6574011000 Thread added: 0x00007f6574011000


Dynamic libraries:
9de00000-a4200000 rw-p 00000000 00:00 0 
a4200000-100000000 ---p 00000000 00:00 0 
100000000-100100000 rw-p 00000000 00:00 0 
100100000-140000000 ---p 00000000 00:00 0 
5648517e4000-564851840000 r--p 00000000 08:30 173515                     /home/eddie/miniconda3/envs/aaron/bin/python3.9
564851840000-564851a54000 r-xp 0005c000 08:30 173515                     /home/eddie/miniconda3/envs/aaron/bin/python3.9
564851a54000-564851b3f000 r--p 00270000 08:30 173515                     /home/eddie/miniconda3/envs/aaron/bin/python3.9
564851b3f000-564851b45000 r--p 0035a000 08:30 173515                     /home/eddie/miniconda3/envs/aaron/bin/python3.9
564851b45000-564851b7c000 rw-p 00360000 08:30 173515                     /home/eddie/miniconda3/envs/aaron/bin/python3.9
564851b7c000-564851b9e000 rw-p 00000000 00:00 0 
564852eae000-564853593000 rw-p 00000000 00:00 0                          [heap]
7f6566ecb000-7f6566ecf000 ---p 00000000 00:00 0 
7f6566ecf000-7f6566fcc000 rw-p 00000000 00:00 0 
7f6566fcc000-7f6566fd0000 ---p 00000000 00:00 0 
7f6566fd0000-7f65670cd000 rw-p 00000000 00:00 0 
7f65670cd000-7f65670d1000 ---p 00000000 00:00 0 
7f65670d1000-7f65671ce000 rw-p 00000000 00:00 0 
7f65671ce000-7f65671d2000 ---p 00000000 00:00 0 
7f65671d2000-7f65672cf000 rw-p 00000000 00:00 0 
7f65672cf000-7f65672d3000 ---p 00000000 00:00 0 
7f65672d3000-7f65673d0000 rw-p 00000000 00:00 0 
7f65673d0000-7f65673d4000 ---p 00000000 00:00 0 
7f65673d4000-7f65674d1000 rw-p 00000000 00:00 0 
7f65674d1000-7f65674d5000 ---p 00000000 00:00 0 
7f65674d5000-7f65675d2000 rw-p 00000000 00:00 0 
7f65675d2000-7f65675d6000 ---p 00000000 00:00 0 
7f65675d6000-7f65676d3000 rw-p 00000000 00:00 0 
7f65676d3000-7f65676d7000 ---p 00000000 00:00 0 
7f65676d7000-7f65677d4000 rw-p 00000000 00:00 0 
7f65677d4000-7f65677d8000 ---p 00000000 00:00 0 
7f65677d8000-7f65678d5000 rw-p 00000000 00:00 0 
7f65678d5000-7f65678d9000 ---p 00000000 00:00 0 
7f65678d9000-7f65679d6000 rw-p 00000000 00:00 0 
7f65679d6000-7f65679da000 ---p 00000000 00:00 0 
7f65679da000-7f6567ad7000 rw-p 00000000 00:00 0 
7f6567ad7000-7f6567adb000 ---p 00000000 00:00 0 
7f6567adb000-7f6567bd8000 rw-p 00000000 00:00 0 
7f6567bd8000-7f6567bdc000 ---p 00000000 00:00 0 
7f6567bdc000-7f6567cd9000 rw-p 00000000 00:00 0 
7f6567cd9000-7f6567cdd000 ---p 00000000 00:00 0 
7f6567cdd000-7f6567dda000 rw-p 00000000 00:00 0 
7f6567dda000-7f6567dde000 ---p 00000000 00:00 0 
7f6567dde000-7f6567edb000 rw-p 00000000 00:00 0 
7f6567edb000-7f6567edf000 ---p 00000000 00:00 0 
7f6567edf000-7f6567fdc000 rw-p 00000000 00:00 0 
7f6567fdc000-7f6567fe0000 ---p 00000000 00:00 0 
7f6567fe0000-7f65680dd000 rw-p 00000000 00:00 0 
7f65680dd000-7f65680e1000 ---p 00000000 00:00 0 
7f65680e1000-7f65681de000 rw-p 00000000 00:00 0 
7f65681de000-7f65681e2000 ---p 00000000 00:00 0 
7f65681e2000-7f65682df000 rw-p 00000000 00:00 0 
7f65682df000-7f65682e3000 ---p 00000000 00:00 0 
7f65682e3000-7f65683e0000 rw-p 00000000 00:00 0 
7f65683e0000-7f65683e4000 ---p 00000000 00:00 0 
7f65683e4000-7f65684e1000 rw-p 00000000 00:00 0 
7f65684e1000-7f65684e5000 ---p 00000000 00:00 0 
7f65684e5000-7f65685e2000 rw-p 00000000 00:00 0 
7f65685e2000-7f65685e6000 ---p 00000000 00:00 0 
7f65685e6000-7f65686e3000 rw-p 00000000 00:00 0 
7f65686e3000-7f65686e7000 ---p 00000000 00:00 0 
7f65686e7000-7f65687e4000 rw-p 00000000 00:00 0 
7f65687e4000-7f65687e8000 ---p 00000000 00:00 0 
7f65687e8000-7f65688e5000 rw-p 00000000 00:00 0 
7f65688e5000-7f65688e9000 ---p 00000000 00:00 0 
7f65688e9000-7f65689e6000 rw-p 00000000 00:00 0 
7f65689e6000-7f65689ea000 ---p 00000000 00:00 0 
7f65689ea000-7f6568ae7000 rw-p 00000000 00:00 0 
7f6568ae7000-7f6568aeb000 ---p 00000000 00:00 0 
7f6568aeb000-7f6568be8000 rw-p 00000000 00:00 0 
7f6568be8000-7f6568bec000 ---p 00000000 00:00 0 
7f6568bec000-7f6568ce9000 rw-p 00000000 00:00 0 
7f6568ce9000-7f6568ced000 ---p 00000000 00:00 0 
7f6568ced000-7f6568dea000 rw-p 00000000 00:00 0 
7f6568dea000-7f6568dee000 ---p 00000000 00:00 0 
7f6568dee000-7f6568eeb000 rw-p 00000000 00:00 0 
7f6568eeb000-7f6568eef000 ---p 00000000 00:00 0 
7f6568eef000-7f6568fec000 rw-p 00000000 00:00 0 
7f6568fec000-7f6568ff0000 ---p 00000000 00:00 0 
7f6568ff0000-7f65690ed000 rw-p 00000000 00:00 0 
7f65690ed000-7f65690f1000 ---p 00000000 00:00 0 
7f65690f1000-7f65691ee000 rw-p 00000000 00:00 0 
7f65691ee000-7f65691f2000 ---p 00000000 00:00 0 
7f65691f2000-7f65692ef000 rw-p 00000000 00:00 0 
7f65692ef000-7f65692f3000 ---p 00000000 00:00 0 
7f65692f3000-7f65693f0000 rw-p 00000000 00:00 0 
7f65693f0000-7f65693f4000 ---p 00000000 00:00 0 
7f65693f4000-7f65694f1000 rw-p 00000000 00:00 0 
7f65694f1000-7f65694f5000 ---p 00000000 00:00 0 
7f65694f5000-7f65695f2000 rw-p 00000000 00:00 0 
7f65695f2000-7f65695f3000 ---p 00000000 00:00 0 
7f65695f3000-7f65695f4000 rw-p 00000000 00:00 0 
7f65695f4000-7f65695f8000 ---p 00000000 00:00 0 
7f65695f8000-7f6569df3000 rw-p 00000000 00:00 0 
7f6569df3000-7f6569df7000 ---p 00000000 00:00 0 
7f6569df7000-7f6569ef4000 rw-p 00000000 00:00 0 
7f6569ef4000-7f6569ef5000 ---p 00000000 00:00 0 
7f6569ef5000-7f6569ef6000 rw-p 00000000 00:00 0 
7f6569ef6000-7f6569efa000 ---p 00000000 00:00 0 
7f6569efa000-7f656a6f5000 rw-p 00000000 00:00 0 
7f656a6f5000-7f656a6f9000 ---p 00000000 00:00 0 
7f656a6f9000-7f656a7f6000 rw-p 00000000 00:00 0 
7f656a7f6000-7f656a7fa000 ---p 00000000 00:00 0 
7f656a7fa000-7f656a8f7000 rw-p 00000000 00:00 0 
7f656a8f7000-7f656a8f8000 ---p 00000000 00:00 0 
7f656a8f8000-7f656a8f9000 rw-p 00000000 00:00 0 
7f656a8f9000-7f656a8fd000 ---p 00000000 00:00 0 
7f656a8fd000-7f656b0f8000 rw-p 00000000 00:00 0 
7f656b0f8000-7f656b0fc000 ---p 00000000 00:00 0 
7f656b0fc000-7f656b1f9000 rw-p 00000000 00:00 0 
7f656b1f9000-7f656b1fd000 ---p 00000000 00:00 0 
7f656b1fd000-7f656b2fa000 rw-p 00000000 00:00 0 
7f656b2fa000-7f656b2fe000 ---p 00000000 00:00 0 
7f656b2fe000-7f656b3fb000 rw-p 00000000 00:00 0 
7f656b3fb000-7f656b3ff000 ---p 00000000 00:00 0 
7f656b3ff000-7f656b4fc000 rw-p 00000000 00:00 0 
7f656b4fc000-7f656b500000 ---p 00000000 00:00 0 
7f656b500000-7f656b5fd000 rw-p 00000000 00:00 0 
7f656b5fd000-7f656b601000 ---p 00000000 00:00 0 
7f656b601000-7f656b6fe000 rw-p 00000000 00:00 0 
7f656b6fe000-7f656b702000 ---p 00000000 00:00 0 
7f656b702000-7f656b7ff000 rw-p 00000000 00:00 0 
7f656b7ff000-7f656b800000 ---p 00000000 00:00 0 
7f656b800000-7f656b801000 rw-p 00000000 00:00 0 
7f656b801000-7f656b805000 ---p 00000000 00:00 0 
7f656b805000-7f656c000000 rw-p 00000000 00:00 0 
7f656c000000-7f656c021000 rw-p 00000000 00:00 0 
7f656c021000-7f6570000000 ---p 00000000 00:00 0 
7f65700f2000-7f65700f6000 ---p 00000000 00:00 0 
7f65700f6000-7f65701f3000 rw-p 00000000 00:00 0 
7f65701f3000-7f65701f7000 ---p 00000000 00:00 0 
7f65701f7000-7f65702f4000 rw-p 00000000 00:00 0 
7f65702f4000-7f65702f5000 ---p 00000000 00:00 0 
7f65702f5000-7f65702f6000 rw-p 00000000 00:00 0 
7f65702f6000-7f65702fa000 ---p 00000000 00:00 0 
7f65702fa000-7f6570af5000 rw-p 00000000 00:00 0 
7f6570af5000-7f6570af9000 ---p 00000000 00:00 0 
7f6570af9000-7f6570bf6000 rw-p 00000000 00:00 0 
7f6570bf6000-7f6570bf7000 ---p 00000000 00:00 0 
7f6570bf7000-7f6570bf8000 rw-p 00000000 00:00 0 
7f6570bf8000-7f6570bfc000 ---p 00000000 00:00 0 
7f6570bfc000-7f65713f7000 rw-p 00000000 00:00 0 
7f65713f7000-7f65713fb000 ---p 00000000 00:00 0 
7f65713fb000-7f65714f8000 rw-p 00000000 00:00 0 
7f65714f8000-7f65714f9000 ---p 00000000 00:00 0 
7f65714f9000-7f65714fa000 rw-p 00000000 00:00 0 
7f65714fa000-7f65714fe000 ---p 00000000 00:00 0 
7f65714fe000-7f6571cf9000 rw-p 00000000 00:00 0 
7f6571cf9000-7f6571cfd000 ---p 00000000 00:00 0 
7f6571cfd000-7f6571dfa000 rw-p 00000000 00:00 0 
7f6571dfa000-7f6571dfb000 ---p 00000000 00:00 0 
7f6571dfb000-7f6571dfc000 rw-p 00000000 00:00 0 
7f6571dfc000-7f6571e00000 ---p 00000000 00:00 0 
7f6571e00000-7f65725fb000 rw-p 00000000 00:00 0 
7f65725fb000-7f65725ff000 ---p 00000000 00:00 0 
7f65725ff000-7f65726fc000 rw-p 00000000 00:00 0 
7f65726fc000-7f65726fd000 ---p 00000000 00:00 0 
7f65726fd000-7f65726fe000 rw-p 00000000 00:00 0 
7f65726fe000-7f6572702000 ---p 00000000 00:00 0 
7f6572702000-7f6572efd000 rw-p 00000000 00:00 0 
7f6572efd000-7f6572f01000 ---p 00000000 00:00 0 
7f6572f01000-7f6572ffe000 rw-p 00000000 00:00 0 
7f6572ffe000-7f6572fff000 ---p 00000000 00:00 0 
7f6572fff000-7f6573000000 rw-p 00000000 00:00 0 
7f6573000000-7f6573004000 ---p 00000000 00:00 0 
7f6573004000-7f65737ff000 rw-p 00000000 00:00 0 
7f65737ff000-7f6573800000 ---p 00000000 00:00 0 
7f6573800000-7f6573801000 rw-p 00000000 00:00 0 
7f6573801000-7f6573805000 ---p 00000000 00:00 0 
7f6573805000-7f6574000000 rw-p 00000000 00:00 0 
7f6574000000-7f6574021000 rw-p 00000000 00:00 0 
7f6574021000-7f6578000000 ---p 00000000 00:00 0 
7f6578000000-7f6578021000 rw-p 00000000 00:00 0 
7f6578021000-7f657c000000 ---p 00000000 00:00 0 
7f657c000000-7f657c021000 rw-p 00000000 00:00 0 
7f657c021000-7f6580000000 ---p 00000000 00:00 0 
7f6580000000-7f6580021000 rw-p 00000000 00:00 0 
7f6580021000-7f6584000000 ---p 00000000 00:00 0 
7f6584000000-7f6584021000 rw-p 00000000 00:00 0 
7f6584021000-7f6588000000 ---p 00000000 00:00 0 
7f6588000000-7f6588021000 rw-p 00000000 00:00 0 
7f6588021000-7f658c000000 ---p 00000000 00:00 0 
7f658c000000-7f658c022000 rw-p 00000000 00:00 0 
7f658c022000-7f6590000000 ---p 00000000 00:00 0 
7f6590000000-7f6590021000 rw-p 00000000 00:00 0 
7f6590021000-7f6594000000 ---p 00000000 00:00 0 
7f6594000000-7f6594021000 rw-p 00000000 00:00 0 
7f6594021000-7f6598000000 ---p 00000000 00:00 0 
7f6598000000-7f6598021000 rw-p 00000000 00:00 0 
7f6598021000-7f659c000000 ---p 00000000 00:00 0 
7f659c000000-7f659c021000 rw-p 00000000 00:00 0 
7f659c021000-7f65a0000000 ---p 00000000 00:00 0 
7f65a0000000-7f65a0021000 rw-p 00000000 00:00 0 
7f65a0021000-7f65a4000000 ---p 00000000 00:00 0 
7f65a4000000-7f65a4181000 rw-p 00000000 00:00 0 
7f65a4181000-7f65a8000000 ---p 00000000 00:00 0 
7f65a8000000-7f65a819e000 rw-p 00000000 00:00 0 
7f65a819e000-7f65ac000000 ---p 00000000 00:00 0 
7f65ac000000-7f65ac021000 rw-p 00000000 00:00 0 
7f65ac021000-7f65b0000000 ---p 00000000 00:00 0 
7f65b0000000-7f65b019c000 rw-p 00000000 00:00 0 
7f65b019c000-7f65b4000000 ---p 00000000 00:00 0 
7f65b4000000-7f65b4021000 rw-p 00000000 00:00 0 
7f65b4021000-7f65b8000000 ---p 00000000 00:00 0 
7f65b8000000-7f65b8021000 rw-p 00000000 00:00 0 
7f65b8021000-7f65bc000000 ---p 00000000 00:00 0 
7f65bc000000-7f65bc021000 rw-p 00000000 00:00 0 
7f65bc021000-7f65c0000000 ---p 00000000 00:00 0 
7f65c00b5000-7f65c00b9000 ---p 00000000 00:00 0 
7f65c00b9000-7f65c01b6000 rw-p 00000000 00:00 0 
7f65c01b6000-7f65c01ba000 ---p 00000000 00:00 0 
7f65c01ba000-7f65c02b7000 rw-p 00000000 00:00 0 
7f65c02b7000-7f65c02bb000 ---p 00000000 00:00 0 
7f65c02bb000-7f65c03b8000 rw-p 00000000 00:00 0 
7f65c03b8000-7f65c03bc000 ---p 00000000 00:00 0 
7f65c03bc000-7f65c04b9000 rw-p 00000000 00:00 0 
7f65c04b9000-7f65c04bd000 ---p 00000000 00:00 0 
7f65c04bd000-7f65c05ba000 rw-p 00000000 00:00 0 
7f65c05ba000-7f65c05be000 ---p 00000000 00:00 0 
7f65c05be000-7f65c06bb000 rw-p 00000000 00:00 0 
7f65c06bb000-7f65c06bf000 ---p 00000000 00:00 0 
7f65c06bf000-7f65c07bc000 rw-p 00000000 00:00 0 
7f65c07bc000-7f65c07c0000 ---p 00000000 00:00 0 
7f65c07c0000-7f65c08bd000 rw-p 00000000 00:00 0 
7f65c08bd000-7f65c08be000 ---p 00000000 00:00 0 
7f65c08be000-7f65c08bf000 rw-p 00000000 00:00 0 
7f65c08bf000-7f65c08c3000 ---p 00000000 00:00 0 
7f65c08c3000-7f65c10be000 rw-p 00000000 00:00 0 
7f65c10be000-7f65c10c2000 ---p 00000000 00:00 0 
7f65c10c2000-7f65c11bf000 rw-p 00000000 00:00 0 
7f65c11bf000-7f65c11c3000 ---p 00000000 00:00 0 
7f65c11c3000-7f65c12c0000 rw-p 00000000 00:00 0 
7f65c12c0000-7f65c12c1000 ---p 00000000 00:00 0 
7f65c12c1000-7f65c12c2000 rw-p 00000000 00:00 0 
7f65c12c2000-7f65c12c6000 ---p 00000000 00:00 0 
7f65c12c6000-7f65c1ac1000 rw-p 00000000 00:00 0 
7f65c1ac1000-7f65c1ac2000 ---p 00000000 00:00 0 
7f65c1ac2000-7f65c1ac3000 rw-p 00000000 00:00 0 
7f65c1ac3000-7f65c1ac7000 ---p 00000000 00:00 0 
7f65c1ac7000-7f65c22c2000 rw-p 00000000 00:00 0 
7f65c22c2000-7f65c22c6000 ---p 00000000 00:00 0 
7f65c22c6000-7f65c24c3000 rw-p 00000000 00:00 0 
7f65c24c3000-7f65c25c3000 ---p 00000000 00:00 0 
7f65c25c3000-7f65c25c7000 ---p 00000000 00:00 0 
7f65c25c7000-7f65c26c4000 rw-p 00000000 00:00 0 
7f65c26c4000-7f65c26c8000 ---p 00000000 00:00 0 
7f65c26c8000-7f65c27c5000 rw-p 00000000 00:00 0 
7f65c27c5000-7f65c27c9000 ---p 00000000 00:00 0 
7f65c27c9000-7f65c28c6000 rw-p 00000000 00:00 0 
7f65c28c6000-7f65c28ca000 ---p 00000000 00:00 0 
7f65c28ca000-7f65c29c7000 rw-p 00000000 00:00 0 
7f65c29c7000-7f65c29c8000 r-xp 00000000 08:30 135386                     /home/eddie/miniconda3/envs/aaron/lib/libextnet.so
7f65c29c8000-7f65c2bc8000 ---p 00001000 08:30 135386                     /home/eddie/miniconda3/envs/aaron/lib/libextnet.so
7f65c2bc8000-7f65c2bc9000 rw-p 00001000 08:30 135386                     /home/eddie/miniconda3/envs/aaron/lib/libextnet.so
7f65c2bc9000-7f65c2bca000 rw-p 00003000 08:30 135386                     /home/eddie/miniconda3/envs/aaron/lib/libextnet.so
7f65c2bca000-7f65c2be0000 r-xp 00000000 08:30 135407                     /home/eddie/miniconda3/envs/aaron/lib/libnet.so
7f65c2be0000-7f65c2de0000 ---p 00016000 08:30 135407                     /home/eddie/miniconda3/envs/aaron/lib/libnet.so
7f65c2de0000-7f65c2de1000 rw-p 00016000 08:30 135407                     /home/eddie/miniconda3/envs/aaron/lib/libnet.so
7f65c2de1000-7f65c2de3000 rw-p 0001c000 08:30 135407                     /home/eddie/miniconda3/envs/aaron/lib/libnet.so
7f65c2de3000-7f65c2df4000 r-xp 00000000 08:30 135406                     /home/eddie/miniconda3/envs/aaron/lib/libnio.so
7f65c2df4000-7f65c2ff3000 ---p 00011000 08:30 135406                     /home/eddie/miniconda3/envs/aaron/lib/libnio.so
7f65c2ff3000-7f65c2ff4000 rw-p 00010000 08:30 135406                     /home/eddie/miniconda3/envs/aaron/lib/libnio.so
7f65c2ff4000-7f65c2ff7000 rw-p 00017000 08:30 135406                     /home/eddie/miniconda3/envs/aaron/lib/libnio.so
7f65c2ff7000-7f65c2ffb000 ---p 00000000 00:00 0 
7f65c2ffb000-7f65c30f8000 rw-p 00000000 00:00 0 
7f65c30f8000-7f65c30f9000 ---p 00000000 00:00 0 
7f65c30f9000-7f65c31fa000 rw-p 00000000 00:00 0 
7f65c31fa000-7f65c31fe000 ---p 00000000 00:00 0 
7f65c31fe000-7f65c32fb000 rw-p 00000000 00:00 0 
7f65c32fb000-7f65c32ff000 ---p 00000000 00:00 0 
7f65c32ff000-7f65c33fc000 rw-p 00000000 00:00 0 
7f65c33fc000-7f65c3400000 ---p 00000000 00:00 0 
7f65c3400000-7f65c34fd000 rw-p 00000000 00:00 0 
7f65c34fd000-7f65c3501000 ---p 00000000 00:00 0 
7f65c3501000-7f65c35fe000 rw-p 00000000 00:00 0 
7f65c35fe000-7f65c3602000 ---p 00000000 00:00 0 
7f65c3602000-7f65c36ff000 rw-p 00000000 00:00 0 
7f65c36ff000-7f65c3703000 ---p 00000000 00:00 0 
7f65c3703000-7f65c4000000 rw-p 00000000 00:00 0 
7f65c4000000-7f65c4021000 rw-p 00000000 00:00 0 
7f65c4021000-7f65c8000000 ---p 00000000 00:00 0 
7f65c8000000-7f65c8021000 rw-p 00000000 00:00 0 
7f65c8021000-7f65cc000000 ---p 00000000 00:00 0 
7f65cc000000-7f65cc021000 rw-p 00000000 00:00 0 
7f65cc021000-7f65d0000000 ---p 00000000 00:00 0 
7f65d0000000-7f65d0021000 rw-p 00000000 00:00 0 
7f65d0021000-7f65d4000000 ---p 00000000 00:00 0 
7f65d4000000-7f65d4021000 rw-p 00000000 00:00 0 
7f65d4021000-7f65d8000000 ---p 00000000 00:00 0 
7f65d8000000-7f65d8021000 rw-p 00000000 00:00 0 
7f65d8021000-7f65dc000000 ---p 00000000 00:00 0 
7f65dc000000-7f65dc021000 rw-p 00000000 00:00 0 
7f65dc021000-7f65e0000000 ---p 00000000 00:00 0 
7f65e0000000-7f65e0021000 rw-p 00000000 00:00 0 
7f65e0021000-7f65e4000000 ---p 00000000 00:00 0 
7f65e405d000-7f65e409d000 rw-p 00000000 00:00 0 
7f65e409d000-7f65e40a1000 ---p 00000000 00:00 0 
7f65e40a1000-7f65e419e000 rw-p 00000000 00:00 0 
7f65e419e000-7f65e41a2000 ---p 00000000 00:00 0 
7f65e41a2000-7f65e429f000 rw-p 00000000 00:00 0 
7f65e429f000-7f65e42a0000 ---p 00000000 00:00 0 
7f65e42a0000-7f65e4472000 rw-p 00000000 00:00 0 
7f65e4472000-7f65e4473000 ---p 00000000 00:00 0 
7f65e4473000-7f65e4574000 rw-p 00000000 00:00 0 
7f65e4574000-7f65e4575000 ---p 00000000 00:00 0 
7f65e4575000-7f65e4676000 rw-p 00000000 00:00 0 
7f65e4676000-7f65e4677000 ---p 00000000 00:00 0 
7f65e4677000-7f65e6908000 rw-p 00000000 00:00 0 
7f65e6908000-7f65e8000000 ---p 00000000 00:00 0 
7f65e8000000-7f65e8021000 rw-p 00000000 00:00 0 
7f65e8021000-7f65ec000000 ---p 00000000 00:00 0 
7f65ec000000-7f65ec021000 rw-p 00000000 00:00 0 
7f65ec021000-7f65f0000000 ---p 00000000 00:00 0 
7f65f0000000-7f65f0021000 rw-p 00000000 00:00 0 
7f65f0021000-7f65f4000000 ---p 00000000 00:00 0 
7f65f400b000-7f65f404b000 rw-p 00000000 00:00 0 
7f65f404b000-7f65f404c000 ---p 00000000 00:00 0 
7f65f404c000-7f65f414d000 rw-p 00000000 00:00 0 
7f65f414d000-7f65f414e000 ---p 00000000 00:00 0 
7f65f414e000-7f65f4653000 rw-p 00000000 00:00 0 
7f65f4653000-7f65f4654000 ---p 00000000 00:00 0 
7f65f4654000-7f65f4755000 rw-p 00000000 00:00 0 
7f65f4755000-7f65f4756000 ---p 00000000 00:00 0 
7f65f4756000-7f65f4a4a000 rw-p 00000000 00:00 0 
7f65f4a4a000-7f65f6142000 ---p 00000000 00:00 0 
7f65f6142000-7f65f6174000 rw-p 00000000 00:00 0 
7f65f6174000-7f65f6453000 ---p 00000000 00:00 0 
7f65f6453000-7f65f6485000 rw-p 00000000 00:00 0 
7f65f6485000-7f65f6764000 ---p 00000000 00:00 0 
7f65f6764000-7f65f6796000 rw-p 00000000 00:00 0 
7f65f6796000-7f65f6a75000 ---p 00000000 00:00 0 
7f65f6a75000-7f65f6e79000 rw-p 00000000 00:00 0 
7f65f6e79000-7f65f6e7a000 ---p 00000000 00:00 0 
7f65f6e7a000-7f65f6f7b000 rw-p 00000000 00:00 0 
7f65f6f7b000-7f65f6f7c000 ---p 00000000 00:00 0 
7f65f6f7c000-7f65f707d000 rw-p 00000000 00:00 0 
7f65f707d000-7f65f707e000 ---p 00000000 00:00 0 
7f65f707e000-7f65f717f000 rw-p 00000000 00:00 0 
7f65f717f000-7f65f7180000 ---p 00000000 00:00 0 
7f65f7180000-7f65f7286000 rw-p 00000000 00:00 0 
7f65f7286000-7f65f736c000 ---p 00000000 00:00 0 
7f65f736c000-7f65f7371000 rw-p 00000000 00:00 0 
7f65f7371000-7f65f7457000 ---p 00000000 00:00 0 
7f65f7457000-7f65f745c000 rw-p 00000000 00:00 0 
7f65f745c000-7f65f7463000 ---p 00000000 00:00 0 
7f65f7463000-7f65f76d3000 rwxp 00000000 00:00 0 
7f65f76d3000-7f65f79f3000 ---p 00000000 00:00 0 
7f65f79f3000-7f65f7c63000 rwxp 00000000 00:00 0 
7f65f7c63000-7f65fef2b000 ---p 00000000 00:00 0 
7f65fef2b000-7f65ff19b000 rwxp 00000000 00:00 0 
7f65ff19b000-7f6606463000 ---p 00000000 00:00 0 
7f6606463000-7f660f93d000 r--s 00000000 08:30 135084                     /home/eddie/miniconda3/envs/aaron/lib/modules
7f660f93d000-7f660f957000 r-xp 00000000 08:30 135408                     /home/eddie/miniconda3/envs/aaron/lib/libjimage.so
7f660f957000-7f660fb56000 ---p 0001a000 08:30 135408                     /home/eddie/miniconda3/envs/aaron/lib/libjimage.so
7f660fb56000-7f660fb58000 rw-p 00019000 08:30 135408                     /home/eddie/miniconda3/envs/aaron/lib/libjimage.so
7f660fb58000-7f660fb6a000 rw-p 00000000 00:00 0 
7f660fb6a000-7f660fb6b000 rw-p 00021000 08:30 135408                     /home/eddie/miniconda3/envs/aaron/lib/libjimage.so
7f660fb6b000-7f660fb72000 r-xp 00000000 08:30 135397                     /home/eddie/miniconda3/envs/aaron/lib/libzip.so
7f660fb72000-7f660fd71000 ---p 00007000 08:30 135397                     /home/eddie/miniconda3/envs/aaron/lib/libzip.so
7f660fd71000-7f660fd72000 rw-p 00006000 08:30 135397                     /home/eddie/miniconda3/envs/aaron/lib/libzip.so
7f660fd72000-7f660fd73000 rw-p 00009000 08:30 135397                     /home/eddie/miniconda3/envs/aaron/lib/libzip.so
7f660fd73000-7f660fd7b000 rw-s 00000000 08:30 134078                     /tmp/hsperfdata_eddie/5233
7f660fd7b000-7f660fd7e000 r--p 00000000 08:30 591                        /lib/x86_64-linux-gnu/libnss_files-2.28.so
7f660fd7e000-7f660fd85000 r-xp 00003000 08:30 591                        /lib/x86_64-linux-gnu/libnss_files-2.28.so
7f660fd85000-7f660fd87000 r--p 0000a000 08:30 591                        /lib/x86_64-linux-gnu/libnss_files-2.28.so
7f660fd87000-7f660fd88000 ---p 0000c000 08:30 591                        /lib/x86_64-linux-gnu/libnss_files-2.28.so
7f660fd88000-7f660fd89000 r--p 0000c000 08:30 591                        /lib/x86_64-linux-gnu/libnss_files-2.28.so
7f660fd89000-7f660fd8a000 rw-p 0000d000 08:30 591                        /lib/x86_64-linux-gnu/libnss_files-2.28.so
7f660fd8a000-7f660fd90000 rw-p 00000000 00:00 0 
7f660fd97000-7f660fdc2000 r-xp 00000000 08:30 135411                     /home/eddie/miniconda3/envs/aaron/lib/libjava.so
7f660fdc2000-7f660ffc2000 ---p 0002b000 08:30 135411                     /home/eddie/miniconda3/envs/aaron/lib/libjava.so
7f660ffc2000-7f660ffc4000 rw-p 0002b000 08:30 135411                     /home/eddie/miniconda3/envs/aaron/lib/libjava.so
7f660ffc4000-7f660ffc8000 rw-p 00038000 08:30 135411                     /home/eddie/miniconda3/envs/aaron/lib/libjava.so
7f660ffc8000-7f660ffd5000 r-xp 00000000 08:30 135402                     /home/eddie/miniconda3/envs/aaron/lib/libverify.so
7f660ffd5000-7f66101d4000 ---p 0000d000 08:30 135402                     /home/eddie/miniconda3/envs/aaron/lib/libverify.so
7f66101d4000-7f66101d6000 rw-p 0000c000 08:30 135402                     /home/eddie/miniconda3/envs/aaron/lib/libverify.so
7f66101d6000-7f66101d7000 rw-p 00010000 08:30 135402                     /home/eddie/miniconda3/envs/aaron/lib/libverify.so
7f66101d7000-7f66104d7000 rw-p 00000000 00:00 0 
7f66104d7000-7f66114e0000 r-xp 00000000 08:30 135420                     /home/eddie/miniconda3/envs/aaron/lib/server/libjvm.so
7f66114e0000-7f66116df000 ---p 01009000 08:30 135420                     /home/eddie/miniconda3/envs/aaron/lib/server/libjvm.so
7f66116df000-7f66117bc000 r--p 01008000 08:30 135420                     /home/eddie/miniconda3/envs/aaron/lib/server/libjvm.so
7f66117bc000-7f66117f5000 rw-p 010e5000 08:30 135420                     /home/eddie/miniconda3/envs/aaron/lib/server/libjvm.so
7f66117f5000-7f6611852000 rw-p 00000000 00:00 0 
7f6611852000-7f6611855000 rw-p 01461000 08:30 135420                     /home/eddie/miniconda3/envs/aaron/lib/server/libjvm.so
7f6611855000-7f6611895000 rw-p 00000000 00:00 0 
7f6611895000-7f66118a0000 r--p 00000000 08:30 176757                     /home/eddie/miniconda3/envs/aaron/lib/python3.9/site-packages/jnius/jnius.cpython-39-x86_64-linux-gnu.so
7f66118a0000-7f6611907000 r-xp 0000b000 08:30 176757                     /home/eddie/miniconda3/envs/aaron/lib/python3.9/site-packages/jnius/jnius.cpython-39-x86_64-linux-gnu.so
7f6611907000-7f6611914000 r--p 00072000 08:30 176757                     /home/eddie/miniconda3/envs/aaron/lib/python3.9/site-packages/jnius/jnius.cpython-39-x86_64-linux-gnu.so
7f6611914000-7f6611915000 r--p 0007e000 08:30 176757                     /home/eddie/miniconda3/envs/aaron/lib/python3.9/site-packages/jnius/jnius.cpython-39-x86_64-linux-gnu.so
7f6611915000-7f661191d000 rw-p 0007f000 08:30 176757                     /home/eddie/miniconda3/envs/aaron/lib/python3.9/site-packages/jnius/jnius.cpython-39-x86_64-linux-gnu.so
7f661191d000-7f6611aef000 rw-p 00000000 00:00 0 
7f6611aef000-7f6611af3000 r--p 00000000 08:30 173060                     /home/eddie/miniconda3/envs/aaron/lib/liblzma.so.5.2.5
7f6611af3000-7f6611b0a000 r-xp 00004000 08:30 173060                     /home/eddie/miniconda3/envs/aaron/lib/liblzma.so.5.2.5
7f6611b0a000-7f6611b15000 r--p 0001b000 08:30 173060                     /home/eddie/miniconda3/envs/aaron/lib/liblzma.so.5.2.5
7f6611b15000-7f6611b16000 ---p 00026000 08:30 173060                     /home/eddie/miniconda3/envs/aaron/lib/liblzma.so.5.2.5
7f6611b16000-7f6611b17000 r--p 00026000 08:30 173060                     /home/eddie/miniconda3/envs/aaron/lib/liblzma.so.5.2.5
7f6611b17000-7f6611b18000 rw-p 00027000 08:30 173060                     /home/eddie/miniconda3/envs/aaron/lib/liblzma.so.5.2.5
7f6611b18000-7f6611b1b000 r--p 00000000 08:30 172048                     /home/eddie/miniconda3/envs/aaron/lib/python3.9/lib-dynload/_lzma.cpython-39-x86_64-linux-gnu.so
7f6611b1b000-7f6611b1f000 r-xp 00003000 08:30 172048                     /home/eddie/miniconda3/envs/aaron/lib/python3.9/lib-dynload/_lzma.cpython-39-x86_64-linux-gnu.so
7f6611b1f000-7f6611b22000 r--p 00007000 08:30 172048                     /home/eddie/miniconda3/envs/aaron/lib/python3.9/lib-dynload/_lzma.cpython-39-x86_64-linux-gnu.so
7f6611b22000-7f6611b23000 r--p 00009000 08:30 172048                     /home/eddie/miniconda3/envs/aaron/lib/python3.9/lib-dynload/_lzma.cpython-39-x86_64-linux-gnu.so
7f6611b23000-7f6611b24000 rw-p 0000a000 08:30 172048                     /home/eddie/miniconda3/envs/aaron/lib/python3.9/lib-dynload/_lzma.cpython-39-x86_64-linux-gnu.so
7f6611b24000-7f6611b27000 r--p 00000000 08:30 172069                     /home/eddie/miniconda3/envs/aaron/lib/python3.9/lib-dynload/_bz2.cpython-39-x86_64-linux-gnu.so
7f6611b27000-7f6611b37000 r-xp 00003000 08:30 172069                     /home/eddie/miniconda3/envs/aaron/lib/python3.9/lib-dynload/_bz2.cpython-39-x86_64-linux-gnu.so
7f6611b37000-7f6611b3a000 r--p 00013000 08:30 172069                     /home/eddie/miniconda3/envs/aaron/lib/python3.9/lib-dynload/_bz2.cpython-39-x86_64-linux-gnu.so
7f6611b3a000-7f6611b3b000 r--p 00015000 08:30 172069                     /home/eddie/miniconda3/envs/aaron/lib/python3.9/lib-dynload/_bz2.cpython-39-x86_64-linux-gnu.so
7f6611b3b000-7f6611b3d000 rw-p 00016000 08:30 172069                     /home/eddie/miniconda3/envs/aaron/lib/python3.9/lib-dynload/_bz2.cpython-39-x86_64-linux-gnu.so
7f6611b3d000-7f6611b7d000 rw-p 00000000 00:00 0 
7f6611b7d000-7f6611b9c000 r--p 00000000 08:30 134891                     /home/eddie/miniconda3/envs/aaron/lib/libssl.so.1.1
7f6611b9c000-7f6611be6000 r-xp 0001f000 08:30 134891                     /home/eddie/miniconda3/envs/aaron/lib/libssl.so.1.1
7f6611be6000-7f6611bff000 r--p 00069000 08:30 134891                     /home/eddie/miniconda3/envs/aaron/lib/libssl.so.1.1
7f6611bff000-7f6611c00000 ---p 00082000 08:30 134891                     /home/eddie/miniconda3/envs/aaron/lib/libssl.so.1.1
7f6611c00000-7f6611c09000 r--p 00082000 08:30 134891                     /home/eddie/miniconda3/envs/aaron/lib/libssl.so.1.1
7f6611c09000-7f6611c0d000 rw-p 0008b000 08:30 134891                     /home/eddie/miniconda3/envs/aaron/lib/libssl.so.1.1
7f6611c0d000-7f6611c1d000 r--p 00000000 08:30 172073                     /home/eddie/miniconda3/envs/aaron/lib/python3.9/lib-dynload/_ssl.cpython-39-x86_64-linux-gnu.so
7f6611c1d000-7f6611c26000 r-xp 00010000 08:30 172073                     /home/eddie/miniconda3/envs/aaron/lib/python3.9/lib-dynload/_ssl.cpython-39-x86_64-linux-gnu.so
7f6611c26000-7f6611c32000 r--p 00019000 08:30 172073                     /home/eddie/miniconda3/envs/aaron/lib/python3.9/lib-dynload/_ssl.cpython-39-x86_64-linux-gnu.so
7f6611c32000-7f6611c33000 ---p 00025000 08:30 172073                     /home/eddie/miniconda3/envs/aaron/lib/python3.9/lib-dynload/_ssl.cpython-39-x86_64-linux-gnu.so
7f6611c33000-7f6611c34000 r--p 00025000 08:30 172073                     /home/eddie/miniconda3/envs/aaron/lib/python3.9/lib-dynload/_ssl.cpython-39-x86_64-linux-gnu.so
7f6611c34000-7f6611c3b000 rw-p 00026000 08:30 172073                     /home/eddie/miniconda3/envs/aaron/lib/python3.9/lib-dynload/_ssl.cpython-39-x86_64-linux-gnu.so
7f6611c3b000-7f6611cfb000 rw-p 00000000 00:00 0 
7f6611cfb000-7f6611cfd000 r--p 00000000 08:30 172077                     /home/eddie/miniconda3/envs/aaron/lib/python3.9/lib-dynload/_blake2.cpython-39-x86_64-linux-gnu.so
7f6611cfd000-7f6611d13000 r-xp 00002000 08:30 172077                     /home/eddie/miniconda3/envs/aaron/lib/python3.9/lib-dynload/_blake2.cpython-39-x86_64-linux-gnu.so
7f6611d13000-7f6611d15000 r--p 00018000 08:30 172077                     /home/eddie/miniconda3/envs/aaron/lib/python3.9/lib-dynload/_blake2.cpython-39-x86_64-linux-gnu.so
7f6611d15000-7f6611d16000 r--p 00019000 08:30 172077                     /home/eddie/miniconda3/envs/aaron/lib/python3.9/lib-dynload/_blake2.cpython-39-x86_64-linux-gnu.so
7f6611d16000-7f6611d17000 rw-p 0001a000 08:30 172077                     /home/eddie/miniconda3/envs/aaron/lib/python3.9/lib-dynload/_blake2.cpython-39-x86_64-linux-gnu.so
7f6611d17000-7f6611d92000 r--p 00000000 08:30 173494                     /home/eddie/miniconda3/envs/aaron/lib/libcrypto.so.1.1
7f6611d92000-7f6611f25000 r-xp 0007b000 08:30 173494                     /home/eddie/miniconda3/envs/aaron/lib/libcrypto.so.1.1
7f6611f25000-7f6611fb2000 r--p 0020e000 08:30 173494                     /home/eddie/miniconda3/envs/aaron/lib/libcrypto.so.1.1
7f6611fb2000-7f6611fdd000 r--p 0029a000 08:30 173494                     /home/eddie/miniconda3/envs/aaron/lib/libcrypto.so.1.1
7f6611fdd000-7f6611fdf000 rw-p 002c5000 08:30 173494                     /home/eddie/miniconda3/envs/aaron/lib/libcrypto.so.1.1
7f6611fdf000-7f6611fe3000 rw-p 00000000 00:00 0 
7f6611fe3000-7f6611fe7000 r--p 00000000 08:30 172067                     /home/eddie/miniconda3/envs/aaron/lib/python3.9/lib-dynload/_hashlib.cpython-39-x86_64-linux-gnu.so
7f6611fe7000-7f6611ff0000 r-xp 00004000 08:30 172067                     /home/eddie/miniconda3/envs/aaron/lib/python3.9/lib-dynload/_hashlib.cpython-39-x86_64-linux-gnu.so
7f6611ff0000-7f6611ff4000 r--p 0000d000 08:30 172067                     /home/eddie/miniconda3/envs/aaron/lib/python3.9/lib-dynload/_hashlib.cpython-39-x86_64-linux-gnu.so
7f6611ff4000-7f6611ff5000 r--p 00010000 08:30 172067                     /home/eddie/miniconda3/envs/aaron/lib/python3.9/lib-dynload/_hashlib.cpython-39-x86_64-linux-gnu.so
7f6611ff5000-7f6611ff6000 rw-p 00011000 08:30 172067                     /home/eddie/miniconda3/envs/aaron/lib/python3.9/lib-dynload/_hashlib.cpython-39-x86_64-linux-gnu.so
7f6611ff6000-7f6611ff8000 r--p 00000000 08:30 172051                     /home/eddie/miniconda3/envs/aaron/lib/python3.9/lib-dynload/binascii.cpython-39-x86_64-linux-gnu.so
7f6611ff8000-7f6611ffe000 r-xp 00002000 08:30 172051                     /home/eddie/miniconda3/envs/aaron/lib/python3.9/lib-dynload/binascii.cpython-39-x86_64-linux-gnu.so
7f6611ffe000-7f6612000000 r--p 00008000 08:30 172051                     /home/eddie/miniconda3/envs/aaron/lib/python3.9/lib-dynload/binascii.cpython-39-x86_64-linux-gnu.so
7f6612000000-7f6612001000 ---p 0000a000 08:30 172051                     /home/eddie/miniconda3/envs/aaron/lib/python3.9/lib-dynload/binascii.cpython-39-x86_64-linux-gnu.so
7f6612001000-7f6612002000 r--p 0000a000 08:30 172051                     /home/eddie/miniconda3/envs/aaron/lib/python3.9/lib-dynload/binascii.cpython-39-x86_64-linux-gnu.so
7f6612002000-7f6612003000 rw-p 0000b000 08:30 172051                     /home/eddie/miniconda3/envs/aaron/lib/python3.9/lib-dynload/binascii.cpython-39-x86_64-linux-gnu.so
7f6612003000-7f6612083000 rw-p 00000000 00:00 0 
7f6612083000-7f6612088000 r--p 00000000 08:30 172081                     /home/eddie/miniconda3/envs/aaron/lib/python3.9/lib-dynload/pyexpat.cpython-39-x86_64-linux-gnu.so
7f6612088000-7f66120b3000 r-xp 00005000 08:30 172081                     /home/eddie/miniconda3/envs/aaron/lib/python3.9/lib-dynload/pyexpat.cpython-39-x86_64-linux-gnu.so
7f66120b3000-7f66120bd000 r--p 00030000 08:30 172081                     /home/eddie/miniconda3/envs/aaron/lib/python3.9/lib-dynload/pyexpat.cpython-39-x86_64-linux-gnu.so
7f66120bd000-7f66120be000 ---p 0003a000 08:30 172081                     /home/eddie/miniconda3/envs/aaron/lib/python3.9/lib-dynload/pyexpat.cpython-39-x86_64-linux-gnu.so
7f66120be000-7f66120c0000 r--p 0003a000 08:30 172081                     /home/eddie/miniconda3/envs/aaron/lib/python3.9/lib-dynload/pyexpat.cpython-39-x86_64-linux-gnu.so
7f66120c0000-7f66120c2000 rw-p 0003c000 08:30 172081                     /home/eddie/miniconda3/envs/aaron/lib/python3.9/lib-dynload/pyexpat.cpython-39-x86_64-linux-gnu.so
7f66120c2000-7f66120c6000 r--p 00000000 08:30 172071                     /home/eddie/miniconda3/envs/aaron/lib/python3.9/lib-dynload/_elementtree.cpython-39-x86_64-linux-gnu.so
7f66120c6000-7f66120d1000 r-xp 00004000 08:30 172071                     /home/eddie/miniconda3/envs/aaron/lib/python3.9/lib-dynload/_elementtree.cpython-39-x86_64-linux-gnu.so
7f66120d1000-7f66120d5000 r--p 0000f000 08:30 172071                     /home/eddie/miniconda3/envs/aaron/lib/python3.9/lib-dynload/_elementtree.cpython-39-x86_64-linux-gnu.so
7f66120d5000-7f66120d6000 r--p 00012000 08:30 172071                     /home/eddie/miniconda3/envs/aaron/lib/python3.9/lib-dynload/_elementtree.cpython-39-x86_64-linux-gnu.so
7f66120d6000-7f66120d8000 rw-p 00013000 08:30 172071                     /home/eddie/miniconda3/envs/aaron/lib/python3.9/lib-dynload/_elementtree.cpython-39-x86_64-linux-gnu.so
7f66120d8000-7f66120da000 r--p 00000000 08:30 172042                     /home/eddie/miniconda3/envs/aaron/lib/python3.9/lib-dynload/_sha512.cpython-39-x86_64-linux-gnu.so
7f66120da000-7f66120e1000 r-xp 00002000 08:30 172042                     /home/eddie/miniconda3/envs/aaron/lib/python3.9/lib-dynload/_sha512.cpython-39-x86_64-linux-gnu.so
7f66120e1000-7f66120e2000 r--p 00009000 08:30 172042                     /home/eddie/miniconda3/envs/aaron/lib/python3.9/lib-dynload/_sha512.cpython-39-x86_64-linux-gnu.so
7f66120e2000-7f66120e3000 r--p 00009000 08:30 172042                     /home/eddie/miniconda3/envs/aaron/lib/python3.9/lib-dynload/_sha512.cpython-39-x86_64-linux-gnu.so
7f66120e3000-7f66120e4000 rw-p 0000a000 08:30 172042                     /home/eddie/miniconda3/envs/aaron/lib/python3.9/lib-dynload/_sha512.cpython-39-x86_64-linux-gnu.so
7f66120e4000-7f66120e6000 r--p 00000000 08:30 172033                     /home/eddie/miniconda3/envs/aaron/lib/python3.9/lib-dynload/_random.cpython-39-x86_64-linux-gnu.so
7f66120e6000-7f66120e9000 r-xp 00002000 08:30 172033                     /home/eddie/miniconda3/envs/aaron/lib/python3.9/lib-dynload/_random.cpython-39-x86_64-linux-gnu.so
7f66120e9000-7f66120ea000 r--p 00005000 08:30 172033                     /home/eddie/miniconda3/envs/aaron/lib/python3.9/lib-dynload/_random.cpython-39-x86_64-linux-gnu.so
7f66120ea000-7f66120eb000 r--p 00005000 08:30 172033                     /home/eddie/miniconda3/envs/aaron/lib/python3.9/lib-dynload/_random.cpython-39-x86_64-linux-gnu.so
7f66120eb000-7f66120ec000 rw-p 00006000 08:30 172033                     /home/eddie/miniconda3/envs/aaron/lib/python3.9/lib-dynload/_random.cpython-39-x86_64-linux-gnu.so
7f66120ec000-7f661212c000 rw-p 00000000 00:00 0 
7f661212c000-7f6612131000 r--p 00000000 08:30 172079                     /home/eddie/miniconda3/envs/aaron/lib/python3.9/lib-dynload/_datetime.cpython-39-x86_64-linux-gnu.so
7f6612131000-7f6612142000 r-xp 00005000 08:30 172079                     /home/eddie/miniconda3/envs/aaron/lib/python3.9/lib-dynload/_datetime.cpython-39-x86_64-linux-gnu.so
7f6612142000-7f6612148000 r--p 00016000 08:30 172079                     /home/eddie/miniconda3/envs/aaron/lib/python3.9/lib-dynload/_datetime.cpython-39-x86_64-linux-gnu.so
7f6612148000-7f6612149000 r--p 0001b000 08:30 172079                     /home/eddie/miniconda3/envs/aaron/lib/python3.9/lib-dynload/_datetime.cpython-39-x86_64-linux-gnu.so
7f6612149000-7f661214c000 rw-p 0001c000 08:30 172079                     /home/eddie/miniconda3/envs/aaron/lib/python3.9/lib-dynload/_datetime.cpython-39-x86_64-linux-gnu.so
7f661214c000-7f661218c000 rw-p 00000000 00:00 0 
7f661218c000-7f661218f000 r--p 00000000 08:30 169609                     /home/eddie/miniconda3/envs/aaron/lib/libz.so.1.2.11
7f661218f000-7f661219d000 r-xp 00003000 08:30 169609                     /home/eddie/miniconda3/envs/aaron/lib/libz.so.1.2.11
7f661219d000-7f66121a3000 r--p 00011000 08:30 169609                     /home/eddie/miniconda3/envs/aaron/lib/libz.so.1.2.11
7f66121a3000-7f66121a4000 ---p 00017000 08:30 169609                     /home/eddie/miniconda3/envs/aaron/lib/libz.so.1.2.11
7f66121a4000-7f66121a5000 r--p 00017000 08:30 169609                     /home/eddie/miniconda3/envs/aaron/lib/libz.so.1.2.11
7f66121a5000-7f66121a6000 rw-p 00018000 08:30 169609                     /home/eddie/miniconda3/envs/aaron/lib/libz.so.1.2.11
7f66121a6000-7f6612226000 rw-p 00000000 00:00 0 
7f661222a000-7f661222b000 r--p 00000000 08:30 172014                     /home/eddie/miniconda3/envs/aaron/lib/python3.9/lib-dynload/_opcode.cpython-39-x86_64-linux-gnu.so
7f661222b000-7f661222c000 r-xp 00001000 08:30 172014                     /home/eddie/miniconda3/envs/aaron/lib/python3.9/lib-dynload/_opcode.cpython-39-x86_64-linux-gnu.so
7f661222c000-7f661222d000 r--p 00002000 08:30 172014                     /home/eddie/miniconda3/envs/aaron/lib/python3.9/lib-dynload/_opcode.cpython-39-x86_64-linux-gnu.so
7f661222d000-7f661222e000 r--p 00002000 08:30 172014                     /home/eddie/miniconda3/envs/aaron/lib/python3.9/lib-dynload/_opcode.cpython-39-x86_64-linux-gnu.so
7f661222e000-7f661222f000 rw-p 00003000 08:30 172014                     /home/eddie/miniconda3/envs/aaron/lib/python3.9/lib-dynload/_opcode.cpython-39-x86_64-linux-gnu.so
7f661222f000-7f66122af000 rw-p 00000000 00:00 0 
7f66122af000-7f66122b1000 r--p 00000000 08:30 172036                     /home/eddie/miniconda3/envs/aaron/lib/python3.9/lib-dynload/_posixsubprocess.cpython-39-x86_64-linux-gnu.so
7f66122b1000-7f66122b3000 r-xp 00002000 08:30 172036                     /home/eddie/miniconda3/envs/aaron/lib/python3.9/lib-dynload/_posixsubprocess.cpython-39-x86_64-linux-gnu.so
7f66122b3000-7f66122b4000 r--p 00004000 08:30 172036                     /home/eddie/miniconda3/envs/aaron/lib/python3.9/lib-dynload/_posixsubprocess.cpython-39-x86_64-linux-gnu.so
7f66122b4000-7f66122b5000 r--p 00004000 08:30 172036                     /home/eddie/miniconda3/envs/aaron/lib/python3.9/lib-dynload/_posixsubprocess.cpython-39-x86_64-linux-gnu.so
7f66122b5000-7f66122b6000 rw-p 00005000 08:30 172036                     /home/eddie/miniconda3/envs/aaron/lib/python3.9/lib-dynload/_posixsubprocess.cpython-39-x86_64-linux-gnu.so
7f66122b6000-7f66122b8000 r--p 00000000 08:30 172022                     /home/eddie/miniconda3/envs/aaron/lib/python3.9/lib-dynload/grp.cpython-39-x86_64-linux-gnu.so
7f66122b8000-7f66122b9000 r-xp 00002000 08:30 172022                     /home/eddie/miniconda3/envs/aaron/lib/python3.9/lib-dynload/grp.cpython-39-x86_64-linux-gnu.so
7f66122b9000-7f66122ba000 r--p 00003000 08:30 172022                     /home/eddie/miniconda3/envs/aaron/lib/python3.9/lib-dynload/grp.cpython-39-x86_64-linux-gnu.so
7f66122ba000-7f66122bb000 r--p 00003000 08:30 172022                     /home/eddie/miniconda3/envs/aaron/lib/python3.9/lib-dynload/grp.cpython-39-x86_64-linux-gnu.so
7f66122bb000-7f66122bc000 rw-p 00004000 08:30 172022                     /home/eddie/miniconda3/envs/aaron/lib/python3.9/lib-dynload/grp.cpython-39-x86_64-linux-gnu.so
7f66122bc000-7f661233c000 rw-p 00000000 00:00 0 
7f661233c000-7f6612340000 r--p 00000000 08:30 172065                     /home/eddie/miniconda3/envs/aaron/lib/python3.9/lib-dynload/array.cpython-39-x86_64-linux-gnu.so
7f6612340000-7f6612349000 r-xp 00004000 08:30 172065                     /home/eddie/miniconda3/envs/aaron/lib/python3.9/lib-dynload/array.cpython-39-x86_64-linux-gnu.so
7f6612349000-7f661234d000 r--p 0000d000 08:30 172065                     /home/eddie/miniconda3/envs/aaron/lib/python3.9/lib-dynload/array.cpython-39-x86_64-linux-gnu.so
7f661234d000-7f661234e000 ---p 00011000 08:30 172065                     /home/eddie/miniconda3/envs/aaron/lib/python3.9/lib-dynload/array.cpython-39-x86_64-linux-gnu.so
7f661234e000-7f661234f000 r--p 00011000 08:30 172065                     /home/eddie/miniconda3/envs/aaron/lib/python3.9/lib-dynload/array.cpython-39-x86_64-linux-gnu.so
7f661234f000-7f6612350000 rw-p 00012000 08:30 172065                     /home/eddie/miniconda3/envs/aaron/lib/python3.9/lib-dynload/array.cpython-39-x86_64-linux-gnu.so
7f6612350000-7f6612353000 r--p 00000000 08:30 172047                     /home/eddie/miniconda3/envs/aaron/lib/python3.9/lib-dynload/select.cpython-39-x86_64-linux-gnu.so
7f6612353000-7f6612356000 r-xp 00003000 08:30 172047                     /home/eddie/miniconda3/envs/aaron/lib/python3.9/lib-dynload/select.cpython-39-x86_64-linux-gnu.so
7f6612356000-7f6612358000 r--p 00006000 08:30 172047                     /home/eddie/miniconda3/envs/aaron/lib/python3.9/lib-dynload/select.cpython-39-x86_64-linux-gnu.so
7f6612358000-7f6612359000 ---p 00008000 08:30 172047                     /home/eddie/miniconda3/envs/aaron/lib/python3.9/lib-dynload/select.cpython-39-x86_64-linux-gnu.so
7f6612359000-7f661235a000 r--p 00008000 08:30 172047                     /home/eddie/miniconda3/envs/aaron/lib/python3.9/lib-dynload/select.cpython-39-x86_64-linux-gnu.so
7f661235a000-7f661235b000 rw-p 00009000 08:30 172047                     /home/eddie/miniconda3/envs/aaron/lib/python3.9/lib-dynload/select.cpython-39-x86_64-linux-gnu.so
7f661235b000-7f661235f000 r--p 00000000 08:30 172064                     /home/eddie/miniconda3/envs/aaron/lib/python3.9/lib-dynload/math.cpython-39-x86_64-linux-gnu.so
7f661235f000-7f6612367000 r-xp 00004000 08:30 172064                     /home/eddie/miniconda3/envs/aaron/lib/python3.9/lib-dynload/math.cpython-39-x86_64-linux-gnu.so
7f6612367000-7f661236b000 r--p 0000c000 08:30 172064                     /home/eddie/miniconda3/envs/aaron/lib/python3.9/lib-dynload/math.cpython-39-x86_64-linux-gnu.so
7f661236b000-7f661236c000 ---p 00010000 08:30 172064                     /home/eddie/miniconda3/envs/aaron/lib/python3.9/lib-dynload/math.cpython-39-x86_64-linux-gnu.so
7f661236c000-7f661236d000 r--p 00010000 08:30 172064                     /home/eddie/miniconda3/envs/aaron/lib/python3.9/lib-dynload/math.cpython-39-x86_64-linux-gnu.so
7f661236d000-7f661236e000 rw-p 00011000 08:30 172064                     /home/eddie/miniconda3/envs/aaron/lib/python3.9/lib-dynload/math.cpython-39-x86_64-linux-gnu.so
7f661236e000-7f66123ae000 rw-p 00000000 00:00 0 
7f66123ae000-7f66123af000 r--p 00000000 08:30 172041                     /home/eddie/miniconda3/envs/aaron/lib/python3.9/lib-dynload/_heapq.cpython-39-x86_64-linux-gnu.so
7f66123af000-7f66123b2000 r-xp 00001000 08:30 172041                     /home/eddie/miniconda3/envs/aaron/lib/python3.9/lib-dynload/_heapq.cpython-39-x86_64-linux-gnu.so
7f66123b2000-7f66123b5000 r--p 00004000 08:30 172041                     /home/eddie/miniconda3/envs/aaron/lib/python3.9/lib-dynload/_heapq.cpython-39-x86_64-linux-gnu.so
7f66123b5000-7f66123b6000 r--p 00006000 08:30 172041                     /home/eddie/miniconda3/envs/aaron/lib/python3.9/lib-dynload/_heapq.cpython-39-x86_64-linux-gnu.so
7f66123b6000-7f66123b7000 rw-p 00007000 08:30 172041                     /home/eddie/miniconda3/envs/aaron/lib/python3.9/lib-dynload/_heapq.cpython-39-x86_64-linux-gnu.so
7f66123b7000-7f66123f7000 rw-p 00000000 00:00 0 
7f66123f7000-7f66123fc000 r--p 00000000 08:30 172063                     /home/eddie/miniconda3/envs/aaron/lib/python3.9/lib-dynload/_socket.cpython-39-x86_64-linux-gnu.so
7f66123fc000-7f6612404000 r-xp 00005000 08:30 172063                     /home/eddie/miniconda3/envs/aaron/lib/python3.9/lib-dynload/_socket.cpython-39-x86_64-linux-gnu.so
7f6612404000-7f661240c000 r--p 0000d000 08:30 172063                     /home/eddie/miniconda3/envs/aaron/lib/python3.9/lib-dynload/_socket.cpython-39-x86_64-linux-gnu.so
7f661240c000-7f661240d000 r--p 00014000 08:30 172063                     /home/eddie/miniconda3/envs/aaron/lib/python3.9/lib-dynload/_socket.cpython-39-x86_64-linux-gnu.so
7f661240d000-7f661240e000 rw-p 00015000 08:30 172063                     /home/eddie/miniconda3/envs/aaron/lib/python3.9/lib-dynload/_socket.cpython-39-x86_64-linux-gnu.so
7f661240e000-7f661244e000 rw-p 00000000 00:00 0 
7f661244f000-7f6612450000 rw-p 00000000 00:00 0 
7f6612450000-7f6612451000 ---p 00000000 00:00 0 
7f6612451000-7f6612452000 r--p 00000000 00:00 0 
7f6612452000-7f6612454000 r--p 00000000 08:30 172027                     /home/eddie/miniconda3/envs/aaron/lib/python3.9/lib-dynload/_bisect.cpython-39-x86_64-linux-gnu.so
7f6612454000-7f6612455000 r-xp 00002000 08:30 172027                     /home/eddie/miniconda3/envs/aaron/lib/python3.9/lib-dynload/_bisect.cpython-39-x86_64-linux-gnu.so
7f6612455000-7f6612456000 r--p 00003000 08:30 172027                     /home/eddie/miniconda3/envs/aaron/lib/python3.9/lib-dynload/_bisect.cpython-39-x86_64-linux-gnu.so
7f6612456000-7f6612457000 r--p 00003000 08:30 172027                     /home/eddie/miniconda3/envs/aaron/lib/python3.9/lib-dynload/_bisect.cpython-39-x86_64-linux-gnu.so
7f6612457000-7f6612458000 rw-p 00004000 08:30 172027                     /home/eddie/miniconda3/envs/aaron/lib/python3.9/lib-dynload/_bisect.cpython-39-x86_64-linux-gnu.so
7f6612458000-7f661245b000 r--p 00000000 08:30 172046                     /home/eddie/miniconda3/envs/aaron/lib/python3.9/lib-dynload/zlib.cpython-39-x86_64-linux-gnu.so
7f661245b000-7f661245e000 r-xp 00003000 08:30 172046                     /home/eddie/miniconda3/envs/aaron/lib/python3.9/lib-dynload/zlib.cpython-39-x86_64-linux-gnu.so
7f661245e000-7f6612461000 r--p 00006000 08:30 172046                     /home/eddie/miniconda3/envs/aaron/lib/python3.9/lib-dynload/zlib.cpython-39-x86_64-linux-gnu.so
7f6612461000-7f6612462000 r--p 00008000 08:30 172046                     /home/eddie/miniconda3/envs/aaron/lib/python3.9/lib-dynload/zlib.cpython-39-x86_64-linux-gnu.so
7f6612462000-7f6612463000 rw-p 00009000 08:30 172046                     /home/eddie/miniconda3/envs/aaron/lib/python3.9/lib-dynload/zlib.cpython-39-x86_64-linux-gnu.so
7f6612463000-7f6612467000 r--p 00000000 08:30 172062                     /home/eddie/miniconda3/envs/aaron/lib/python3.9/lib-dynload/_struct.cpython-39-x86_64-linux-gnu.so
7f6612467000-7f661246d000 r-xp 00004000 08:30 172062                     /home/eddie/miniconda3/envs/aaron/lib/python3.9/lib-dynload/_struct.cpython-39-x86_64-linux-gnu.so
7f661246d000-7f6612471000 r--p 0000a000 08:30 172062                     /home/eddie/miniconda3/envs/aaron/lib/python3.9/lib-dynload/_struct.cpython-39-x86_64-linux-gnu.so
7f6612471000-7f6612472000 r--p 0000d000 08:30 172062                     /home/eddie/miniconda3/envs/aaron/lib/python3.9/lib-dynload/_struct.cpython-39-x86_64-linux-gnu.so
7f6612472000-7f6612473000 rw-p 0000e000 08:30 172062                     /home/eddie/miniconda3/envs/aaron/lib/python3.9/lib-dynload/_struct.cpython-39-x86_64-linux-gnu.so
7f6612473000-7f66125b3000 rw-p 00000000 00:00 0 
7f66125b3000-7f6612898000 r--p 00000000 08:30 2655                       /usr/lib/locale/locale-archive
7f6612898000-7f661289d000 rw-p 00000000 00:00 0 
7f661289d000-7f66128bf000 r--p 00000000 08:30 608                        /lib/x86_64-linux-gnu/libc-2.28.so
7f66128bf000-7f6612a07000 r-xp 00022000 08:30 608                        /lib/x86_64-linux-gnu/libc-2.28.so
7f6612a07000-7f6612a53000 r--p 0016a000 08:30 608                        /lib/x86_64-linux-gnu/libc-2.28.so
7f6612a53000-7f6612a54000 ---p 001b6000 08:30 608                        /lib/x86_64-linux-gnu/libc-2.28.so
7f6612a54000-7f6612a58000 r--p 001b6000 08:30 608                        /lib/x86_64-linux-gnu/libc-2.28.so
7f6612a58000-7f6612a5a000 rw-p 001ba000 08:30 608                        /lib/x86_64-linux-gnu/libc-2.28.so
7f6612a5a000-7f6612a5e000 rw-p 00000000 00:00 0 
7f6612a5e000-7f6612a64000 r--p 00000000 08:30 712                        /lib/x86_64-linux-gnu/libpthread-2.28.so
7f6612a64000-7f6612a73000 r-xp 00006000 08:30 712                        /lib/x86_64-linux-gnu/libpthread-2.28.so
7f6612a73000-7f6612a79000 r--p 00015000 08:30 712                        /lib/x86_64-linux-gnu/libpthread-2.28.so
7f6612a79000-7f6612a7a000 r--p 0001a000 08:30 712                        /lib/x86_64-linux-gnu/libpthread-2.28.so
7f6612a7a000-7f6612a7b000 rw-p 0001b000 08:30 712                        /lib/x86_64-linux-gnu/libpthread-2.28.so
7f6612a7b000-7f6612a7f000 rw-p 00000000 00:00 0 
7f6612a7f000-7f6612a8c000 r--p 00000000 08:30 716                        /lib/x86_64-linux-gnu/libm-2.28.so
7f6612a8c000-7f6612b2b000 r-xp 0000d000 08:30 716                        /lib/x86_64-linux-gnu/libm-2.28.so
7f6612b2b000-7f6612c00000 r--p 000ac000 08:30 716                        /lib/x86_64-linux-gnu/libm-2.28.so
7f6612c00000-7f6612c01000 r--p 00180000 08:30 716                        /lib/x86_64-linux-gnu/libm-2.28.so
7f6612c01000-7f6612c02000 rw-p 00181000 08:30 716                        /lib/x86_64-linux-gnu/libm-2.28.so
7f6612c02000-7f6612c04000 r--p 00000000 08:30 708                        /lib/x86_64-linux-gnu/librt-2.28.so
7f6612c04000-7f6612c08000 r-xp 00002000 08:30 708                        /lib/x86_64-linux-gnu/librt-2.28.so
7f6612c08000-7f6612c0a000 r--p 00006000 08:30 708                        /lib/x86_64-linux-gnu/librt-2.28.so
7f6612c0a000-7f6612c0b000 r--p 00007000 08:30 708                        /lib/x86_64-linux-gnu/librt-2.28.so
7f6612c0b000-7f6612c0c000 rw-p 00008000 08:30 708                        /lib/x86_64-linux-gnu/librt-2.28.so
7f6612c0c000-7f6612c0d000 r--p 00000000 08:30 598                        /lib/x86_64-linux-gnu/libutil-2.28.so
7f6612c0d000-7f6612c0e000 r-xp 00001000 08:30 598                        /lib/x86_64-linux-gnu/libutil-2.28.so
7f6612c0e000-7f6612c0f000 r--p 00002000 08:30 598                        /lib/x86_64-linux-gnu/libutil-2.28.so
7f6612c0f000-7f6612c10000 r--p 00002000 08:30 598                        /lib/x86_64-linux-gnu/libutil-2.28.so
7f6612c10000-7f6612c11000 rw-p 00003000 08:30 598                        /lib/x86_64-linux-gnu/libutil-2.28.so
7f6612c11000-7f6612c12000 r--p 00000000 08:30 702                        /lib/x86_64-linux-gnu/libdl-2.28.so
7f6612c12000-7f6612c13000 r-xp 00001000 08:30 702                        /lib/x86_64-linux-gnu/libdl-2.28.so
7f6612c13000-7f6612c14000 r--p 00002000 08:30 702                        /lib/x86_64-linux-gnu/libdl-2.28.so
7f6612c14000-7f6612c15000 r--p 00002000 08:30 702                        /lib/x86_64-linux-gnu/libdl-2.28.so
7f6612c15000-7f6612c16000 rw-p 00003000 08:30 702                        /lib/x86_64-linux-gnu/libdl-2.28.so
7f6612c16000-7f6612c18000 rw-p 00000000 00:00 0 
7f6612c18000-7f6612c1f000 r--s 00000000 08:30 2176                       /usr/lib/x86_64-linux-gnu/gconv/gconv-modules.cache
7f6612c1f000-7f6612c20000 r--p 00000000 08:30 582                        /lib/x86_64-linux-gnu/ld-2.28.so
7f6612c20000-7f6612c3e000 r-xp 00001000 08:30 582                        /lib/x86_64-linux-gnu/ld-2.28.so
7f6612c3e000-7f6612c46000 r--p 0001f000 08:30 582                        /lib/x86_64-linux-gnu/ld-2.28.so
7f6612c46000-7f6612c47000 r--p 00026000 08:30 582                        /lib/x86_64-linux-gnu/ld-2.28.so
7f6612c47000-7f6612c48000 rw-p 00027000 08:30 582                        /lib/x86_64-linux-gnu/ld-2.28.so
7f6612c48000-7f6612c49000 rw-p 00000000 00:00 0 
7ffff39e0000-7ffff39e4000 ---p 00000000 00:00 0 
7ffff39e4000-7ffff3ae0000 rw-p 00000000 00:00 0                          [stack]
7ffff3b56000-7ffff3b59000 r--p 00000000 00:00 0                          [vvar]
7ffff3b59000-7ffff3b5b000 r-xp 00000000 00:00 0                          [vdso]


VM Arguments:
java_command: <unknown>
java_class_path (initial): /home/eddie/adams/Projekty/Moses/RabbitMQConnector/out/artifacts/RabbitMQConnector_jar/RabbitMQConnector.jar:/home/eddie/miniconda3/envs/aaron/lib/python3.9/site-packages/jnius/src
Launcher Type: generic

Logging:
Log output configuration:
#0: stdout all=warning uptime,level,tags
#1: stderr all=off uptime,level,tags

Environment Variables:
JAVA_HOME=/home/eddie/miniconda3/envs/aaron
PATH=/home/eddie/.local/bin:/home/eddie/miniconda3/envs/aaron/bin:/home/eddie/miniconda3/condabin:/usr/local/bin:/usr/bin:/bin:/usr/local/games:/usr/games
SHELL=/bin/bash
HOSTTYPE=x86_64

Signal Handlers:
SIGSEGV: [libjvm.so+0xd486c0], sa_mask[0]=11111111011111111101111111111110, sa_flags=SA_RESTART|SA_SIGINFO
SIGBUS: [libjvm.so+0xd486c0], sa_mask[0]=11111111011111111101111111111110, sa_flags=SA_RESTART|SA_SIGINFO
SIGFPE: [libjvm.so+0xd486c0], sa_mask[0]=11111111011111111101111111111110, sa_flags=SA_RESTART|SA_SIGINFO
SIGPIPE: [libjvm.so+0xb5f450], sa_mask[0]=11111111011111111101111111111110, sa_flags=SA_RESTART|SA_SIGINFO
SIGXFSZ: [libjvm.so+0xb5f450], sa_mask[0]=11111111011111111101111111111110, sa_flags=SA_RESTART|SA_SIGINFO
SIGILL: [libjvm.so+0xd486c0], sa_mask[0]=11111111011111111101111111111110, sa_flags=SA_RESTART|SA_SIGINFO
SIGUSR2: [libjvm.so+0xb5f7e0], sa_mask[0]=00000000000000000000000000000000, sa_flags=SA_RESTART|SA_SIGINFO
SIGHUP: [libjvm.so+0xb5f770], sa_mask[0]=11111111011111111101111111111110, sa_flags=SA_RESTART|SA_SIGINFO
SIGINT: [libjvm.so+0xb5f770], sa_mask[0]=11111111011111111101111111111110, sa_flags=SA_RESTART|SA_SIGINFO
SIGTERM: [libjvm.so+0xb5f770], sa_mask[0]=11111111011111111101111111111110, sa_flags=SA_RESTART|SA_SIGINFO
SIGQUIT: [libjvm.so+0xb5f770], sa_mask[0]=11111111011111111101111111111110, sa_flags=SA_RESTART|SA_SIGINFO


---------------  S Y S T E M  ---------------

OS:PRETTY_NAME="Debian GNU/Linux 10 (buster)"
NAME="Debian GNU/Linux"
VERSION_ID="10"
VERSION="10 (buster)"
VERSION_CODENAME=buster
ID=debian
HOME_URL="https://www.debian.org/"
SUPPORT_URL="https://www.debian.org/support"
BUG_REPORT_URL="https://bugs.debian.org/"
uname:Linux 4.19.128-microsoft-standard #1 SMP Tue Jun 23 12:58:10 UTC 2020 x86_64
libc:glibc 2.28 NPTL 2.28 
rlimit: STACK 8192k, CORE 0k, NPROC 25093, NOFILE 4096, AS infinity, DATA infinity, FSIZE infinity
load average:0.10 0.05 0.01

/proc/meminfo:
MemTotal:        6428688 kB
MemFree:         3157292 kB
MemAvailable:    5327344 kB
Buffers:          143920 kB
Cached:          2450188 kB
SwapCached:            0 kB
Active:          1377616 kB
Inactive:        1680412 kB
Active(anon):     519516 kB
Inactive(anon):   220492 kB
Active(file):     858100 kB
Inactive(file):  1459920 kB
Unevictable:           0 kB
Mlocked:               0 kB
SwapTotal:       2097152 kB
SwapFree:        2097152 kB
Dirty:               112 kB
Writeback:             0 kB
AnonPages:        439636 kB
Mapped:           274684 kB
Shmem:            300200 kB
Slab:             155360 kB
SReclaimable:     123912 kB
SUnreclaim:        31448 kB
KernelStack:        8096 kB
PageTables:         4356 kB
NFS_Unstable:          0 kB
Bounce:                0 kB
WritebackTmp:          0 kB
CommitLimit:     5311496 kB
Committed_AS:    3829708 kB
VmallocTotal:   34359738367 kB
VmallocUsed:           0 kB
VmallocChunk:          0 kB
Percpu:             1136 kB
AnonHugePages:    204800 kB
ShmemHugePages:        0 kB
ShmemPmdMapped:        0 kB
HugePages_Total:       0
HugePages_Free:        0
HugePages_Rsvd:        0
HugePages_Surp:        0
Hugepagesize:       2048 kB
Hugetlb:               0 kB
DirectMap4k:       19456 kB
DirectMap2M:     4521984 kB
DirectMap1G:     3145728 kB

container (cgroup) information:
container_type: cgroupv1
cpu_cpuset_cpus: 0-3
cpu_memory_nodes: 0
active_processor_count: 4
cpu_quota: -1
cpu_period: 100000
cpu_shares: -1
memory_limit_in_bytes: -1
memory_and_swap_limit_in_bytes: -1
memory_soft_limit_in_bytes: -1
memory_usage_in_bytes: 3128094720
memory_max_usage_in_bytes: 1322676224


CPU:total 4 (initial active 4) (2 cores per cpu, 2 threads per core) family 6 model 61 stepping 4, cmov, cx8, fxsr, mmx, sse, sse2, sse3, ssse3, sse4.1, sse4.2, popcnt, avx, avx2, aes, clmul, erms, 3dnowpref, lzcnt, ht, tsc, bmi1, bmi2, adx, fma
CPU Model and flags from /proc/cpuinfo:
model name	: Intel(R) Core(TM) i7-5500U CPU @ 2.40GHz
flags		: fpu vme de pse tsc msr pae mce cx8 apic sep mtrr pge mca cmov pat pse36 clflush mmx fxsr sse sse2 ss ht syscall nx pdpe1gb rdtscp lm constant_tsc rep_good nopl xtopology cpuid pni pclmulqdq ssse3 fma cx16 pcid sse4_1 sse4_2 movbe popcnt aes xsave avx f16c rdrand hypervisor lahf_lm abm 3dnowprefetch invpcid_single pti ssbd ibrs ibpb stibp fsgsbase bmi1 avx2 smep bmi2 erms invpcid rdseed adx smap xsaveopt flush_l1d arch_capabilities

Memory: 4k page, physical 6428688k(3157292k free), swap 2097152k(2097152k free)

vm_info: OpenJDK 64-Bit Server VM (10.0.2+13) for linux-amd64 JRE (10.0.2+13), built on Jul 23 2018 23:40:21 by "tester" with gcc 4.9.2 20150212 (Red Hat 4.9.2-6)

END.
