#
# A fatal error has been detected by the Java Runtime Environment:
#
#  SIGSEGV (0xb) at pc=0x00007f17f3ca8d84, pid=4933, tid=4999
#
# JRE version: OpenJDK Runtime Environment (10.0.2+13) (build 10.0.2+13)
# Java VM: OpenJDK 64-Bit Server VM (10.0.2+13, mixed mode, tiered, compressed oops, g1 gc, linux-amd64)
# Problematic frame:
# C  [jnius.cpython-39-x86_64-linux-gnu.so+0x11d84]  __Pyx_PyObject_GetAttrStr+0x4
#
# No core dump will be written. Core dumps have been disabled. To enable core dumping, try "ulimit -c unlimited" before starting Java again
#
# If you would like to submit a bug report, please visit:
#   http://www.azulsystems.com/support/
# The crash happened outside the Java Virtual Machine in native code.
# See problematic frame for where to report the bug.
#

---------------  S U M M A R Y ------------

Command Line: 

Host: Intel(R) Core(TM) i7-5500U CPU @ 2.40GHz, 4 cores, 6G, Debian GNU/Linux 10 (buster)
Time: Mon Nov 23 14:42:50 2020 CET elapsed time: 11 seconds (0d 0h 0m 11s)

---------------  T H R E A D  ---------------

Current thread (0x00007f1750010800):  JavaThread "Thread-12" [_thread_in_native, id=4999, stack(0x00007f174caf5000,0x00007f174cbf6000)]

Stack: [0x00007f174caf5000,0x00007f174cbf6000],  sp=0x00007f174cbf4788,  free space=1021k
Native frames: (J=compiled Java code, A=aot compiled Java code, j=interpreted, Vv=VM code, C=native code)
C  [jnius.cpython-39-x86_64-linux-gnu.so+0x11d84]  __Pyx_PyObject_GetAttrStr+0x4

Java frames: (J=compiled Java code, j=interpreted, Vv=VM code)
j  org.jnius.NativeInvocationHandler.invoke0(Ljava/lang/Object;Ljava/lang/reflect/Method;[Ljava/lang/Object;)Ljava/lang/Object;+0
j  org.jnius.NativeInvocationHandler.invoke(Ljava/lang/Object;Ljava/lang/reflect/Method;[Ljava/lang/Object;)Ljava/lang/Object;+54
j  com.sun.proxy.$Proxy0.getCurrentCoords()Lcom/moses/driverapp/dto/GPSCoords;+9
j  com.moses.driverapp.threads.PositionTracking.run()V+4
v  ~StubRoutines::call_stub

siginfo: si_signo: 11 (SIGSEGV), si_code: 1 (SEGV_MAPERR), si_addr: 0x000000000000008f

Register to memory mapping:

RAX=0xffffffffffffffff is an unknown value
RBX=0x00007f17f3d2f4c0 is an unknown value
RCX=0x000056096cb1ffc0 is an unknown value
RDX=0x00007f1754001850 is an unknown value
RSP=0x00007f174cbf4788 is pointing into the stack for thread: 0x00007f1750010800
RBP=0x00007f17c80da8d0 is an unknown value
RSI=0x00007f17f3d30f30 is an unknown value
RDI=0x00007f17c80d1fc0 is an unknown value
R8 =0x00007f17f4979040 is an unknown value
R9 =0x00007f1750010a00 is an unknown value
R10=0x000000000000002c is an unknown value
R11=0x0000000000000000 is an unknown value
R12=0x0000000000000000 is an unknown value
R13=0x00007f17c80d1d80 is an unknown value
R14=0x00007f17f2617340 is an unknown value
R15=0x00007f17c80adcc0 is an unknown value


Registers:
RAX=0xffffffffffffffff, RBX=0x00007f17f3d2f4c0, RCX=0x000056096cb1ffc0, RDX=0x00007f1754001850
RSP=0x00007f174cbf4788, RBP=0x00007f17c80da8d0, RSI=0x00007f17f3d30f30, RDI=0x00007f17c80d1fc0
R8 =0x00007f17f4979040, R9 =0x00007f1750010a00, R10=0x000000000000002c, R11=0x0000000000000000
R12=0x0000000000000000, R13=0x00007f17c80d1d80, R14=0x00007f17f2617340, R15=0x00007f17c80adcc0
RIP=0x00007f17f3ca8d84, EFLAGS=0x0000000000010202, CSGSFS=0x002b000000000033, ERR=0x0000000000000004
  TRAPNO=0x000000000000000e

Top of Stack: (sp=0x00007f174cbf4788)
0x00007f174cbf4788:   00007f17f3d0494f 0000000000000000
0x00007f174cbf4798:   0000000000000000 0000000000000000
0x00007f174cbf47a8:   000056096d097b40 0000000000000000
0x00007f174cbf47b8:   00007f17c80d1fc0 0000000000000000 

Instructions: (pc=0x00007f17f3ca8d84)
0x00007f17f3ca8d64:   f1 48 8b 54 24 10 48 8d 35 bf 46 06 00 e9 bb fe
0x00007f17f3ca8d74:   ff ff 66 2e 0f 1f 84 00 00 00 00 00 48 8b 47 08
0x00007f17f3ca8d84:   48 8b 80 90 00 00 00 48 85 c0 74 08 ff e0 66 0f
0x00007f17f3ca8d94:   1f 44 00 00 e9 53 9b ff ff 0f 1f 00 41 55 41 54 


---------------  P R O C E S S  ---------------

Threads class SMR info:
_java_thread_list=0x00007f17b0002ef0, length=64, elements={
0x000056096ce88000, 0x000056096cff8000, 0x000056096cffa000, 0x000056096d00a800,
0x000056096d00c800, 0x000056096d00e800, 0x000056096d010800, 0x000056096d012800,
0x000056096d08d800, 0x000056096d051800, 0x000056096d184800, 0x000056096d189000,
0x000056096d1e8000, 0x000056096d1e9800, 0x000056096d1dc800, 0x000056096d1de000,
0x00007f1758001000, 0x00007f1750001000, 0x00007f1758003000, 0x00007f1750003000,
0x00007f1758005000, 0x00007f175000d000, 0x00007f1758007800, 0x00007f1758009000,
0x000056096d201000, 0x000056096d202800, 0x00007f175800b000, 0x00007f176c003800,
0x00007f176c006000, 0x00007f1774001800, 0x00007f1774003800, 0x00007f177c001800,
0x00007f177c003800, 0x00007f177c005000, 0x00007f176c007800, 0x00007f178c0a4800,
0x00007f178c096800, 0x00007f1794003800, 0x00007f1794005800, 0x00007f1774005800,
0x00007f17a8001800, 0x00007f17a8003800, 0x00007f17b0001800, 0x00007f17b0003800,
0x00007f17b4001800, 0x00007f17b4003800, 0x00007f17c0001800, 0x00007f17c0003800,
0x00007f175800d000, 0x00007f1774007000, 0x00007f177c007000, 0x00007f177c009000,
0x00007f1750010800, 0x00007f175800e800, 0x00007f176c00a800, 0x00007f176c00b800,
0x00007f1758011000, 0x00007f1750012000, 0x00007f1774009000, 0x00007f1758013000,
0x00007f17b400d000, 0x00007f178c099800, 0x00007f17a8005000, 0x00007f17b0005000
}

Java Threads: ( => current thread )
  0x000056096ce88000 JavaThread "main" [_thread_in_native, id=4933, stack(0x00007ffde0786000,0x00007ffde0886000)]
  0x000056096cff8000 JavaThread "Reference Handler" daemon [_thread_blocked, id=4947, stack(0x00007f17c85e1000,0x00007f17c86e2000)]
  0x000056096cffa000 JavaThread "Finalizer" daemon [_thread_blocked, id=4948, stack(0x00007f17c84e0000,0x00007f17c85e1000)]
  0x000056096d00a800 JavaThread "Signal Dispatcher" daemon [_thread_blocked, id=4949, stack(0x00007f17c83df000,0x00007f17c84e0000)]
  0x000056096d00c800 JavaThread "C2 CompilerThread0" daemon [_thread_blocked, id=4950, stack(0x00007f17c82de000,0x00007f17c83df000)]
  0x000056096d00e800 JavaThread "C2 CompilerThread1" daemon [_thread_blocked, id=4951, stack(0x00007f17c81dd000,0x00007f17c82de000)]
  0x000056096d010800 JavaThread "C1 CompilerThread2" daemon [_thread_blocked, id=4952, stack(0x00007f17c80dc000,0x00007f17c81dd000)]
  0x000056096d012800 JavaThread "Sweeper thread" daemon [_thread_blocked, id=4953, stack(0x00007f17bd6ff000,0x00007f17bd800000)]
  0x000056096d08d800 JavaThread "Service Thread" daemon [_thread_blocked, id=4954, stack(0x00007f17bd5fe000,0x00007f17bd6ff000)]
  0x000056096d051800 JavaThread "Common-Cleaner" daemon [_thread_blocked, id=4956, stack(0x00007f17bd3fb000,0x00007f17bd4fc000)]
  0x000056096d184800 JavaThread "AMQP Connection 172.18.32.1:5672" [_thread_in_native, id=4957, stack(0x00007f17bccca000,0x00007f17bcdcb000)]
  0x000056096d189000 JavaThread "pool-1-thread-2" [_thread_blocked, id=4958, stack(0x00007f17bcbc9000,0x00007f17bccca000)]
  0x000056096d1e8000 JavaThread "ForkJoinPool.commonPool-worker-1" daemon [_thread_blocked, id=4959, stack(0x00007f17bcac8000,0x00007f17bcbc9000)]
  0x000056096d1e9800 JavaThread "AMQP Connection 172.18.32.1:5672" [_thread_in_native, id=4960, stack(0x00007f17bc9c7000,0x00007f17bcac8000)]
  0x000056096d1dc800 JavaThread "pool-3-thread-2" [_thread_blocked, id=4961, stack(0x00007f17bc8c6000,0x00007f17bc9c7000)]
  0x000056096d1de000 JavaThread "ForkJoinPool.commonPool-worker-2" daemon [_thread_blocked, id=4962, stack(0x00007f17bc5c5000,0x00007f17bc6c6000)]
  0x00007f1758001000 JavaThread "Thread-0" [_thread_blocked, id=4963, stack(0x00007f1763801000,0x00007f1764000000)]
  0x00007f1750001000 JavaThread "Thread-1" [_thread_blocked, id=4964, stack(0x00007f1763000000,0x00007f17637ff000)]
  0x00007f1758003000 JavaThread "AMQP Connection 172.18.32.1:5672" [_thread_in_native, id=4965, stack(0x00007f17bc4c4000,0x00007f17bc5c5000)]
  0x00007f1750003000 JavaThread "AMQP Connection 172.18.32.1:5672" [_thread_in_native, id=4966, stack(0x00007f17bc3c3000,0x00007f17bc4c4000)]
  0x00007f1758005000 JavaThread "pool-5-thread-2" [_thread_blocked, id=4967, stack(0x00007f17bc2c2000,0x00007f17bc3c3000)]
  0x00007f175000d000 JavaThread "pool-7-thread-2" [_thread_blocked, id=4968, stack(0x00007f17bc1c1000,0x00007f17bc2c2000)]
  0x00007f1758007800 JavaThread "Thread-2" [_thread_blocked, id=4969, stack(0x00007f17627ff000,0x00007f1762ffe000)]
  0x00007f1758009000 JavaThread "AMQP Connection 172.18.32.1:5672" [_thread_in_native, id=4970, stack(0x00007f17bc0c0000,0x00007f17bc1c1000)]
  0x000056096d201000 JavaThread "AMQP Connection 172.18.32.1:5672" [_thread_in_native, id=4971, stack(0x00007f17626fc000,0x00007f17627fd000)]
  0x000056096d202800 JavaThread "pool-11-thread-2" [_thread_blocked, id=4972, stack(0x00007f17625fb000,0x00007f17626fc000)]
  0x00007f175800b000 JavaThread "pool-9-thread-2" [_thread_blocked, id=4973, stack(0x00007f17624fa000,0x00007f17625fb000)]
  0x00007f176c003800 JavaThread "Thread-3" [_thread_blocked, id=4974, stack(0x00007f1761cfb000,0x00007f17624fa000)]
  0x00007f176c006000 JavaThread "AMQP Connection 172.18.32.1:5672" [_thread_in_native, id=4975, stack(0x00007f1761bf8000,0x00007f1761cf9000)]
  0x00007f1774001800 JavaThread "Thread-4" [_thread_blocked, id=4976, stack(0x00007f17613f9000,0x00007f1761bf8000)]
  0x00007f1774003800 JavaThread "AMQP Connection 172.18.32.1:5672" [_thread_in_native, id=4977, stack(0x00007f17612f6000,0x00007f17613f7000)]
  0x00007f177c001800 JavaThread "Thread-5" [_thread_blocked, id=4978, stack(0x00007f1760af7000,0x00007f17612f6000)]
  0x00007f177c003800 JavaThread "AMQP Connection 172.18.32.1:5672" [_thread_in_native, id=4979, stack(0x00007f17609f4000,0x00007f1760af5000)]
  0x00007f177c005000 JavaThread "pool-17-thread-2" [_thread_blocked, id=4980, stack(0x00007f17608f3000,0x00007f17609f4000)]
  0x00007f176c007800 JavaThread "pool-13-thread-2" [_thread_blocked, id=4981, stack(0x00007f17607f2000,0x00007f17608f3000)]
  0x00007f178c0a4800 JavaThread "Thread-6" [_thread_blocked, id=4982, stack(0x00007f174f801000,0x00007f1750000000)]
  0x00007f178c096800 JavaThread "AMQP Connection 172.18.32.1:5672" [_thread_blocked, id=4983, stack(0x00007f17606f1000,0x00007f17607f2000)]
  0x00007f1794003800 JavaThread "Thread-7" [_thread_blocked, id=4984, stack(0x00007f174f000000,0x00007f174f7ff000)]
  0x00007f1794005800 JavaThread "AMQP Connection 172.18.32.1:5672" [_thread_blocked, id=4985, stack(0x00007f17605f0000,0x00007f17606f1000)]
  0x00007f1774005800 JavaThread "pool-15-thread-2" [_thread_blocked, id=4986, stack(0x00007f17604ef000,0x00007f17605f0000)]
  0x00007f17a8001800 JavaThread "Thread-8" [_thread_blocked, id=4987, stack(0x00007f174e7ff000,0x00007f174effe000)]
  0x00007f17a8003800 JavaThread "AMQP Connection 172.18.32.1:5672" [_thread_blocked, id=4988, stack(0x00007f17603ee000,0x00007f17604ef000)]
  0x00007f17b0001800 JavaThread "Thread-9" [_thread_in_Java, id=4989, stack(0x00007f174dffe000,0x00007f174e7fd000)]
  0x00007f17b0003800 JavaThread "AMQP Connection 172.18.32.1:5672" [_thread_in_native, id=4990, stack(0x00007f17602ed000,0x00007f17603ee000)]
  0x00007f17b4001800 JavaThread "Thread-10" [_thread_blocked, id=4991, stack(0x00007f174d7fd000,0x00007f174dffc000)]
  0x00007f17b4003800 JavaThread "AMQP Connection 172.18.32.1:5672" [_thread_blocked, id=4992, stack(0x00007f17601ec000,0x00007f17602ed000)]
  0x00007f17c0001800 JavaThread "Thread-11" [_thread_blocked, id=4993, stack(0x00007f174cffc000,0x00007f174d7fb000)]
  0x00007f17c0003800 JavaThread "AMQP Connection 172.18.32.1:5672" [_thread_blocked, id=4994, stack(0x00007f17600eb000,0x00007f17601ec000)]
  0x00007f175800d000 JavaThread "Thread-17" [_thread_blocked, id=4995, stack(0x00007f174cef9000,0x00007f174cffa000)]
  0x00007f1774007000 JavaThread "Thread-14" [_thread_blocked, id=4996, stack(0x00007f174cdf8000,0x00007f174cef9000)]
  0x00007f177c007000 JavaThread "Thread-13" [_thread_blocked, id=4997, stack(0x00007f174ccf7000,0x00007f174cdf8000)]
  0x00007f177c009000 JavaThread "Thread-22" [_thread_blocked, id=4998, stack(0x00007f174cbf6000,0x00007f174ccf7000)]
=>0x00007f1750010800 JavaThread "Thread-12" [_thread_in_native, id=4999, stack(0x00007f174caf5000,0x00007f174cbf6000)]
  0x00007f175800e800 JavaThread "Thread-16" [_thread_blocked, id=5000, stack(0x00007f174c9f4000,0x00007f174caf5000)]
  0x00007f176c00a800 JavaThread "Thread-15" [_thread_in_native, id=5001, stack(0x00007f174c8f3000,0x00007f174c9f4000)]
  0x00007f176c00b800 JavaThread "Thread-18" [_thread_blocked, id=5002, stack(0x00007f174c7f2000,0x00007f174c8f3000)]
  0x00007f1758011000 JavaThread "Thread-20" [_thread_blocked, id=5003, stack(0x00007f174c6f1000,0x00007f174c7f2000)]
  0x00007f1750012000 JavaThread "Thread-21" [_thread_blocked, id=5004, stack(0x00007f174c5f0000,0x00007f174c6f1000)]
  0x00007f1774009000 JavaThread "Thread-23" [_thread_blocked, id=5005, stack(0x00007f174c4ef000,0x00007f174c5f0000)]
  0x00007f1758013000 JavaThread "Thread-19" [_thread_blocked, id=5006, stack(0x00007f174c3ee000,0x00007f174c4ef000)]
  0x00007f17b400d000 JavaThread "pool-27-thread-2" [_thread_blocked, id=5007, stack(0x00007f174c2ed000,0x00007f174c3ee000)]
  0x00007f178c099800 JavaThread "pool-19-thread-2" [_thread_blocked, id=5008, stack(0x00007f174c1ec000,0x00007f174c2ed000)]
  0x00007f17a8005000 JavaThread "pool-23-thread-2" [_thread_blocked, id=5009, stack(0x00007f174c0eb000,0x00007f174c1ec000)]
  0x00007f17b0005000 JavaThread "pool-25-thread-2" [_thread_blocked, id=5010, stack(0x00007f174bfea000,0x00007f174c0eb000)]

Other Threads:
  0x000056096cfee800 VMThread "VM Thread" [stack: 0x00007f17c86e4000,0x00007f17c87e4000] [id=4946] _threads_hazard_ptr=0x00007f17b0002ef0
  0x000056096d090000 WatcherThread [stack: 0x00007f17bd4fe000,0x00007f17bd5fe000] [id=4955]
  0x000056096ceb2000 GCTaskThread "GC Thread#0" [stack: 0x00007f17d9583000,0x00007f17d9683000] [id=4935]
  0x000056096ceb3800 GCTaskThread "GC Thread#1" [stack: 0x00007f17d9481000,0x00007f17d9581000] [id=4936]
  0x000056096ceb5000 GCTaskThread "GC Thread#2" [stack: 0x00007f17d937f000,0x00007f17d947f000] [id=4937]
  0x000056096ceb6800 GCTaskThread "GC Thread#3" [stack: 0x00007f17d927d000,0x00007f17d937d000] [id=4938]
  0x000056096cf0c000 ConcurrentGCThread "G1 Main Marker" [stack: 0x00007f17d83e1000,0x00007f17d84e1000] [id=4939]
  0x000056096cf0e000 ConcurrentGCThread "G1 Conc#0" [stack: 0x00007f17d82df000,0x00007f17d83df000] [id=4940]
  0x000056096cf60800 ConcurrentGCThread "G1 Refine#0" [stack: 0x00007f17c8bee000,0x00007f17c8cee000] [id=4941]
  0x000056096cf62000 ConcurrentGCThread "G1 Refine#1" [stack: 0x00007f17c8aec000,0x00007f17c8bec000] [id=4942]
  0x000056096cf64000 ConcurrentGCThread "G1 Refine#2" [stack: 0x00007f17c89ea000,0x00007f17c8aea000] [id=4943]
  0x000056096cf65800 ConcurrentGCThread "G1 Refine#3" [stack: 0x00007f17c88e8000,0x00007f17c89e8000] [id=4944]
  0x000056096cf67800 ConcurrentGCThread "G1 Young RemSet Sampling" [stack: 0x00007f17c87e6000,0x00007f17c88e6000] [id=4945]

Threads with active compile tasks:
C1 CompilerThread2 617       3       java.lang.invoke.InvokerBytecodeGenerator::isStaticallyNameable (116 bytes)

VM state:synchronizing (normal execution)

VM Mutex/Monitor currently owned by a thread:  ([mutex/lock_event])
[0x000056096cd00e00] Safepoint_lock - owner thread: 0x000056096cfee800
[0x000056096cc97f60] Threads_lock - owner thread: 0x000056096cfee800

Heap address: 0x000000009de00000, size: 1570 MB, Compressed Oops mode: 32-bit
Narrow klass base: 0x0000000000000000, Narrow klass shift: 3
Compressed class space size: 1073741824 Address: 0x0000000100000000

Heap:
 garbage-first heap   total 102400K, used 12030K [0x000000009de00000, 0x0000000100000000)
  region size 1024K, 13 young (13312K), 2 survivors (2048K)
 Metaspace       used 9800K, capacity 9968K, committed 10240K, reserved 1058816K
  class space    used 929K, capacity 1015K, committed 1024K, reserved 1048576K
Heap Regions: E=young(eden), S=young(survivor), O=old, HS=humongous(starts), HC=humongous(continues), CS=collection set, F=free, A=archive, TS=gc time stamp, AC=allocation context, TAMS=top-at-mark-start (previous, next)
|   0|0x000000009de00000, 0x000000009de00000, 0x000000009df00000|  0%| F|  |TS  0|AC  0|TAMS 0x000000009de00000, 0x000000009de00000|
|   1|0x000000009df00000, 0x000000009df00000, 0x000000009e000000|  0%| F|  |TS  0|AC  0|TAMS 0x000000009df00000, 0x000000009df00000|
|   2|0x000000009e000000, 0x000000009e000000, 0x000000009e100000|  0%| F|  |TS  0|AC  0|TAMS 0x000000009e000000, 0x000000009e000000|
|   3|0x000000009e100000, 0x000000009e100000, 0x000000009e200000|  0%| F|  |TS  0|AC  0|TAMS 0x000000009e100000, 0x000000009e100000|
|   4|0x000000009e200000, 0x000000009e200000, 0x000000009e300000|  0%| F|  |TS  0|AC  0|TAMS 0x000000009e200000, 0x000000009e200000|
|   5|0x000000009e300000, 0x000000009e300000, 0x000000009e400000|  0%| F|  |TS  0|AC  0|TAMS 0x000000009e300000, 0x000000009e300000|
|   6|0x000000009e400000, 0x000000009e400000, 0x000000009e500000|  0%| F|  |TS  0|AC  0|TAMS 0x000000009e400000, 0x000000009e400000|
|   7|0x000000009e500000, 0x000000009e500000, 0x000000009e600000|  0%| F|  |TS  0|AC  0|TAMS 0x000000009e500000, 0x000000009e500000|
|   8|0x000000009e600000, 0x000000009e600000, 0x000000009e700000|  0%| F|  |TS  0|AC  0|TAMS 0x000000009e600000, 0x000000009e600000|
|   9|0x000000009e700000, 0x000000009e700000, 0x000000009e800000|  0%| F|  |TS  0|AC  0|TAMS 0x000000009e700000, 0x000000009e700000|
|  10|0x000000009e800000, 0x000000009e800000, 0x000000009e900000|  0%| F|  |TS  0|AC  0|TAMS 0x000000009e800000, 0x000000009e800000|
|  11|0x000000009e900000, 0x000000009e900000, 0x000000009ea00000|  0%| F|  |TS  0|AC  0|TAMS 0x000000009e900000, 0x000000009e900000|
|  12|0x000000009ea00000, 0x000000009ea00000, 0x000000009eb00000|  0%| F|  |TS  0|AC  0|TAMS 0x000000009ea00000, 0x000000009ea00000|
|  13|0x000000009eb00000, 0x000000009eb00000, 0x000000009ec00000|  0%| F|  |TS  0|AC  0|TAMS 0x000000009eb00000, 0x000000009eb00000|
|  14|0x000000009ec00000, 0x000000009ec00000, 0x000000009ed00000|  0%| F|  |TS  0|AC  0|TAMS 0x000000009ec00000, 0x000000009ec00000|
|  15|0x000000009ed00000, 0x000000009ed00000, 0x000000009ee00000|  0%| F|  |TS  0|AC  0|TAMS 0x000000009ed00000, 0x000000009ed00000|
|  16|0x000000009ee00000, 0x000000009ee00000, 0x000000009ef00000|  0%| F|  |TS  0|AC  0|TAMS 0x000000009ee00000, 0x000000009ee00000|
|  17|0x000000009ef00000, 0x000000009ef00000, 0x000000009f000000|  0%| F|  |TS  0|AC  0|TAMS 0x000000009ef00000, 0x000000009ef00000|
|  18|0x000000009f000000, 0x000000009f000000, 0x000000009f100000|  0%| F|  |TS  0|AC  0|TAMS 0x000000009f000000, 0x000000009f000000|
|  19|0x000000009f100000, 0x000000009f100000, 0x000000009f200000|  0%| F|  |TS  0|AC  0|TAMS 0x000000009f100000, 0x000000009f100000|
|  20|0x000000009f200000, 0x000000009f200000, 0x000000009f300000|  0%| F|  |TS  0|AC  0|TAMS 0x000000009f200000, 0x000000009f200000|
|  21|0x000000009f300000, 0x000000009f300000, 0x000000009f400000|  0%| F|  |TS  0|AC  0|TAMS 0x000000009f300000, 0x000000009f300000|
|  22|0x000000009f400000, 0x000000009f400000, 0x000000009f500000|  0%| F|  |TS  0|AC  0|TAMS 0x000000009f400000, 0x000000009f400000|
|  23|0x000000009f500000, 0x000000009f500000, 0x000000009f600000|  0%| F|  |TS  0|AC  0|TAMS 0x000000009f500000, 0x000000009f500000|
|  24|0x000000009f600000, 0x000000009f600000, 0x000000009f700000|  0%| F|  |TS  0|AC  0|TAMS 0x000000009f600000, 0x000000009f600000|
|  25|0x000000009f700000, 0x000000009f700000, 0x000000009f800000|  0%| F|  |TS  0|AC  0|TAMS 0x000000009f700000, 0x000000009f700000|
|  26|0x000000009f800000, 0x000000009f800000, 0x000000009f900000|  0%| F|  |TS  0|AC  0|TAMS 0x000000009f800000, 0x000000009f800000|
|  27|0x000000009f900000, 0x000000009f900000, 0x000000009fa00000|  0%| F|  |TS  0|AC  0|TAMS 0x000000009f900000, 0x000000009f900000|
|  28|0x000000009fa00000, 0x000000009fa00000, 0x000000009fb00000|  0%| F|  |TS  0|AC  0|TAMS 0x000000009fa00000, 0x000000009fa00000|
|  29|0x000000009fb00000, 0x000000009fb00000, 0x000000009fc00000|  0%| F|  |TS  0|AC  0|TAMS 0x000000009fb00000, 0x000000009fb00000|
|  30|0x000000009fc00000, 0x000000009fc00000, 0x000000009fd00000|  0%| F|  |TS  0|AC  0|TAMS 0x000000009fc00000, 0x000000009fc00000|
|  31|0x000000009fd00000, 0x000000009fd00000, 0x000000009fe00000|  0%| F|  |TS  0|AC  0|TAMS 0x000000009fd00000, 0x000000009fd00000|
|  32|0x000000009fe00000, 0x000000009fe00000, 0x000000009ff00000|  0%| F|  |TS  0|AC  0|TAMS 0x000000009fe00000, 0x000000009fe00000|
|  33|0x000000009ff00000, 0x000000009ff00000, 0x00000000a0000000|  0%| F|  |TS  0|AC  0|TAMS 0x000000009ff00000, 0x000000009ff00000|
|  34|0x00000000a0000000, 0x00000000a0000000, 0x00000000a0100000|  0%| F|  |TS  0|AC  0|TAMS 0x00000000a0000000, 0x00000000a0000000|
|  35|0x00000000a0100000, 0x00000000a0100000, 0x00000000a0200000|  0%| F|  |TS  0|AC  0|TAMS 0x00000000a0100000, 0x00000000a0100000|
|  36|0x00000000a0200000, 0x00000000a0200000, 0x00000000a0300000|  0%| F|  |TS  0|AC  0|TAMS 0x00000000a0200000, 0x00000000a0200000|
|  37|0x00000000a0300000, 0x00000000a0300000, 0x00000000a0400000|  0%| F|  |TS  0|AC  0|TAMS 0x00000000a0300000, 0x00000000a0300000|
|  38|0x00000000a0400000, 0x00000000a0400000, 0x00000000a0500000|  0%| F|  |TS  0|AC  0|TAMS 0x00000000a0400000, 0x00000000a0400000|
|  39|0x00000000a0500000, 0x00000000a0500000, 0x00000000a0600000|  0%| F|  |TS  0|AC  0|TAMS 0x00000000a0500000, 0x00000000a0500000|
|  40|0x00000000a0600000, 0x00000000a0600000, 0x00000000a0700000|  0%| F|  |TS  0|AC  0|TAMS 0x00000000a0600000, 0x00000000a0600000|
|  41|0x00000000a0700000, 0x00000000a0700000, 0x00000000a0800000|  0%| F|  |TS  0|AC  0|TAMS 0x00000000a0700000, 0x00000000a0700000|
|  42|0x00000000a0800000, 0x00000000a0800000, 0x00000000a0900000|  0%| F|  |TS  0|AC  0|TAMS 0x00000000a0800000, 0x00000000a0800000|
|  43|0x00000000a0900000, 0x00000000a0900000, 0x00000000a0a00000|  0%| F|  |TS  0|AC  0|TAMS 0x00000000a0900000, 0x00000000a0900000|
|  44|0x00000000a0a00000, 0x00000000a0a00000, 0x00000000a0b00000|  0%| F|  |TS  0|AC  0|TAMS 0x00000000a0a00000, 0x00000000a0a00000|
|  45|0x00000000a0b00000, 0x00000000a0b00000, 0x00000000a0c00000|  0%| F|  |TS  0|AC  0|TAMS 0x00000000a0b00000, 0x00000000a0b00000|
|  46|0x00000000a0c00000, 0x00000000a0c00000, 0x00000000a0d00000|  0%| F|  |TS  0|AC  0|TAMS 0x00000000a0c00000, 0x00000000a0c00000|
|  47|0x00000000a0d00000, 0x00000000a0d00000, 0x00000000a0e00000|  0%| F|  |TS  0|AC  0|TAMS 0x00000000a0d00000, 0x00000000a0d00000|
|  48|0x00000000a0e00000, 0x00000000a0e00000, 0x00000000a0f00000|  0%| F|  |TS  0|AC  0|TAMS 0x00000000a0e00000, 0x00000000a0e00000|
|  49|0x00000000a0f00000, 0x00000000a0f00000, 0x00000000a1000000|  0%| F|  |TS  0|AC  0|TAMS 0x00000000a0f00000, 0x00000000a0f00000|
|  50|0x00000000a1000000, 0x00000000a1000000, 0x00000000a1100000|  0%| F|  |TS  0|AC  0|TAMS 0x00000000a1000000, 0x00000000a1000000|
|  51|0x00000000a1100000, 0x00000000a1100000, 0x00000000a1200000|  0%| F|  |TS  0|AC  0|TAMS 0x00000000a1100000, 0x00000000a1100000|
|  52|0x00000000a1200000, 0x00000000a1200000, 0x00000000a1300000|  0%| F|  |TS  0|AC  0|TAMS 0x00000000a1200000, 0x00000000a1200000|
|  53|0x00000000a1300000, 0x00000000a1300000, 0x00000000a1400000|  0%| F|  |TS  0|AC  0|TAMS 0x00000000a1300000, 0x00000000a1300000|
|  54|0x00000000a1400000, 0x00000000a1400000, 0x00000000a1500000|  0%| F|  |TS  0|AC  0|TAMS 0x00000000a1400000, 0x00000000a1400000|
|  55|0x00000000a1500000, 0x00000000a1500000, 0x00000000a1600000|  0%| F|  |TS  0|AC  0|TAMS 0x00000000a1500000, 0x00000000a1500000|
|  56|0x00000000a1600000, 0x00000000a1600000, 0x00000000a1700000|  0%| F|  |TS  0|AC  0|TAMS 0x00000000a1600000, 0x00000000a1600000|
|  57|0x00000000a1700000, 0x00000000a1700000, 0x00000000a1800000|  0%| F|  |TS  0|AC  0|TAMS 0x00000000a1700000, 0x00000000a1700000|
|  58|0x00000000a1800000, 0x00000000a1800000, 0x00000000a1900000|  0%| F|  |TS  0|AC  0|TAMS 0x00000000a1800000, 0x00000000a1800000|
|  59|0x00000000a1900000, 0x00000000a1900000, 0x00000000a1a00000|  0%| F|  |TS  0|AC  0|TAMS 0x00000000a1900000, 0x00000000a1900000|
|  60|0x00000000a1a00000, 0x00000000a1a00000, 0x00000000a1b00000|  0%| F|  |TS  0|AC  0|TAMS 0x00000000a1a00000, 0x00000000a1a00000|
|  61|0x00000000a1b00000, 0x00000000a1b00000, 0x00000000a1c00000|  0%| F|  |TS  0|AC  0|TAMS 0x00000000a1b00000, 0x00000000a1b00000|
|  62|0x00000000a1c00000, 0x00000000a1c00000, 0x00000000a1d00000|  0%| F|  |TS  0|AC  0|TAMS 0x00000000a1c00000, 0x00000000a1c00000|
|  63|0x00000000a1d00000, 0x00000000a1d00000, 0x00000000a1e00000|  0%| F|  |TS  0|AC  0|TAMS 0x00000000a1d00000, 0x00000000a1d00000|
|  64|0x00000000a1e00000, 0x00000000a1e00000, 0x00000000a1f00000|  0%| F|  |TS  0|AC  0|TAMS 0x00000000a1e00000, 0x00000000a1e00000|
|  65|0x00000000a1f00000, 0x00000000a1f00000, 0x00000000a2000000|  0%| F|  |TS  0|AC  0|TAMS 0x00000000a1f00000, 0x00000000a1f00000|
|  66|0x00000000a2000000, 0x00000000a2000000, 0x00000000a2100000|  0%| F|  |TS  0|AC  0|TAMS 0x00000000a2000000, 0x00000000a2000000|
|  67|0x00000000a2100000, 0x00000000a2100000, 0x00000000a2200000|  0%| F|  |TS  0|AC  0|TAMS 0x00000000a2100000, 0x00000000a2100000|
|  68|0x00000000a2200000, 0x00000000a2200000, 0x00000000a2300000|  0%| F|  |TS  0|AC  0|TAMS 0x00000000a2200000, 0x00000000a2200000|
|  69|0x00000000a2300000, 0x00000000a2300000, 0x00000000a2400000|  0%| F|  |TS  0|AC  0|TAMS 0x00000000a2300000, 0x00000000a2300000|
|  70|0x00000000a2400000, 0x00000000a2400000, 0x00000000a2500000|  0%| F|  |TS  0|AC  0|TAMS 0x00000000a2400000, 0x00000000a2400000|
|  71|0x00000000a2500000, 0x00000000a2500000, 0x00000000a2600000|  0%| F|  |TS  0|AC  0|TAMS 0x00000000a2500000, 0x00000000a2500000|
|  72|0x00000000a2600000, 0x00000000a2600000, 0x00000000a2700000|  0%| F|  |TS  0|AC  0|TAMS 0x00000000a2600000, 0x00000000a2600000|
|  73|0x00000000a2700000, 0x00000000a2700000, 0x00000000a2800000|  0%| F|  |TS  0|AC  0|TAMS 0x00000000a2700000, 0x00000000a2700000|
|  74|0x00000000a2800000, 0x00000000a2800000, 0x00000000a2900000|  0%| F|  |TS  0|AC  0|TAMS 0x00000000a2800000, 0x00000000a2800000|
|  75|0x00000000a2900000, 0x00000000a2900000, 0x00000000a2a00000|  0%| F|  |TS  0|AC  0|TAMS 0x00000000a2900000, 0x00000000a2900000|
|  76|0x00000000a2a00000, 0x00000000a2a00000, 0x00000000a2b00000|  0%| F|  |TS  0|AC  0|TAMS 0x00000000a2a00000, 0x00000000a2a00000|
|  77|0x00000000a2b00000, 0x00000000a2b00000, 0x00000000a2c00000|  0%| F|  |TS  0|AC  0|TAMS 0x00000000a2b00000, 0x00000000a2b00000|
|  78|0x00000000a2c00000, 0x00000000a2c00000, 0x00000000a2d00000|  0%| F|  |TS  0|AC  0|TAMS 0x00000000a2c00000, 0x00000000a2c00000|
|  79|0x00000000a2d00000, 0x00000000a2d00000, 0x00000000a2e00000|  0%| F|  |TS  0|AC  0|TAMS 0x00000000a2d00000, 0x00000000a2d00000|
|  80|0x00000000a2e00000, 0x00000000a2e00000, 0x00000000a2f00000|  0%| F|  |TS  0|AC  0|TAMS 0x00000000a2e00000, 0x00000000a2e00000|
|  81|0x00000000a2f00000, 0x00000000a2f00000, 0x00000000a3000000|  0%| F|  |TS  0|AC  0|TAMS 0x00000000a2f00000, 0x00000000a2f00000|
|  82|0x00000000a3000000, 0x00000000a3000000, 0x00000000a3100000|  0%| F|  |TS  0|AC  0|TAMS 0x00000000a3000000, 0x00000000a3000000|
|  83|0x00000000a3100000, 0x00000000a3100000, 0x00000000a3200000|  0%| F|  |TS  0|AC  0|TAMS 0x00000000a3100000, 0x00000000a3100000|
|  84|0x00000000a3200000, 0x00000000a32bfb10, 0x00000000a3300000| 74%| S|CS|TS  1|AC  0|TAMS 0x00000000a3200000, 0x00000000a3200000|
|  85|0x00000000a3300000, 0x00000000a3400000, 0x00000000a3400000|100%| S|CS|TS  1|AC  0|TAMS 0x00000000a3300000, 0x00000000a3300000|
|  86|0x00000000a3400000, 0x00000000a3400000, 0x00000000a3500000|  0%| F|  |TS  1|AC  0|TAMS 0x00000000a3400000, 0x00000000a3400000|
|  87|0x00000000a3500000, 0x00000000a3500000, 0x00000000a3600000|  0%| F|  |TS  1|AC  0|TAMS 0x00000000a3500000, 0x00000000a3500000|
|  88|0x00000000a3600000, 0x00000000a3600000, 0x00000000a3700000|  0%| F|  |TS  1|AC  0|TAMS 0x00000000a3600000, 0x00000000a3600000|
|  89|0x00000000a3700000, 0x00000000a37bf0b0, 0x00000000a3800000| 74%| E|  |TS  1|AC  0|TAMS 0x00000000a3700000, 0x00000000a3700000|
|  90|0x00000000a3800000, 0x00000000a3900000, 0x00000000a3900000|100%| E|CS|TS  1|AC  0|TAMS 0x00000000a3800000, 0x00000000a3800000|
|  91|0x00000000a3900000, 0x00000000a3a00000, 0x00000000a3a00000|100%| E|CS|TS  1|AC  0|TAMS 0x00000000a3900000, 0x00000000a3900000|
|  92|0x00000000a3a00000, 0x00000000a3b00000, 0x00000000a3b00000|100%| E|CS|TS  1|AC  0|TAMS 0x00000000a3a00000, 0x00000000a3a00000|
|  93|0x00000000a3b00000, 0x00000000a3c00000, 0x00000000a3c00000|100%| E|CS|TS  1|AC  0|TAMS 0x00000000a3b00000, 0x00000000a3b00000|
|  94|0x00000000a3c00000, 0x00000000a3d00000, 0x00000000a3d00000|100%| E|CS|TS  1|AC  0|TAMS 0x00000000a3c00000, 0x00000000a3c00000|
|  95|0x00000000a3d00000, 0x00000000a3e00000, 0x00000000a3e00000|100%| E|CS|TS  1|AC  0|TAMS 0x00000000a3d00000, 0x00000000a3d00000|
|  96|0x00000000a3e00000, 0x00000000a3f00000, 0x00000000a3f00000|100%| E|CS|TS  1|AC  0|TAMS 0x00000000a3e00000, 0x00000000a3e00000|
|  97|0x00000000a3f00000, 0x00000000a4000000, 0x00000000a4000000|100%| E|CS|TS  1|AC  0|TAMS 0x00000000a3f00000, 0x00000000a3f00000|
|  98|0x00000000a4000000, 0x00000000a4100000, 0x00000000a4100000|100%| E|CS|TS  1|AC  0|TAMS 0x00000000a4000000, 0x00000000a4000000|
|  99|0x00000000a4100000, 0x00000000a4200000, 0x00000000a4200000|100%| E|CS|TS  1|AC  0|TAMS 0x00000000a4100000, 0x00000000a4100000|

Card table byte_map: [0x00007f17d8855000,0x00007f17d8b66000] byte_map_base: 0x00007f17d8366000

Marking Bits (Prev, Next): (CMBitMap*) 0x000056096cf0b4c0, (CMBitMap*) 0x000056096cf0b4f8
 Prev Bits: [0x00007f17ca778000, 0x00007f17cc000000)
 Next Bits: [0x00007f17c8ef0000, 0x00007f17ca778000)

Polling page: 0x00007f17f4852000

CodeHeap 'non-profiled nmethods': size=120032Kb used=155Kb max_used=155Kb free=119876Kb
 bounds [0x00007f17e132d000, 0x00007f17e159d000, 0x00007f17e8865000]
CodeHeap 'profiled nmethods': size=120032Kb used=864Kb max_used=864Kb free=119168Kb
 bounds [0x00007f17d9df5000, 0x00007f17da065000, 0x00007f17e132d000]
CodeHeap 'non-nmethods': size=5696Kb used=1057Kb max_used=1069Kb free=4638Kb
 bounds [0x00007f17d9865000, 0x00007f17d9ad5000, 0x00007f17d9df5000]
 total_blobs=1078 nmethods=594 adapters=284
 compilation: enabled

Compilation events (10 events):
Event: 11.070 Thread 0x000056096d010800 nmethod 605 0x00007f17d9ec8e90 code [0x00007f17d9ec9060, 0x00007f17d9ec9288]
Event: 11.070 Thread 0x000056096d010800  604       3       java.lang.StringCoding::decodeUTF8 (45 bytes)
Event: 11.072 Thread 0x000056096d010800 nmethod 604 0x00007f17d9ec9390 code [0x00007f17d9ec95a0, 0x00007f17d9ec9ba8]
Event: 11.072 Thread 0x000056096d010800  607       3       java.lang.invoke.MethodType::insertParameterTypes (121 bytes)
Event: 11.075 Thread 0x000056096d00e800  611       4       java.lang.String::getBytes (44 bytes)
Event: 11.076 Thread 0x000056096d010800 nmethod 607 0x00007f17d9ec9d90 code [0x00007f17d9eca080, 0x00007f17d9ecaef8]
Event: 11.076 Thread 0x000056096d010800  609       3       java.lang.String::getBytes (25 bytes)
Event: 11.077 Thread 0x000056096d010800 nmethod 609 0x00007f17d9ecb490 code [0x00007f17d9ecb680, 0x00007f17d9ecb998]
Event: 11.077 Thread 0x000056096d010800  610   !   3       java.lang.StringCoding::encode (153 bytes)
Event: 11.077 Thread 0x000056096d00e800 nmethod 611 0x00007f17e1353410 code [0x00007f17e13535a0, 0x00007f17e13536b8]

GC Heap History (2 events):
Event: 11.050 GC heap before
{Heap before GC invocations=0 (full 0):
 garbage-first heap   total 102400K, used 14336K [0x000000009de00000, 0x0000000100000000)
  region size 1024K, 14 young (14336K), 0 survivors (0K)
 Metaspace       used 9710K, capacity 9891K, committed 9984K, reserved 1058816K
  class space    used 909K, capacity 985K, committed 1024K, reserved 1048576K
}
Event: 11.062 GC heap after
{Heap after GC invocations=1 (full 0):
 garbage-first heap   total 102400K, used 1790K [0x000000009de00000, 0x0000000100000000)
  region size 1024K, 2 young (2048K), 2 survivors (2048K)
 Metaspace       used 9710K, capacity 9891K, committed 9984K, reserved 1058816K
  class space    used 909K, capacity 985K, committed 1024K, reserved 1048576K
}

Deoptimization events (2 events):
Event: 9.390 Thread 0x000056096ce88000 Uncommon trap: reason=unstable_if action=reinterpret pc=0x00007f17e1332270 method=java.lang.String.hashCode()I @ 14 c2
Event: 10.301 Thread 0x000056096d1e8000 Uncommon trap: reason=unstable_if action=reinterpret pc=0x00007f17e1349890 method=java.lang.StringLatin1.replace([BCC)Ljava/lang/String; @ 19 c2

Classes redefined (0 events):
No events

Internal exceptions (10 events):
Event: 10.255 Thread 0x000056096ce88000 Exception <a 'java/lang/NoSuchMethodError'{0x00000000a3b73ca0}: method resolution failed> (0x00000000a3b73ca0) thrown at [/export/home/tester/jenkins/workspace/zulu10-build-linux64/zulu-src/src/hotspot/share/prims/methodHandles.cpp, line 1226]
Event: 10.255 Thread 0x000056096ce88000 Exception <a 'java/lang/NoSuchMethodError'{0x00000000a3b775d0}: method resolution failed> (0x00000000a3b775d0) thrown at [/export/home/tester/jenkins/workspace/zulu10-build-linux64/zulu-src/src/hotspot/share/prims/methodHandles.cpp, line 1226]
Event: 10.304 Thread 0x000056096d1e8000 Exception <a 'java/lang/NoSuchMethodError'{0x00000000a3bc1330}: java.lang.Object.lambda$union$2(Ljava/util/regex/Pattern$CharPredicate;I)Z> (0x00000000a3bc1330) thrown at [/export/home/tester/jenkins/workspace/zulu10-build-linux64/zulu-src/src/hotspot/sha
Event: 10.343 Thread 0x000056096ce88000 Exception <a 'java/lang/NoSuchMethodError'{0x00000000a3a736d8}: method resolution failed> (0x00000000a3a736d8) thrown at [/export/home/tester/jenkins/workspace/zulu10-build-linux64/zulu-src/src/hotspot/share/prims/methodHandles.cpp, line 1226]
Event: 10.349 Thread 0x000056096ce88000 Exception <a 'java/lang/NoSuchMethodError'{0x00000000a3a88a80}: java.lang.Object.of([Ljava/lang/Object;)Ljava/util/stream/Stream;> (0x00000000a3a88a80) thrown at [/export/home/tester/jenkins/workspace/zulu10-build-linux64/zulu-src/src/hotspot/share/interp
Event: 11.091 Thread 0x00007f1758001000 Exception <a 'java/lang/NoSuchMethodError'{0x00000000a3d04978}: method resolution failed> (0x00000000a3d04978) thrown at [/export/home/tester/jenkins/workspace/zulu10-build-linux64/zulu-src/src/hotspot/share/prims/methodHandles.cpp, line 1226]
Event: 11.091 Thread 0x00007f177c009000 Exception <a 'java/lang/NoSuchMethodError'{0x00000000a3800ed0}: java.lang.invoke.DirectMethodHandle$Holder.invokeInterface(Ljava/lang/Object;Ljava/lang/Object;)Ljava/lang/Object;> (0x00000000a3800ed0) thrown at [/export/home/tester/jenkins/workspace/zulu1
Event: 11.091 Thread 0x00007f177c001800 Exception <a 'java/lang/NoSuchMethodError'{0x00000000a4081ae8}: method resolution failed> (0x00000000a4081ae8) thrown at [/export/home/tester/jenkins/workspace/zulu10-build-linux64/zulu-src/src/hotspot/share/prims/methodHandles.cpp, line 1226]
Event: 11.091 Thread 0x00007f1758007800 Exception <a 'java/lang/NoSuchMethodError'{0x00000000a3da4368}: method resolution failed> (0x00000000a3da4368) thrown at [/export/home/tester/jenkins/workspace/zulu10-build-linux64/zulu-src/src/hotspot/share/prims/methodHandles.cpp, line 1226]
Event: 11.091 Thread 0x00007f176c00b800 Exception <a 'java/lang/NoSuchMethodError'{0x00000000a3880a28}: java.lang.invoke.DirectMethodHandle$Holder.invokeInterface(Ljava/lang/Object;Ljava/lang/Object;)Ljava/lang/Object;> (0x00000000a3880a28) thrown at [/export/home/tester/jenkins/workspace/zulu1

Events (10 events):
Event: 11.094 loading class com/rabbitmq/client/Delivery done
Event: 11.094 loading class java/lang/Throwable$WrappedPrintStream
Event: 11.094 loading class java/lang/Throwable$PrintStreamOrWriter
Event: 11.094 loading class java/lang/Throwable$PrintStreamOrWriter done
Event: 11.094 loading class java/lang/Throwable$WrappedPrintStream done
Event: 11.094 loading class java/util/IdentityHashMap$KeySet
Event: 11.094 loading class java/util/IdentityHashMap$KeySet done
Event: 11.095 Thread 0x00007f17b400d000 Thread added: 0x00007f17b400d000
Event: 11.095 loading class com/rabbitmq/client/Delivery
Event: 11.095 loading class com/rabbitmq/client/Delivery done


Dynamic libraries:
9de00000-a4200000 rw-p 00000000 00:00 0 
a4200000-100000000 ---p 00000000 00:00 0 
100000000-100100000 rw-p 00000000 00:00 0 
100100000-140000000 ---p 00000000 00:00 0 
56096a978000-56096a9d4000 r--p 00000000 08:30 173515                     /home/eddie/miniconda3/envs/aaron/bin/python3.9
56096a9d4000-56096abe8000 r-xp 0005c000 08:30 173515                     /home/eddie/miniconda3/envs/aaron/bin/python3.9
56096abe8000-56096acd3000 r--p 00270000 08:30 173515                     /home/eddie/miniconda3/envs/aaron/bin/python3.9
56096acd3000-56096acd9000 r--p 0035a000 08:30 173515                     /home/eddie/miniconda3/envs/aaron/bin/python3.9
56096acd9000-56096ad10000 rw-p 00360000 08:30 173515                     /home/eddie/miniconda3/envs/aaron/bin/python3.9
56096ad10000-56096ad32000 rw-p 00000000 00:00 0 
56096cb1d000-56096d22f000 rw-p 00000000 00:00 0                          [heap]
7f174bfea000-7f174bfee000 ---p 00000000 00:00 0 
7f174bfee000-7f174c0eb000 rw-p 00000000 00:00 0 
7f174c0eb000-7f174c0ef000 ---p 00000000 00:00 0 
7f174c0ef000-7f174c1ec000 rw-p 00000000 00:00 0 
7f174c1ec000-7f174c1f0000 ---p 00000000 00:00 0 
7f174c1f0000-7f174c2ed000 rw-p 00000000 00:00 0 
7f174c2ed000-7f174c2f1000 ---p 00000000 00:00 0 
7f174c2f1000-7f174c3ee000 rw-p 00000000 00:00 0 
7f174c3ee000-7f174c3f2000 ---p 00000000 00:00 0 
7f174c3f2000-7f174c4ef000 rw-p 00000000 00:00 0 
7f174c4ef000-7f174c4f3000 ---p 00000000 00:00 0 
7f174c4f3000-7f174c5f0000 rw-p 00000000 00:00 0 
7f174c5f0000-7f174c5f4000 ---p 00000000 00:00 0 
7f174c5f4000-7f174c6f1000 rw-p 00000000 00:00 0 
7f174c6f1000-7f174c6f5000 ---p 00000000 00:00 0 
7f174c6f5000-7f174c7f2000 rw-p 00000000 00:00 0 
7f174c7f2000-7f174c7f6000 ---p 00000000 00:00 0 
7f174c7f6000-7f174c8f3000 rw-p 00000000 00:00 0 
7f174c8f3000-7f174c8f7000 ---p 00000000 00:00 0 
7f174c8f7000-7f174c9f4000 rw-p 00000000 00:00 0 
7f174c9f4000-7f174c9f8000 ---p 00000000 00:00 0 
7f174c9f8000-7f174caf5000 rw-p 00000000 00:00 0 
7f174caf5000-7f174caf9000 ---p 00000000 00:00 0 
7f174caf9000-7f174cbf6000 rw-p 00000000 00:00 0 
7f174cbf6000-7f174cbfa000 ---p 00000000 00:00 0 
7f174cbfa000-7f174ccf7000 rw-p 00000000 00:00 0 
7f174ccf7000-7f174ccfb000 ---p 00000000 00:00 0 
7f174ccfb000-7f174cdf8000 rw-p 00000000 00:00 0 
7f174cdf8000-7f174cdfc000 ---p 00000000 00:00 0 
7f174cdfc000-7f174cef9000 rw-p 00000000 00:00 0 
7f174cef9000-7f174cefd000 ---p 00000000 00:00 0 
7f174cefd000-7f174cffa000 rw-p 00000000 00:00 0 
7f174cffa000-7f174cffb000 ---p 00000000 00:00 0 
7f174cffb000-7f174cffc000 rw-p 00000000 00:00 0 
7f174cffc000-7f174d000000 ---p 00000000 00:00 0 
7f174d000000-7f174d7fb000 rw-p 00000000 00:00 0 
7f174d7fb000-7f174d7fc000 ---p 00000000 00:00 0 
7f174d7fc000-7f174d7fd000 rw-p 00000000 00:00 0 
7f174d7fd000-7f174d801000 ---p 00000000 00:00 0 
7f174d801000-7f174dffc000 rw-p 00000000 00:00 0 
7f174dffc000-7f174dffd000 ---p 00000000 00:00 0 
7f174dffd000-7f174dffe000 rw-p 00000000 00:00 0 
7f174dffe000-7f174e002000 ---p 00000000 00:00 0 
7f174e002000-7f174e7fd000 rw-p 00000000 00:00 0 
7f174e7fd000-7f174e7fe000 ---p 00000000 00:00 0 
7f174e7fe000-7f174e7ff000 rw-p 00000000 00:00 0 
7f174e7ff000-7f174e803000 ---p 00000000 00:00 0 
7f174e803000-7f174effe000 rw-p 00000000 00:00 0 
7f174effe000-7f174efff000 ---p 00000000 00:00 0 
7f174efff000-7f174f000000 rw-p 00000000 00:00 0 
7f174f000000-7f174f004000 ---p 00000000 00:00 0 
7f174f004000-7f174f7ff000 rw-p 00000000 00:00 0 
7f174f7ff000-7f174f800000 ---p 00000000 00:00 0 
7f174f800000-7f174f801000 rw-p 00000000 00:00 0 
7f174f801000-7f174f805000 ---p 00000000 00:00 0 
7f174f805000-7f1750000000 rw-p 00000000 00:00 0 
7f1750000000-7f1750021000 rw-p 00000000 00:00 0 
7f1750021000-7f1754000000 ---p 00000000 00:00 0 
7f1754000000-7f1754021000 rw-p 00000000 00:00 0 
7f1754021000-7f1758000000 ---p 00000000 00:00 0 
7f1758000000-7f1758021000 rw-p 00000000 00:00 0 
7f1758021000-7f175c000000 ---p 00000000 00:00 0 
7f175c000000-7f175c021000 rw-p 00000000 00:00 0 
7f175c021000-7f1760000000 ---p 00000000 00:00 0 
7f17600eb000-7f17600ef000 ---p 00000000 00:00 0 
7f17600ef000-7f17601ec000 rw-p 00000000 00:00 0 
7f17601ec000-7f17601f0000 ---p 00000000 00:00 0 
7f17601f0000-7f17602ed000 rw-p 00000000 00:00 0 
7f17602ed000-7f17602f1000 ---p 00000000 00:00 0 
7f17602f1000-7f17603ee000 rw-p 00000000 00:00 0 
7f17603ee000-7f17603f2000 ---p 00000000 00:00 0 
7f17603f2000-7f17604ef000 rw-p 00000000 00:00 0 
7f17604ef000-7f17604f3000 ---p 00000000 00:00 0 
7f17604f3000-7f17605f0000 rw-p 00000000 00:00 0 
7f17605f0000-7f17605f4000 ---p 00000000 00:00 0 
7f17605f4000-7f17606f1000 rw-p 00000000 00:00 0 
7f17606f1000-7f17606f5000 ---p 00000000 00:00 0 
7f17606f5000-7f17607f2000 rw-p 00000000 00:00 0 
7f17607f2000-7f17607f6000 ---p 00000000 00:00 0 
7f17607f6000-7f17608f3000 rw-p 00000000 00:00 0 
7f17608f3000-7f17608f7000 ---p 00000000 00:00 0 
7f17608f7000-7f17609f4000 rw-p 00000000 00:00 0 
7f17609f4000-7f17609f8000 ---p 00000000 00:00 0 
7f17609f8000-7f1760af5000 rw-p 00000000 00:00 0 
7f1760af5000-7f1760af6000 ---p 00000000 00:00 0 
7f1760af6000-7f1760af7000 rw-p 00000000 00:00 0 
7f1760af7000-7f1760afb000 ---p 00000000 00:00 0 
7f1760afb000-7f17612f6000 rw-p 00000000 00:00 0 
7f17612f6000-7f17612fa000 ---p 00000000 00:00 0 
7f17612fa000-7f17613f7000 rw-p 00000000 00:00 0 
7f17613f7000-7f17613f8000 ---p 00000000 00:00 0 
7f17613f8000-7f17613f9000 rw-p 00000000 00:00 0 
7f17613f9000-7f17613fd000 ---p 00000000 00:00 0 
7f17613fd000-7f1761bf8000 rw-p 00000000 00:00 0 
7f1761bf8000-7f1761bfc000 ---p 00000000 00:00 0 
7f1761bfc000-7f1761cf9000 rw-p 00000000 00:00 0 
7f1761cf9000-7f1761cfa000 ---p 00000000 00:00 0 
7f1761cfa000-7f1761cfb000 rw-p 00000000 00:00 0 
7f1761cfb000-7f1761cff000 ---p 00000000 00:00 0 
7f1761cff000-7f17624fa000 rw-p 00000000 00:00 0 
7f17624fa000-7f17624fe000 ---p 00000000 00:00 0 
7f17624fe000-7f17625fb000 rw-p 00000000 00:00 0 
7f17625fb000-7f17625ff000 ---p 00000000 00:00 0 
7f17625ff000-7f17626fc000 rw-p 00000000 00:00 0 
7f17626fc000-7f1762700000 ---p 00000000 00:00 0 
7f1762700000-7f17627fd000 rw-p 00000000 00:00 0 
7f17627fd000-7f17627fe000 ---p 00000000 00:00 0 
7f17627fe000-7f17627ff000 rw-p 00000000 00:00 0 
7f17627ff000-7f1762803000 ---p 00000000 00:00 0 
7f1762803000-7f1762ffe000 rw-p 00000000 00:00 0 
7f1762ffe000-7f1762fff000 ---p 00000000 00:00 0 
7f1762fff000-7f1763000000 rw-p 00000000 00:00 0 
7f1763000000-7f1763004000 ---p 00000000 00:00 0 
7f1763004000-7f17637ff000 rw-p 00000000 00:00 0 
7f17637ff000-7f1763800000 ---p 00000000 00:00 0 
7f1763800000-7f1763801000 rw-p 00000000 00:00 0 
7f1763801000-7f1763805000 ---p 00000000 00:00 0 
7f1763805000-7f1764000000 rw-p 00000000 00:00 0 
7f1764000000-7f1764021000 rw-p 00000000 00:00 0 
7f1764021000-7f1768000000 ---p 00000000 00:00 0 
7f1768000000-7f1768021000 rw-p 00000000 00:00 0 
7f1768021000-7f176c000000 ---p 00000000 00:00 0 
7f176c000000-7f176c021000 rw-p 00000000 00:00 0 
7f176c021000-7f1770000000 ---p 00000000 00:00 0 
7f1770000000-7f1770021000 rw-p 00000000 00:00 0 
7f1770021000-7f1774000000 ---p 00000000 00:00 0 
7f1774000000-7f1774021000 rw-p 00000000 00:00 0 
7f1774021000-7f1778000000 ---p 00000000 00:00 0 
7f1778000000-7f1778021000 rw-p 00000000 00:00 0 
7f1778021000-7f177c000000 ---p 00000000 00:00 0 
7f177c000000-7f177c021000 rw-p 00000000 00:00 0 
7f177c021000-7f1780000000 ---p 00000000 00:00 0 
7f1780000000-7f1780021000 rw-p 00000000 00:00 0 
7f1780021000-7f1784000000 ---p 00000000 00:00 0 
7f1784000000-7f17841c2000 rw-p 00000000 00:00 0 
7f17841c2000-7f1788000000 ---p 00000000 00:00 0 
7f1788000000-7f1788021000 rw-p 00000000 00:00 0 
7f1788021000-7f178c000000 ---p 00000000 00:00 0 
7f178c000000-7f178c167000 rw-p 00000000 00:00 0 
7f178c167000-7f1790000000 ---p 00000000 00:00 0 
7f1790000000-7f1790158000 rw-p 00000000 00:00 0 
7f1790158000-7f1794000000 ---p 00000000 00:00 0 
7f1794000000-7f1794021000 rw-p 00000000 00:00 0 
7f1794021000-7f1798000000 ---p 00000000 00:00 0 
7f1798000000-7f1798021000 rw-p 00000000 00:00 0 
7f1798021000-7f179c000000 ---p 00000000 00:00 0 
7f179c000000-7f179c021000 rw-p 00000000 00:00 0 
7f179c021000-7f17a0000000 ---p 00000000 00:00 0 
7f17a0000000-7f17a0021000 rw-p 00000000 00:00 0 
7f17a0021000-7f17a4000000 ---p 00000000 00:00 0 
7f17a4000000-7f17a4021000 rw-p 00000000 00:00 0 
7f17a4021000-7f17a8000000 ---p 00000000 00:00 0 
7f17a8000000-7f17a8021000 rw-p 00000000 00:00 0 
7f17a8021000-7f17ac000000 ---p 00000000 00:00 0 
7f17ac000000-7f17ac021000 rw-p 00000000 00:00 0 
7f17ac021000-7f17b0000000 ---p 00000000 00:00 0 
7f17b0000000-7f17b0021000 rw-p 00000000 00:00 0 
7f17b0021000-7f17b4000000 ---p 00000000 00:00 0 
7f17b4000000-7f17b4021000 rw-p 00000000 00:00 0 
7f17b4021000-7f17b8000000 ---p 00000000 00:00 0 
7f17b8000000-7f17b8021000 rw-p 00000000 00:00 0 
7f17b8021000-7f17bc000000 ---p 00000000 00:00 0 
7f17bc0c0000-7f17bc0c4000 ---p 00000000 00:00 0 
7f17bc0c4000-7f17bc1c1000 rw-p 00000000 00:00 0 
7f17bc1c1000-7f17bc1c5000 ---p 00000000 00:00 0 
7f17bc1c5000-7f17bc2c2000 rw-p 00000000 00:00 0 
7f17bc2c2000-7f17bc2c6000 ---p 00000000 00:00 0 
7f17bc2c6000-7f17bc3c3000 rw-p 00000000 00:00 0 
7f17bc3c3000-7f17bc3c7000 ---p 00000000 00:00 0 
7f17bc3c7000-7f17bc4c4000 rw-p 00000000 00:00 0 
7f17bc4c4000-7f17bc4c8000 ---p 00000000 00:00 0 
7f17bc4c8000-7f17bc5c5000 rw-p 00000000 00:00 0 
7f17bc5c5000-7f17bc5c9000 ---p 00000000 00:00 0 
7f17bc5c9000-7f17bc7c6000 rw-p 00000000 00:00 0 
7f17bc7c6000-7f17bc8c6000 ---p 00000000 00:00 0 
7f17bc8c6000-7f17bc8ca000 ---p 00000000 00:00 0 
7f17bc8ca000-7f17bc9c7000 rw-p 00000000 00:00 0 
7f17bc9c7000-7f17bc9cb000 ---p 00000000 00:00 0 
7f17bc9cb000-7f17bcac8000 rw-p 00000000 00:00 0 
7f17bcac8000-7f17bcacc000 ---p 00000000 00:00 0 
7f17bcacc000-7f17bcbc9000 rw-p 00000000 00:00 0 
7f17bcbc9000-7f17bcbcd000 ---p 00000000 00:00 0 
7f17bcbcd000-7f17bccca000 rw-p 00000000 00:00 0 
7f17bccca000-7f17bccce000 ---p 00000000 00:00 0 
7f17bccce000-7f17bcdcb000 rw-p 00000000 00:00 0 
7f17bcdcb000-7f17bcdcc000 r-xp 00000000 08:30 135386                     /home/eddie/miniconda3/envs/aaron/lib/libextnet.so
7f17bcdcc000-7f17bcfcc000 ---p 00001000 08:30 135386                     /home/eddie/miniconda3/envs/aaron/lib/libextnet.so
7f17bcfcc000-7f17bcfcd000 rw-p 00001000 08:30 135386                     /home/eddie/miniconda3/envs/aaron/lib/libextnet.so
7f17bcfcd000-7f17bcfce000 rw-p 00003000 08:30 135386                     /home/eddie/miniconda3/envs/aaron/lib/libextnet.so
7f17bcfce000-7f17bcfe4000 r-xp 00000000 08:30 135407                     /home/eddie/miniconda3/envs/aaron/lib/libnet.so
7f17bcfe4000-7f17bd1e4000 ---p 00016000 08:30 135407                     /home/eddie/miniconda3/envs/aaron/lib/libnet.so
7f17bd1e4000-7f17bd1e5000 rw-p 00016000 08:30 135407                     /home/eddie/miniconda3/envs/aaron/lib/libnet.so
7f17bd1e5000-7f17bd1e7000 rw-p 0001c000 08:30 135407                     /home/eddie/miniconda3/envs/aaron/lib/libnet.so
7f17bd1e7000-7f17bd1f8000 r-xp 00000000 08:30 135406                     /home/eddie/miniconda3/envs/aaron/lib/libnio.so
7f17bd1f8000-7f17bd3f7000 ---p 00011000 08:30 135406                     /home/eddie/miniconda3/envs/aaron/lib/libnio.so
7f17bd3f7000-7f17bd3f8000 rw-p 00010000 08:30 135406                     /home/eddie/miniconda3/envs/aaron/lib/libnio.so
7f17bd3f8000-7f17bd3fb000 rw-p 00017000 08:30 135406                     /home/eddie/miniconda3/envs/aaron/lib/libnio.so
7f17bd3fb000-7f17bd3ff000 ---p 00000000 00:00 0 
7f17bd3ff000-7f17bd4fc000 rw-p 00000000 00:00 0 
7f17bd4fc000-7f17bd4fd000 ---p 00000000 00:00 0 
7f17bd4fd000-7f17bd5fe000 rw-p 00000000 00:00 0 
7f17bd5fe000-7f17bd602000 ---p 00000000 00:00 0 
7f17bd602000-7f17bd6ff000 rw-p 00000000 00:00 0 
7f17bd6ff000-7f17bd703000 ---p 00000000 00:00 0 
7f17bd703000-7f17c0000000 rw-p 00000000 00:00 0 
7f17c0000000-7f17c0021000 rw-p 00000000 00:00 0 
7f17c0021000-7f17c4000000 ---p 00000000 00:00 0 
7f17c4000000-7f17c4021000 rw-p 00000000 00:00 0 
7f17c4021000-7f17c8000000 ---p 00000000 00:00 0 
7f17c805c000-7f17c80dc000 rw-p 00000000 00:00 0 
7f17c80dc000-7f17c80e0000 ---p 00000000 00:00 0 
7f17c80e0000-7f17c81dd000 rw-p 00000000 00:00 0 
7f17c81dd000-7f17c81e1000 ---p 00000000 00:00 0 
7f17c81e1000-7f17c82de000 rw-p 00000000 00:00 0 
7f17c82de000-7f17c82e2000 ---p 00000000 00:00 0 
7f17c82e2000-7f17c83df000 rw-p 00000000 00:00 0 
7f17c83df000-7f17c83e3000 ---p 00000000 00:00 0 
7f17c83e3000-7f17c84e0000 rw-p 00000000 00:00 0 
7f17c84e0000-7f17c84e4000 ---p 00000000 00:00 0 
7f17c84e4000-7f17c85e1000 rw-p 00000000 00:00 0 
7f17c85e1000-7f17c85e5000 ---p 00000000 00:00 0 
7f17c85e5000-7f17c86e2000 rw-p 00000000 00:00 0 
7f17c86e2000-7f17c86e3000 ---p 00000000 00:00 0 
7f17c86e3000-7f17c87e4000 rw-p 00000000 00:00 0 
7f17c87e4000-7f17c87e5000 ---p 00000000 00:00 0 
7f17c87e5000-7f17c88e6000 rw-p 00000000 00:00 0 
7f17c88e6000-7f17c88e7000 ---p 00000000 00:00 0 
7f17c88e7000-7f17c89e8000 rw-p 00000000 00:00 0 
7f17c89e8000-7f17c89e9000 ---p 00000000 00:00 0 
7f17c89e9000-7f17c8aea000 rw-p 00000000 00:00 0 
7f17c8aea000-7f17c8aeb000 ---p 00000000 00:00 0 
7f17c8aeb000-7f17c8bec000 rw-p 00000000 00:00 0 
7f17c8bec000-7f17c8bed000 ---p 00000000 00:00 0 
7f17c8bed000-7f17c9080000 rw-p 00000000 00:00 0 
7f17c9080000-7f17ca778000 ---p 00000000 00:00 0 
7f17ca778000-7f17ca908000 rw-p 00000000 00:00 0 
7f17ca908000-7f17cc000000 ---p 00000000 00:00 0 
7f17cc000000-7f17cc021000 rw-p 00000000 00:00 0 
7f17cc021000-7f17d0000000 ---p 00000000 00:00 0 
7f17d0000000-7f17d0021000 rw-p 00000000 00:00 0 
7f17d0021000-7f17d4000000 ---p 00000000 00:00 0 
7f17d4000000-7f17d4021000 rw-p 00000000 00:00 0 
7f17d4021000-7f17d8000000 ---p 00000000 00:00 0 
7f17d800a000-7f17d82dd000 rw-p 00000000 00:00 0 
7f17d82dd000-7f17d82de000 ---p 00000000 00:00 0 
7f17d82de000-7f17d83df000 rw-p 00000000 00:00 0 
7f17d83df000-7f17d83e0000 ---p 00000000 00:00 0 
7f17d83e0000-7f17d8576000 rw-p 00000000 00:00 0 
7f17d8576000-7f17d8855000 ---p 00000000 00:00 0 
7f17d8855000-7f17d8887000 rw-p 00000000 00:00 0 
7f17d8887000-7f17d8b66000 ---p 00000000 00:00 0 
7f17d8b66000-7f17d8b98000 rw-p 00000000 00:00 0 
7f17d8b98000-7f17d8e77000 ---p 00000000 00:00 0 
7f17d8e77000-7f17d927b000 rw-p 00000000 00:00 0 
7f17d927b000-7f17d927c000 ---p 00000000 00:00 0 
7f17d927c000-7f17d937d000 rw-p 00000000 00:00 0 
7f17d937d000-7f17d937e000 ---p 00000000 00:00 0 
7f17d937e000-7f17d947f000 rw-p 00000000 00:00 0 
7f17d947f000-7f17d9480000 ---p 00000000 00:00 0 
7f17d9480000-7f17d9581000 rw-p 00000000 00:00 0 
7f17d9581000-7f17d9582000 ---p 00000000 00:00 0 
7f17d9582000-7f17d9688000 rw-p 00000000 00:00 0 
7f17d9688000-7f17d976e000 ---p 00000000 00:00 0 
7f17d976e000-7f17d9773000 rw-p 00000000 00:00 0 
7f17d9773000-7f17d9859000 ---p 00000000 00:00 0 
7f17d9859000-7f17d985e000 rw-p 00000000 00:00 0 
7f17d985e000-7f17d9865000 ---p 00000000 00:00 0 
7f17d9865000-7f17d9ad5000 rwxp 00000000 00:00 0 
7f17d9ad5000-7f17d9df5000 ---p 00000000 00:00 0 
7f17d9df5000-7f17da065000 rwxp 00000000 00:00 0 
7f17da065000-7f17e132d000 ---p 00000000 00:00 0 
7f17e132d000-7f17e159d000 rwxp 00000000 00:00 0 
7f17e159d000-7f17e8865000 ---p 00000000 00:00 0 
7f17e8865000-7f17f1d3f000 r--s 00000000 08:30 135084                     /home/eddie/miniconda3/envs/aaron/lib/modules
7f17f1d3f000-7f17f1d59000 r-xp 00000000 08:30 135408                     /home/eddie/miniconda3/envs/aaron/lib/libjimage.so
7f17f1d59000-7f17f1f58000 ---p 0001a000 08:30 135408                     /home/eddie/miniconda3/envs/aaron/lib/libjimage.so
7f17f1f58000-7f17f1f5a000 rw-p 00019000 08:30 135408                     /home/eddie/miniconda3/envs/aaron/lib/libjimage.so
7f17f1f5a000-7f17f1f6c000 rw-p 00000000 00:00 0 
7f17f1f6c000-7f17f1f6d000 rw-p 00021000 08:30 135408                     /home/eddie/miniconda3/envs/aaron/lib/libjimage.so
7f17f1f6d000-7f17f1f74000 r-xp 00000000 08:30 135397                     /home/eddie/miniconda3/envs/aaron/lib/libzip.so
7f17f1f74000-7f17f2173000 ---p 00007000 08:30 135397                     /home/eddie/miniconda3/envs/aaron/lib/libzip.so
7f17f2173000-7f17f2174000 rw-p 00006000 08:30 135397                     /home/eddie/miniconda3/envs/aaron/lib/libzip.so
7f17f2174000-7f17f2175000 rw-p 00009000 08:30 135397                     /home/eddie/miniconda3/envs/aaron/lib/libzip.so
7f17f2175000-7f17f217d000 rw-s 00000000 08:30 134078                     /tmp/hsperfdata_eddie/4933
7f17f217d000-7f17f2180000 r--p 00000000 08:30 591                        /lib/x86_64-linux-gnu/libnss_files-2.28.so
7f17f2180000-7f17f2187000 r-xp 00003000 08:30 591                        /lib/x86_64-linux-gnu/libnss_files-2.28.so
7f17f2187000-7f17f2189000 r--p 0000a000 08:30 591                        /lib/x86_64-linux-gnu/libnss_files-2.28.so
7f17f2189000-7f17f218a000 ---p 0000c000 08:30 591                        /lib/x86_64-linux-gnu/libnss_files-2.28.so
7f17f218a000-7f17f218b000 r--p 0000c000 08:30 591                        /lib/x86_64-linux-gnu/libnss_files-2.28.so
7f17f218b000-7f17f218c000 rw-p 0000d000 08:30 591                        /lib/x86_64-linux-gnu/libnss_files-2.28.so
7f17f218c000-7f17f2192000 rw-p 00000000 00:00 0 
7f17f2199000-7f17f21c4000 r-xp 00000000 08:30 135411                     /home/eddie/miniconda3/envs/aaron/lib/libjava.so
7f17f21c4000-7f17f23c4000 ---p 0002b000 08:30 135411                     /home/eddie/miniconda3/envs/aaron/lib/libjava.so
7f17f23c4000-7f17f23c6000 rw-p 0002b000 08:30 135411                     /home/eddie/miniconda3/envs/aaron/lib/libjava.so
7f17f23c6000-7f17f23ca000 rw-p 00038000 08:30 135411                     /home/eddie/miniconda3/envs/aaron/lib/libjava.so
7f17f23ca000-7f17f23d7000 r-xp 00000000 08:30 135402                     /home/eddie/miniconda3/envs/aaron/lib/libverify.so
7f17f23d7000-7f17f25d6000 ---p 0000d000 08:30 135402                     /home/eddie/miniconda3/envs/aaron/lib/libverify.so
7f17f25d6000-7f17f25d8000 rw-p 0000c000 08:30 135402                     /home/eddie/miniconda3/envs/aaron/lib/libverify.so
7f17f25d8000-7f17f25d9000 rw-p 00010000 08:30 135402                     /home/eddie/miniconda3/envs/aaron/lib/libverify.so
7f17f25d9000-7f17f28d9000 rw-p 00000000 00:00 0 
7f17f28d9000-7f17f38e2000 r-xp 00000000 08:30 135420                     /home/eddie/miniconda3/envs/aaron/lib/server/libjvm.so
7f17f38e2000-7f17f3ae1000 ---p 01009000 08:30 135420                     /home/eddie/miniconda3/envs/aaron/lib/server/libjvm.so
7f17f3ae1000-7f17f3bbe000 r--p 01008000 08:30 135420                     /home/eddie/miniconda3/envs/aaron/lib/server/libjvm.so
7f17f3bbe000-7f17f3bf7000 rw-p 010e5000 08:30 135420                     /home/eddie/miniconda3/envs/aaron/lib/server/libjvm.so
7f17f3bf7000-7f17f3c54000 rw-p 00000000 00:00 0 
7f17f3c54000-7f17f3c57000 rw-p 01461000 08:30 135420                     /home/eddie/miniconda3/envs/aaron/lib/server/libjvm.so
7f17f3c57000-7f17f3c97000 rw-p 00000000 00:00 0 
7f17f3c97000-7f17f3ca2000 r--p 00000000 08:30 176757                     /home/eddie/miniconda3/envs/aaron/lib/python3.9/site-packages/jnius/jnius.cpython-39-x86_64-linux-gnu.so
7f17f3ca2000-7f17f3d09000 r-xp 0000b000 08:30 176757                     /home/eddie/miniconda3/envs/aaron/lib/python3.9/site-packages/jnius/jnius.cpython-39-x86_64-linux-gnu.so
7f17f3d09000-7f17f3d16000 r--p 00072000 08:30 176757                     /home/eddie/miniconda3/envs/aaron/lib/python3.9/site-packages/jnius/jnius.cpython-39-x86_64-linux-gnu.so
7f17f3d16000-7f17f3d17000 r--p 0007e000 08:30 176757                     /home/eddie/miniconda3/envs/aaron/lib/python3.9/site-packages/jnius/jnius.cpython-39-x86_64-linux-gnu.so
7f17f3d17000-7f17f3d1f000 rw-p 0007f000 08:30 176757                     /home/eddie/miniconda3/envs/aaron/lib/python3.9/site-packages/jnius/jnius.cpython-39-x86_64-linux-gnu.so
7f17f3d1f000-7f17f3ef1000 rw-p 00000000 00:00 0 
7f17f3ef1000-7f17f3ef5000 r--p 00000000 08:30 173060                     /home/eddie/miniconda3/envs/aaron/lib/liblzma.so.5.2.5
7f17f3ef5000-7f17f3f0c000 r-xp 00004000 08:30 173060                     /home/eddie/miniconda3/envs/aaron/lib/liblzma.so.5.2.5
7f17f3f0c000-7f17f3f17000 r--p 0001b000 08:30 173060                     /home/eddie/miniconda3/envs/aaron/lib/liblzma.so.5.2.5
7f17f3f17000-7f17f3f18000 ---p 00026000 08:30 173060                     /home/eddie/miniconda3/envs/aaron/lib/liblzma.so.5.2.5
7f17f3f18000-7f17f3f19000 r--p 00026000 08:30 173060                     /home/eddie/miniconda3/envs/aaron/lib/liblzma.so.5.2.5
7f17f3f19000-7f17f3f1a000 rw-p 00027000 08:30 173060                     /home/eddie/miniconda3/envs/aaron/lib/liblzma.so.5.2.5
7f17f3f1a000-7f17f3f1d000 r--p 00000000 08:30 172048                     /home/eddie/miniconda3/envs/aaron/lib/python3.9/lib-dynload/_lzma.cpython-39-x86_64-linux-gnu.so
7f17f3f1d000-7f17f3f21000 r-xp 00003000 08:30 172048                     /home/eddie/miniconda3/envs/aaron/lib/python3.9/lib-dynload/_lzma.cpython-39-x86_64-linux-gnu.so
7f17f3f21000-7f17f3f24000 r--p 00007000 08:30 172048                     /home/eddie/miniconda3/envs/aaron/lib/python3.9/lib-dynload/_lzma.cpython-39-x86_64-linux-gnu.so
7f17f3f24000-7f17f3f25000 r--p 00009000 08:30 172048                     /home/eddie/miniconda3/envs/aaron/lib/python3.9/lib-dynload/_lzma.cpython-39-x86_64-linux-gnu.so
7f17f3f25000-7f17f3f26000 rw-p 0000a000 08:30 172048                     /home/eddie/miniconda3/envs/aaron/lib/python3.9/lib-dynload/_lzma.cpython-39-x86_64-linux-gnu.so
7f17f3f26000-7f17f3f29000 r--p 00000000 08:30 172069                     /home/eddie/miniconda3/envs/aaron/lib/python3.9/lib-dynload/_bz2.cpython-39-x86_64-linux-gnu.so
7f17f3f29000-7f17f3f39000 r-xp 00003000 08:30 172069                     /home/eddie/miniconda3/envs/aaron/lib/python3.9/lib-dynload/_bz2.cpython-39-x86_64-linux-gnu.so
7f17f3f39000-7f17f3f3c000 r--p 00013000 08:30 172069                     /home/eddie/miniconda3/envs/aaron/lib/python3.9/lib-dynload/_bz2.cpython-39-x86_64-linux-gnu.so
7f17f3f3c000-7f17f3f3d000 r--p 00015000 08:30 172069                     /home/eddie/miniconda3/envs/aaron/lib/python3.9/lib-dynload/_bz2.cpython-39-x86_64-linux-gnu.so
7f17f3f3d000-7f17f3f3f000 rw-p 00016000 08:30 172069                     /home/eddie/miniconda3/envs/aaron/lib/python3.9/lib-dynload/_bz2.cpython-39-x86_64-linux-gnu.so
7f17f3f3f000-7f17f3f7f000 rw-p 00000000 00:00 0 
7f17f3f7f000-7f17f3f9e000 r--p 00000000 08:30 134891                     /home/eddie/miniconda3/envs/aaron/lib/libssl.so.1.1
7f17f3f9e000-7f17f3fe8000 r-xp 0001f000 08:30 134891                     /home/eddie/miniconda3/envs/aaron/lib/libssl.so.1.1
7f17f3fe8000-7f17f4001000 r--p 00069000 08:30 134891                     /home/eddie/miniconda3/envs/aaron/lib/libssl.so.1.1
7f17f4001000-7f17f4002000 ---p 00082000 08:30 134891                     /home/eddie/miniconda3/envs/aaron/lib/libssl.so.1.1
7f17f4002000-7f17f400b000 r--p 00082000 08:30 134891                     /home/eddie/miniconda3/envs/aaron/lib/libssl.so.1.1
7f17f400b000-7f17f400f000 rw-p 0008b000 08:30 134891                     /home/eddie/miniconda3/envs/aaron/lib/libssl.so.1.1
7f17f400f000-7f17f401f000 r--p 00000000 08:30 172073                     /home/eddie/miniconda3/envs/aaron/lib/python3.9/lib-dynload/_ssl.cpython-39-x86_64-linux-gnu.so
7f17f401f000-7f17f4028000 r-xp 00010000 08:30 172073                     /home/eddie/miniconda3/envs/aaron/lib/python3.9/lib-dynload/_ssl.cpython-39-x86_64-linux-gnu.so
7f17f4028000-7f17f4034000 r--p 00019000 08:30 172073                     /home/eddie/miniconda3/envs/aaron/lib/python3.9/lib-dynload/_ssl.cpython-39-x86_64-linux-gnu.so
7f17f4034000-7f17f4035000 ---p 00025000 08:30 172073                     /home/eddie/miniconda3/envs/aaron/lib/python3.9/lib-dynload/_ssl.cpython-39-x86_64-linux-gnu.so
7f17f4035000-7f17f4036000 r--p 00025000 08:30 172073                     /home/eddie/miniconda3/envs/aaron/lib/python3.9/lib-dynload/_ssl.cpython-39-x86_64-linux-gnu.so
7f17f4036000-7f17f403d000 rw-p 00026000 08:30 172073                     /home/eddie/miniconda3/envs/aaron/lib/python3.9/lib-dynload/_ssl.cpython-39-x86_64-linux-gnu.so
7f17f403d000-7f17f40fd000 rw-p 00000000 00:00 0 
7f17f40fd000-7f17f40ff000 r--p 00000000 08:30 172077                     /home/eddie/miniconda3/envs/aaron/lib/python3.9/lib-dynload/_blake2.cpython-39-x86_64-linux-gnu.so
7f17f40ff000-7f17f4115000 r-xp 00002000 08:30 172077                     /home/eddie/miniconda3/envs/aaron/lib/python3.9/lib-dynload/_blake2.cpython-39-x86_64-linux-gnu.so
7f17f4115000-7f17f4117000 r--p 00018000 08:30 172077                     /home/eddie/miniconda3/envs/aaron/lib/python3.9/lib-dynload/_blake2.cpython-39-x86_64-linux-gnu.so
7f17f4117000-7f17f4118000 r--p 00019000 08:30 172077                     /home/eddie/miniconda3/envs/aaron/lib/python3.9/lib-dynload/_blake2.cpython-39-x86_64-linux-gnu.so
7f17f4118000-7f17f4119000 rw-p 0001a000 08:30 172077                     /home/eddie/miniconda3/envs/aaron/lib/python3.9/lib-dynload/_blake2.cpython-39-x86_64-linux-gnu.so
7f17f4119000-7f17f4194000 r--p 00000000 08:30 173494                     /home/eddie/miniconda3/envs/aaron/lib/libcrypto.so.1.1
7f17f4194000-7f17f4327000 r-xp 0007b000 08:30 173494                     /home/eddie/miniconda3/envs/aaron/lib/libcrypto.so.1.1
7f17f4327000-7f17f43b4000 r--p 0020e000 08:30 173494                     /home/eddie/miniconda3/envs/aaron/lib/libcrypto.so.1.1
7f17f43b4000-7f17f43df000 r--p 0029a000 08:30 173494                     /home/eddie/miniconda3/envs/aaron/lib/libcrypto.so.1.1
7f17f43df000-7f17f43e1000 rw-p 002c5000 08:30 173494                     /home/eddie/miniconda3/envs/aaron/lib/libcrypto.so.1.1
7f17f43e1000-7f17f43e5000 rw-p 00000000 00:00 0 
7f17f43e5000-7f17f43e9000 r--p 00000000 08:30 172067                     /home/eddie/miniconda3/envs/aaron/lib/python3.9/lib-dynload/_hashlib.cpython-39-x86_64-linux-gnu.so
7f17f43e9000-7f17f43f2000 r-xp 00004000 08:30 172067                     /home/eddie/miniconda3/envs/aaron/lib/python3.9/lib-dynload/_hashlib.cpython-39-x86_64-linux-gnu.so
7f17f43f2000-7f17f43f6000 r--p 0000d000 08:30 172067                     /home/eddie/miniconda3/envs/aaron/lib/python3.9/lib-dynload/_hashlib.cpython-39-x86_64-linux-gnu.so
7f17f43f6000-7f17f43f7000 r--p 00010000 08:30 172067                     /home/eddie/miniconda3/envs/aaron/lib/python3.9/lib-dynload/_hashlib.cpython-39-x86_64-linux-gnu.so
7f17f43f7000-7f17f43f8000 rw-p 00011000 08:30 172067                     /home/eddie/miniconda3/envs/aaron/lib/python3.9/lib-dynload/_hashlib.cpython-39-x86_64-linux-gnu.so
7f17f43f8000-7f17f43fa000 r--p 00000000 08:30 172051                     /home/eddie/miniconda3/envs/aaron/lib/python3.9/lib-dynload/binascii.cpython-39-x86_64-linux-gnu.so
7f17f43fa000-7f17f4400000 r-xp 00002000 08:30 172051                     /home/eddie/miniconda3/envs/aaron/lib/python3.9/lib-dynload/binascii.cpython-39-x86_64-linux-gnu.so
7f17f4400000-7f17f4402000 r--p 00008000 08:30 172051                     /home/eddie/miniconda3/envs/aaron/lib/python3.9/lib-dynload/binascii.cpython-39-x86_64-linux-gnu.so
7f17f4402000-7f17f4403000 ---p 0000a000 08:30 172051                     /home/eddie/miniconda3/envs/aaron/lib/python3.9/lib-dynload/binascii.cpython-39-x86_64-linux-gnu.so
7f17f4403000-7f17f4404000 r--p 0000a000 08:30 172051                     /home/eddie/miniconda3/envs/aaron/lib/python3.9/lib-dynload/binascii.cpython-39-x86_64-linux-gnu.so
7f17f4404000-7f17f4405000 rw-p 0000b000 08:30 172051                     /home/eddie/miniconda3/envs/aaron/lib/python3.9/lib-dynload/binascii.cpython-39-x86_64-linux-gnu.so
7f17f4405000-7f17f4485000 rw-p 00000000 00:00 0 
7f17f4485000-7f17f448a000 r--p 00000000 08:30 172081                     /home/eddie/miniconda3/envs/aaron/lib/python3.9/lib-dynload/pyexpat.cpython-39-x86_64-linux-gnu.so
7f17f448a000-7f17f44b5000 r-xp 00005000 08:30 172081                     /home/eddie/miniconda3/envs/aaron/lib/python3.9/lib-dynload/pyexpat.cpython-39-x86_64-linux-gnu.so
7f17f44b5000-7f17f44bf000 r--p 00030000 08:30 172081                     /home/eddie/miniconda3/envs/aaron/lib/python3.9/lib-dynload/pyexpat.cpython-39-x86_64-linux-gnu.so
7f17f44bf000-7f17f44c0000 ---p 0003a000 08:30 172081                     /home/eddie/miniconda3/envs/aaron/lib/python3.9/lib-dynload/pyexpat.cpython-39-x86_64-linux-gnu.so
7f17f44c0000-7f17f44c2000 r--p 0003a000 08:30 172081                     /home/eddie/miniconda3/envs/aaron/lib/python3.9/lib-dynload/pyexpat.cpython-39-x86_64-linux-gnu.so
7f17f44c2000-7f17f44c4000 rw-p 0003c000 08:30 172081                     /home/eddie/miniconda3/envs/aaron/lib/python3.9/lib-dynload/pyexpat.cpython-39-x86_64-linux-gnu.so
7f17f44c4000-7f17f44c8000 r--p 00000000 08:30 172071                     /home/eddie/miniconda3/envs/aaron/lib/python3.9/lib-dynload/_elementtree.cpython-39-x86_64-linux-gnu.so
7f17f44c8000-7f17f44d3000 r-xp 00004000 08:30 172071                     /home/eddie/miniconda3/envs/aaron/lib/python3.9/lib-dynload/_elementtree.cpython-39-x86_64-linux-gnu.so
7f17f44d3000-7f17f44d7000 r--p 0000f000 08:30 172071                     /home/eddie/miniconda3/envs/aaron/lib/python3.9/lib-dynload/_elementtree.cpython-39-x86_64-linux-gnu.so
7f17f44d7000-7f17f44d8000 r--p 00012000 08:30 172071                     /home/eddie/miniconda3/envs/aaron/lib/python3.9/lib-dynload/_elementtree.cpython-39-x86_64-linux-gnu.so
7f17f44d8000-7f17f44da000 rw-p 00013000 08:30 172071                     /home/eddie/miniconda3/envs/aaron/lib/python3.9/lib-dynload/_elementtree.cpython-39-x86_64-linux-gnu.so
7f17f44da000-7f17f44dc000 r--p 00000000 08:30 172042                     /home/eddie/miniconda3/envs/aaron/lib/python3.9/lib-dynload/_sha512.cpython-39-x86_64-linux-gnu.so
7f17f44dc000-7f17f44e3000 r-xp 00002000 08:30 172042                     /home/eddie/miniconda3/envs/aaron/lib/python3.9/lib-dynload/_sha512.cpython-39-x86_64-linux-gnu.so
7f17f44e3000-7f17f44e4000 r--p 00009000 08:30 172042                     /home/eddie/miniconda3/envs/aaron/lib/python3.9/lib-dynload/_sha512.cpython-39-x86_64-linux-gnu.so
7f17f44e4000-7f17f44e5000 r--p 00009000 08:30 172042                     /home/eddie/miniconda3/envs/aaron/lib/python3.9/lib-dynload/_sha512.cpython-39-x86_64-linux-gnu.so
7f17f44e5000-7f17f44e6000 rw-p 0000a000 08:30 172042                     /home/eddie/miniconda3/envs/aaron/lib/python3.9/lib-dynload/_sha512.cpython-39-x86_64-linux-gnu.so
7f17f44e6000-7f17f44e8000 r--p 00000000 08:30 172033                     /home/eddie/miniconda3/envs/aaron/lib/python3.9/lib-dynload/_random.cpython-39-x86_64-linux-gnu.so
7f17f44e8000-7f17f44eb000 r-xp 00002000 08:30 172033                     /home/eddie/miniconda3/envs/aaron/lib/python3.9/lib-dynload/_random.cpython-39-x86_64-linux-gnu.so
7f17f44eb000-7f17f44ec000 r--p 00005000 08:30 172033                     /home/eddie/miniconda3/envs/aaron/lib/python3.9/lib-dynload/_random.cpython-39-x86_64-linux-gnu.so
7f17f44ec000-7f17f44ed000 r--p 00005000 08:30 172033                     /home/eddie/miniconda3/envs/aaron/lib/python3.9/lib-dynload/_random.cpython-39-x86_64-linux-gnu.so
7f17f44ed000-7f17f44ee000 rw-p 00006000 08:30 172033                     /home/eddie/miniconda3/envs/aaron/lib/python3.9/lib-dynload/_random.cpython-39-x86_64-linux-gnu.so
7f17f44ee000-7f17f452e000 rw-p 00000000 00:00 0 
7f17f452e000-7f17f4533000 r--p 00000000 08:30 172079                     /home/eddie/miniconda3/envs/aaron/lib/python3.9/lib-dynload/_datetime.cpython-39-x86_64-linux-gnu.so
7f17f4533000-7f17f4544000 r-xp 00005000 08:30 172079                     /home/eddie/miniconda3/envs/aaron/lib/python3.9/lib-dynload/_datetime.cpython-39-x86_64-linux-gnu.so
7f17f4544000-7f17f454a000 r--p 00016000 08:30 172079                     /home/eddie/miniconda3/envs/aaron/lib/python3.9/lib-dynload/_datetime.cpython-39-x86_64-linux-gnu.so
7f17f454a000-7f17f454b000 r--p 0001b000 08:30 172079                     /home/eddie/miniconda3/envs/aaron/lib/python3.9/lib-dynload/_datetime.cpython-39-x86_64-linux-gnu.so
7f17f454b000-7f17f454e000 rw-p 0001c000 08:30 172079                     /home/eddie/miniconda3/envs/aaron/lib/python3.9/lib-dynload/_datetime.cpython-39-x86_64-linux-gnu.so
7f17f454e000-7f17f458e000 rw-p 00000000 00:00 0 
7f17f458e000-7f17f4591000 r--p 00000000 08:30 169609                     /home/eddie/miniconda3/envs/aaron/lib/libz.so.1.2.11
7f17f4591000-7f17f459f000 r-xp 00003000 08:30 169609                     /home/eddie/miniconda3/envs/aaron/lib/libz.so.1.2.11
7f17f459f000-7f17f45a5000 r--p 00011000 08:30 169609                     /home/eddie/miniconda3/envs/aaron/lib/libz.so.1.2.11
7f17f45a5000-7f17f45a6000 ---p 00017000 08:30 169609                     /home/eddie/miniconda3/envs/aaron/lib/libz.so.1.2.11
7f17f45a6000-7f17f45a7000 r--p 00017000 08:30 169609                     /home/eddie/miniconda3/envs/aaron/lib/libz.so.1.2.11
7f17f45a7000-7f17f45a8000 rw-p 00018000 08:30 169609                     /home/eddie/miniconda3/envs/aaron/lib/libz.so.1.2.11
7f17f45a8000-7f17f4628000 rw-p 00000000 00:00 0 
7f17f462c000-7f17f462d000 r--p 00000000 08:30 172014                     /home/eddie/miniconda3/envs/aaron/lib/python3.9/lib-dynload/_opcode.cpython-39-x86_64-linux-gnu.so
7f17f462d000-7f17f462e000 r-xp 00001000 08:30 172014                     /home/eddie/miniconda3/envs/aaron/lib/python3.9/lib-dynload/_opcode.cpython-39-x86_64-linux-gnu.so
7f17f462e000-7f17f462f000 r--p 00002000 08:30 172014                     /home/eddie/miniconda3/envs/aaron/lib/python3.9/lib-dynload/_opcode.cpython-39-x86_64-linux-gnu.so
7f17f462f000-7f17f4630000 r--p 00002000 08:30 172014                     /home/eddie/miniconda3/envs/aaron/lib/python3.9/lib-dynload/_opcode.cpython-39-x86_64-linux-gnu.so
7f17f4630000-7f17f4631000 rw-p 00003000 08:30 172014                     /home/eddie/miniconda3/envs/aaron/lib/python3.9/lib-dynload/_opcode.cpython-39-x86_64-linux-gnu.so
7f17f4631000-7f17f46b1000 rw-p 00000000 00:00 0 
7f17f46b1000-7f17f46b3000 r--p 00000000 08:30 172036                     /home/eddie/miniconda3/envs/aaron/lib/python3.9/lib-dynload/_posixsubprocess.cpython-39-x86_64-linux-gnu.so
7f17f46b3000-7f17f46b5000 r-xp 00002000 08:30 172036                     /home/eddie/miniconda3/envs/aaron/lib/python3.9/lib-dynload/_posixsubprocess.cpython-39-x86_64-linux-gnu.so
7f17f46b5000-7f17f46b6000 r--p 00004000 08:30 172036                     /home/eddie/miniconda3/envs/aaron/lib/python3.9/lib-dynload/_posixsubprocess.cpython-39-x86_64-linux-gnu.so
7f17f46b6000-7f17f46b7000 r--p 00004000 08:30 172036                     /home/eddie/miniconda3/envs/aaron/lib/python3.9/lib-dynload/_posixsubprocess.cpython-39-x86_64-linux-gnu.so
7f17f46b7000-7f17f46b8000 rw-p 00005000 08:30 172036                     /home/eddie/miniconda3/envs/aaron/lib/python3.9/lib-dynload/_posixsubprocess.cpython-39-x86_64-linux-gnu.so
7f17f46b8000-7f17f46ba000 r--p 00000000 08:30 172022                     /home/eddie/miniconda3/envs/aaron/lib/python3.9/lib-dynload/grp.cpython-39-x86_64-linux-gnu.so
7f17f46ba000-7f17f46bb000 r-xp 00002000 08:30 172022                     /home/eddie/miniconda3/envs/aaron/lib/python3.9/lib-dynload/grp.cpython-39-x86_64-linux-gnu.so
7f17f46bb000-7f17f46bc000 r--p 00003000 08:30 172022                     /home/eddie/miniconda3/envs/aaron/lib/python3.9/lib-dynload/grp.cpython-39-x86_64-linux-gnu.so
7f17f46bc000-7f17f46bd000 r--p 00003000 08:30 172022                     /home/eddie/miniconda3/envs/aaron/lib/python3.9/lib-dynload/grp.cpython-39-x86_64-linux-gnu.so
7f17f46bd000-7f17f46be000 rw-p 00004000 08:30 172022                     /home/eddie/miniconda3/envs/aaron/lib/python3.9/lib-dynload/grp.cpython-39-x86_64-linux-gnu.so
7f17f46be000-7f17f473e000 rw-p 00000000 00:00 0 
7f17f473e000-7f17f4742000 r--p 00000000 08:30 172065                     /home/eddie/miniconda3/envs/aaron/lib/python3.9/lib-dynload/array.cpython-39-x86_64-linux-gnu.so
7f17f4742000-7f17f474b000 r-xp 00004000 08:30 172065                     /home/eddie/miniconda3/envs/aaron/lib/python3.9/lib-dynload/array.cpython-39-x86_64-linux-gnu.so
7f17f474b000-7f17f474f000 r--p 0000d000 08:30 172065                     /home/eddie/miniconda3/envs/aaron/lib/python3.9/lib-dynload/array.cpython-39-x86_64-linux-gnu.so
7f17f474f000-7f17f4750000 ---p 00011000 08:30 172065                     /home/eddie/miniconda3/envs/aaron/lib/python3.9/lib-dynload/array.cpython-39-x86_64-linux-gnu.so
7f17f4750000-7f17f4751000 r--p 00011000 08:30 172065                     /home/eddie/miniconda3/envs/aaron/lib/python3.9/lib-dynload/array.cpython-39-x86_64-linux-gnu.so
7f17f4751000-7f17f4752000 rw-p 00012000 08:30 172065                     /home/eddie/miniconda3/envs/aaron/lib/python3.9/lib-dynload/array.cpython-39-x86_64-linux-gnu.so
7f17f4752000-7f17f4755000 r--p 00000000 08:30 172047                     /home/eddie/miniconda3/envs/aaron/lib/python3.9/lib-dynload/select.cpython-39-x86_64-linux-gnu.so
7f17f4755000-7f17f4758000 r-xp 00003000 08:30 172047                     /home/eddie/miniconda3/envs/aaron/lib/python3.9/lib-dynload/select.cpython-39-x86_64-linux-gnu.so
7f17f4758000-7f17f475a000 r--p 00006000 08:30 172047                     /home/eddie/miniconda3/envs/aaron/lib/python3.9/lib-dynload/select.cpython-39-x86_64-linux-gnu.so
7f17f475a000-7f17f475b000 ---p 00008000 08:30 172047                     /home/eddie/miniconda3/envs/aaron/lib/python3.9/lib-dynload/select.cpython-39-x86_64-linux-gnu.so
7f17f475b000-7f17f475c000 r--p 00008000 08:30 172047                     /home/eddie/miniconda3/envs/aaron/lib/python3.9/lib-dynload/select.cpython-39-x86_64-linux-gnu.so
7f17f475c000-7f17f475d000 rw-p 00009000 08:30 172047                     /home/eddie/miniconda3/envs/aaron/lib/python3.9/lib-dynload/select.cpython-39-x86_64-linux-gnu.so
7f17f475d000-7f17f4761000 r--p 00000000 08:30 172064                     /home/eddie/miniconda3/envs/aaron/lib/python3.9/lib-dynload/math.cpython-39-x86_64-linux-gnu.so
7f17f4761000-7f17f4769000 r-xp 00004000 08:30 172064                     /home/eddie/miniconda3/envs/aaron/lib/python3.9/lib-dynload/math.cpython-39-x86_64-linux-gnu.so
7f17f4769000-7f17f476d000 r--p 0000c000 08:30 172064                     /home/eddie/miniconda3/envs/aaron/lib/python3.9/lib-dynload/math.cpython-39-x86_64-linux-gnu.so
7f17f476d000-7f17f476e000 ---p 00010000 08:30 172064                     /home/eddie/miniconda3/envs/aaron/lib/python3.9/lib-dynload/math.cpython-39-x86_64-linux-gnu.so
7f17f476e000-7f17f476f000 r--p 00010000 08:30 172064                     /home/eddie/miniconda3/envs/aaron/lib/python3.9/lib-dynload/math.cpython-39-x86_64-linux-gnu.so
7f17f476f000-7f17f4770000 rw-p 00011000 08:30 172064                     /home/eddie/miniconda3/envs/aaron/lib/python3.9/lib-dynload/math.cpython-39-x86_64-linux-gnu.so
7f17f4770000-7f17f47b0000 rw-p 00000000 00:00 0 
7f17f47b0000-7f17f47b1000 r--p 00000000 08:30 172041                     /home/eddie/miniconda3/envs/aaron/lib/python3.9/lib-dynload/_heapq.cpython-39-x86_64-linux-gnu.so
7f17f47b1000-7f17f47b4000 r-xp 00001000 08:30 172041                     /home/eddie/miniconda3/envs/aaron/lib/python3.9/lib-dynload/_heapq.cpython-39-x86_64-linux-gnu.so
7f17f47b4000-7f17f47b7000 r--p 00004000 08:30 172041                     /home/eddie/miniconda3/envs/aaron/lib/python3.9/lib-dynload/_heapq.cpython-39-x86_64-linux-gnu.so
7f17f47b7000-7f17f47b8000 r--p 00006000 08:30 172041                     /home/eddie/miniconda3/envs/aaron/lib/python3.9/lib-dynload/_heapq.cpython-39-x86_64-linux-gnu.so
7f17f47b8000-7f17f47b9000 rw-p 00007000 08:30 172041                     /home/eddie/miniconda3/envs/aaron/lib/python3.9/lib-dynload/_heapq.cpython-39-x86_64-linux-gnu.so
7f17f47b9000-7f17f47f9000 rw-p 00000000 00:00 0 
7f17f47f9000-7f17f47fe000 r--p 00000000 08:30 172063                     /home/eddie/miniconda3/envs/aaron/lib/python3.9/lib-dynload/_socket.cpython-39-x86_64-linux-gnu.so
7f17f47fe000-7f17f4806000 r-xp 00005000 08:30 172063                     /home/eddie/miniconda3/envs/aaron/lib/python3.9/lib-dynload/_socket.cpython-39-x86_64-linux-gnu.so
7f17f4806000-7f17f480e000 r--p 0000d000 08:30 172063                     /home/eddie/miniconda3/envs/aaron/lib/python3.9/lib-dynload/_socket.cpython-39-x86_64-linux-gnu.so
7f17f480e000-7f17f480f000 r--p 00014000 08:30 172063                     /home/eddie/miniconda3/envs/aaron/lib/python3.9/lib-dynload/_socket.cpython-39-x86_64-linux-gnu.so
7f17f480f000-7f17f4810000 rw-p 00015000 08:30 172063                     /home/eddie/miniconda3/envs/aaron/lib/python3.9/lib-dynload/_socket.cpython-39-x86_64-linux-gnu.so
7f17f4810000-7f17f4850000 rw-p 00000000 00:00 0 
7f17f4851000-7f17f4852000 rw-p 00000000 00:00 0 
7f17f4852000-7f17f4853000 ---p 00000000 00:00 0 
7f17f4853000-7f17f4854000 r--p 00000000 00:00 0 
7f17f4854000-7f17f4856000 r--p 00000000 08:30 172027                     /home/eddie/miniconda3/envs/aaron/lib/python3.9/lib-dynload/_bisect.cpython-39-x86_64-linux-gnu.so
7f17f4856000-7f17f4857000 r-xp 00002000 08:30 172027                     /home/eddie/miniconda3/envs/aaron/lib/python3.9/lib-dynload/_bisect.cpython-39-x86_64-linux-gnu.so
7f17f4857000-7f17f4858000 r--p 00003000 08:30 172027                     /home/eddie/miniconda3/envs/aaron/lib/python3.9/lib-dynload/_bisect.cpython-39-x86_64-linux-gnu.so
7f17f4858000-7f17f4859000 r--p 00003000 08:30 172027                     /home/eddie/miniconda3/envs/aaron/lib/python3.9/lib-dynload/_bisect.cpython-39-x86_64-linux-gnu.so
7f17f4859000-7f17f485a000 rw-p 00004000 08:30 172027                     /home/eddie/miniconda3/envs/aaron/lib/python3.9/lib-dynload/_bisect.cpython-39-x86_64-linux-gnu.so
7f17f485a000-7f17f485d000 r--p 00000000 08:30 172046                     /home/eddie/miniconda3/envs/aaron/lib/python3.9/lib-dynload/zlib.cpython-39-x86_64-linux-gnu.so
7f17f485d000-7f17f4860000 r-xp 00003000 08:30 172046                     /home/eddie/miniconda3/envs/aaron/lib/python3.9/lib-dynload/zlib.cpython-39-x86_64-linux-gnu.so
7f17f4860000-7f17f4863000 r--p 00006000 08:30 172046                     /home/eddie/miniconda3/envs/aaron/lib/python3.9/lib-dynload/zlib.cpython-39-x86_64-linux-gnu.so
7f17f4863000-7f17f4864000 r--p 00008000 08:30 172046                     /home/eddie/miniconda3/envs/aaron/lib/python3.9/lib-dynload/zlib.cpython-39-x86_64-linux-gnu.so
7f17f4864000-7f17f4865000 rw-p 00009000 08:30 172046                     /home/eddie/miniconda3/envs/aaron/lib/python3.9/lib-dynload/zlib.cpython-39-x86_64-linux-gnu.so
7f17f4865000-7f17f4869000 r--p 00000000 08:30 172062                     /home/eddie/miniconda3/envs/aaron/lib/python3.9/lib-dynload/_struct.cpython-39-x86_64-linux-gnu.so
7f17f4869000-7f17f486f000 r-xp 00004000 08:30 172062                     /home/eddie/miniconda3/envs/aaron/lib/python3.9/lib-dynload/_struct.cpython-39-x86_64-linux-gnu.so
7f17f486f000-7f17f4873000 r--p 0000a000 08:30 172062                     /home/eddie/miniconda3/envs/aaron/lib/python3.9/lib-dynload/_struct.cpython-39-x86_64-linux-gnu.so
7f17f4873000-7f17f4874000 r--p 0000d000 08:30 172062                     /home/eddie/miniconda3/envs/aaron/lib/python3.9/lib-dynload/_struct.cpython-39-x86_64-linux-gnu.so
7f17f4874000-7f17f4875000 rw-p 0000e000 08:30 172062                     /home/eddie/miniconda3/envs/aaron/lib/python3.9/lib-dynload/_struct.cpython-39-x86_64-linux-gnu.so
7f17f4875000-7f17f49b5000 rw-p 00000000 00:00 0 
7f17f49b5000-7f17f4c9a000 r--p 00000000 08:30 2655                       /usr/lib/locale/locale-archive
7f17f4c9a000-7f17f4c9f000 rw-p 00000000 00:00 0 
7f17f4c9f000-7f17f4cc1000 r--p 00000000 08:30 608                        /lib/x86_64-linux-gnu/libc-2.28.so
7f17f4cc1000-7f17f4e09000 r-xp 00022000 08:30 608                        /lib/x86_64-linux-gnu/libc-2.28.so
7f17f4e09000-7f17f4e55000 r--p 0016a000 08:30 608                        /lib/x86_64-linux-gnu/libc-2.28.so
7f17f4e55000-7f17f4e56000 ---p 001b6000 08:30 608                        /lib/x86_64-linux-gnu/libc-2.28.so
7f17f4e56000-7f17f4e5a000 r--p 001b6000 08:30 608                        /lib/x86_64-linux-gnu/libc-2.28.so
7f17f4e5a000-7f17f4e5c000 rw-p 001ba000 08:30 608                        /lib/x86_64-linux-gnu/libc-2.28.so
7f17f4e5c000-7f17f4e60000 rw-p 00000000 00:00 0 
7f17f4e60000-7f17f4e66000 r--p 00000000 08:30 712                        /lib/x86_64-linux-gnu/libpthread-2.28.so
7f17f4e66000-7f17f4e75000 r-xp 00006000 08:30 712                        /lib/x86_64-linux-gnu/libpthread-2.28.so
7f17f4e75000-7f17f4e7b000 r--p 00015000 08:30 712                        /lib/x86_64-linux-gnu/libpthread-2.28.so
7f17f4e7b000-7f17f4e7c000 r--p 0001a000 08:30 712                        /lib/x86_64-linux-gnu/libpthread-2.28.so
7f17f4e7c000-7f17f4e7d000 rw-p 0001b000 08:30 712                        /lib/x86_64-linux-gnu/libpthread-2.28.so
7f17f4e7d000-7f17f4e81000 rw-p 00000000 00:00 0 
7f17f4e81000-7f17f4e8e000 r--p 00000000 08:30 716                        /lib/x86_64-linux-gnu/libm-2.28.so
7f17f4e8e000-7f17f4f2d000 r-xp 0000d000 08:30 716                        /lib/x86_64-linux-gnu/libm-2.28.so
7f17f4f2d000-7f17f5002000 r--p 000ac000 08:30 716                        /lib/x86_64-linux-gnu/libm-2.28.so
7f17f5002000-7f17f5003000 r--p 00180000 08:30 716                        /lib/x86_64-linux-gnu/libm-2.28.so
7f17f5003000-7f17f5004000 rw-p 00181000 08:30 716                        /lib/x86_64-linux-gnu/libm-2.28.so
7f17f5004000-7f17f5006000 r--p 00000000 08:30 708                        /lib/x86_64-linux-gnu/librt-2.28.so
7f17f5006000-7f17f500a000 r-xp 00002000 08:30 708                        /lib/x86_64-linux-gnu/librt-2.28.so
7f17f500a000-7f17f500c000 r--p 00006000 08:30 708                        /lib/x86_64-linux-gnu/librt-2.28.so
7f17f500c000-7f17f500d000 r--p 00007000 08:30 708                        /lib/x86_64-linux-gnu/librt-2.28.so
7f17f500d000-7f17f500e000 rw-p 00008000 08:30 708                        /lib/x86_64-linux-gnu/librt-2.28.so
7f17f500e000-7f17f500f000 r--p 00000000 08:30 598                        /lib/x86_64-linux-gnu/libutil-2.28.so
7f17f500f000-7f17f5010000 r-xp 00001000 08:30 598                        /lib/x86_64-linux-gnu/libutil-2.28.so
7f17f5010000-7f17f5011000 r--p 00002000 08:30 598                        /lib/x86_64-linux-gnu/libutil-2.28.so
7f17f5011000-7f17f5012000 r--p 00002000 08:30 598                        /lib/x86_64-linux-gnu/libutil-2.28.so
7f17f5012000-7f17f5013000 rw-p 00003000 08:30 598                        /lib/x86_64-linux-gnu/libutil-2.28.so
7f17f5013000-7f17f5014000 r--p 00000000 08:30 702                        /lib/x86_64-linux-gnu/libdl-2.28.so
7f17f5014000-7f17f5015000 r-xp 00001000 08:30 702                        /lib/x86_64-linux-gnu/libdl-2.28.so
7f17f5015000-7f17f5016000 r--p 00002000 08:30 702                        /lib/x86_64-linux-gnu/libdl-2.28.so
7f17f5016000-7f17f5017000 r--p 00002000 08:30 702                        /lib/x86_64-linux-gnu/libdl-2.28.so
7f17f5017000-7f17f5018000 rw-p 00003000 08:30 702                        /lib/x86_64-linux-gnu/libdl-2.28.so
7f17f5018000-7f17f501a000 rw-p 00000000 00:00 0 
7f17f501a000-7f17f5021000 r--s 00000000 08:30 2176                       /usr/lib/x86_64-linux-gnu/gconv/gconv-modules.cache
7f17f5021000-7f17f5022000 r--p 00000000 08:30 582                        /lib/x86_64-linux-gnu/ld-2.28.so
7f17f5022000-7f17f5040000 r-xp 00001000 08:30 582                        /lib/x86_64-linux-gnu/ld-2.28.so
7f17f5040000-7f17f5048000 r--p 0001f000 08:30 582                        /lib/x86_64-linux-gnu/ld-2.28.so
7f17f5048000-7f17f5049000 r--p 00026000 08:30 582                        /lib/x86_64-linux-gnu/ld-2.28.so
7f17f5049000-7f17f504a000 rw-p 00027000 08:30 582                        /lib/x86_64-linux-gnu/ld-2.28.so
7f17f504a000-7f17f504b000 rw-p 00000000 00:00 0 
7ffde0786000-7ffde078a000 ---p 00000000 00:00 0 
7ffde078a000-7ffde0886000 rw-p 00000000 00:00 0                          [stack]
7ffde08e9000-7ffde08ec000 r--p 00000000 00:00 0                          [vvar]
7ffde08ec000-7ffde08ee000 r-xp 00000000 00:00 0                          [vdso]


VM Arguments:
java_command: <unknown>
java_class_path (initial): /home/eddie/adams/Projekty/Moses/RabbitMQConnector/out/artifacts/RabbitMQConnector_jar/RabbitMQConnector.jar:/home/eddie/miniconda3/envs/aaron/lib/python3.9/site-packages/jnius/src
Launcher Type: generic

Logging:
Log output configuration:
#0: stdout all=warning uptime,level,tags
#1: stderr all=off uptime,level,tags

Environment Variables:
JAVA_HOME=/home/eddie/miniconda3/envs/aaron
PATH=/home/eddie/.local/bin:/home/eddie/miniconda3/envs/aaron/bin:/home/eddie/miniconda3/condabin:/usr/local/bin:/usr/bin:/bin:/usr/local/games:/usr/games
SHELL=/bin/bash
HOSTTYPE=x86_64

Signal Handlers:
SIGSEGV: [libjvm.so+0xd486c0], sa_mask[0]=11111111011111111101111111111110, sa_flags=SA_RESTART|SA_SIGINFO
SIGBUS: [libjvm.so+0xd486c0], sa_mask[0]=11111111011111111101111111111110, sa_flags=SA_RESTART|SA_SIGINFO
SIGFPE: [libjvm.so+0xd486c0], sa_mask[0]=11111111011111111101111111111110, sa_flags=SA_RESTART|SA_SIGINFO
SIGPIPE: [libjvm.so+0xb5f450], sa_mask[0]=11111111011111111101111111111110, sa_flags=SA_RESTART|SA_SIGINFO
SIGXFSZ: [libjvm.so+0xb5f450], sa_mask[0]=11111111011111111101111111111110, sa_flags=SA_RESTART|SA_SIGINFO
SIGILL: [libjvm.so+0xd486c0], sa_mask[0]=11111111011111111101111111111110, sa_flags=SA_RESTART|SA_SIGINFO
SIGUSR2: [libjvm.so+0xb5f7e0], sa_mask[0]=00000000000000000000000000000000, sa_flags=SA_RESTART|SA_SIGINFO
SIGHUP: [libjvm.so+0xb5f770], sa_mask[0]=11111111011111111101111111111110, sa_flags=SA_RESTART|SA_SIGINFO
SIGINT: [libjvm.so+0xb5f770], sa_mask[0]=11111111011111111101111111111110, sa_flags=SA_RESTART|SA_SIGINFO
SIGTERM: [libjvm.so+0xb5f770], sa_mask[0]=11111111011111111101111111111110, sa_flags=SA_RESTART|SA_SIGINFO
SIGQUIT: [libjvm.so+0xb5f770], sa_mask[0]=11111111011111111101111111111110, sa_flags=SA_RESTART|SA_SIGINFO


---------------  S Y S T E M  ---------------

OS:PRETTY_NAME="Debian GNU/Linux 10 (buster)"
NAME="Debian GNU/Linux"
VERSION_ID="10"
VERSION="10 (buster)"
VERSION_CODENAME=buster
ID=debian
HOME_URL="https://www.debian.org/"
SUPPORT_URL="https://www.debian.org/support"
BUG_REPORT_URL="https://bugs.debian.org/"
uname:Linux 4.19.128-microsoft-standard #1 SMP Tue Jun 23 12:58:10 UTC 2020 x86_64
libc:glibc 2.28 NPTL 2.28 
rlimit: STACK 8192k, CORE 0k, NPROC 25093, NOFILE 4096, AS infinity, DATA infinity, FSIZE infinity
load average:0.01 0.02 0.00

/proc/meminfo:
MemTotal:        6428688 kB
MemFree:         3161828 kB
MemAvailable:    5331512 kB
Buffers:          143724 kB
Cached:          2450088 kB
SwapCached:            0 kB
Active:          1330280 kB
Inactive:        1722564 kB
Active(anon):     484812 kB
Inactive(anon):   250380 kB
Active(file):     845468 kB
Inactive(file):  1472184 kB
Unevictable:           0 kB
Mlocked:               0 kB
SwapTotal:       2097152 kB
SwapFree:        2097152 kB
Dirty:                72 kB
Writeback:             0 kB
AnonPages:        434788 kB
Mapped:           234220 kB
Shmem:            300200 kB
Slab:             155112 kB
SReclaimable:     123912 kB
SUnreclaim:        31200 kB
KernelStack:        7552 kB
PageTables:         4184 kB
NFS_Unstable:          0 kB
Bounce:                0 kB
WritebackTmp:          0 kB
CommitLimit:     5311496 kB
Committed_AS:    3783904 kB
VmallocTotal:   34359738367 kB
VmallocUsed:           0 kB
VmallocChunk:          0 kB
Percpu:             1136 kB
AnonHugePages:    204800 kB
ShmemHugePages:        0 kB
ShmemPmdMapped:        0 kB
HugePages_Total:       0
HugePages_Free:        0
HugePages_Rsvd:        0
HugePages_Surp:        0
Hugepagesize:       2048 kB
Hugetlb:               0 kB
DirectMap4k:       19456 kB
DirectMap2M:     4521984 kB
DirectMap1G:     3145728 kB

container (cgroup) information:
container_type: cgroupv1
cpu_cpuset_cpus: 0-3
cpu_memory_nodes: 0
active_processor_count: 4
cpu_quota: -1
cpu_period: 100000
cpu_shares: -1
memory_limit_in_bytes: -1
memory_and_swap_limit_in_bytes: -1
memory_soft_limit_in_bytes: -1
memory_usage_in_bytes: 3122737152
memory_max_usage_in_bytes: 1310892032


CPU:total 4 (initial active 4) (2 cores per cpu, 2 threads per core) family 6 model 61 stepping 4, cmov, cx8, fxsr, mmx, sse, sse2, sse3, ssse3, sse4.1, sse4.2, popcnt, avx, avx2, aes, clmul, erms, 3dnowpref, lzcnt, ht, tsc, bmi1, bmi2, adx, fma
CPU Model and flags from /proc/cpuinfo:
model name	: Intel(R) Core(TM) i7-5500U CPU @ 2.40GHz
flags		: fpu vme de pse tsc msr pae mce cx8 apic sep mtrr pge mca cmov pat pse36 clflush mmx fxsr sse sse2 ss ht syscall nx pdpe1gb rdtscp lm constant_tsc rep_good nopl xtopology cpuid pni pclmulqdq ssse3 fma cx16 pcid sse4_1 sse4_2 movbe popcnt aes xsave avx f16c rdrand hypervisor lahf_lm abm 3dnowprefetch invpcid_single pti ssbd ibrs ibpb stibp fsgsbase bmi1 avx2 smep bmi2 erms invpcid rdseed adx smap xsaveopt flush_l1d arch_capabilities

Memory: 4k page, physical 6428688k(3161828k free), swap 2097152k(2097152k free)

vm_info: OpenJDK 64-Bit Server VM (10.0.2+13) for linux-amd64 JRE (10.0.2+13), built on Jul 23 2018 23:40:21 by "tester" with gcc 4.9.2 20150212 (Red Hat 4.9.2-6)

END.
